Microsoft.Hosting.Lifetime Information: 0 : Now listening on: https://[::]:44386
    DateTime=2021-03-11T16:22:31.7822657Z
Microsoft.Hosting.Lifetime Information: 0 : Now listening on: http://[::]:44385
    DateTime=2021-03-11T16:22:31.7943121Z
Microsoft.Hosting.Lifetime Information: 0 : Application started. Press Ctrl+C to shut down.
    DateTime=2021-03-11T16:22:31.8045607Z
Microsoft.Hosting.Lifetime Information: 0 : Hosting environment: Development
    DateTime=2021-03-11T16:22:31.8198624Z
Microsoft.Hosting.Lifetime Information: 0 : Content root path: D:\dir\tsi\UPPC\Phase 4\WeighingSystemUPPCV3.5\WeighingSystemUPPCV3.5.Core\WeighingSystemUPPCV3.5.Core
    DateTime=2021-03-11T16:22:31.8322772Z
WeighingSystemUPPCV3_5_Core.Startup Information: 0 : Path: localhost:44386//api/Config
Body: 
Query: 
Client IP: ::1

    DateTime=2021-03-11T16:28:11.7412981Z
WeighingSystemUPPCV3_5_Core.Startup Information: 0 : Path: localhost:44386//api/BalingStations/selected
Body: 
Query: 
Client IP: ::1

    DateTime=2021-03-11T16:28:12.2261302Z
WeighingSystemUPPCV3_5_Core.Startup Information: 0 : Path: localhost:44386//api/MoistureSettings
Body: 
Query: 
Client IP: ::1

    DateTime=2021-03-11T16:28:16.1202847Z
WeighingSystemUPPCV3_5_Core.Startup Information: 0 : Path: localhost:44386//api/TransactionTypes
Body: 
Query: 
Client IP: ::1

    DateTime=2021-03-11T16:28:16.3329825Z
WeighingSystemUPPCV3_5_Core.Startup Information: 0 : Path: localhost:44386//api/MoistureReaders
Body: 
Query: 
Client IP: ::1

    DateTime=2021-03-11T16:28:16.4332193Z
WeighingSystemUPPCV3_5_Core.Startup Information: 0 : Path: localhost:44386//api/BaleTypes
Body: 
Query: 
Client IP: ::1

    DateTime=2021-03-11T16:28:16.5579385Z
WeighingSystemUPPCV3_5_Core.Startup Information: 0 : Path: localhost:44386//api/Sources
Body: 
Query: 
Client IP: ::1

    DateTime=2021-03-11T16:28:16.6628681Z
WeighingSystemUPPCV3_5_Core.Startup Information: 0 : Path: localhost:44386//api/SourceCategories
Body: 
Query: 
Client IP: ::1

    DateTime=2021-03-11T16:28:16.7665899Z
WeighingSystemUPPCV3_5_Core.Startup Information: 0 : Path: localhost:44386//api/Customers
Body: 
Query: 
Client IP: ::1

    DateTime=2021-03-11T16:28:16.8549712Z
WeighingSystemUPPCV3_5_Core.Startup Information: 0 : Path: localhost:44386//api/Suppliers
Body: 
Query: 
Client IP: ::1

    DateTime=2021-03-11T16:28:16.9459624Z
WeighingSystemUPPCV3_5_Core.Startup Information: 0 : Path: localhost:44386//api/RawMaterials
Body: 
Query: 
Client IP: ::1

    DateTime=2021-03-11T16:28:17.0492600Z
WeighingSystemUPPCV3_5_Core.Startup Information: 0 : Path: localhost:44386//api/Products
Body: 
Query: 
Client IP: ::1

    DateTime=2021-03-11T16:28:17.2092070Z
WeighingSystemUPPCV3_5_Core.Startup Information: 0 : Path: localhost:44386//api/Categories
Body: 
Query: 
Client IP: ::1

    DateTime=2021-03-11T16:28:17.3123726Z
WeighingSystemUPPCV3_5_Core.Startup Information: 0 : Path: localhost:44386//api/Haulers
Body: 
Query: 
Client IP: ::1

    DateTime=2021-03-11T16:28:17.3905657Z
WeighingSystemUPPCV3_5_Core.Startup Information: 0 : Path: localhost:44386//api/Vehicles
Body: 
Query: 
Client IP: ::1

    DateTime=2021-03-11T16:28:17.4871362Z
WeighingSystemUPPCV3_5_Core.Startup Information: 0 : Path: localhost:44386//api/VehicleTypes
Body: 
Query: 
Client IP: ::1

    DateTime=2021-03-11T16:28:17.6492430Z
WeighingSystemUPPCV3_5_Core.Startup Information: 0 : Path: localhost:44386//api/SubSuppliers
Body: 
Query: 
Client IP: ::1

    DateTime=2021-03-11T16:28:17.7335574Z
WeighingSystemUPPCV3_5_Core.Startup Information: 0 : Path: localhost:44386//api/SaleTransactions
Body: 
Query: ?Returned=false
Client IP: ::1

    DateTime=2021-03-11T16:28:17.8180365Z
WeighingSystemUPPCV3_5_Core.Startup Information: 0 : Path: localhost:44386//api/UserAccounts/UserAccountDetails
Body: 
Query: 
Client IP: ::1

    DateTime=2021-03-11T16:28:18.0916749Z
WeighingSystemUPPCV3_5_Core.Startup Information: 0 : Path: localhost:44386//api/Reminders
Body: 
Query: 
Client IP: ::1

    DateTime=2021-03-11T16:28:18.2084211Z
WeighingSystemUPPCV3_5_Core.Startup Information: 0 : Path: localhost:44386//api/Signatories
Body: 
Query: 
Client IP: ::1

    DateTime=2021-03-11T16:28:18.2920641Z
WeighingSystemUPPCV3_5_Core.Startup Information: 0 : Path: localhost:44386//api/UserAccounts/LogIn
Body: {"userName":"TSI","userPwd":"1"}
Query: 
Client IP: ::1

    DateTime=2021-03-11T16:28:22.1122333Z
WeighingSystemUPPCV3_5_Core.Startup Information: 0 : Path: localhost:44386//api/UserAccounts/LogIn
Body: {"userName":"TSI","userPwd":"1"}
Query: 
Client IP: ::1

    DateTime=2021-03-11T16:28:25.6657791Z
WeighingSystemUPPCV3_5_Core.Startup Information: 0 : Path: localhost:44386//api/PurchaseTransactions
Body: 
Query: ?TransactionId=0&ReceiptNum=&DTFrom=3%2f12%2f2021%2012%3a28%3a26%20AM&DTTo=3%2f12%2f2021%2012%3a28%3a26%20AM
Client IP: ::1

    DateTime=2021-03-11T16:28:26.2842604Z
WeighingSystemUPPCV3_5_Core.Startup Information: 0 : Path: localhost:44386//api/PurchaseTransactions
Body: 
Query: ?TransactionId=0&ReceiptNum=&DTFrom=3%2f1%2f2021%2012%3a28%3a26%20AM&DTTo=3%2f12%2f2021%2012%3a28%3a26%20AM
Client IP: ::1

    DateTime=2021-03-11T16:28:28.3395526Z
WeighingSystemUPPCV3_5_Core.Startup Information: 0 : Path: localhost:44386//api/PurchaseTransactions/10049335
Body: 
Query: ?includeMCReaderLogs=true
Client IP: ::1

    DateTime=2021-03-11T16:28:31.7615478Z
WeighingSystemUPPCV3_5_Core.Startup Information: 0 : Path: localhost:44386//api/PurchaseOrders
Body: 
Query: ?PurchaseOrderId=0&DTEffectivity=1%2f1%2f0001%2012%3a00%3a00%20AM&SupplierId=0&RawMaterialId=0&PONum=&Price=0&BalanceTotalKg=0&POType=&Remarks=&DTCreated=1%2f1%2f0001%2012%3a00%3a00%20AM&CreatedById=&DTModified=&ModifiedById=&IsActive=True&Locked=&BalanceRemainingKg=&BalanceDeliveredKg=
Client IP: ::1

    DateTime=2021-03-11T16:28:37.2691428Z
WeighingSystemUPPCV3_5_Core.Startup Information: 0 : Path: localhost:44386//api/PurchaseOrders
Body: 
Query: ?PurchaseOrderId=414&DTEffectivity=1%2f1%2f0001%2012%3a00%3a00%20AM&SupplierId=0&RawMaterialId=0&PONum=&Price=0&BalanceTotalKg=0&POType=&Remarks=&DTCreated=1%2f1%2f0001%2012%3a00%3a00%20AM&CreatedById=&DTModified=&ModifiedById=&IsActive=&Locked=&BalanceRemainingKg=&BalanceDeliveredKg=
Client IP: ::1

    DateTime=2021-03-11T16:29:02.8524310Z
WeighingSystemUPPCV3_5_Core.Startup Information: 0 : Path: localhost:44386//api/PurchaseTransactions/10049335
Body: 
Query: ?includeMCReaderLogs=true
Client IP: ::1

    DateTime=2021-03-11T16:29:19.7139452Z
WeighingSystemUPPCV3_5_Core.Startup Information: 0 : Path: localhost:44386//api/PurchaseOrders
Body: 
Query: ?PurchaseOrderId=0&DTEffectivity=1%2f1%2f0001%2012%3a00%3a00%20AM&SupplierId=0&RawMaterialId=0&PONum=&Price=0&BalanceTotalKg=0&POType=&Remarks=&DTCreated=1%2f1%2f0001%2012%3a00%3a00%20AM&CreatedById=&DTModified=&ModifiedById=&IsActive=True&Locked=&BalanceRemainingKg=&BalanceDeliveredKg=
Client IP: ::1

    DateTime=2021-03-11T16:29:31.5245201Z
Microsoft.AspNetCore.Diagnostics.DeveloperExceptionPageMiddleware Error: 1 : An unhandled exception has occurred while executing the request.
    DateTime=2021-03-11T16:30:23.9023212Z
WeighingSystemUPPCV3_5_Core.Startup Information: 0 : Path: localhost:44386//api/PurchaseTransactions/10049335
Body: 
Query: ?includeMCReaderLogs=true
Client IP: ::1

    DateTime=2021-03-11T16:33:30.7477090Z
WeighingSystemUPPCV3_5_Core.Startup Information: 0 : Path: localhost:44386//api/PurchaseOrders
Body: 
Query: ?PurchaseOrderId=0&DTEffectivity=1%2f1%2f0001%2012%3a00%3a00%20AM&SupplierId=0&RawMaterialId=0&PONum=&Price=0&BalanceTotalKg=0&POType=&Remarks=&DTCreated=1%2f1%2f0001%2012%3a00%3a00%20AM&CreatedById=&DTModified=&ModifiedById=&IsActive=True&Locked=&BalanceRemainingKg=&BalanceDeliveredKg=
Client IP: ::1

    DateTime=2021-03-11T16:33:32.3090301Z
Microsoft.AspNetCore.Diagnostics.DeveloperExceptionPageMiddleware Error: 1 : An unhandled exception has occurred while executing the request.
    DateTime=2021-03-11T16:33:39.0494660Z
WeighingSystemUPPCV3_5_Core.Startup Information: 0 : Path: localhost:44386//api/PurchaseTransactions/10049335
Body: 
Query: ?includeMCReaderLogs=true
Client IP: ::1

    DateTime=2021-03-11T16:33:45.3423098Z
WeighingSystemUPPCV3_5_Core.Startup Information: 0 : Path: localhost:44386//api/PurchaseOrders
Body: 
Query: ?PurchaseOrderId=0&DTEffectivity=1%2f1%2f0001%2012%3a00%3a00%20AM&SupplierId=0&RawMaterialId=0&PONum=&Price=0&BalanceTotalKg=0&POType=&Remarks=&DTCreated=1%2f1%2f0001%2012%3a00%3a00%20AM&CreatedById=&DTModified=&ModifiedById=&IsActive=True&Locked=&BalanceRemainingKg=&BalanceDeliveredKg=
Client IP: ::1

    DateTime=2021-03-11T16:33:46.8264662Z
Microsoft.AspNetCore.Diagnostics.DeveloperExceptionPageMiddleware Error: 1 : An unhandled exception has occurred while executing the request.
    DateTime=2021-03-11T16:33:59.9194401Z
Microsoft.AspNetCore.Diagnostics.DeveloperExceptionPageMiddleware Error: 1 : An unhandled exception has occurred while executing the request.
    DateTime=2021-03-11T16:34:44.7710637Z
WeighingSystemUPPCV3_5_Core.Startup Information: 0 : Path: localhost:44386//favicon.ico
Body: 
Query: 
Client IP: ::1

    DateTime=2021-03-11T16:34:45.4373881Z
Microsoft.Hosting.Lifetime Information: 0 : Now listening on: https://[::]:44386
    DateTime=2021-03-11T16:35:42.2843082Z
Microsoft.Hosting.Lifetime Information: 0 : Now listening on: http://[::]:44385
    DateTime=2021-03-11T16:35:42.2947578Z
Microsoft.Hosting.Lifetime Information: 0 : Application started. Press Ctrl+C to shut down.
    DateTime=2021-03-11T16:35:42.3069927Z
Microsoft.Hosting.Lifetime Information: 0 : Hosting environment: Development
    DateTime=2021-03-11T16:35:42.3169904Z
Microsoft.Hosting.Lifetime Information: 0 : Content root path: D:\dir\tsi\UPPC\Phase 4\WeighingSystemUPPCV3.5\WeighingSystemUPPCV3.5.Core\WeighingSystemUPPCV3.5.Core
    DateTime=2021-03-11T16:35:42.3279536Z
WeighingSystemUPPCV3_5_Core.Startup Information: 0 : Path: localhost:44386//api/PurchaseOrders/414
Body: 
Query: 
Client IP: ::1

    DateTime=2021-03-11T16:35:44.5381497Z
WeighingSystemUPPCV3_5_Core.Startup Information: 0 : Path: localhost:44386//api/PurchaseOrders/%5Baction%5D/414
Body: 
Query: 
Client IP: ::1

    DateTime=2021-03-11T16:36:08.7513897Z
WeighingSystemUPPCV3_5_Core.Startup Information: 0 : Path: localhost:44386//api/PurchaseOrders/GetByPONum/414
Body: 
Query: 
Client IP: ::1

    DateTime=2021-03-11T16:36:21.8160965Z
WeighingSystemUPPCV3_5_Core.Startup Information: 0 : Path: localhost:44386//api/PurchaseOrders/GetByPONum/414
Body: 
Query: 
Client IP: ::1

    DateTime=2021-03-11T16:36:36.3681675Z
WeighingSystemUPPCV3_5_Core.Startup Information: 0 : Path: localhost:44386//api/PurchaseTransactions/10049335
Body: 
Query: ?includeMCReaderLogs=true
Client IP: ::1

    DateTime=2021-03-11T16:37:05.8871254Z
WeighingSystemUPPCV3_5_Core.Startup Information: 0 : Path: localhost:44386//api/PurchaseOrders
Body: 
Query: ?PurchaseOrderId=0&DTEffectivity=1%2f1%2f0001%2012%3a00%3a00%20AM&SupplierId=0&RawMaterialId=0&PONum=&Price=0&BalanceTotalKg=0&POType=&Remarks=&DTCreated=1%2f1%2f0001%2012%3a00%3a00%20AM&CreatedById=&DTModified=&ModifiedById=&IsActive=True&Locked=&BalanceRemainingKg=&BalanceDeliveredKg=
Client IP: ::1

    DateTime=2021-03-11T16:37:08.0934752Z
WeighingSystemUPPCV3_5_Core.Startup Information: 0 : Path: localhost:44386//api/PurchaseOrders/414
Body: 
Query: 
Client IP: ::1

    DateTime=2021-03-11T16:37:15.8247384Z
WeighingSystemUPPCV3_5_Core.Startup Information: 0 : Path: localhost:44386//api/PurchaseOrders/414
Body: 
Query: 
Client IP: ::1

    DateTime=2021-03-11T16:38:29.5407891Z
WeighingSystemUPPCV3_5_Core.Startup Information: 0 : Path: localhost:44386//api/PurchaseOrders
Body: 
Query: ?PurchaseOrderId=0&DTEffectivity=1%2f1%2f0001%2012%3a00%3a00%20AM&SupplierId=0&RawMaterialId=0&PONum=&Price=0&BalanceTotalKg=0&POType=&Remarks=&DTCreated=1%2f1%2f0001%2012%3a00%3a00%20AM&CreatedById=&DTModified=&ModifiedById=&IsActive=True&Locked=&BalanceRemainingKg=&BalanceDeliveredKg=
Client IP: ::1

    DateTime=2021-03-11T16:39:13.6067542Z
WeighingSystemUPPCV3_5_Core.Startup Information: 0 : Path: localhost:44386//api/PurchaseOrders/414
Body: 
Query: 
Client IP: ::1

    DateTime=2021-03-11T16:39:16.0651089Z
WeighingSystemUPPCV3_5_Core.Startup Information: 0 : Path: localhost:44386//api/PurchaseTransactions/10049335
Body: 
Query: ?includeMCReaderLogs=true
Client IP: ::1

    DateTime=2021-03-11T16:39:42.8396028Z
WeighingSystemUPPCV3_5_Core.Startup Information: 0 : Path: localhost:44386//api/PurchaseOrders
Body: 
Query: ?PurchaseOrderId=0&DTEffectivity=1%2f1%2f0001%2012%3a00%3a00%20AM&SupplierId=0&RawMaterialId=0&PONum=&Price=0&BalanceTotalKg=0&POType=&Remarks=&DTCreated=1%2f1%2f0001%2012%3a00%3a00%20AM&CreatedById=&DTModified=&ModifiedById=&IsActive=True&Locked=&BalanceRemainingKg=&BalanceDeliveredKg=
Client IP: ::1

    DateTime=2021-03-11T16:39:44.4016326Z
WeighingSystemUPPCV3_5_Core.Startup Information: 0 : Path: localhost:44386//api/PurchaseOrders/414
Body: 
Query: 
Client IP: ::1

    DateTime=2021-03-11T16:39:44.5564153Z
WeighingSystemUPPCV3_5_Core.Startup Information: 0 : Path: localhost:44386//api/UserAccounts/LogIn
Body: {"userName":"TSI","userPwd":"1"}
Query: 
Client IP: ::1

    DateTime=2021-03-11T16:40:09.2192280Z
WeighingSystemUPPCV3_5_Core.Startup Information: 0 : Path: localhost:44386//api/UserAccounts/LogIn
Body: {"userName":"TSI","userPwd":"1"}
Query: 
Client IP: ::1

    DateTime=2021-03-11T16:40:13.3395043Z
WeighingSystemUPPCV3_5_Core.Startup Information: 0 : Path: localhost:44386//api/Suppliers
Body: 
Query: 
Client IP: ::1

    DateTime=2021-03-11T16:40:13.8022849Z
WeighingSystemUPPCV3_5_Core.Startup Information: 0 : Path: localhost:44386//api/PurchaseOrders
Body: 
Query: ?PurchaseOrderId=0&DTEffectivity=1%2f1%2f0001%2012%3a00%3a00%20AM&SupplierId=40000002&RawMaterialId=70000003&PONum=&Price=0&BalanceTotalKg=0&POType=&Remarks=&DTCreated=1%2f1%2f0001%2012%3a00%3a00%20AM&CreatedById=&DTModified=&ModifiedById=&IsActive=&Locked=&BalanceRemainingKg=&BalanceDeliveredKg=
Client IP: ::1

    DateTime=2021-03-11T16:40:18.4037494Z
WeighingSystemUPPCV3_5_Core.Startup Information: 0 : Path: localhost:44386//api/PurchaseOrders
Body: 
Query: ?PurchaseOrderId=0&DTEffectivity=1%2f1%2f0001%2012%3a00%3a00%20AM&SupplierId=40000002&RawMaterialId=70000020&PONum=&Price=0&BalanceTotalKg=0&POType=&Remarks=&DTCreated=1%2f1%2f0001%2012%3a00%3a00%20AM&CreatedById=&DTModified=&ModifiedById=&IsActive=&Locked=&BalanceRemainingKg=&BalanceDeliveredKg=
Client IP: ::1

    DateTime=2021-03-11T16:40:19.5421787Z
WeighingSystemUPPCV3_5_Core.Startup Information: 0 : Path: localhost:44386//api/PurchaseOrders/423
Body: {"purchaseOrderId":423,"dtEffectivity":"2021-03-12T00:00:00","supplierId":40000002,"rawMaterialId":70000020,"poNum":"3120000000","price":4.100,"balanceTotalKg":200000.00,"poType":"SPOT","dtCreated":"2021-03-11T22:28:18.64","createdById":"5463107b-5fbf-43a0-9fb2-c2037bb9a306","dtModified":"2021-03-11T23:07:46.257","isActive":true,"balanceRemainingKg":195.75,"balanceDeliveredKg":4.25}
Query: 
Client IP: ::1

    DateTime=2021-03-11T16:40:29.2327781Z
WeighingSystemUPPCV3_5_Core.Startup Information: 0 : Path: localhost:44386//api/UserAccounts/LogIn
Body: {"userName":"TSI","userPwd":"1"}
Query: 
Client IP: ::1

    DateTime=2021-03-11T16:40:35.0707337Z
WeighingSystemUPPCV3_5_Core.Startup Information: 0 : Path: localhost:44386//api/UserAccounts/LogIn
Body: {"userName":"TSI","userPwd":"1"}
Query: 
Client IP: ::1

    DateTime=2021-03-11T16:40:37.5879028Z
WeighingSystemUPPCV3_5_Core.Startup Information: 0 : Path: localhost:44386//api/PurchaseTransactions
Body: 
Query: ?TransactionId=0&ReceiptNum=&DTFrom=3%2f12%2f2021%2012%3a40%3a37%20AM&DTTo=3%2f12%2f2021%2012%3a40%3a37%20AM
Client IP: ::1

    DateTime=2021-03-11T16:40:37.9803278Z
WeighingSystemUPPCV3_5_Core.Startup Information: 0 : Path: localhost:44386//api/PurchaseTransactions
Body: 
Query: ?TransactionId=0&ReceiptNum=&DTFrom=3%2f1%2f2021%2012%3a40%3a37%20AM&DTTo=3%2f12%2f2021%2012%3a40%3a37%20AM
Client IP: ::1

    DateTime=2021-03-11T16:40:41.2338624Z
WeighingSystemUPPCV3_5_Core.Startup Information: 0 : Path: localhost:44386//api/PurchaseTransactions/10049336
Body: 
Query: ?includeMCReaderLogs=true
Client IP: ::1

    DateTime=2021-03-11T16:40:43.4083552Z
WeighingSystemUPPCV3_5_Core.Startup Information: 0 : Path: localhost:44386//api/PurchaseOrders
Body: 
Query: ?PurchaseOrderId=0&DTEffectivity=1%2f1%2f0001%2012%3a00%3a00%20AM&SupplierId=0&RawMaterialId=0&PONum=&Price=0&BalanceTotalKg=0&POType=&Remarks=&DTCreated=1%2f1%2f0001%2012%3a00%3a00%20AM&CreatedById=&DTModified=&ModifiedById=&IsActive=True&Locked=&BalanceRemainingKg=&BalanceDeliveredKg=
Client IP: ::1

    DateTime=2021-03-11T16:40:45.4532170Z
WeighingSystemUPPCV3_5_Core.Startup Information: 0 : Path: localhost:44386//api/PurchaseOrders/414
Body: 
Query: 
Client IP: ::1

    DateTime=2021-03-11T16:40:45.6460540Z
WeighingSystemUPPCV3_5_Core.Startup Information: 0 : Path: localhost:44386//api/UserAccounts/LogIn
Body: {"userName":"TSI","userPwd":"1"}
Query: 
Client IP: ::1

    DateTime=2021-03-11T16:40:51.9004078Z
WeighingSystemUPPCV3_5_Core.Startup Information: 0 : Path: localhost:44386//api/PurchaseTransactions/10049336
Body: {"purchaseId":10049336,"receiptNum":"0049371","dateTimeIn":"2021-02-22T13:57:13.797","dateTimeOut":"2021-03-02T08:39:26.22","vehicleNum":"ASDG-222","trip":"SPECIAL TRIP","supplierId":40000002,"rawMaterialId":70000020,"baleTypeId":1,"baleCount":0,"purchaseOrderId":423,"poNum":"6366008256","poType":"SPOT","drNum":"12312","price":4.032,"factoryWt":0.0,"grossWt":3220.0,"tareWt":1200.0,"netWt":2020.0,"mc":12.00,"pm":0.00,"ot":0.00,"mcStatus":12,"corrected10":1975.0,"corrected12":2020.0,"corrected14":2020.0,"corrected15":2020.0,"driverName":"123123","weigherInId":"5463107b-5fbf-43a0-9fb2-c2037bb9a306","weigherOutId":"5463107b-5fbf-43a0-9fb2-c2037bb9a306","vehicleTypeId":5,"subSupplierName":"AGENDA","moistureReaderId":2,"sourceId":5,"sourceCategoryId":2,"timeZoneIn":"GMT+08:00 PH","timeZoneOut":"GMT+08:00 PH","isOfflineIn":false,"isOfflineOut":false,"weekDay":2,"weekNum":1,"firstDay":"2021-03-01T00:00:00","lastDay":"2021-03-06T00:00:00","signatoryId":1,"moistureSettingsId":1,"printCount":0,"sourceName":"SUPERMARKET","sourceCategoryDesc":"INDUSTRY","categoryDesc":"MIXED PAPER","baleTypeDesc":"LOOSE BALE","supplierName":"EARTHBUDDY INC.","rawMaterialDesc":"MIXED PAPER-OB POST-CRM","weigherInName":"TERRINIEL SCALES INC.","weigherOutName":"TERRINIEL SCALES INC.","moistureReaderProcess":"AUTO","moistureReaderDesc":"PROBE","vehicleTypeCode":"CONTAINER VAN","balingStationNum":"100","balingStationCode":"TSIBS","balingStationName":"PARANAQUE","inyardId":0,"moistureReaderLogsModified":false,"moistureReaderLogs":[{"moistureReaderLogId":2976172,"transactionId":10049336,"logNum":1,"dtLog":"2021-02-01T14:10:00","mc":8.90},{"moistureReaderLogId":2976199,"transactionId":10049336,"logNum":2,"dtLog":"2021-02-01T14:10:00","mc":6.80},{"moistureReaderLogId":2976198,"transactionId":10049336,"logNum":3,"dtLog":"2021-02-01T14:10:00","mc":7.40},{"moistureReaderLogId":2976197,"transactionId":10049336,"logNum":4,"dtLog":"2021-02-01T14:10:00","mc":9.70},{"moistureReaderLogId":2976196,"transactionId":10049336,"logNum":5,"dtLog":"2021-02-01T14:10:00","mc":9.40},{"moistureReaderLogId":2976195,"transactionId":10049336,"logNum":6,"dtLog":"2021-02-01T14:10:00","mc":8.10},{"moistureReaderLogId":2976194,"transactionId":10049336,"logNum":7,"dtLog":"2021-02-01T14:10:00","mc":8.90},{"moistureReaderLogId":2976193,"transactionId":10049336,"logNum":8,"dtLog":"2021-02-01T14:10:00","mc":18.90},{"moistureReaderLogId":2976192,"transactionId":10049336,"logNum":9,"dtLog":"2021-02-01T14:10:00","mc":14.40},{"moistureReaderLogId":2976191,"transactionId":10049336,"logNum":10,"dtLog":"2021-02-01T14:10:00","mc":9.00},{"moistureReaderLogId":2976190,"transactionId":10049336,"logNum":11,"dtLog":"2021-02-01T14:10:00","mc":8.90},{"moistureReaderLogId":2976189,"transactionId":10049336,"logNum":12,"dtLog":"2021-02-01T14:11:00","mc":8.30},{"moistureReaderLogId":2976188,"transactionId":10049336,"logNum":13,"dtLog":"2021-02-01T14:11:00","mc":8.70},{"moistureReaderLogId":2976187,"transactionId":10049336,"logNum":14,"dtLog":"2021-02-01T14:11:00","mc":11.40},{"moistureReaderLogId":2976186,"transactionId":10049336,"logNum":15,"dtLog":"2021-02-01T14:11:00","mc":8.10},{"moistureReaderLogId":2976185,"transactionId":10049336,"logNum":16,"dtLog":"2021-02-01T14:11:00","mc":7.60},{"moistureReaderLogId":2976184,"transactionId":10049336,"logNum":17,"dtLog":"2021-02-01T14:11:00","mc":16.20},{"moistureReaderLogId":2976183,"transactionId":10049336,"logNum":18,"dtLog":"2021-02-01T14:11:00","mc":17.40},{"moistureReaderLogId":2976182,"transactionId":10049336,"logNum":19,"dtLog":"2021-02-01T14:11:00","mc":17.40},{"moistureReaderLogId":2976181,"transactionId":10049336,"logNum":20,"dtLog":"2021-02-01T14:11:00","mc":17.40},{"moistureReaderLogId":2976180,"transactionId":10049336,"logNum":21,"dtLog":"2021-02-01T14:11:00","mc":18.30},{"moistureReaderLogId":2976179,"transactionId":10049336,"logNum":22,"dtLog":"2021-02-01T14:11:00","mc":18.60},{"moistureReaderLogId":2976178,"transactionId":10049336,"logNum":23,"dtLog":"2021-02-01T14:11:00","mc":18.30},{"moistureReaderLogId":2976177,"transactionId":10049336,"logNum":24,"dtLog":"2021-02-01T14:11:00","mc":17.50},{"moistureReaderLogId":2976176,"transactionId":10049336,"logNum":25,"dtLog":"2021-02-01T14:11:00","mc":12.30},{"moistureReaderLogId":2976175,"transactionId":10049336,"logNum":26,"dtLog":"2021-02-01T14:11:00","mc":11.10},{"moistureReaderLogId":2976174,"transactionId":10049336,"logNum":27,"dtLog":"2021-02-01T14:11:00","mc":8.80},{"moistureReaderLogId":2976173,"transactionId":10049336,"logNum":28,"dtLog":"2021-02-01T14:11:00","mc":14.10},{"moistureReaderLogId":2976200,"transactionId":10049336,"logNum":29,"dtLog":"2021-02-01T14:11:00","mc":6.20},{"moistureReaderLogId":2976201,"transactionId":10049336,"logNum":30,"dtLog":"2021-02-01T14:11:00","mc":12.70}],"purchaseOrder":{"purchaseOrderId":414,"dtEffectivity":"2020-12-02T08:29:01","supplierId":40000002,"rawMaterialId":70000020,"poNum":"6366008256","price":4.032,"balanceTotalKg":200000.00,"poType":"BASE","dtCreated":"2020-12-02T08:29:01","createdById":"5463107b-5fbf-43a0-9fb2-c2037bb9a306","dtModified":"2020-12-02T08:29:33","isActive":false,"locked":true},"dateOut":"2021-03-02T00:00:00","mcDate":"2021-02-01T14:10:00","loggedInUserId":"5463107b-5fbf-43a0-9fb2-c2037bb9a306"}
Query: 
Client IP: ::1

    DateTime=2021-03-11T16:40:52.1055025Z
WeighingSystemUPPCV3_5_Core.Startup Information: 0 : Path: localhost:44386//api/PurchaseTransactions/10049336
Body: 
Query: ?includeMCReaderLogs=true
Client IP: ::1

    DateTime=2021-03-11T16:40:57.9222687Z
WeighingSystemUPPCV3_5_Core.Startup Information: 0 : Path: localhost:44386//api/PurchaseOrders
Body: 
Query: ?PurchaseOrderId=0&DTEffectivity=1%2f1%2f0001%2012%3a00%3a00%20AM&SupplierId=0&RawMaterialId=0&PONum=&Price=0&BalanceTotalKg=0&POType=&Remarks=&DTCreated=1%2f1%2f0001%2012%3a00%3a00%20AM&CreatedById=&DTModified=&ModifiedById=&IsActive=True&Locked=&BalanceRemainingKg=&BalanceDeliveredKg=
Client IP: ::1

    DateTime=2021-03-11T16:41:00.0284868Z
WeighingSystemUPPCV3_5_Core.Startup Information: 0 : Path: localhost:44386//api/PurchaseTransactions/10049336
Body: 
Query: ?includeMCReaderLogs=true
Client IP: ::1

    DateTime=2021-03-11T16:42:11.9638328Z
WeighingSystemUPPCV3_5_Core.Startup Information: 0 : Path: localhost:44386//api/PurchaseOrders
Body: 
Query: ?PurchaseOrderId=0&DTEffectivity=1%2f1%2f0001%2012%3a00%3a00%20AM&SupplierId=0&RawMaterialId=0&PONum=&Price=0&BalanceTotalKg=0&POType=&Remarks=&DTCreated=1%2f1%2f0001%2012%3a00%3a00%20AM&CreatedById=&DTModified=&ModifiedById=&IsActive=True&Locked=&BalanceRemainingKg=&BalanceDeliveredKg=
Client IP: ::1

    DateTime=2021-03-11T16:42:16.1787517Z
WeighingSystemUPPCV3_5_Core.Startup Information: 0 : Path: localhost:44386//api/PurchaseTransactions/10049334
Body: 
Query: ?includeMCReaderLogs=true
Client IP: ::1

    DateTime=2021-03-11T16:42:22.7833090Z
WeighingSystemUPPCV3_5_Core.Startup Information: 0 : Path: localhost:44386//api/PurchaseOrders
Body: 
Query: ?PurchaseOrderId=0&DTEffectivity=1%2f1%2f0001%2012%3a00%3a00%20AM&SupplierId=0&RawMaterialId=0&PONum=&Price=0&BalanceTotalKg=0&POType=&Remarks=&DTCreated=1%2f1%2f0001%2012%3a00%3a00%20AM&CreatedById=&DTModified=&ModifiedById=&IsActive=True&Locked=&BalanceRemainingKg=&BalanceDeliveredKg=
Client IP: ::1

    DateTime=2021-03-11T16:43:49.3334238Z
WeighingSystemUPPCV3_5_Core.Startup Information: 0 : Path: localhost:44386//api/PurchaseTransactions/10049334
Body: 
Query: ?includeMCReaderLogs=true
Client IP: ::1

    DateTime=2021-03-11T16:43:59.9789799Z
WeighingSystemUPPCV3_5_Core.Startup Information: 0 : Path: localhost:44386//api/PurchaseOrders
Body: 
Query: ?PurchaseOrderId=0&DTEffectivity=1%2f1%2f0001%2012%3a00%3a00%20AM&SupplierId=0&RawMaterialId=0&PONum=&Price=0&BalanceTotalKg=0&POType=&Remarks=&DTCreated=1%2f1%2f0001%2012%3a00%3a00%20AM&CreatedById=&DTModified=&ModifiedById=&IsActive=True&Locked=&BalanceRemainingKg=&BalanceDeliveredKg=
Client IP: ::1

    DateTime=2021-03-11T16:44:28.8452040Z
WeighingSystemUPPCV3_5_Core.Startup Information: 0 : Path: localhost:44386//api/PurchaseOrders/414
Body: 
Query: 
Client IP: ::1

    DateTime=2021-03-11T16:44:29.0461355Z
WeighingSystemUPPCV3_5_Core.Startup Information: 0 : Path: localhost:44386//api/UserAccounts/LogIn
Body: {"userName":"TSI","userPwd":"1"}
Query: 
Client IP: ::1

    DateTime=2021-03-11T16:44:41.7814723Z
WeighingSystemUPPCV3_5_Core.Startup Information: 0 : Path: localhost:44386//api/PurchaseTransactions/10049334
Body: {"purchaseId":10049334,"receiptNum":"0049369","dateTimeIn":"2021-02-22T13:57:13.797","dateTimeOut":"2021-03-02T08:34:48.58","vehicleNum":"ASDG-222","trip":"SPECIAL TRIP","supplierId":40000002,"rawMaterialId":70000020,"baleTypeId":1,"baleCount":0,"purchaseOrderId":414,"poNum":"6366008256","poType":"BASE","drNum":"12312","price":4.032,"factoryWt":0.0,"grossWt":3220.0,"tareWt":1200.0,"netWt":2020.0,"mc":11.90,"pm":0.00,"ot":0.00,"mcStatus":12,"corrected10":1977.0,"corrected12":2020.0,"corrected14":2020.0,"corrected15":2020.0,"driverName":"123123","weigherInId":"5463107b-5fbf-43a0-9fb2-c2037bb9a306","weigherOutId":"5463107b-5fbf-43a0-9fb2-c2037bb9a306","vehicleTypeId":5,"subSupplierName":"AGENDA","moistureReaderId":2,"sourceId":5,"sourceCategoryId":2,"timeZoneIn":"GMT+08:00 PH","timeZoneOut":"GMT+08:00 PH","isOfflineIn":false,"isOfflineOut":false,"weekDay":2,"weekNum":1,"firstDay":"2021-03-01T00:00:00","lastDay":"2021-03-06T00:00:00","signatoryId":1,"moistureSettingsId":1,"printCount":1,"sourceName":"SUPERMARKET","sourceCategoryDesc":"INDUSTRY","categoryDesc":"MIXED PAPER","baleTypeDesc":"LOOSE BALE","supplierName":"EARTHBUDDY INC.","rawMaterialDesc":"MIXED PAPER-OB POST-CRM","weigherInName":"TERRINIEL SCALES INC.","weigherOutName":"TERRINIEL SCALES INC.","moistureReaderProcess":"AUTO","moistureReaderDesc":"PROBE","vehicleTypeCode":"CONTAINER VAN","balingStationNum":"100","balingStationCode":"TSIBS","balingStationName":"PARANAQUE","inyardId":0,"moistureReaderLogsModified":false,"moistureReaderLogs":[{"moistureReaderLogId":2976112,"transactionId":10049334,"logNum":1,"dtLog":"2021-02-01T09:08:00","mc":8.90},{"moistureReaderLogId":2976139,"transactionId":10049334,"logNum":2,"dtLog":"2021-02-01T09:08:00","mc":13.00},{"moistureReaderLogId":2976138,"transactionId":10049334,"logNum":3,"dtLog":"2021-02-01T09:08:00","mc":8.10},{"moistureReaderLogId":2976137,"transactionId":10049334,"logNum":4,"dtLog":"2021-02-01T09:08:00","mc":8.00},{"moistureReaderLogId":2976136,"transactionId":10049334,"logNum":5,"dtLog":"2021-02-01T09:08:00","mc":8.10},{"moistureReaderLogId":2976135,"transactionId":10049334,"logNum":6,"dtLog":"2021-02-01T09:08:00","mc":8.00},{"moistureReaderLogId":2976134,"transactionId":10049334,"logNum":7,"dtLog":"2021-02-01T09:08:00","mc":7.90},{"moistureReaderLogId":2976133,"transactionId":10049334,"logNum":8,"dtLog":"2021-02-01T09:08:00","mc":8.20},{"moistureReaderLogId":2976132,"transactionId":10049334,"logNum":9,"dtLog":"2021-02-01T09:10:00","mc":18.20},{"moistureReaderLogId":2976131,"transactionId":10049334,"logNum":10,"dtLog":"2021-02-01T09:10:00","mc":18.40},{"moistureReaderLogId":2976130,"transactionId":10049334,"logNum":11,"dtLog":"2021-02-01T09:11:00","mc":16.00},{"moistureReaderLogId":2976129,"transactionId":10049334,"logNum":12,"dtLog":"2021-02-01T09:11:00","mc":15.50},{"moistureReaderLogId":2976128,"transactionId":10049334,"logNum":13,"dtLog":"2021-02-01T09:11:00","mc":15.60},{"moistureReaderLogId":2976127,"transactionId":10049334,"logNum":14,"dtLog":"2021-02-01T09:11:00","mc":13.20},{"moistureReaderLogId":2976126,"transactionId":10049334,"logNum":15,"dtLog":"2021-02-01T09:11:00","mc":12.30},{"moistureReaderLogId":2976125,"transactionId":10049334,"logNum":16,"dtLog":"2021-02-01T09:11:00","mc":13.00},{"moistureReaderLogId":2976124,"transactionId":10049334,"logNum":17,"dtLog":"2021-02-01T09:11:00","mc":8.00},{"moistureReaderLogId":2976123,"transactionId":10049334,"logNum":18,"dtLog":"2021-02-01T09:11:00","mc":8.50},{"moistureReaderLogId":2976122,"transactionId":10049334,"logNum":19,"dtLog":"2021-02-01T09:11:00","mc":8.60},{"moistureReaderLogId":2976121,"transactionId":10049334,"logNum":20,"dtLog":"2021-02-01T09:11:00","mc":11.70},{"moistureReaderLogId":2976120,"transactionId":10049334,"logNum":21,"dtLog":"2021-02-01T09:12:00","mc":15.70},{"moistureReaderLogId":2976119,"transactionId":10049334,"logNum":22,"dtLog":"2021-02-01T09:12:00","mc":16.00},{"moistureReaderLogId":2976118,"transactionId":10049334,"logNum":23,"dtLog":"2021-02-01T09:12:00","mc":16.00},{"moistureReaderLogId":2976117,"transactionId":10049334,"logNum":24,"dtLog":"2021-02-01T09:12:00","mc":11.90},{"moistureReaderLogId":2976116,"transactionId":10049334,"logNum":25,"dtLog":"2021-02-01T09:12:00","mc":11.20},{"moistureReaderLogId":2976115,"transactionId":10049334,"logNum":26,"dtLog":"2021-02-01T09:12:00","mc":7.80},{"moistureReaderLogId":2976114,"transactionId":10049334,"logNum":27,"dtLog":"2021-02-01T09:12:00","mc":9.80},{"moistureReaderLogId":2976113,"transactionId":10049334,"logNum":28,"dtLog":"2021-02-01T09:12:00","mc":14.10},{"moistureReaderLogId":2976140,"transactionId":10049334,"logNum":29,"dtLog":"2021-02-01T09:12:00","mc":14.80},{"moistureReaderLogId":2976141,"transactionId":10049334,"logNum":30,"dtLog":"2021-02-01T09:12:00","mc":11.90}],"purchaseOrder":{"purchaseOrderId":414,"dtEffectivity":"2020-12-02T08:29:01","supplierId":40000002,"rawMaterialId":70000020,"poNum":"6366008256","price":4.032,"balanceTotalKg":200000.00,"poType":"BASE","dtCreated":"2020-12-02T08:29:01","createdById":"5463107b-5fbf-43a0-9fb2-c2037bb9a306","dtModified":"2020-12-02T08:29:33","isActive":false,"locked":true},"dateOut":"2021-03-02T00:00:00","mcDate":"2021-02-01T09:08:00","loggedInUserId":"5463107b-5fbf-43a0-9fb2-c2037bb9a306"}
Query: 
Client IP: ::1

    DateTime=2021-03-11T16:44:41.9466310Z
WeighingSystemUPPCV3_5_Core.Startup Information: 0 : Path: localhost:44386//api/PurchaseTransactions/10049334
Body: 
Query: ?includeMCReaderLogs=true
Client IP: ::1

    DateTime=2021-03-11T16:44:47.7949554Z
WeighingSystemUPPCV3_5_Core.Startup Information: 0 : Path: localhost:44386//api/PurchaseOrders
Body: 
Query: ?PurchaseOrderId=0&DTEffectivity=1%2f1%2f0001%2012%3a00%3a00%20AM&SupplierId=0&RawMaterialId=0&PONum=&Price=0&BalanceTotalKg=0&POType=&Remarks=&DTCreated=1%2f1%2f0001%2012%3a00%3a00%20AM&CreatedById=&DTModified=&ModifiedById=&IsActive=True&Locked=&BalanceRemainingKg=&BalanceDeliveredKg=
Client IP: ::1

    DateTime=2021-03-11T16:44:49.9054936Z
WeighingSystemUPPCV3_5_Core.Startup Information: 0 : Path: localhost:44386//api/PurchaseOrders/414
Body: 
Query: 
Client IP: ::1

    DateTime=2021-03-11T16:44:50.0853630Z
Microsoft.Hosting.Lifetime Information: 0 : Now listening on: https://[::]:44386
    DateTime=2021-03-12T02:20:18.3132791Z
Microsoft.Hosting.Lifetime Information: 0 : Now listening on: http://[::]:44385
    DateTime=2021-03-12T02:20:18.3211703Z
Microsoft.Hosting.Lifetime Information: 0 : Application started. Press Ctrl+C to shut down.
    DateTime=2021-03-12T02:20:18.3286299Z
Microsoft.Hosting.Lifetime Information: 0 : Hosting environment: Development
    DateTime=2021-03-12T02:20:18.3339764Z
Microsoft.Hosting.Lifetime Information: 0 : Content root path: D:\dir\tsi\UPPC\Phase 4\WeighingSystemUPPCV3.5\WeighingSystemUPPCV3.5.Core\WeighingSystemUPPCV3.5.Core
    DateTime=2021-03-12T02:20:18.3392573Z
Microsoft.Hosting.Lifetime Information: 0 : Now listening on: https://[::]:44386
    DateTime=2021-03-12T06:07:38.8614869Z
Microsoft.Hosting.Lifetime Information: 0 : Now listening on: http://[::]:44385
    DateTime=2021-03-12T06:07:38.8747666Z
Microsoft.Hosting.Lifetime Information: 0 : Application started. Press Ctrl+C to shut down.
    DateTime=2021-03-12T06:07:38.8943903Z
Microsoft.Hosting.Lifetime Information: 0 : Hosting environment: Development
    DateTime=2021-03-12T06:07:38.9094274Z
Microsoft.Hosting.Lifetime Information: 0 : Content root path: D:\dir\tsi\UPPC\Phase 4\WeighingSystemUPPCV3.5\WeighingSystemUPPCV3.5.Core\WeighingSystemUPPCV3.5.Core
    DateTime=2021-03-12T06:07:38.9214642Z
WeighingSystemUPPCV3_5_Core.Startup Information: 0 : Path: localhost:44386//api/Config
Body: 
Query: 
Client IP: ::1

    DateTime=2021-03-12T06:08:03.6802187Z
WeighingSystemUPPCV3_5_Core.Startup Information: 0 : Path: localhost:44386//api/BalingStations/selected
Body: 
Query: 
Client IP: ::1

    DateTime=2021-03-12T06:08:04.1288694Z
WeighingSystemUPPCV3_5_Core.Controllers.BalingStationsController Error: 0 : A connection was successfully established with the server, but then an error occurred during the login process. (provider: Shared Memory Provider, error: 0 - No process is on the other end of the pipe.)
    DateTime=2021-03-12T06:13:32.6115046Z
WeighingSystemUPPCV3_5_Core.Startup Information: 0 : Path: localhost:44386//api/Config
Body: 
Query: 
Client IP: ::1

    DateTime=2021-03-12T06:13:40.0985276Z
WeighingSystemUPPCV3_5_Core.Startup Information: 0 : Path: localhost:44386//api/BalingStations/selected
Body: 
Query: 
Client IP: ::1

    DateTime=2021-03-12T06:13:40.2239869Z
WeighingSystemUPPCV3_5_Core.Startup Information: 0 : Path: localhost:44386//api/MoistureSettings
Body: 
Query: 
Client IP: ::1

    DateTime=2021-03-12T06:13:40.8966217Z
WeighingSystemUPPCV3_5_Core.Startup Information: 0 : Path: localhost:44386//api/TransactionTypes
Body: 
Query: 
Client IP: ::1

    DateTime=2021-03-12T06:13:41.1175405Z
WeighingSystemUPPCV3_5_Core.Startup Information: 0 : Path: localhost:44386//api/MoistureReaders
Body: 
Query: 
Client IP: ::1

    DateTime=2021-03-12T06:13:41.2213943Z
WeighingSystemUPPCV3_5_Core.Startup Information: 0 : Path: localhost:44386//api/BaleTypes
Body: 
Query: 
Client IP: ::1

    DateTime=2021-03-12T06:13:41.3677851Z
WeighingSystemUPPCV3_5_Core.Startup Information: 0 : Path: localhost:44386//api/Sources
Body: 
Query: 
Client IP: ::1

    DateTime=2021-03-12T06:13:41.4842611Z
WeighingSystemUPPCV3_5_Core.Startup Information: 0 : Path: localhost:44386//api/SourceCategories
Body: 
Query: 
Client IP: ::1

    DateTime=2021-03-12T06:13:41.6161274Z
WeighingSystemUPPCV3_5_Core.Startup Information: 0 : Path: localhost:44386//api/Customers
Body: 
Query: 
Client IP: ::1

    DateTime=2021-03-12T06:13:41.7205423Z
WeighingSystemUPPCV3_5_Core.Startup Information: 0 : Path: localhost:44386//api/Suppliers
Body: 
Query: 
Client IP: ::1

    DateTime=2021-03-12T06:13:41.8311905Z
WeighingSystemUPPCV3_5_Core.Startup Information: 0 : Path: localhost:44386//api/RawMaterials
Body: 
Query: 
Client IP: ::1

    DateTime=2021-03-12T06:13:41.9427232Z
WeighingSystemUPPCV3_5_Core.Startup Information: 0 : Path: localhost:44386//api/Products
Body: 
Query: 
Client IP: ::1

    DateTime=2021-03-12T06:13:42.1267502Z
WeighingSystemUPPCV3_5_Core.Startup Information: 0 : Path: localhost:44386//api/Categories
Body: 
Query: 
Client IP: ::1

    DateTime=2021-03-12T06:13:42.2490802Z
WeighingSystemUPPCV3_5_Core.Startup Information: 0 : Path: localhost:44386//api/Haulers
Body: 
Query: 
Client IP: ::1

    DateTime=2021-03-12T06:13:42.3584635Z
WeighingSystemUPPCV3_5_Core.Startup Information: 0 : Path: localhost:44386//api/Vehicles
Body: 
Query: 
Client IP: ::1

    DateTime=2021-03-12T06:13:42.4723165Z
WeighingSystemUPPCV3_5_Core.Startup Information: 0 : Path: localhost:44386//api/VehicleTypes
Body: 
Query: 
Client IP: ::1

    DateTime=2021-03-12T06:13:42.7399411Z
WeighingSystemUPPCV3_5_Core.Startup Information: 0 : Path: localhost:44386//api/SubSuppliers
Body: 
Query: 
Client IP: ::1

    DateTime=2021-03-12T06:13:42.8414923Z
WeighingSystemUPPCV3_5_Core.Startup Information: 0 : Path: localhost:44386//api/SaleTransactions
Body: 
Query: ?Returned=false
Client IP: ::1

    DateTime=2021-03-12T06:13:42.9562834Z
WeighingSystemUPPCV3_5_Core.Startup Information: 0 : Path: localhost:44386//api/UserAccounts/UserAccountDetails
Body: 
Query: 
Client IP: ::1

    DateTime=2021-03-12T06:13:43.2198860Z
WeighingSystemUPPCV3_5_Core.Startup Information: 0 : Path: localhost:44386//api/Reminders
Body: 
Query: 
Client IP: ::1

    DateTime=2021-03-12T06:13:43.3674184Z
WeighingSystemUPPCV3_5_Core.Startup Information: 0 : Path: localhost:44386//api/Signatories
Body: 
Query: 
Client IP: ::1

    DateTime=2021-03-12T06:13:43.4840054Z
WeighingSystemUPPCV3_5_Core.Startup Information: 0 : Path: localhost:44386//api/UserAccounts/LogIn
Body: {"userName":"TSI","userPwd":"1"}
Query: 
Client IP: ::1

    DateTime=2021-03-12T06:13:46.9891380Z
WeighingSystemUPPCV3_5_Core.Startup Information: 0 : Path: localhost:44386//api/Reporting/ReportDataSet
Body: 
Query: ?ReportType=PURCHASE_GENERAL&DTFrom=3%2f12%2f2021%2012%3a00%3a00%20AM&DTTo=3%2f12%2f2021%2011%3a59%3a00%20PM&ClientId=0&CommodityId=0&CategoryId=0&PreparedBy=TERRINIEL%20SCALES%20INC.&CheckedBy=TERRINIEL%20SCALES%20INC.&PaperSize=DEFAULT&BalingStation=WeighingSystemUPPCV3_5_Service.Models.BalingStation&MoistureSettings=WeighingSystemUPPCV3_5_Service.Models.MoistureSettings&Signatory=WeighingSystemUPPCV3_5_Service.Models.Signatory&TransactionTypeCode=I
Client IP: ::1

    DateTime=2021-03-12T06:14:03.5497451Z
WeighingSystemUPPCV3_5_Core.Startup Information: 0 : Path: localhost:44386//api/Reporting/ReportDataSet
Body: 
Query: ?ReportType=PURCHASE_MONTHLY&DTFrom=2%2f1%2f2021%2012%3a00%3a00%20AM&DTTo=3%2f12%2f2021%2011%3a59%3a00%20PM&ClientId=0&CommodityId=0&CategoryId=0&PreparedBy=TERRINIEL%20SCALES%20INC.&CheckedBy=TERRINIEL%20SCALES%20INC.&PaperSize=DEFAULT&BalingStation=WeighingSystemUPPCV3_5_Service.Models.BalingStation&MoistureSettings=WeighingSystemUPPCV3_5_Service.Models.MoistureSettings&Signatory=WeighingSystemUPPCV3_5_Service.Models.Signatory&TransactionTypeCode=I
Client IP: ::1

    DateTime=2021-03-12T06:14:09.5515391Z
WeighingSystemUPPCV3_5_Core.Startup Information: 0 : Path: localhost:44386//api/Reporting/ReportDataSet
Body: 
Query: ?ReportType=PURCHASE_WEEKLY&DTFrom=2%2f1%2f2021%2012%3a00%3a00%20AM&DTTo=3%2f12%2f2021%2011%3a59%3a00%20PM&ClientId=0&CommodityId=0&CategoryId=0&PreparedBy=TERRINIEL%20SCALES%20INC.&CheckedBy=TERRINIEL%20SCALES%20INC.&PaperSize=DEFAULT&BalingStation=WeighingSystemUPPCV3_5_Service.Models.BalingStation&MoistureSettings=WeighingSystemUPPCV3_5_Service.Models.MoistureSettings&Signatory=WeighingSystemUPPCV3_5_Service.Models.Signatory&TransactionTypeCode=I
Client IP: ::1

    DateTime=2021-03-12T06:14:37.5900203Z
WeighingSystemUPPCV3_5_Core.Startup Information: 0 : Path: localhost:44386//api/Reporting/ReportDataSet
Body: 
Query: ?ReportType=PURCHASE_MONTHLY&DTFrom=2%2f1%2f2021%2012%3a00%3a00%20AM&DTTo=3%2f12%2f2021%2011%3a59%3a00%20PM&ClientId=0&CommodityId=0&CategoryId=0&PreparedBy=TERRINIEL%20SCALES%20INC.&CheckedBy=TERRINIEL%20SCALES%20INC.&PaperSize=DEFAULT&BalingStation=WeighingSystemUPPCV3_5_Service.Models.BalingStation&MoistureSettings=WeighingSystemUPPCV3_5_Service.Models.MoistureSettings&Signatory=WeighingSystemUPPCV3_5_Service.Models.Signatory&TransactionTypeCode=I
Client IP: ::1

    DateTime=2021-03-12T06:14:47.0340288Z
WeighingSystemUPPCV3_5_Core.Startup Information: 0 : Path: localhost:44386//api/Reporting/ReportDataSet
Body: 
Query: ?ReportType=PURCHASE_GENERAL&DTFrom=2%2f1%2f2021%2012%3a00%3a00%20AM&DTTo=3%2f12%2f2021%2011%3a59%3a00%20PM&ClientId=0&CommodityId=0&CategoryId=0&PreparedBy=TERRINIEL%20SCALES%20INC.&CheckedBy=TERRINIEL%20SCALES%20INC.&PaperSize=DEFAULT&BalingStation=WeighingSystemUPPCV3_5_Service.Models.BalingStation&MoistureSettings=WeighingSystemUPPCV3_5_Service.Models.MoistureSettings&Signatory=WeighingSystemUPPCV3_5_Service.Models.Signatory&TransactionTypeCode=I
Client IP: ::1

    DateTime=2021-03-12T06:14:50.5499064Z
WeighingSystemUPPCV3_5_Core.Startup Information: 0 : Path: localhost:44386//api/UserAccounts/LogIn
Body: {"userName":"TSI","userPwd":"1"}
Query: 
Client IP: ::1

    DateTime=2021-03-12T06:40:26.9580799Z
WeighingSystemUPPCV3_5_Core.Startup Information: 0 : Path: localhost:44386//api/PurchaseOrders
Body: 
Query: ?PurchaseOrderId=0&DTEffectivity=1%2f1%2f0001%2012%3a00%3a00%20AM&SupplierId=0&RawMaterialId=0&PONum=&Price=0&BalanceTotalKg=0&POType=&Remarks=&DTCreated=1%2f1%2f0001%2012%3a00%3a00%20AM&CreatedById=&DTModified=&ModifiedById=&IsActive=True&Locked=&BalanceRemainingKg=&BalanceDeliveredKg=
Client IP: ::1

    DateTime=2021-03-12T06:40:33.2809171Z
WeighingSystemUPPCV3_5_Core.Startup Information: 0 : Path: localhost:44386//api/Reminders/Count
Body: 
Query: 
Client IP: ::1

    DateTime=2021-03-12T06:40:34.8855669Z
WeighingSystemUPPCV3_5_Core.Startup Information: 0 : Path: localhost:44386//api/Inyards
Body: 
Query: 
Client IP: ::1

    DateTime=2021-03-12T06:40:34.9894484Z
WeighingSystemUPPCV3_5_Core.Startup Information: 0 : Path: localhost:44386//api/UserAccounts/LogIn
Body: {"userName":"TSI","userPwd":"1"}
Query: 
Client IP: ::1

    DateTime=2021-03-12T06:40:57.5402237Z
WeighingSystemUPPCV3_5_Core.Startup Information: 0 : Path: localhost:44386//api/Config/TransactionOption
Body: {"enablePricing":false,"enableWeightDeduction":false,"inyardEntryLimit":0,"mcInput":1,"validateMCFileDate":false,"returnedVehicleVarianceTime":20,"returnedVehicleVarianceWt":500,"checkWeightStability":false,"weightStabilityDelay":3,"weightStatbilityTolerance":0,"vehicleDeliveryRestriction":true,"vehicleDeliveryRestrictionPeriod":100,"purchaseGrossWtRestriction":true,"purchaseGrossWtRestrictionPeriod":100,"purchaseGrossWtRestrictionTol":30}
Query: 
Client IP: ::1

    DateTime=2021-03-12T06:41:02.7065484Z
WeighingSystemUPPCV3_5_Core.Startup Information: 0 : Path: localhost:44386//api/Config/PrintingOption
Body: {"receiptDefaultPrinter":"","reportDefaultPrinter":"","ticketPrintOption":"ALL","ticketPrinterType":0}
Query: 
Client IP: ::1

    DateTime=2021-03-12T06:41:02.8789548Z
WeighingSystemUPPCV3_5_Core.Startup Information: 0 : Path: localhost:44386//api/Config/TransactionOption
Body: {"enablePricing":false,"enableWeightDeduction":false,"inyardEntryLimit":0,"mcInput":1,"validateMCFileDate":false,"returnedVehicleVarianceTime":20,"returnedVehicleVarianceWt":500,"checkWeightStability":false,"weightStabilityDelay":3,"weightStatbilityTolerance":0,"vehicleDeliveryRestriction":true,"vehicleDeliveryRestrictionPeriod":100,"purchaseGrossWtRestriction":true,"purchaseGrossWtRestrictionPeriod":100,"purchaseGrossWtRestrictionTol":30}
Query: 
Client IP: ::1

    DateTime=2021-03-12T06:41:09.3366570Z
WeighingSystemUPPCV3_5_Core.Startup Information: 0 : Path: localhost:44386//api/Config/PrintingOption
Body: {"receiptDefaultPrinter":"","reportDefaultPrinter":"","ticketPrintOption":"ALL","ticketPrinterType":0}
Query: 
Client IP: ::1

    DateTime=2021-03-12T06:41:09.4507676Z
WeighingSystemUPPCV3_5_Core.Startup Information: 0 : Path: localhost:44386//api/UserAccounts/LogIn
Body: {"userName":"TSI","userPwd":"1"}
Query: 
Client IP: ::1

    DateTime=2021-03-12T06:41:15.5925075Z
WeighingSystemUPPCV3_5_Core.Startup Information: 0 : Path: localhost:44386//api/PurchaseOrders
Body: 
Query: ?PurchaseOrderId=0&DTEffectivity=1%2f1%2f0001%2012%3a00%3a00%20AM&SupplierId=0&RawMaterialId=0&PONum=&Price=0&BalanceTotalKg=0&POType=&Remarks=&DTCreated=1%2f1%2f0001%2012%3a00%3a00%20AM&CreatedById=&DTModified=&ModifiedById=&IsActive=True&Locked=&BalanceRemainingKg=&BalanceDeliveredKg=
Client IP: ::1

    DateTime=2021-03-12T06:41:19.8695943Z
WeighingSystemUPPCV3_5_Core.Startup Information: 0 : Path: localhost:44386//api/Reminders/Count
Body: 
Query: 
Client IP: ::1

    DateTime=2021-03-12T06:41:25.1689971Z
WeighingSystemUPPCV3_5_Core.Startup Information: 0 : Path: localhost:44386//api/ReferenceNumbers
Body: 
Query: 
Client IP: ::1

    DateTime=2021-03-12T06:41:30.7872268Z
WeighingSystemUPPCV3_5_Core.Startup Information: 0 : Path: localhost:44386//api/Inyards/Validate
Body: {"inyardId":0,"inyardNum":"0002913","transactionTypeCode":"I","dateTimeIn":"2021-03-12T14:41:49.1552308+08:00","vehicleNum":"AGD-211","trip":"SPECIAL TRIP","clientId":40000002,"commodityId":70000020,"baleTypeId":1,"baleCount":0,"purchaseOrderId":423,"poNum":"3120000000","poType":"SPOT","drNum":"","remarks":"","factoryWt":0.0,"initialWt":0.0,"grossWt":3210.0,"tareWt":0.0,"netWt":0.0,"price":4.032,"mc":11.9,"pm":0.0,"ot":0.0,"mcStatus":12,"haulerId":0,"driverName":"","plantNetWt":0.0,"plantMC":0.0,"isOfflineIn":false,"weigherInId":"5463107b-5fbf-43a0-9fb2-c2037bb9a306","weigherOutId":"","subSupplierName":"","sourceId":0,"sourceCategoryId":0,"signatoryId":0,"moistureSettingsId":0,"moistureReaderProcess":"AUTO","transactionProcess":1,"transactionStatus":0,"moistureReaderLogs":[{"moistureReaderLogId":0,"transactionId":0,"logNum":1,"dtLog":"2021-02-01T10:10:00","mc":6.6},{"moistureReaderLogId":0,"transactionId":0,"logNum":2,"dtLog":"2021-02-01T10:10:00","mc":7.7},{"moistureReaderLogId":0,"transactionId":0,"logNum":3,"dtLog":"2021-02-01T10:10:00","mc":6.8},{"moistureReaderLogId":0,"transactionId":0,"logNum":4,"dtLog":"2021-02-01T10:10:00","mc":7.4},{"moistureReaderLogId":0,"transactionId":0,"logNum":5,"dtLog":"2021-02-01T10:13:00","mc":14.6},{"moistureReaderLogId":0,"transactionId":0,"logNum":6,"dtLog":"2021-02-01T10:13:00","mc":15.2},{"moistureReaderLogId":0,"transactionId":0,"logNum":7,"dtLog":"2021-02-01T10:13:00","mc":14.9},{"moistureReaderLogId":0,"transactionId":0,"logNum":8,"dtLog":"2021-02-01T10:13:00","mc":14.5},{"moistureReaderLogId":0,"transactionId":0,"logNum":9,"dtLog":"2021-02-01T10:13:00","mc":14.9},{"moistureReaderLogId":0,"transactionId":0,"logNum":10,"dtLog":"2021-02-01T10:13:00","mc":13.5},{"moistureReaderLogId":0,"transactionId":0,"logNum":11,"dtLog":"2021-02-01T10:13:00","mc":14.0},{"moistureReaderLogId":0,"transactionId":0,"logNum":12,"dtLog":"2021-02-01T10:13:00","mc":14.3},{"moistureReaderLogId":0,"transactionId":0,"logNum":13,"dtLog":"2021-02-01T10:13:00","mc":13.4},{"moistureReaderLogId":0,"transactionId":0,"logNum":14,"dtLog":"2021-02-01T10:13:00","mc":11.1},{"moistureReaderLogId":0,"transactionId":0,"logNum":15,"dtLog":"2021-02-01T10:13:00","mc":11.6},{"moistureReaderLogId":0,"transactionId":0,"logNum":16,"dtLog":"2021-02-01T10:13:00","mc":11.9},{"moistureReaderLogId":0,"transactionId":0,"logNum":17,"dtLog":"2021-02-01T10:14:00","mc":12.5},{"moistureReaderLogId":0,"transactionId":0,"logNum":18,"dtLog":"2021-02-01T10:14:00","mc":10.9},{"moistureReaderLogId":0,"transactionId":0,"logNum":19,"dtLog":"2021-02-01T10:14:00","mc":9.1},{"moistureReaderLogId":0,"transactionId":0,"logNum":20,"dtLog":"2021-02-01T10:14:00","mc":12.1},{"moistureReaderLogId":0,"transactionId":0,"logNum":21,"dtLog":"2021-02-01T10:14:00","mc":14.1},{"moistureReaderLogId":0,"transactionId":0,"logNum":22,"dtLog":"2021-02-01T10:14:00","mc":14.5},{"moistureReaderLogId":0,"transactionId":0,"logNum":23,"dtLog":"2021-02-01T10:14:00","mc":13.4},{"moistureReaderLogId":0,"transactionId":0,"logNum":24,"dtLog":"2021-02-01T10:14:00","mc":11.9},{"moistureReaderLogId":0,"transactionId":0,"logNum":25,"dtLog":"2021-02-01T10:14:00","mc":12.3},{"moistureReaderLogId":0,"transactionId":0,"logNum":26,"dtLog":"2021-02-01T10:14:00","mc":13.0},{"moistureReaderLogId":0,"transactionId":0,"logNum":27,"dtLog":"2021-02-01T10:14:00","mc":11.4},{"moistureReaderLogId":0,"transactionId":0,"logNum":28,"dtLog":"2021-02-01T10:14:00","mc":12.3},{"moistureReaderLogId":0,"transactionId":0,"logNum":29,"dtLog":"2021-02-01T10:14:00","mc":12.5},{"moistureReaderLogId":0,"transactionId":0,"logNum":30,"dtLog":"2021-02-01T10:14:00","mc":5.8}],"bales":[],"rawMaterialPOType":"SPOT"}
Query: 
Client IP: ::1

    DateTime=2021-03-12T06:41:49.2137591Z
WeighingSystemUPPCV3_5_Core.Startup Information: 0 : Path: localhost:44386//api/Inyards/Validate
Body: {"inyardId":0,"inyardNum":"0002913","transactionTypeCode":"I","dateTimeIn":"2021-03-12T14:41:52.1633927+08:00","vehicleNum":"AGD-211","trip":"SPECIAL TRIP","clientId":40000002,"commodityId":70000020,"baleTypeId":1,"baleCount":0,"purchaseOrderId":423,"poNum":"3120000000","poType":"SPOT","drNum":"1231","remarks":"","factoryWt":0.0,"initialWt":0.0,"grossWt":3210.0,"tareWt":0.0,"netWt":0.0,"price":4.032,"mc":11.9,"pm":0.0,"ot":0.0,"mcStatus":12,"haulerId":0,"driverName":"","plantNetWt":0.0,"plantMC":0.0,"isOfflineIn":false,"weigherInId":"5463107b-5fbf-43a0-9fb2-c2037bb9a306","weigherOutId":"","subSupplierName":"","sourceId":0,"sourceCategoryId":0,"signatoryId":0,"moistureSettingsId":0,"moistureReaderProcess":"AUTO","transactionProcess":1,"transactionStatus":0,"moistureReaderLogs":[{"moistureReaderLogId":0,"transactionId":0,"logNum":1,"dtLog":"2021-02-01T10:10:00","mc":6.6},{"moistureReaderLogId":0,"transactionId":0,"logNum":2,"dtLog":"2021-02-01T10:10:00","mc":7.7},{"moistureReaderLogId":0,"transactionId":0,"logNum":3,"dtLog":"2021-02-01T10:10:00","mc":6.8},{"moistureReaderLogId":0,"transactionId":0,"logNum":4,"dtLog":"2021-02-01T10:10:00","mc":7.4},{"moistureReaderLogId":0,"transactionId":0,"logNum":5,"dtLog":"2021-02-01T10:13:00","mc":14.6},{"moistureReaderLogId":0,"transactionId":0,"logNum":6,"dtLog":"2021-02-01T10:13:00","mc":15.2},{"moistureReaderLogId":0,"transactionId":0,"logNum":7,"dtLog":"2021-02-01T10:13:00","mc":14.9},{"moistureReaderLogId":0,"transactionId":0,"logNum":8,"dtLog":"2021-02-01T10:13:00","mc":14.5},{"moistureReaderLogId":0,"transactionId":0,"logNum":9,"dtLog":"2021-02-01T10:13:00","mc":14.9},{"moistureReaderLogId":0,"transactionId":0,"logNum":10,"dtLog":"2021-02-01T10:13:00","mc":13.5},{"moistureReaderLogId":0,"transactionId":0,"logNum":11,"dtLog":"2021-02-01T10:13:00","mc":14.0},{"moistureReaderLogId":0,"transactionId":0,"logNum":12,"dtLog":"2021-02-01T10:13:00","mc":14.3},{"moistureReaderLogId":0,"transactionId":0,"logNum":13,"dtLog":"2021-02-01T10:13:00","mc":13.4},{"moistureReaderLogId":0,"transactionId":0,"logNum":14,"dtLog":"2021-02-01T10:13:00","mc":11.1},{"moistureReaderLogId":0,"transactionId":0,"logNum":15,"dtLog":"2021-02-01T10:13:00","mc":11.6},{"moistureReaderLogId":0,"transactionId":0,"logNum":16,"dtLog":"2021-02-01T10:13:00","mc":11.9},{"moistureReaderLogId":0,"transactionId":0,"logNum":17,"dtLog":"2021-02-01T10:14:00","mc":12.5},{"moistureReaderLogId":0,"transactionId":0,"logNum":18,"dtLog":"2021-02-01T10:14:00","mc":10.9},{"moistureReaderLogId":0,"transactionId":0,"logNum":19,"dtLog":"2021-02-01T10:14:00","mc":9.1},{"moistureReaderLogId":0,"transactionId":0,"logNum":20,"dtLog":"2021-02-01T10:14:00","mc":12.1},{"moistureReaderLogId":0,"transactionId":0,"logNum":21,"dtLog":"2021-02-01T10:14:00","mc":14.1},{"moistureReaderLogId":0,"transactionId":0,"logNum":22,"dtLog":"2021-02-01T10:14:00","mc":14.5},{"moistureReaderLogId":0,"transactionId":0,"logNum":23,"dtLog":"2021-02-01T10:14:00","mc":13.4},{"moistureReaderLogId":0,"transactionId":0,"logNum":24,"dtLog":"2021-02-01T10:14:00","mc":11.9},{"moistureReaderLogId":0,"transactionId":0,"logNum":25,"dtLog":"2021-02-01T10:14:00","mc":12.3},{"moistureReaderLogId":0,"transactionId":0,"logNum":26,"dtLog":"2021-02-01T10:14:00","mc":13.0},{"moistureReaderLogId":0,"transactionId":0,"logNum":27,"dtLog":"2021-02-01T10:14:00","mc":11.4},{"moistureReaderLogId":0,"transactionId":0,"logNum":28,"dtLog":"2021-02-01T10:14:00","mc":12.3},{"moistureReaderLogId":0,"transactionId":0,"logNum":29,"dtLog":"2021-02-01T10:14:00","mc":12.5},{"moistureReaderLogId":0,"transactionId":0,"logNum":30,"dtLog":"2021-02-01T10:14:00","mc":5.8}],"bales":[],"rawMaterialPOType":"SPOT"}
Query: 
Client IP: ::1

    DateTime=2021-03-12T06:41:52.1879843Z
WeighingSystemUPPCV3_5_Core.Startup Information: 0 : Path: localhost:44386//api/Inyards/Validate
Body: {"inyardId":0,"inyardNum":"0002913","transactionTypeCode":"I","dateTimeIn":"2021-03-12T14:42:02.0122332+08:00","vehicleNum":"AGD-211","trip":"SPECIAL TRIP","clientId":40000002,"commodityId":70000020,"baleTypeId":1,"baleCount":0,"purchaseOrderId":423,"poNum":"3120000000","poType":"SPOT","drNum":"1231","remarks":"","factoryWt":0.0,"initialWt":0.0,"grossWt":3210.0,"tareWt":0.0,"netWt":0.0,"price":4.032,"mc":11.9,"pm":0.0,"ot":0.0,"mcStatus":12,"haulerId":0,"driverName":"1231122","plantNetWt":0.0,"plantMC":0.0,"isOfflineIn":false,"weigherInId":"5463107b-5fbf-43a0-9fb2-c2037bb9a306","weigherOutId":"","subSupplierName":"ATOS","sourceId":5,"sourceCategoryId":0,"signatoryId":0,"moistureSettingsId":0,"moistureReaderProcess":"AUTO","transactionProcess":1,"transactionStatus":0,"moistureReaderLogs":[{"moistureReaderLogId":0,"transactionId":0,"logNum":1,"dtLog":"2021-02-01T10:10:00","mc":6.6},{"moistureReaderLogId":0,"transactionId":0,"logNum":2,"dtLog":"2021-02-01T10:10:00","mc":7.7},{"moistureReaderLogId":0,"transactionId":0,"logNum":3,"dtLog":"2021-02-01T10:10:00","mc":6.8},{"moistureReaderLogId":0,"transactionId":0,"logNum":4,"dtLog":"2021-02-01T10:10:00","mc":7.4},{"moistureReaderLogId":0,"transactionId":0,"logNum":5,"dtLog":"2021-02-01T10:13:00","mc":14.6},{"moistureReaderLogId":0,"transactionId":0,"logNum":6,"dtLog":"2021-02-01T10:13:00","mc":15.2},{"moistureReaderLogId":0,"transactionId":0,"logNum":7,"dtLog":"2021-02-01T10:13:00","mc":14.9},{"moistureReaderLogId":0,"transactionId":0,"logNum":8,"dtLog":"2021-02-01T10:13:00","mc":14.5},{"moistureReaderLogId":0,"transactionId":0,"logNum":9,"dtLog":"2021-02-01T10:13:00","mc":14.9},{"moistureReaderLogId":0,"transactionId":0,"logNum":10,"dtLog":"2021-02-01T10:13:00","mc":13.5},{"moistureReaderLogId":0,"transactionId":0,"logNum":11,"dtLog":"2021-02-01T10:13:00","mc":14.0},{"moistureReaderLogId":0,"transactionId":0,"logNum":12,"dtLog":"2021-02-01T10:13:00","mc":14.3},{"moistureReaderLogId":0,"transactionId":0,"logNum":13,"dtLog":"2021-02-01T10:13:00","mc":13.4},{"moistureReaderLogId":0,"transactionId":0,"logNum":14,"dtLog":"2021-02-01T10:13:00","mc":11.1},{"moistureReaderLogId":0,"transactionId":0,"logNum":15,"dtLog":"2021-02-01T10:13:00","mc":11.6},{"moistureReaderLogId":0,"transactionId":0,"logNum":16,"dtLog":"2021-02-01T10:13:00","mc":11.9},{"moistureReaderLogId":0,"transactionId":0,"logNum":17,"dtLog":"2021-02-01T10:14:00","mc":12.5},{"moistureReaderLogId":0,"transactionId":0,"logNum":18,"dtLog":"2021-02-01T10:14:00","mc":10.9},{"moistureReaderLogId":0,"transactionId":0,"logNum":19,"dtLog":"2021-02-01T10:14:00","mc":9.1},{"moistureReaderLogId":0,"transactionId":0,"logNum":20,"dtLog":"2021-02-01T10:14:00","mc":12.1},{"moistureReaderLogId":0,"transactionId":0,"logNum":21,"dtLog":"2021-02-01T10:14:00","mc":14.1},{"moistureReaderLogId":0,"transactionId":0,"logNum":22,"dtLog":"2021-02-01T10:14:00","mc":14.5},{"moistureReaderLogId":0,"transactionId":0,"logNum":23,"dtLog":"2021-02-01T10:14:00","mc":13.4},{"moistureReaderLogId":0,"transactionId":0,"logNum":24,"dtLog":"2021-02-01T10:14:00","mc":11.9},{"moistureReaderLogId":0,"transactionId":0,"logNum":25,"dtLog":"2021-02-01T10:14:00","mc":12.3},{"moistureReaderLogId":0,"transactionId":0,"logNum":26,"dtLog":"2021-02-01T10:14:00","mc":13.0},{"moistureReaderLogId":0,"transactionId":0,"logNum":27,"dtLog":"2021-02-01T10:14:00","mc":11.4},{"moistureReaderLogId":0,"transactionId":0,"logNum":28,"dtLog":"2021-02-01T10:14:00","mc":12.3},{"moistureReaderLogId":0,"transactionId":0,"logNum":29,"dtLog":"2021-02-01T10:14:00","mc":12.5},{"moistureReaderLogId":0,"transactionId":0,"logNum":30,"dtLog":"2021-02-01T10:14:00","mc":5.8}],"bales":[],"rawMaterialPOType":"SPOT"}
Query: 
Client IP: ::1

    DateTime=2021-03-12T06:42:02.0269060Z
WeighingSystemUPPCV3_5_Core.Startup Information: 0 : Path: localhost:44386//api/Inyards/WeighIn
Body: {"inyardId":0,"inyardNum":"0002913","transactionTypeCode":"I","dateTimeIn":"2021-03-12T14:42:02.0122332+08:00","vehicleNum":"AGD-211","trip":"SPECIAL TRIP","clientId":40000002,"commodityId":70000020,"baleTypeId":1,"baleCount":0,"purchaseOrderId":423,"poNum":"3120000000","poType":"SPOT","drNum":"1231","remarks":"","factoryWt":0.0,"initialWt":0.0,"grossWt":3210.0,"tareWt":0.0,"netWt":0.0,"price":4.032,"mc":11.9,"pm":0.0,"ot":0.0,"mcStatus":12,"haulerId":0,"driverName":"1231122","plantNetWt":0.0,"plantMC":0.0,"isOfflineIn":false,"weigherInId":"5463107b-5fbf-43a0-9fb2-c2037bb9a306","weigherOutId":"","subSupplierName":"ATOS","sourceId":5,"sourceCategoryId":0,"signatoryId":0,"moistureSettingsId":0,"moistureReaderProcess":"AUTO","transactionProcess":1,"transactionStatus":0,"moistureReaderLogs":[{"moistureReaderLogId":0,"transactionId":0,"logNum":1,"dtLog":"2021-02-01T10:10:00","mc":6.6},{"moistureReaderLogId":0,"transactionId":0,"logNum":2,"dtLog":"2021-02-01T10:10:00","mc":7.7},{"moistureReaderLogId":0,"transactionId":0,"logNum":3,"dtLog":"2021-02-01T10:10:00","mc":6.8},{"moistureReaderLogId":0,"transactionId":0,"logNum":4,"dtLog":"2021-02-01T10:10:00","mc":7.4},{"moistureReaderLogId":0,"transactionId":0,"logNum":5,"dtLog":"2021-02-01T10:13:00","mc":14.6},{"moistureReaderLogId":0,"transactionId":0,"logNum":6,"dtLog":"2021-02-01T10:13:00","mc":15.2},{"moistureReaderLogId":0,"transactionId":0,"logNum":7,"dtLog":"2021-02-01T10:13:00","mc":14.9},{"moistureReaderLogId":0,"transactionId":0,"logNum":8,"dtLog":"2021-02-01T10:13:00","mc":14.5},{"moistureReaderLogId":0,"transactionId":0,"logNum":9,"dtLog":"2021-02-01T10:13:00","mc":14.9},{"moistureReaderLogId":0,"transactionId":0,"logNum":10,"dtLog":"2021-02-01T10:13:00","mc":13.5},{"moistureReaderLogId":0,"transactionId":0,"logNum":11,"dtLog":"2021-02-01T10:13:00","mc":14.0},{"moistureReaderLogId":0,"transactionId":0,"logNum":12,"dtLog":"2021-02-01T10:13:00","mc":14.3},{"moistureReaderLogId":0,"transactionId":0,"logNum":13,"dtLog":"2021-02-01T10:13:00","mc":13.4},{"moistureReaderLogId":0,"transactionId":0,"logNum":14,"dtLog":"2021-02-01T10:13:00","mc":11.1},{"moistureReaderLogId":0,"transactionId":0,"logNum":15,"dtLog":"2021-02-01T10:13:00","mc":11.6},{"moistureReaderLogId":0,"transactionId":0,"logNum":16,"dtLog":"2021-02-01T10:13:00","mc":11.9},{"moistureReaderLogId":0,"transactionId":0,"logNum":17,"dtLog":"2021-02-01T10:14:00","mc":12.5},{"moistureReaderLogId":0,"transactionId":0,"logNum":18,"dtLog":"2021-02-01T10:14:00","mc":10.9},{"moistureReaderLogId":0,"transactionId":0,"logNum":19,"dtLog":"2021-02-01T10:14:00","mc":9.1},{"moistureReaderLogId":0,"transactionId":0,"logNum":20,"dtLog":"2021-02-01T10:14:00","mc":12.1},{"moistureReaderLogId":0,"transactionId":0,"logNum":21,"dtLog":"2021-02-01T10:14:00","mc":14.1},{"moistureReaderLogId":0,"transactionId":0,"logNum":22,"dtLog":"2021-02-01T10:14:00","mc":14.5},{"moistureReaderLogId":0,"transactionId":0,"logNum":23,"dtLog":"2021-02-01T10:14:00","mc":13.4},{"moistureReaderLogId":0,"transactionId":0,"logNum":24,"dtLog":"2021-02-01T10:14:00","mc":11.9},{"moistureReaderLogId":0,"transactionId":0,"logNum":25,"dtLog":"2021-02-01T10:14:00","mc":12.3},{"moistureReaderLogId":0,"transactionId":0,"logNum":26,"dtLog":"2021-02-01T10:14:00","mc":13.0},{"moistureReaderLogId":0,"transactionId":0,"logNum":27,"dtLog":"2021-02-01T10:14:00","mc":11.4},{"moistureReaderLogId":0,"transactionId":0,"logNum":28,"dtLog":"2021-02-01T10:14:00","mc":12.3},{"moistureReaderLogId":0,"transactionId":0,"logNum":29,"dtLog":"2021-02-01T10:14:00","mc":12.5},{"moistureReaderLogId":0,"transactionId":0,"logNum":30,"dtLog":"2021-02-01T10:14:00","mc":5.8}],"bales":[],"rawMaterialPOType":"SPOT"}
Query: 
Client IP: ::1

    DateTime=2021-03-12T06:42:03.0807033Z
WeighingSystemUPPCV3_5_Core.Startup Information: 0 : Path: localhost:44386//api/SubSuppliers/CheckAndAdd
Body: "ATOS"
Query: 
Client IP: ::1

    DateTime=2021-03-12T06:42:03.9758695Z
WeighingSystemUPPCV3_5_Core.Startup Information: 0 : Path: localhost:44386//api/Vehicles
Body: 
Query: ?VehicleId=0&VehicleNum=AGD-211&VehicleTypeId=&VehicleTypeCode=&CustomerId=&SupplierId=&HaulerId=&IsActive=False&VehicleType=&Customer=&Supplier=&Hauler=
Client IP: ::1

    DateTime=2021-03-12T06:42:04.0403749Z
WeighingSystemUPPCV3_5_Core.Startup Information: 0 : Path: localhost:44386//api/Vehicles
Body: {"vehicleId":0,"vehicleNum":"AGD-211","vehicleTypeId":5,"supplierId":40000002,"isActive":false}
Query: 
Client IP: ::1

    DateTime=2021-03-12T06:42:05.6940196Z
WeighingSystemUPPCV3_5_Core.Startup Information: 0 : Path: localhost:44386//api/Inyards/96
Body: 
Query: 
Client IP: ::1

    DateTime=2021-03-12T06:42:19.8705085Z
WeighingSystemUPPCV3_5_Core.Startup Information: 0 : Path: localhost:44386//api/PurchaseOrders
Body: 
Query: ?PurchaseOrderId=0&DTEffectivity=1%2f1%2f0001%2012%3a00%3a00%20AM&SupplierId=0&RawMaterialId=0&PONum=&Price=0&BalanceTotalKg=0&POType=&Remarks=&DTCreated=1%2f1%2f0001%2012%3a00%3a00%20AM&CreatedById=&DTModified=&ModifiedById=&IsActive=True&Locked=&BalanceRemainingKg=&BalanceDeliveredKg=
Client IP: ::1

    DateTime=2021-03-12T06:42:20.8169970Z
WeighingSystemUPPCV3_5_Core.Startup Information: 0 : Path: localhost:44386//api/Inyards/96
Body: {"inyardId":96,"inyardNum":"0002913","transactionTypeCode":"I","dateTimeIn":"2021-03-12T14:42:03.123","vehicleNum":"AGD-211","trip":"SPECIAL TRIP","clientId":40000002,"commodityId":70000020,"baleTypeId":1,"baleCount":0,"purchaseOrderId":0,"poNum":"3120000000","drNum":"1231","remarks":"","factoryWt":0.0,"initialWt":3210.0,"grossWt":3210.0,"tareWt":0.0,"netWt":0.0,"price":0.0,"mc":11.90,"pm":0.00,"ot":0.00,"mcStatus":0,"haulerId":0,"driverName":"1231122","plantNetWt":0.0,"plantMC":0.00,"isOfflineIn":false,"weigherInId":"5463107b-5fbf-43a0-9fb2-c2037bb9a306","weigherOutId":"","subSupplierName":"ATOS","vehicleTypeId":0,"sourceId":5,"sourceCategoryId":2,"moistureReaderId":1,"signatoryId":0,"moistureSettingsId":0,"timeZoneIn":"GMT+08:00 PH","moistureReaderProcess":"AUTO","balingStationCode":"TSIBS","balingStationName":"PARANAQUE","sourceName":"SUPERMARKET","sourceCategoryDesc":"INDUSTRY","commodityDesc":"MIXED PAPER-OB POST-CRM","clientName":"EARTHBUDDY INC.","baleTypeDesc":"LOOSE BALE","weigherInName":"TERRINIEL SCALES INC.","transactionProcess":3,"transactionStatus":0,"vehicleNumOld":"AGD-211","rawMaterialPOType":"MIXED PAPER-OB POST-CRM"}
Query: 
Client IP: ::1

    DateTime=2021-03-12T06:42:26.6961608Z
WeighingSystemUPPCV3_5_Core.Startup Information: 0 : Path: localhost:44386//api/Inyards/96
Body: {"inyardId":96,"inyardNum":"0002913","transactionTypeCode":"I","dateTimeIn":"2021-03-12T14:42:03.123","vehicleNum":"AGD-211","trip":"SPECIAL TRIP","clientId":40000002,"commodityId":70000020,"baleTypeId":1,"baleCount":0,"purchaseOrderId":0,"poNum":"3120000000","drNum":"1231","remarks":"","factoryWt":0.0,"initialWt":3210.0,"grossWt":3210.0,"tareWt":0.0,"netWt":0.0,"price":0.0,"mc":11.90,"pm":0.00,"ot":0.00,"mcStatus":0,"haulerId":0,"driverName":"1231122","plantNetWt":0.0,"plantMC":0.00,"isOfflineIn":false,"weigherInId":"5463107b-5fbf-43a0-9fb2-c2037bb9a306","weigherOutId":"","subSupplierName":"ATOS","vehicleTypeId":0,"sourceId":5,"sourceCategoryId":2,"moistureReaderId":1,"signatoryId":0,"moistureSettingsId":0,"timeZoneIn":"GMT+08:00 PH","moistureReaderProcess":"AUTO","balingStationCode":"TSIBS","balingStationName":"PARANAQUE","sourceName":"SUPERMARKET","sourceCategoryDesc":"INDUSTRY","commodityDesc":"MIXED PAPER-OB POST-CRM","clientName":"EARTHBUDDY INC.","baleTypeDesc":"LOOSE BALE","weigherInName":"TERRINIEL SCALES INC.","transactionProcess":3,"transactionStatus":0,"vehicleNumOld":"AGD-211","rawMaterialPOType":"MIXED PAPER-OB POST-CRM"}
Query: 
Client IP: ::1

    DateTime=2021-03-12T06:42:30.9488826Z
WeighingSystemUPPCV3_5_Core.Startup Information: 0 : Path: localhost:44386//api/Inyards/96
Body: 
Query: 
Client IP: ::1

    DateTime=2021-03-12T06:44:28.1575640Z
WeighingSystemUPPCV3_5_Core.Startup Information: 0 : Path: localhost:44386//api/Inyards/96
Body: {"inyardId":96,"inyardNum":"0002913","transactionTypeCode":"I","dateTimeIn":"2021-03-12T14:42:03.123","vehicleNum":"AGD-211","trip":"SPECIAL TRIP","clientId":40000002,"commodityId":70000020,"baleTypeId":1,"baleCount":0,"purchaseOrderId":423,"poNum":"3120000000","drNum":"1231","remarks":"","factoryWt":0.0,"initialWt":3210.0,"grossWt":3210.0,"tareWt":0.0,"netWt":0.0,"price":0.0,"mc":11.90,"pm":0.00,"ot":0.00,"mcStatus":0,"haulerId":0,"driverName":"1231122","plantNetWt":0.0,"plantMC":0.00,"isOfflineIn":false,"weigherInId":"5463107b-5fbf-43a0-9fb2-c2037bb9a306","weigherOutId":"","subSupplierName":"ATOS","vehicleTypeId":0,"sourceId":5,"sourceCategoryId":2,"moistureReaderId":0,"signatoryId":0,"moistureSettingsId":0,"timeZoneIn":"GMT+08:00 PH","moistureReaderProcess":"AUTO","balingStationCode":"TSIBS","balingStationName":"PARANAQUE","sourceName":"SUPERMARKET","sourceCategoryDesc":"INDUSTRY","commodityDesc":"MIXED PAPER-OB POST-CRM","clientName":"EARTHBUDDY INC.","baleTypeDesc":"LOOSE BALE","weigherInName":"TERRINIEL SCALES INC.","transactionProcess":0,"transactionStatus":0,"rawMaterialPOType":"MIXED PAPER-OB POST-CRM"}
Query: 
Client IP: ::1

    DateTime=2021-03-12T06:44:44.0177756Z
WeighingSystemUPPCV3_5_Core.Startup Information: 0 : Path: localhost:44386//api/Inyards/96
Body: {"inyardId":96,"inyardNum":"0002913","transactionTypeCode":"I","dateTimeIn":"2021-03-12T14:42:03.123","vehicleNum":"AGD-211","trip":"SPECIAL TRIP","clientId":40000002,"commodityId":70000020,"baleTypeId":1,"baleCount":0,"purchaseOrderId":423,"poNum":"3120000000","drNum":"1231","remarks":"","factoryWt":0.0,"initialWt":3210.0,"grossWt":3210.0,"tareWt":0.0,"netWt":0.0,"price":0.0,"mc":11.90,"pm":0.00,"ot":0.00,"mcStatus":0,"haulerId":0,"driverName":"1231122","plantNetWt":0.0,"plantMC":0.00,"isOfflineIn":false,"weigherInId":"5463107b-5fbf-43a0-9fb2-c2037bb9a306","weigherOutId":"","subSupplierName":"ATOS","vehicleTypeId":0,"sourceId":5,"sourceCategoryId":2,"moistureReaderId":0,"signatoryId":0,"moistureSettingsId":0,"timeZoneIn":"GMT+08:00 PH","moistureReaderProcess":"AUTO","balingStationCode":"TSIBS","balingStationName":"PARANAQUE","sourceName":"SUPERMARKET","sourceCategoryDesc":"INDUSTRY","commodityDesc":"MIXED PAPER-OB POST-CRM","clientName":"EARTHBUDDY INC.","baleTypeDesc":"LOOSE BALE","weigherInName":"TERRINIEL SCALES INC.","transactionProcess":0,"transactionStatus":0,"rawMaterialPOType":"MIXED PAPER-OB POST-CRM"}
Query: 
Client IP: ::1

    DateTime=2021-03-12T06:44:48.2017497Z
WeighingSystemUPPCV3_5_Core.Startup Information: 0 : Path: localhost:44386//api/Inyards/96
Body: 
Query: 
Client IP: ::1

    DateTime=2021-03-12T06:44:54.0373927Z
WeighingSystemUPPCV3_5_Core.Startup Information: 0 : Path: localhost:44386//api/Inyards/96
Body: 
Query: 
Client IP: ::1

    DateTime=2021-03-12T06:44:57.0312737Z
WeighingSystemUPPCV3_5_Core.Startup Information: 0 : Path: localhost:44386//api/PurchaseOrders
Body: 
Query: ?PurchaseOrderId=0&DTEffectivity=1%2f1%2f0001%2012%3a00%3a00%20AM&SupplierId=0&RawMaterialId=0&PONum=&Price=0&BalanceTotalKg=0&POType=&Remarks=&DTCreated=1%2f1%2f0001%2012%3a00%3a00%20AM&CreatedById=&DTModified=&ModifiedById=&IsActive=True&Locked=&BalanceRemainingKg=&BalanceDeliveredKg=
Client IP: ::1

    DateTime=2021-03-12T06:44:58.0393961Z
WeighingSystemUPPCV3_5_Core.Startup Information: 0 : Path: localhost:44386//api/Inyards/96
Body: {"inyardId":96,"inyardNum":"0002913","transactionTypeCode":"I","dateTimeIn":"2021-03-12T14:42:03.123","vehicleNum":"AGD-211","trip":"SPECIAL TRIP","clientId":40000002,"commodityId":70000020,"baleTypeId":1,"baleCount":0,"purchaseOrderId":423,"poNum":"3120000000","drNum":"1231","remarks":"","factoryWt":0.0,"initialWt":3210.0,"grossWt":3210.0,"tareWt":0.0,"netWt":0.0,"price":0.0,"mc":11.90,"pm":0.00,"ot":0.00,"mcStatus":0,"haulerId":0,"driverName":"1231122","plantNetWt":0.0,"plantMC":0.00,"isOfflineIn":false,"weigherInId":"5463107b-5fbf-43a0-9fb2-c2037bb9a306","weigherOutId":"","subSupplierName":"ATOS","vehicleTypeId":0,"sourceId":5,"sourceCategoryId":2,"moistureReaderId":0,"signatoryId":0,"moistureSettingsId":0,"timeZoneIn":"GMT+08:00 PH","moistureReaderProcess":"AUTO","balingStationCode":"TSIBS","balingStationName":"PARANAQUE","sourceName":"SUPERMARKET","sourceCategoryDesc":"INDUSTRY","commodityDesc":"MIXED PAPER-OB POST-CRM","clientName":"EARTHBUDDY INC.","baleTypeDesc":"LOOSE BALE","weigherInName":"TERRINIEL SCALES INC.","transactionProcess":3,"transactionStatus":0,"vehicleNumOld":"AGD-211","rawMaterialPOType":"MIXED PAPER-OB POST-CRM"}
Query: 
Client IP: ::1

    DateTime=2021-03-12T06:45:02.9009952Z
WeighingSystemUPPCV3_5_Core.Startup Information: 0 : Path: localhost:44386//api/Inyards/96
Body: {"inyardId":96,"inyardNum":"0002913","transactionTypeCode":"I","dateTimeIn":"2021-03-12T14:42:03.123","vehicleNum":"AGD-211","trip":"SPECIAL TRIP","clientId":40000002,"commodityId":70000020,"baleTypeId":1,"baleCount":0,"purchaseOrderId":423,"poNum":"3120000000","drNum":"1231","remarks":"","factoryWt":0.0,"initialWt":3210.0,"grossWt":3210.0,"tareWt":0.0,"netWt":0.0,"price":0.0,"mc":11.90,"pm":0.00,"ot":0.00,"mcStatus":0,"haulerId":0,"driverName":"1231122","plantNetWt":0.0,"plantMC":0.00,"isOfflineIn":false,"weigherInId":"5463107b-5fbf-43a0-9fb2-c2037bb9a306","subSupplierName":"ATOS","vehicleTypeId":0,"sourceId":5,"sourceCategoryId":2,"signatoryId":0,"moistureSettingsId":0,"timeZoneIn":"GMT+08:00 PH","moistureReaderProcess":"AUTO","balingStationCode":"TSIBS","balingStationName":"PARANAQUE","sourceName":"SUPERMARKET","sourceCategoryDesc":"INDUSTRY","commodityDesc":"MIXED PAPER-OB POST-CRM","clientName":"EARTHBUDDY INC.","baleTypeDesc":"LOOSE BALE","weigherInName":"TERRINIEL SCALES INC.","transactionProcess":3,"transactionStatus":0,"vehicleNumOld":"AGD-211","rawMaterialPOType":"MIXED PAPER-OB POST-CRM"}
Query: 
Client IP: ::1

    DateTime=2021-03-12T06:45:05.9278026Z
WeighingSystemUPPCV3_5_Core.Startup Information: 0 : Path: localhost:44386//api/Inyards/96
Body: 
Query: 
Client IP: ::1

    DateTime=2021-03-12T06:45:13.3178801Z
WeighingSystemUPPCV3_5_Core.Startup Information: 0 : Path: localhost:44386//api/PurchaseOrders
Body: 
Query: ?PurchaseOrderId=0&DTEffectivity=1%2f1%2f0001%2012%3a00%3a00%20AM&SupplierId=0&RawMaterialId=0&PONum=&Price=0&BalanceTotalKg=0&POType=&Remarks=&DTCreated=1%2f1%2f0001%2012%3a00%3a00%20AM&CreatedById=&DTModified=&ModifiedById=&IsActive=True&Locked=&BalanceRemainingKg=&BalanceDeliveredKg=
Client IP: ::1

    DateTime=2021-03-12T06:45:14.2424620Z
WeighingSystemUPPCV3_5_Core.Startup Information: 0 : Path: localhost:44386//api/Inyards/96
Body: {"inyardId":96,"inyardNum":"0002913","transactionTypeCode":"I","dateTimeIn":"2021-03-12T14:42:03.123","vehicleNum":"AGD-211","trip":"SPECIAL TRIP","clientId":40000002,"commodityId":70000020,"baleTypeId":1,"baleCount":0,"purchaseOrderId":423,"poNum":"3120000000","drNum":"1231","remarks":"","factoryWt":0.0,"initialWt":3210.0,"grossWt":3210.0,"tareWt":0.0,"netWt":0.0,"price":0.0,"mc":11.90,"pm":0.00,"ot":0.00,"mcStatus":0,"haulerId":0,"driverName":"1231122","plantNetWt":0.0,"plantMC":0.00,"isOfflineIn":false,"weigherInId":"5463107b-5fbf-43a0-9fb2-c2037bb9a306","weigherOutId":"","subSupplierName":"ATOS","vehicleTypeId":0,"sourceId":5,"sourceCategoryId":2,"moistureReaderId":0,"signatoryId":0,"moistureSettingsId":0,"timeZoneIn":"GMT+08:00 PH","moistureReaderProcess":"AUTO","balingStationCode":"TSIBS","balingStationName":"PARANAQUE","sourceName":"SUPERMARKET","sourceCategoryDesc":"INDUSTRY","commodityDesc":"MIXED PAPER-OB POST-CRM","clientName":"EARTHBUDDY INC.","baleTypeDesc":"LOOSE BALE","weigherInName":"TERRINIEL SCALES INC.","transactionProcess":3,"transactionStatus":0,"vehicleNumOld":"AGD-211","rawMaterialPOType":"MIXED PAPER-OB POST-CRM"}
Query: 
Client IP: ::1

    DateTime=2021-03-12T06:45:45.2115994Z
WeighingSystemUPPCV3_5_Core.Startup Information: 0 : Path: localhost:44386//api/Inyards/96
Body: {"inyardId":96,"inyardNum":"0002913","transactionTypeCode":"I","dateTimeIn":"2021-03-12T14:42:03.123","vehicleNum":"AGD-211","trip":"SPECIAL TRIP","clientId":40000002,"commodityId":70000020,"baleTypeId":1,"baleCount":0,"purchaseOrderId":423,"poNum":"3120000000","drNum":"1231","remarks":"","factoryWt":0.0,"initialWt":3210.0,"grossWt":3210.0,"tareWt":0.0,"netWt":0.0,"price":0.0,"mc":11.90,"pm":0.00,"ot":0.00,"mcStatus":0,"haulerId":0,"driverName":"1231122","plantNetWt":0.0,"plantMC":0.00,"isOfflineIn":false,"weigherInId":"5463107b-5fbf-43a0-9fb2-c2037bb9a306","subSupplierName":"ATOS","vehicleTypeId":0,"sourceId":5,"sourceCategoryId":2,"signatoryId":0,"moistureSettingsId":0,"timeZoneIn":"GMT+08:00 PH","moistureReaderProcess":"AUTO","balingStationCode":"TSIBS","balingStationName":"PARANAQUE","sourceName":"SUPERMARKET","sourceCategoryDesc":"INDUSTRY","commodityDesc":"MIXED PAPER-OB POST-CRM","clientName":"EARTHBUDDY INC.","baleTypeDesc":"LOOSE BALE","weigherInName":"TERRINIEL SCALES INC.","transactionProcess":3,"transactionStatus":0,"vehicleNumOld":"AGD-211","rawMaterialPOType":"MIXED PAPER-OB POST-CRM"}
Query: 
Client IP: ::1

    DateTime=2021-03-12T06:46:25.3525297Z
WeighingSystemUPPCV3_5_Core.Startup Information: 0 : Path: localhost:44386//api/Inyards/96
Body: 
Query: 
Client IP: ::1

    DateTime=2021-03-12T06:47:04.9671986Z
WeighingSystemUPPCV3_5_Core.Startup Information: 0 : Path: localhost:44386//api/PurchaseOrders
Body: 
Query: ?PurchaseOrderId=0&DTEffectivity=1%2f1%2f0001%2012%3a00%3a00%20AM&SupplierId=0&RawMaterialId=0&PONum=&Price=0&BalanceTotalKg=0&POType=&Remarks=&DTCreated=1%2f1%2f0001%2012%3a00%3a00%20AM&CreatedById=&DTModified=&ModifiedById=&IsActive=True&Locked=&BalanceRemainingKg=&BalanceDeliveredKg=
Client IP: ::1

    DateTime=2021-03-12T06:47:05.9185400Z
WeighingSystemUPPCV3_5_Core.Startup Information: 0 : Path: localhost:44386//api/PurchaseOrders
Body: 
Query: ?PurchaseOrderId=0&DTEffectivity=1%2f1%2f0001%2012%3a00%3a00%20AM&SupplierId=0&RawMaterialId=0&PONum=&Price=0&BalanceTotalKg=0&POType=&Remarks=&DTCreated=1%2f1%2f0001%2012%3a00%3a00%20AM&CreatedById=&DTModified=&ModifiedById=&IsActive=True&Locked=&BalanceRemainingKg=&BalanceDeliveredKg=
Client IP: ::1

    DateTime=2021-03-12T06:47:14.2877653Z
WeighingSystemUPPCV3_5_Core.Startup Information: 0 : Path: localhost:44386//api/Reminders/Count
Body: 
Query: 
Client IP: ::1

    DateTime=2021-03-12T06:48:11.1486302Z
WeighingSystemUPPCV3_5_Core.Startup Information: 0 : Path: localhost:44386//api/ReferenceNumbers
Body: 
Query: 
Client IP: ::1

    DateTime=2021-03-12T06:50:28.9387452Z
WeighingSystemUPPCV3_5_Core.Startup Information: 0 : Path: localhost:44386//api/ReferenceNumbers
Body: 
Query: 
Client IP: ::1

    DateTime=2021-03-12T06:51:35.6266259Z
WeighingSystemUPPCV3_5_Core.Startup Information: 0 : Path: localhost:44386//api/ReferenceNumbers
Body: 
Query: 
Client IP: ::1

    DateTime=2021-03-12T06:52:04.6457044Z
WeighingSystemUPPCV3_5_Core.Startup Information: 0 : Path: localhost:44386//api/Inyards
Body: 
Query: 
Client IP: ::1

    DateTime=2021-03-12T06:52:08.8004458Z
WeighingSystemUPPCV3_5_Core.Startup Information: 0 : Path: localhost:44386//api/Inyards
Body: 
Query: 
Client IP: ::1

    DateTime=2021-03-12T06:54:28.9960396Z
WeighingSystemUPPCV3_5_Core.Startup Information: 0 : Path: localhost:44386//api/Inyards
Body: 
Query: 
Client IP: ::1

    DateTime=2021-03-12T06:56:49.5317856Z
WeighingSystemUPPCV3_5_Core.Startup Information: 0 : Path: localhost:44386//api/Config
Body: 
Query: 
Client IP: ::1

    DateTime=2021-03-12T07:09:43.6727461Z
WeighingSystemUPPCV3_5_Core.Startup Information: 0 : Path: localhost:44386//api/BalingStations/selected
Body: 
Query: 
Client IP: ::1

    DateTime=2021-03-12T07:09:43.7663357Z
WeighingSystemUPPCV3_5_Core.Startup Information: 0 : Path: localhost:44386//api/MoistureSettings
Body: 
Query: 
Client IP: ::1

    DateTime=2021-03-12T07:09:44.0932764Z
WeighingSystemUPPCV3_5_Core.Startup Information: 0 : Path: localhost:44386//api/TransactionTypes
Body: 
Query: 
Client IP: ::1

    DateTime=2021-03-12T07:09:44.1937507Z
WeighingSystemUPPCV3_5_Core.Startup Information: 0 : Path: localhost:44386//api/MoistureReaders
Body: 
Query: 
Client IP: ::1

    DateTime=2021-03-12T07:09:44.2672475Z
WeighingSystemUPPCV3_5_Core.Startup Information: 0 : Path: localhost:44386//api/BaleTypes
Body: 
Query: 
Client IP: ::1

    DateTime=2021-03-12T07:09:44.3348289Z
WeighingSystemUPPCV3_5_Core.Startup Information: 0 : Path: localhost:44386//api/Sources
Body: 
Query: 
Client IP: ::1

    DateTime=2021-03-12T07:09:44.4117951Z
WeighingSystemUPPCV3_5_Core.Startup Information: 0 : Path: localhost:44386//api/SourceCategories
Body: 
Query: 
Client IP: ::1

    DateTime=2021-03-12T07:09:44.5125846Z
WeighingSystemUPPCV3_5_Core.Startup Information: 0 : Path: localhost:44386//api/Customers
Body: 
Query: 
Client IP: ::1

    DateTime=2021-03-12T07:09:44.6045541Z
WeighingSystemUPPCV3_5_Core.Startup Information: 0 : Path: localhost:44386//api/Suppliers
Body: 
Query: 
Client IP: ::1

    DateTime=2021-03-12T07:09:44.7336698Z
WeighingSystemUPPCV3_5_Core.Startup Information: 0 : Path: localhost:44386//api/RawMaterials
Body: 
Query: 
Client IP: ::1

    DateTime=2021-03-12T07:09:44.8040958Z
WeighingSystemUPPCV3_5_Core.Startup Information: 0 : Path: localhost:44386//api/Products
Body: 
Query: 
Client IP: ::1

    DateTime=2021-03-12T07:09:44.8743752Z
WeighingSystemUPPCV3_5_Core.Startup Information: 0 : Path: localhost:44386//api/Categories
Body: 
Query: 
Client IP: ::1

    DateTime=2021-03-12T07:09:44.9437769Z
WeighingSystemUPPCV3_5_Core.Startup Information: 0 : Path: localhost:44386//api/Haulers
Body: 
Query: 
Client IP: ::1

    DateTime=2021-03-12T07:09:45.0071818Z
WeighingSystemUPPCV3_5_Core.Startup Information: 0 : Path: localhost:44386//api/Vehicles
Body: 
Query: 
Client IP: ::1

    DateTime=2021-03-12T07:09:45.0759495Z
WeighingSystemUPPCV3_5_Core.Startup Information: 0 : Path: localhost:44386//api/VehicleTypes
Body: 
Query: 
Client IP: ::1

    DateTime=2021-03-12T07:09:45.1570662Z
WeighingSystemUPPCV3_5_Core.Startup Information: 0 : Path: localhost:44386//api/SubSuppliers
Body: 
Query: 
Client IP: ::1

    DateTime=2021-03-12T07:09:45.2196242Z
WeighingSystemUPPCV3_5_Core.Startup Information: 0 : Path: localhost:44386//api/SaleTransactions
Body: 
Query: ?Returned=false
Client IP: ::1

    DateTime=2021-03-12T07:09:45.3010243Z
WeighingSystemUPPCV3_5_Core.Startup Information: 0 : Path: localhost:44386//api/UserAccounts/UserAccountDetails
Body: 
Query: 
Client IP: ::1

    DateTime=2021-03-12T07:09:45.4600390Z
WeighingSystemUPPCV3_5_Core.Startup Information: 0 : Path: localhost:44386//api/Reminders
Body: 
Query: 
Client IP: ::1

    DateTime=2021-03-12T07:09:45.5486650Z
WeighingSystemUPPCV3_5_Core.Startup Information: 0 : Path: localhost:44386//api/Signatories
Body: 
Query: 
Client IP: ::1

    DateTime=2021-03-12T07:09:45.6236560Z
WeighingSystemUPPCV3_5_Core.Startup Information: 0 : Path: localhost:44386//api/UserAccounts/LogIn
Body: {"userName":"TSI","userPwd":"1"}
Query: 
Client IP: ::1

    DateTime=2021-03-12T07:13:20.8090971Z
WeighingSystemUPPCV3_5_Core.Startup Information: 0 : Path: localhost:44386//api/PurchaseTransactions
Body: 
Query: ?TransactionId=0&ReceiptNum=&DTFrom=3%2f12%2f2021%203%3a13%3a26%20PM&DTTo=3%2f12%2f2021%203%3a13%3a26%20PM
Client IP: ::1

    DateTime=2021-03-12T07:13:26.7156311Z
WeighingSystemUPPCV3_5_Core.Startup Information: 0 : Path: localhost:44386//api/PurchaseTransactions
Body: 
Query: ?TransactionId=0&ReceiptNum=&DTFrom=3%2f1%2f2021%203%3a13%3a26%20PM&DTTo=3%2f12%2f2021%203%3a13%3a26%20PM
Client IP: ::1

    DateTime=2021-03-12T07:13:28.6583724Z
WeighingSystemUPPCV3_5_Core.Startup Information: 0 : Path: localhost:44386//api/PurchaseTransactions
Body: 
Query: ?TransactionId=0&ReceiptNum=&DTFrom=3%2f6%2f2021%203%3a13%3a26%20PM&DTTo=3%2f12%2f2021%203%3a13%3a26%20PM
Client IP: ::1

    DateTime=2021-03-12T07:13:34.1549477Z
WeighingSystemUPPCV3_5_Core.Startup Information: 0 : Path: localhost:44386//api/PurchaseTransactions
Body: 
Query: ?TransactionId=0&ReceiptNum=&DTFrom=3%2f6%2f2021%203%3a13%3a26%20PM&DTTo=3%2f12%2f2021%203%3a13%3a26%20PM
Client IP: ::1

    DateTime=2021-03-12T07:14:05.2849569Z
WeighingSystemUPPCV3_5_Core.Startup Information: 0 : Path: localhost:44386//api/PurchaseTransactions
Body: 
Query: ?TransactionId=0&ReceiptNum=&DTFrom=3%2f6%2f2021%203%3a13%3a26%20PM&DTTo=3%2f12%2f2021%203%3a13%3a26%20PM
Client IP: ::1

    DateTime=2021-03-12T07:14:34.6539097Z
WeighingSystemUPPCV3_5_Core.Startup Information: 0 : Path: localhost:44386//api/PurchaseTransactions
Body: 
Query: ?TransactionId=0&ReceiptNum=&DTFrom=3%2f6%2f2021%203%3a13%3a26%20PM&DTTo=3%2f12%2f2021%203%3a13%3a26%20PM
Client IP: ::1

    DateTime=2021-03-12T07:14:50.7322483Z
WeighingSystemUPPCV3_5_Core.Startup Information: 0 : Path: localhost:44386//api/PurchaseTransactions
Body: 
Query: ?TransactionId=0&ReceiptNum=&DTFrom=3%2f6%2f2021%203%3a13%3a26%20PM&DTTo=3%2f12%2f2021%203%3a13%3a26%20PM
Client IP: ::1

    DateTime=2021-03-12T07:15:27.8859953Z
Microsoft.Hosting.Lifetime Information: 0 : Now listening on: https://[::]:44386
    DateTime=2021-03-12T07:15:57.4662484Z
Microsoft.Hosting.Lifetime Information: 0 : Now listening on: http://[::]:44385
    DateTime=2021-03-12T07:15:57.4768394Z
Microsoft.Hosting.Lifetime Information: 0 : Application started. Press Ctrl+C to shut down.
    DateTime=2021-03-12T07:15:57.4887511Z
Microsoft.Hosting.Lifetime Information: 0 : Hosting environment: Development
    DateTime=2021-03-12T07:15:57.4991722Z
Microsoft.Hosting.Lifetime Information: 0 : Content root path: D:\dir\tsi\UPPC\Phase 4\WeighingSystemUPPCV3.5\WeighingSystemUPPCV3.5.Core\WeighingSystemUPPCV3.5.Core
    DateTime=2021-03-12T07:15:57.5101161Z
WeighingSystemUPPCV3_5_Core.Startup Information: 0 : Path: localhost:44386//api/PurchaseTransactions
Body: 
Query: ?TransactionId=0&ReceiptNum=&DTFrom=3%2f6%2f2021%203%3a13%3a26%20PM&DTTo=3%2f12%2f2021%203%3a13%3a26%20PM
Client IP: ::1

    DateTime=2021-03-12T07:17:27.7740391Z
WeighingSystemUPPCV3_5_Core.Startup Information: 0 : Path: localhost:44386//api/PurchaseTransactions
Body: 
Query: ?TransactionId=0&ReceiptNum=&DTFrom=3%2f6%2f2021%203%3a13%3a26%20PM&DTTo=3%2f12%2f2021%203%3a13%3a26%20PM
Client IP: ::1

    DateTime=2021-03-12T07:18:05.3070966Z
WeighingSystemUPPCV3_5_Core.Startup Information: 0 : Path: localhost:44386//api/PurchaseTransactions
Body: 
Query: ?TransactionId=0&ReceiptNum=&DTFrom=3%2f6%2f2021%203%3a13%3a26%20PM&DTTo=3%2f12%2f2021%203%3a13%3a26%20PM
Client IP: ::1

    DateTime=2021-03-12T07:18:06.9070709Z
WeighingSystemUPPCV3_5_Core.Startup Information: 0 : Path: localhost:44386//api/PurchaseTransactions
Body: 
Query: ?TransactionId=0&ReceiptNum=&DTFrom=3%2f6%2f2021%203%3a13%3a26%20PM&DTTo=3%2f12%2f2021%203%3a13%3a26%20PM
Client IP: ::1

    DateTime=2021-03-12T07:18:21.9607051Z
Microsoft.Hosting.Lifetime Information: 0 : Now listening on: https://[::]:44386
    DateTime=2021-03-12T07:20:31.9782387Z
Microsoft.Hosting.Lifetime Information: 0 : Now listening on: http://[::]:44385
    DateTime=2021-03-12T07:20:31.9898833Z
Microsoft.Hosting.Lifetime Information: 0 : Application started. Press Ctrl+C to shut down.
    DateTime=2021-03-12T07:20:32.0021415Z
Microsoft.Hosting.Lifetime Information: 0 : Hosting environment: Development
    DateTime=2021-03-12T07:20:32.0165464Z
Microsoft.Hosting.Lifetime Information: 0 : Content root path: D:\dir\tsi\UPPC\Phase 4\WeighingSystemUPPCV3.5\WeighingSystemUPPCV3.5.Core\WeighingSystemUPPCV3.5.Core
    DateTime=2021-03-12T07:20:32.0292303Z
WeighingSystemUPPCV3_5_Core.Startup Information: 0 : Path: localhost:44386//api/PurchaseTransactions
Body: 
Query: ?TransactionId=0&ReceiptNum=&DTFrom=3%2f6%2f2021%203%3a13%3a26%20PM&DTTo=3%2f12%2f2021%203%3a13%3a26%20PM
Client IP: ::1

    DateTime=2021-03-12T07:31:20.7847744Z
Microsoft.Hosting.Lifetime Information: 0 : Now listening on: https://[::]:44386
    DateTime=2021-03-12T07:31:59.5755404Z
Microsoft.Hosting.Lifetime Information: 0 : Now listening on: http://[::]:44385
    DateTime=2021-03-12T07:31:59.5851330Z
Microsoft.Hosting.Lifetime Information: 0 : Application started. Press Ctrl+C to shut down.
    DateTime=2021-03-12T07:31:59.5951497Z
Microsoft.Hosting.Lifetime Information: 0 : Hosting environment: Development
    DateTime=2021-03-12T07:31:59.6039934Z
Microsoft.Hosting.Lifetime Information: 0 : Content root path: D:\dir\tsi\UPPC\Phase 4\WeighingSystemUPPCV3.5\WeighingSystemUPPCV3.5.Core\WeighingSystemUPPCV3.5.Core
    DateTime=2021-03-12T07:31:59.6128699Z
WeighingSystemUPPCV3_5_Core.Startup Information: 0 : Path: localhost:44386//api/PurchaseTransactions
Body: 
Query: ?TransactionId=0&ReceiptNum=&DTFrom=3%2f6%2f2021%203%3a13%3a26%20PM&DTTo=3%2f12%2f2021%203%3a13%3a26%20PM
Client IP: ::1

    DateTime=2021-03-12T07:32:02.2284240Z
Microsoft.Hosting.Lifetime Information: 0 : Now listening on: https://[::]:44386
    DateTime=2021-03-12T07:32:26.9568698Z
Microsoft.Hosting.Lifetime Information: 0 : Now listening on: http://[::]:44385
    DateTime=2021-03-12T07:32:26.9664994Z
Microsoft.Hosting.Lifetime Information: 0 : Application started. Press Ctrl+C to shut down.
    DateTime=2021-03-12T07:32:26.9782085Z
Microsoft.Hosting.Lifetime Information: 0 : Hosting environment: Development
    DateTime=2021-03-12T07:32:26.9872668Z
Microsoft.Hosting.Lifetime Information: 0 : Content root path: D:\dir\tsi\UPPC\Phase 4\WeighingSystemUPPCV3.5\WeighingSystemUPPCV3.5.Core\WeighingSystemUPPCV3.5.Core
    DateTime=2021-03-12T07:32:26.9944109Z
WeighingSystemUPPCV3_5_Core.Startup Information: 0 : Path: localhost:44386//api/PurchaseTransactions
Body: 
Query: ?TransactionId=0&ReceiptNum=&DTFrom=3%2f6%2f2021%203%3a13%3a26%20PM&DTTo=3%2f12%2f2021%203%3a13%3a26%20PM
Client IP: ::1

    DateTime=2021-03-12T07:36:25.4253563Z
WeighingSystemUPPCV3_5_Core.Startup Information: 0 : Path: localhost:44386//api/PurchaseTransactions
Body: 
Query: ?TransactionId=0&ReceiptNum=&DTFrom=3%2f6%2f2021%203%3a13%3a26%20PM&DTTo=3%2f12%2f2021%203%3a13%3a26%20PM
Client IP: ::1

    DateTime=2021-03-12T07:36:52.8731398Z
Microsoft.Hosting.Lifetime Information: 0 : Now listening on: https://[::]:44386
    DateTime=2021-03-12T07:37:25.9627106Z
Microsoft.Hosting.Lifetime Information: 0 : Now listening on: http://[::]:44385
    DateTime=2021-03-12T07:37:25.9718630Z
Microsoft.Hosting.Lifetime Information: 0 : Application started. Press Ctrl+C to shut down.
    DateTime=2021-03-12T07:37:25.9823956Z
Microsoft.Hosting.Lifetime Information: 0 : Hosting environment: Development
    DateTime=2021-03-12T07:37:25.9915451Z
Microsoft.Hosting.Lifetime Information: 0 : Content root path: D:\dir\tsi\UPPC\Phase 4\WeighingSystemUPPCV3.5\WeighingSystemUPPCV3.5.Core\WeighingSystemUPPCV3.5.Core
    DateTime=2021-03-12T07:37:25.9996462Z
WeighingSystemUPPCV3_5_Core.Startup Information: 0 : Path: localhost:44386//api/PurchaseTransactions
Body: 
Query: ?TransactionId=0&ReceiptNum=&DTFrom=3%2f6%2f2021%203%3a13%3a26%20PM&DTTo=3%2f12%2f2021%203%3a13%3a26%20PM
Client IP: ::1

    DateTime=2021-03-12T07:37:27.2039862Z
WeighingSystemUPPCV3_5_Core.Startup Information: 0 : Path: localhost:44386//api/PurchaseTransactions
Body: 
Query: ?TransactionId=0&ReceiptNum=&DTFrom=3%2f6%2f2021%203%3a13%3a26%20PM&DTTo=3%2f12%2f2021%203%3a13%3a26%20PM
Client IP: ::1

    DateTime=2021-03-12T07:37:32.5588491Z
WeighingSystemUPPCV3_5_Core.Startup Information: 0 : Path: localhost:44386//api/PurchaseTransactions
Body: 
Query: ?TransactionId=0&ReceiptNum=&DTFrom=3%2f12%2f2021%203%3a37%3a56%20PM&DTTo=3%2f12%2f2021%203%3a37%3a56%20PM
Client IP: ::1

    DateTime=2021-03-12T07:37:56.6041315Z
WeighingSystemUPPCV3_5_Core.Startup Information: 0 : Path: localhost:44386//api/PurchaseTransactions
Body: 
Query: ?TransactionId=0&ReceiptNum=&DTFrom=3%2f1%2f2021%203%3a37%3a56%20PM&DTTo=3%2f12%2f2021%203%3a37%3a56%20PM
Client IP: ::1

    DateTime=2021-03-12T07:37:58.3440958Z
WeighingSystemUPPCV3_5_Core.Startup Information: 0 : Path: localhost:44386//api/PurchaseTransactions
Body: 
Query: ?TransactionId=0&ReceiptNum=&DTFrom=3%2f6%2f2021%203%3a37%3a56%20PM&DTTo=3%2f12%2f2021%203%3a37%3a56%20PM
Client IP: ::1

    DateTime=2021-03-12T07:38:04.1295874Z
