Microsoft.Hosting.Lifetime Information: 0 : Now listening on: https://[::]:44386
    DateTime=2021-03-22T01:44:45.9045974Z
Microsoft.Hosting.Lifetime Information: 0 : Now listening on: http://[::]:44385
    DateTime=2021-03-22T01:44:45.9127154Z
Microsoft.Hosting.Lifetime Information: 0 : Application started. Press Ctrl+C to shut down.
    DateTime=2021-03-22T01:44:45.9225356Z
Microsoft.Hosting.Lifetime Information: 0 : Hosting environment: Development
    DateTime=2021-03-22T01:44:45.9331413Z
Microsoft.Hosting.Lifetime Information: 0 : Content root path: D:\dir\tsi\UPPC\Phase 4\WeighingSystemUPPCV3.5\WeighingSystemUPPCV3.5.Core\WeighingSystemUPPCV3.5.Core
    DateTime=2021-03-22T01:44:45.9414756Z
WeighingSystemUPPCV3_5_Core.Startup Information: 0 : Path: localhost:44386//api/Config
Body: 
Query: 
Client IP: ::1

    DateTime=2021-03-22T01:44:56.5480874Z
WeighingSystemUPPCV3_5_Core.Startup Information: 0 : Path: localhost:44386//api/BalingStations/selected
Body: 
Query: 
Client IP: ::1

    DateTime=2021-03-22T01:44:57.0133100Z
WeighingSystemUPPCV3_5_Core.Startup Information: 0 : Path: localhost:44386//api/MoistureSettings
Body: 
Query: 
Client IP: ::1

    DateTime=2021-03-22T01:45:02.4817150Z
WeighingSystemUPPCV3_5_Core.Startup Information: 0 : Path: localhost:44386//api/TransactionTypes
Body: 
Query: 
Client IP: ::1

    DateTime=2021-03-22T01:45:02.7179300Z
WeighingSystemUPPCV3_5_Core.Startup Information: 0 : Path: localhost:44386//api/MoistureReaders
Body: 
Query: 
Client IP: ::1

    DateTime=2021-03-22T01:45:02.8113502Z
WeighingSystemUPPCV3_5_Core.Startup Information: 0 : Path: localhost:44386//api/BaleTypes
Body: 
Query: 
Client IP: ::1

    DateTime=2021-03-22T01:45:02.9295626Z
WeighingSystemUPPCV3_5_Core.Startup Information: 0 : Path: localhost:44386//api/Sources
Body: 
Query: 
Client IP: ::1

    DateTime=2021-03-22T01:45:03.0180997Z
WeighingSystemUPPCV3_5_Core.Startup Information: 0 : Path: localhost:44386//api/SourceCategories
Body: 
Query: 
Client IP: ::1

    DateTime=2021-03-22T01:45:03.1417715Z
WeighingSystemUPPCV3_5_Core.Startup Information: 0 : Path: localhost:44386//api/Customers
Body: 
Query: 
Client IP: ::1

    DateTime=2021-03-22T01:45:03.2322870Z
WeighingSystemUPPCV3_5_Core.Startup Information: 0 : Path: localhost:44386//api/Suppliers
Body: 
Query: 
Client IP: ::1

    DateTime=2021-03-22T01:45:03.3184689Z
WeighingSystemUPPCV3_5_Core.Startup Information: 0 : Path: localhost:44386//api/RawMaterials
Body: 
Query: 
Client IP: ::1

    DateTime=2021-03-22T01:45:03.4038723Z
WeighingSystemUPPCV3_5_Core.Startup Information: 0 : Path: localhost:44386//api/Products
Body: 
Query: 
Client IP: ::1

    DateTime=2021-03-22T01:45:03.6062028Z
WeighingSystemUPPCV3_5_Core.Startup Information: 0 : Path: localhost:44386//api/Categories
Body: 
Query: 
Client IP: ::1

    DateTime=2021-03-22T01:45:03.7206047Z
WeighingSystemUPPCV3_5_Core.Startup Information: 0 : Path: localhost:44386//api/Haulers
Body: 
Query: 
Client IP: ::1

    DateTime=2021-03-22T01:45:03.8100481Z
WeighingSystemUPPCV3_5_Core.Startup Information: 0 : Path: localhost:44386//api/Vehicles
Body: 
Query: 
Client IP: ::1

    DateTime=2021-03-22T01:45:03.8962080Z
WeighingSystemUPPCV3_5_Core.Startup Information: 0 : Path: localhost:44386//api/VehicleTypes
Body: 
Query: 
Client IP: ::1

    DateTime=2021-03-22T01:45:04.0762257Z
WeighingSystemUPPCV3_5_Core.Startup Information: 0 : Path: localhost:44386//api/SubSuppliers
Body: 
Query: 
Client IP: ::1

    DateTime=2021-03-22T01:45:04.1637930Z
WeighingSystemUPPCV3_5_Core.Startup Information: 0 : Path: localhost:44386//api/SaleTransactions
Body: 
Query: ?Returned=false
Client IP: ::1

    DateTime=2021-03-22T01:45:04.2472589Z
WeighingSystemUPPCV3_5_Core.Startup Information: 0 : Path: localhost:44386//api/UserAccounts/UserAccountDetails
Body: 
Query: 
Client IP: ::1

    DateTime=2021-03-22T01:45:04.5114725Z
WeighingSystemUPPCV3_5_Core.Startup Information: 0 : Path: localhost:44386//api/Reminders
Body: 
Query: 
Client IP: ::1

    DateTime=2021-03-22T01:45:04.6419945Z
WeighingSystemUPPCV3_5_Core.Startup Information: 0 : Path: localhost:44386//api/Signatories
Body: 
Query: 
Client IP: ::1

    DateTime=2021-03-22T01:45:04.7202332Z
WeighingSystemUPPCV3_5_Core.Startup Information: 0 : Path: localhost:44386//api/UserAccounts/LogIn
Body: {"userName":"TSI","userPwd":"1"}
Query: 
Client IP: ::1

    DateTime=2021-03-22T01:45:07.8821398Z
WeighingSystemUPPCV3_5_Core.Startup Information: 0 : Path: localhost:44386//api/PurchaseTransactions
Body: 
Query: ?TransactionId=0&ReceiptNum=&DTFrom=3%2f22%2f2021%209%3a45%3a09%20AM&DTTo=3%2f22%2f2021%209%3a45%3a09%20AM
Client IP: ::1

    DateTime=2021-03-22T01:45:10.0325493Z
WeighingSystemUPPCV3_5_Core.Startup Information: 0 : Path: localhost:44386//api/PurchaseTransactions
Body: 
Query: ?TransactionId=0&ReceiptNum=&DTFrom=3%2f1%2f2021%209%3a45%3a09%20AM&DTTo=3%2f22%2f2021%209%3a45%3a09%20AM
Client IP: ::1

    DateTime=2021-03-22T01:45:11.9796214Z
WeighingSystemUPPCV3_5_Core.Startup Information: 0 : Path: localhost:44386//api/PurchaseTransactions/10049342
Body: 
Query: ?includeMCReaderLogs=true
Client IP: ::1

    DateTime=2021-03-22T01:45:14.6675752Z
WeighingSystemUPPCV3_5_Core.Startup Information: 0 : Path: localhost:44386//api/PurchaseOrders
Body: 
Query: ?PurchaseOrderId=0&DTEffectivity=1%2f1%2f0001%2012%3a00%3a00%20AM&SupplierId=0&RawMaterialId=0&PONum=&Price=0&BalanceTotalKg=0&POType=&Remarks=&DTCreated=1%2f1%2f0001%2012%3a00%3a00%20AM&CreatedById=&DTModified=&ModifiedById=&IsActive=True&Locked=&BalanceRemainingKg=&BalanceDeliveredKg=
Client IP: ::1

    DateTime=2021-03-22T01:45:16.1062662Z
WeighingSystemUPPCV3_5_Core.Startup Information: 0 : Path: localhost:44386//api/Config
Body: 
Query: 
Client IP: ::1

    DateTime=2021-03-22T01:46:51.7347086Z
WeighingSystemUPPCV3_5_Core.Startup Information: 0 : Path: localhost:44386//api/BalingStations/selected
Body: 
Query: 
Client IP: ::1

    DateTime=2021-03-22T01:46:51.8589590Z
WeighingSystemUPPCV3_5_Core.Startup Information: 0 : Path: localhost:44386//api/MoistureSettings
Body: 
Query: 
Client IP: ::1

    DateTime=2021-03-22T01:46:51.9717821Z
WeighingSystemUPPCV3_5_Core.Startup Information: 0 : Path: localhost:44386//api/TransactionTypes
Body: 
Query: 
Client IP: ::1

    DateTime=2021-03-22T01:46:52.0515957Z
WeighingSystemUPPCV3_5_Core.Startup Information: 0 : Path: localhost:44386//api/MoistureReaders
Body: 
Query: 
Client IP: ::1

    DateTime=2021-03-22T01:46:52.1295744Z
WeighingSystemUPPCV3_5_Core.Startup Information: 0 : Path: localhost:44386//api/BaleTypes
Body: 
Query: 
Client IP: ::1

    DateTime=2021-03-22T01:46:52.1978434Z
WeighingSystemUPPCV3_5_Core.Startup Information: 0 : Path: localhost:44386//api/Sources
Body: 
Query: 
Client IP: ::1

    DateTime=2021-03-22T01:46:52.2635794Z
WeighingSystemUPPCV3_5_Core.Startup Information: 0 : Path: localhost:44386//api/SourceCategories
Body: 
Query: 
Client IP: ::1

    DateTime=2021-03-22T01:46:52.3490160Z
WeighingSystemUPPCV3_5_Core.Startup Information: 0 : Path: localhost:44386//api/Customers
Body: 
Query: 
Client IP: ::1

    DateTime=2021-03-22T01:46:52.4106241Z
WeighingSystemUPPCV3_5_Core.Startup Information: 0 : Path: localhost:44386//api/Suppliers
Body: 
Query: 
Client IP: ::1

    DateTime=2021-03-22T01:46:52.5184170Z
WeighingSystemUPPCV3_5_Core.Startup Information: 0 : Path: localhost:44386//api/RawMaterials
Body: 
Query: 
Client IP: ::1

    DateTime=2021-03-22T01:46:52.5904809Z
WeighingSystemUPPCV3_5_Core.Startup Information: 0 : Path: localhost:44386//api/Products
Body: 
Query: 
Client IP: ::1

    DateTime=2021-03-22T01:46:52.6599147Z
WeighingSystemUPPCV3_5_Core.Startup Information: 0 : Path: localhost:44386//api/Categories
Body: 
Query: 
Client IP: ::1

    DateTime=2021-03-22T01:46:52.7431659Z
WeighingSystemUPPCV3_5_Core.Startup Information: 0 : Path: localhost:44386//api/Haulers
Body: 
Query: 
Client IP: ::1

    DateTime=2021-03-22T01:46:52.8086667Z
WeighingSystemUPPCV3_5_Core.Startup Information: 0 : Path: localhost:44386//api/Vehicles
Body: 
Query: 
Client IP: ::1

    DateTime=2021-03-22T01:46:52.8779874Z
WeighingSystemUPPCV3_5_Core.Startup Information: 0 : Path: localhost:44386//api/VehicleTypes
Body: 
Query: 
Client IP: ::1

    DateTime=2021-03-22T01:46:53.0121567Z
WeighingSystemUPPCV3_5_Core.Startup Information: 0 : Path: localhost:44386//api/SubSuppliers
Body: 
Query: 
Client IP: ::1

    DateTime=2021-03-22T01:46:53.0763045Z
WeighingSystemUPPCV3_5_Core.Startup Information: 0 : Path: localhost:44386//api/SaleTransactions
Body: 
Query: ?Returned=false
Client IP: ::1

    DateTime=2021-03-22T01:46:53.1684782Z
WeighingSystemUPPCV3_5_Core.Startup Information: 0 : Path: localhost:44386//api/UserAccounts/UserAccountDetails
Body: 
Query: 
Client IP: ::1

    DateTime=2021-03-22T01:46:53.3397866Z
WeighingSystemUPPCV3_5_Core.Startup Information: 0 : Path: localhost:44386//api/Reminders
Body: 
Query: 
Client IP: ::1

    DateTime=2021-03-22T01:46:53.4499538Z
WeighingSystemUPPCV3_5_Core.Startup Information: 0 : Path: localhost:44386//api/Signatories
Body: 
Query: 
Client IP: ::1

    DateTime=2021-03-22T01:46:53.5146803Z
WeighingSystemUPPCV3_5_Core.Startup Information: 0 : Path: localhost:44386//api/UserAccounts/LogIn
Body: {"userName":"TSI","userPwd":"1"}
Query: 
Client IP: ::1

    DateTime=2021-03-22T01:49:18.8733741Z
WeighingSystemUPPCV3_5_Core.Startup Information: 0 : Path: localhost:44386//api/PurchaseTransactions
Body: 
Query: ?TransactionId=0&ReceiptNum=&DTFrom=3%2f22%2f2021%209%3a49%3a20%20AM&DTTo=3%2f22%2f2021%209%3a49%3a20%20AM
Client IP: ::1

    DateTime=2021-03-22T01:49:21.0324822Z
WeighingSystemUPPCV3_5_Core.Startup Information: 0 : Path: localhost:44386//api/PurchaseTransactions
Body: 
Query: ?TransactionId=0&ReceiptNum=&DTFrom=3%2f1%2f2021%209%3a49%3a20%20AM&DTTo=3%2f22%2f2021%209%3a49%3a20%20AM
Client IP: ::1

    DateTime=2021-03-22T01:49:22.6459410Z
WeighingSystemUPPCV3_5_Core.Startup Information: 0 : Path: localhost:44386//api/PurchaseTransactions/10049335
Body: 
Query: ?includeMCReaderLogs=true
Client IP: ::1

    DateTime=2021-03-22T01:49:24.5646134Z
WeighingSystemUPPCV3_5_Core.Startup Information: 0 : Path: localhost:44386//api/PurchaseOrders
Body: 
Query: ?PurchaseOrderId=0&DTEffectivity=1%2f1%2f0001%2012%3a00%3a00%20AM&SupplierId=0&RawMaterialId=0&PONum=&Price=0&BalanceTotalKg=0&POType=&Remarks=&DTCreated=1%2f1%2f0001%2012%3a00%3a00%20AM&CreatedById=&DTModified=&ModifiedById=&IsActive=True&Locked=&BalanceRemainingKg=&BalanceDeliveredKg=
Client IP: ::1

    DateTime=2021-03-22T01:49:25.5921278Z
WeighingSystemUPPCV3_5_Core.Startup Information: 0 : Path: localhost:44386//api/PurchaseTransactions/10049335
Body: 
Query: ?includeMCReaderLogs=true
Client IP: ::1

    DateTime=2021-03-22T01:49:39.3764227Z
WeighingSystemUPPCV3_5_Core.Startup Information: 0 : Path: localhost:44386//api/PurchaseOrders
Body: 
Query: ?PurchaseOrderId=0&DTEffectivity=1%2f1%2f0001%2012%3a00%3a00%20AM&SupplierId=0&RawMaterialId=0&PONum=&Price=0&BalanceTotalKg=0&POType=&Remarks=&DTCreated=1%2f1%2f0001%2012%3a00%3a00%20AM&CreatedById=&DTModified=&ModifiedById=&IsActive=True&Locked=&BalanceRemainingKg=&BalanceDeliveredKg=
Client IP: ::1

    DateTime=2021-03-22T01:49:40.1601906Z
WeighingSystemUPPCV3_5_Core.Startup Information: 0 : Path: localhost:44386//api/Config
Body: 
Query: 
Client IP: ::1

    DateTime=2021-03-22T01:52:18.9461308Z
WeighingSystemUPPCV3_5_Core.Startup Information: 0 : Path: localhost:44386//api/BalingStations/selected
Body: 
Query: 
Client IP: ::1

    DateTime=2021-03-22T01:52:19.0583128Z
WeighingSystemUPPCV3_5_Core.Startup Information: 0 : Path: localhost:44386//api/MoistureSettings
Body: 
Query: 
Client IP: ::1

    DateTime=2021-03-22T01:52:19.1792142Z
WeighingSystemUPPCV3_5_Core.Startup Information: 0 : Path: localhost:44386//api/TransactionTypes
Body: 
Query: 
Client IP: ::1

    DateTime=2021-03-22T01:52:19.2610076Z
WeighingSystemUPPCV3_5_Core.Startup Information: 0 : Path: localhost:44386//api/MoistureReaders
Body: 
Query: 
Client IP: ::1

    DateTime=2021-03-22T01:52:19.3251786Z
WeighingSystemUPPCV3_5_Core.Startup Information: 0 : Path: localhost:44386//api/BaleTypes
Body: 
Query: 
Client IP: ::1

    DateTime=2021-03-22T01:52:19.3877171Z
WeighingSystemUPPCV3_5_Core.Startup Information: 0 : Path: localhost:44386//api/Sources
Body: 
Query: 
Client IP: ::1

    DateTime=2021-03-22T01:52:19.4576571Z
WeighingSystemUPPCV3_5_Core.Startup Information: 0 : Path: localhost:44386//api/SourceCategories
Body: 
Query: 
Client IP: ::1

    DateTime=2021-03-22T01:52:19.5290776Z
WeighingSystemUPPCV3_5_Core.Startup Information: 0 : Path: localhost:44386//api/Customers
Body: 
Query: 
Client IP: ::1

    DateTime=2021-03-22T01:52:19.5886542Z
WeighingSystemUPPCV3_5_Core.Startup Information: 0 : Path: localhost:44386//api/Suppliers
Body: 
Query: 
Client IP: ::1

    DateTime=2021-03-22T01:52:19.6462662Z
WeighingSystemUPPCV3_5_Core.Startup Information: 0 : Path: localhost:44386//api/RawMaterials
Body: 
Query: 
Client IP: ::1

    DateTime=2021-03-22T01:52:19.7158153Z
WeighingSystemUPPCV3_5_Core.Startup Information: 0 : Path: localhost:44386//api/Products
Body: 
Query: 
Client IP: ::1

    DateTime=2021-03-22T01:52:19.7837811Z
WeighingSystemUPPCV3_5_Core.Startup Information: 0 : Path: localhost:44386//api/Categories
Body: 
Query: 
Client IP: ::1

    DateTime=2021-03-22T01:52:19.8518424Z
WeighingSystemUPPCV3_5_Core.Startup Information: 0 : Path: localhost:44386//api/Haulers
Body: 
Query: 
Client IP: ::1

    DateTime=2021-03-22T01:52:19.9291837Z
WeighingSystemUPPCV3_5_Core.Startup Information: 0 : Path: localhost:44386//api/Vehicles
Body: 
Query: 
Client IP: ::1

    DateTime=2021-03-22T01:52:19.9955966Z
WeighingSystemUPPCV3_5_Core.Startup Information: 0 : Path: localhost:44386//api/VehicleTypes
Body: 
Query: 
Client IP: ::1

    DateTime=2021-03-22T01:52:20.0724414Z
WeighingSystemUPPCV3_5_Core.Startup Information: 0 : Path: localhost:44386//api/SubSuppliers
Body: 
Query: 
Client IP: ::1

    DateTime=2021-03-22T01:52:20.1367416Z
WeighingSystemUPPCV3_5_Core.Startup Information: 0 : Path: localhost:44386//api/SaleTransactions
Body: 
Query: ?Returned=false
Client IP: ::1

    DateTime=2021-03-22T01:52:20.2006952Z
WeighingSystemUPPCV3_5_Core.Startup Information: 0 : Path: localhost:44386//api/UserAccounts/UserAccountDetails
Body: 
Query: 
Client IP: ::1

    DateTime=2021-03-22T01:52:20.3444445Z
WeighingSystemUPPCV3_5_Core.Startup Information: 0 : Path: localhost:44386//api/Reminders
Body: 
Query: 
Client IP: ::1

    DateTime=2021-03-22T01:52:20.4365382Z
WeighingSystemUPPCV3_5_Core.Startup Information: 0 : Path: localhost:44386//api/Signatories
Body: 
Query: 
Client IP: ::1

    DateTime=2021-03-22T01:52:20.4951523Z
WeighingSystemUPPCV3_5_Core.Startup Information: 0 : Path: localhost:44386//api/UserAccounts/LogIn
Body: {"userName":"TSI","userPwd":"1"}
Query: 
Client IP: ::1

    DateTime=2021-03-22T02:16:06.2354889Z
WeighingSystemUPPCV3_5_Core.Startup Information: 0 : Path: localhost:44386//api/PurchaseTransactions
Body: 
Query: ?TransactionId=0&ReceiptNum=&DTFrom=3%2f22%2f2021%2010%3a16%3a08%20AM&DTTo=3%2f22%2f2021%2010%3a16%3a08%20AM
Client IP: ::1

    DateTime=2021-03-22T02:16:08.2325596Z
WeighingSystemUPPCV3_5_Core.Startup Information: 0 : Path: localhost:44386//api/PurchaseTransactions
Body: 
Query: ?TransactionId=0&ReceiptNum=&DTFrom=3%2f1%2f2021%2010%3a16%3a08%20AM&DTTo=3%2f22%2f2021%2010%3a16%3a08%20AM
Client IP: ::1

    DateTime=2021-03-22T02:20:38.2263214Z
WeighingSystemUPPCV3_5_Core.Startup Information: 0 : Path: localhost:44386//api/PurchaseTransactions/10049337
Body: 
Query: ?includeMCReaderLogs=true
Client IP: ::1

    DateTime=2021-03-22T02:20:39.7446972Z
WeighingSystemUPPCV3_5_Core.Startup Information: 0 : Path: localhost:44386//api/PurchaseOrders
Body: 
Query: ?PurchaseOrderId=0&DTEffectivity=1%2f1%2f0001%2012%3a00%3a00%20AM&SupplierId=0&RawMaterialId=0&PONum=&Price=0&BalanceTotalKg=0&POType=&Remarks=&DTCreated=1%2f1%2f0001%2012%3a00%3a00%20AM&CreatedById=&DTModified=&ModifiedById=&IsActive=True&Locked=&BalanceRemainingKg=&BalanceDeliveredKg=
Client IP: ::1

    DateTime=2021-03-22T02:20:40.3524400Z
WeighingSystemUPPCV3_5_Core.Startup Information: 0 : Path: localhost:44386//api/Config
Body: 
Query: 
Client IP: ::1

    DateTime=2021-03-22T02:21:54.1307296Z
WeighingSystemUPPCV3_5_Core.Startup Information: 0 : Path: localhost:44386//api/BalingStations/selected
Body: 
Query: 
Client IP: ::1

    DateTime=2021-03-22T02:21:54.2509816Z
WeighingSystemUPPCV3_5_Core.Startup Information: 0 : Path: localhost:44386//api/MoistureSettings
Body: 
Query: 
Client IP: ::1

    DateTime=2021-03-22T02:21:54.3580830Z
WeighingSystemUPPCV3_5_Core.Startup Information: 0 : Path: localhost:44386//api/TransactionTypes
Body: 
Query: 
Client IP: ::1

    DateTime=2021-03-22T02:21:54.4387448Z
WeighingSystemUPPCV3_5_Core.Startup Information: 0 : Path: localhost:44386//api/MoistureReaders
Body: 
Query: 
Client IP: ::1

    DateTime=2021-03-22T02:21:54.4949048Z
WeighingSystemUPPCV3_5_Core.Startup Information: 0 : Path: localhost:44386//api/BaleTypes
Body: 
Query: 
Client IP: ::1

    DateTime=2021-03-22T02:21:54.5548428Z
WeighingSystemUPPCV3_5_Core.Startup Information: 0 : Path: localhost:44386//api/Sources
Body: 
Query: 
Client IP: ::1

    DateTime=2021-03-22T02:21:54.6148885Z
WeighingSystemUPPCV3_5_Core.Startup Information: 0 : Path: localhost:44386//api/SourceCategories
Body: 
Query: 
Client IP: ::1

    DateTime=2021-03-22T02:21:54.6931366Z
WeighingSystemUPPCV3_5_Core.Startup Information: 0 : Path: localhost:44386//api/Customers
Body: 
Query: 
Client IP: ::1

    DateTime=2021-03-22T02:21:54.7603766Z
WeighingSystemUPPCV3_5_Core.Startup Information: 0 : Path: localhost:44386//api/Suppliers
Body: 
Query: 
Client IP: ::1

    DateTime=2021-03-22T02:21:54.8381782Z
WeighingSystemUPPCV3_5_Core.Startup Information: 0 : Path: localhost:44386//api/RawMaterials
Body: 
Query: 
Client IP: ::1

    DateTime=2021-03-22T02:21:54.9214503Z
WeighingSystemUPPCV3_5_Core.Startup Information: 0 : Path: localhost:44386//api/Products
Body: 
Query: 
Client IP: ::1

    DateTime=2021-03-22T02:21:55.0089020Z
WeighingSystemUPPCV3_5_Core.Startup Information: 0 : Path: localhost:44386//api/Categories
Body: 
Query: 
Client IP: ::1

    DateTime=2021-03-22T02:21:55.1066279Z
WeighingSystemUPPCV3_5_Core.Startup Information: 0 : Path: localhost:44386//api/Haulers
Body: 
Query: 
Client IP: ::1

    DateTime=2021-03-22T02:21:55.1868263Z
WeighingSystemUPPCV3_5_Core.Startup Information: 0 : Path: localhost:44386//api/Vehicles
Body: 
Query: 
Client IP: ::1

    DateTime=2021-03-22T02:21:55.2699728Z
WeighingSystemUPPCV3_5_Core.Startup Information: 0 : Path: localhost:44386//api/VehicleTypes
Body: 
Query: 
Client IP: ::1

    DateTime=2021-03-22T02:21:55.4006739Z
WeighingSystemUPPCV3_5_Core.Startup Information: 0 : Path: localhost:44386//api/SubSuppliers
Body: 
Query: 
Client IP: ::1

    DateTime=2021-03-22T02:21:55.4953430Z
WeighingSystemUPPCV3_5_Core.Startup Information: 0 : Path: localhost:44386//api/SaleTransactions
Body: 
Query: ?Returned=false
Client IP: ::1

    DateTime=2021-03-22T02:21:55.6298831Z
WeighingSystemUPPCV3_5_Core.Startup Information: 0 : Path: localhost:44386//api/UserAccounts/UserAccountDetails
Body: 
Query: 
Client IP: ::1

    DateTime=2021-03-22T02:21:55.8664515Z
WeighingSystemUPPCV3_5_Core.Startup Information: 0 : Path: localhost:44386//api/Reminders
Body: 
Query: 
Client IP: ::1

    DateTime=2021-03-22T02:21:55.9766905Z
WeighingSystemUPPCV3_5_Core.Startup Information: 0 : Path: localhost:44386//api/Signatories
Body: 
Query: 
Client IP: ::1

    DateTime=2021-03-22T02:21:56.0581216Z
WeighingSystemUPPCV3_5_Core.Startup Information: 0 : Path: localhost:44386//api/Config
Body: 
Query: 
Client IP: ::1

    DateTime=2021-03-22T02:25:34.3573704Z
WeighingSystemUPPCV3_5_Core.Startup Information: 0 : Path: localhost:44386//api/BalingStations/selected
Body: 
Query: 
Client IP: ::1

    DateTime=2021-03-22T02:25:34.4207376Z
WeighingSystemUPPCV3_5_Core.Startup Information: 0 : Path: localhost:44386//api/MoistureSettings
Body: 
Query: 
Client IP: ::1

    DateTime=2021-03-22T02:25:34.4890934Z
WeighingSystemUPPCV3_5_Core.Startup Information: 0 : Path: localhost:44386//api/TransactionTypes
Body: 
Query: 
Client IP: ::1

    DateTime=2021-03-22T02:25:34.5389058Z
WeighingSystemUPPCV3_5_Core.Startup Information: 0 : Path: localhost:44386//api/MoistureReaders
Body: 
Query: 
Client IP: ::1

    DateTime=2021-03-22T02:25:34.5868667Z
WeighingSystemUPPCV3_5_Core.Startup Information: 0 : Path: localhost:44386//api/BaleTypes
Body: 
Query: 
Client IP: ::1

    DateTime=2021-03-22T02:25:34.6336175Z
WeighingSystemUPPCV3_5_Core.Startup Information: 0 : Path: localhost:44386//api/Sources
Body: 
Query: 
Client IP: ::1

    DateTime=2021-03-22T02:25:34.6813801Z
WeighingSystemUPPCV3_5_Core.Startup Information: 0 : Path: localhost:44386//api/SourceCategories
Body: 
Query: 
Client IP: ::1

    DateTime=2021-03-22T02:25:34.7384588Z
WeighingSystemUPPCV3_5_Core.Startup Information: 0 : Path: localhost:44386//api/Customers
Body: 
Query: 
Client IP: ::1

    DateTime=2021-03-22T02:25:34.7950176Z
WeighingSystemUPPCV3_5_Core.Startup Information: 0 : Path: localhost:44386//api/Suppliers
Body: 
Query: 
Client IP: ::1

    DateTime=2021-03-22T02:25:34.8483754Z
WeighingSystemUPPCV3_5_Core.Startup Information: 0 : Path: localhost:44386//api/RawMaterials
Body: 
Query: 
Client IP: ::1

    DateTime=2021-03-22T02:25:34.8943431Z
WeighingSystemUPPCV3_5_Core.Startup Information: 0 : Path: localhost:44386//api/Products
Body: 
Query: 
Client IP: ::1

    DateTime=2021-03-22T02:25:34.9419018Z
WeighingSystemUPPCV3_5_Core.Startup Information: 0 : Path: localhost:44386//api/Categories
Body: 
Query: 
Client IP: ::1

    DateTime=2021-03-22T02:25:34.9987626Z
WeighingSystemUPPCV3_5_Core.Startup Information: 0 : Path: localhost:44386//api/Haulers
Body: 
Query: 
Client IP: ::1

    DateTime=2021-03-22T02:25:35.0575861Z
WeighingSystemUPPCV3_5_Core.Startup Information: 0 : Path: localhost:44386//api/Vehicles
Body: 
Query: 
Client IP: ::1

    DateTime=2021-03-22T02:25:35.1223439Z
WeighingSystemUPPCV3_5_Core.Startup Information: 0 : Path: localhost:44386//api/VehicleTypes
Body: 
Query: 
Client IP: ::1

    DateTime=2021-03-22T02:25:35.1896656Z
WeighingSystemUPPCV3_5_Core.Startup Information: 0 : Path: localhost:44386//api/SubSuppliers
Body: 
Query: 
Client IP: ::1

    DateTime=2021-03-22T02:25:35.2484722Z
WeighingSystemUPPCV3_5_Core.Startup Information: 0 : Path: localhost:44386//api/SaleTransactions
Body: 
Query: ?Returned=false
Client IP: ::1

    DateTime=2021-03-22T02:25:35.3026335Z
WeighingSystemUPPCV3_5_Core.Startup Information: 0 : Path: localhost:44386//api/UserAccounts/UserAccountDetails
Body: 
Query: 
Client IP: ::1

    DateTime=2021-03-22T02:25:35.4144634Z
WeighingSystemUPPCV3_5_Core.Startup Information: 0 : Path: localhost:44386//api/Reminders
Body: 
Query: 
Client IP: ::1

    DateTime=2021-03-22T02:25:35.4824721Z
WeighingSystemUPPCV3_5_Core.Startup Information: 0 : Path: localhost:44386//api/Signatories
Body: 
Query: 
Client IP: ::1

    DateTime=2021-03-22T02:25:35.5277688Z
WeighingSystemUPPCV3_5_Core.Startup Information: 0 : Path: localhost:44386//api/UserAccounts/LogIn
Body: {"userName":"TSI","userPwd":"1"}
Query: 
Client IP: ::1

    DateTime=2021-03-22T02:25:39.9686422Z
WeighingSystemUPPCV3_5_Core.Startup Information: 0 : Path: localhost:44386//api/Reporting/ReportDataSet
Body: 
Query: ?ReportType=PURCHASE_PO_MONITORING&DTFrom=3%2f1%2f2021%2012%3a00%3a00%20AM&DTTo=3%2f22%2f2021%2011%3a59%3a00%20PM&ClientId=0&CommodityId=0&CategoryId=0&PreparedBy=TERRINIEL%20SCALES%20INC.&CheckedBy=TERRINIEL%20SCALES%20INC.&PaperSize=DEFAULT&BalingStation=WeighingSystemUPPCV3_5_Service.Models.BalingStation&MoistureSettings=WeighingSystemUPPCV3_5_Service.Models.MoistureSettings&Signatory=WeighingSystemUPPCV3_5_Service.Models.Signatory&TransactionTypeCode=I
Client IP: ::1

    DateTime=2021-03-22T02:25:48.6664830Z
WeighingSystemUPPCV3_5_Core.Startup Information: 0 : Path: localhost:44386//api/UserAccounts/LogIn
Body: {"userName":"TSI","userPwd":"1"}
Query: 
Client IP: ::1

    DateTime=2021-03-22T02:25:52.7973024Z
WeighingSystemUPPCV3_5_Core.Startup Information: 0 : Path: localhost:44386//api/PurchaseTransactions
Body: 
Query: ?TransactionId=0&ReceiptNum=&DTFrom=3%2f22%2f2021%2010%3a25%3a54%20AM&DTTo=3%2f22%2f2021%2010%3a25%3a54%20AM
Client IP: ::1

    DateTime=2021-03-22T02:25:54.3013238Z
WeighingSystemUPPCV3_5_Core.Startup Information: 0 : Path: localhost:44386//api/PurchaseTransactions
Body: 
Query: ?TransactionId=0&ReceiptNum=&DTFrom=3%2f1%2f2021%2010%3a25%3a54%20AM&DTTo=3%2f22%2f2021%2010%3a25%3a54%20AM
Client IP: ::1

    DateTime=2021-03-22T02:25:55.9153253Z
WeighingSystemUPPCV3_5_Core.Startup Information: 0 : Path: localhost:44386//api/PurchaseTransactions/10049336
Body: 
Query: ?includeMCReaderLogs=true
Client IP: ::1

    DateTime=2021-03-22T02:25:57.6379703Z
WeighingSystemUPPCV3_5_Core.Startup Information: 0 : Path: localhost:44386//api/PurchaseOrders
Body: 
Query: ?PurchaseOrderId=0&DTEffectivity=1%2f1%2f0001%2012%3a00%3a00%20AM&SupplierId=0&RawMaterialId=0&PONum=&Price=0&BalanceTotalKg=0&POType=&Remarks=&DTCreated=1%2f1%2f0001%2012%3a00%3a00%20AM&CreatedById=&DTModified=&ModifiedById=&IsActive=True&Locked=&BalanceRemainingKg=&BalanceDeliveredKg=
Client IP: ::1

    DateTime=2021-03-22T02:25:58.0829035Z
WeighingSystemUPPCV3_5_Core.Startup Information: 0 : Path: localhost:44386//api/PurchaseTransactions/10049336
Body: 
Query: ?includeMCReaderLogs=true
Client IP: ::1

    DateTime=2021-03-22T02:30:01.5976935Z
WeighingSystemUPPCV3_5_Core.Startup Information: 0 : Path: localhost:44386//api/PurchaseOrders
Body: 
Query: ?PurchaseOrderId=0&DTEffectivity=1%2f1%2f0001%2012%3a00%3a00%20AM&SupplierId=0&RawMaterialId=0&PONum=&Price=0&BalanceTotalKg=0&POType=&Remarks=&DTCreated=1%2f1%2f0001%2012%3a00%3a00%20AM&CreatedById=&DTModified=&ModifiedById=&IsActive=True&Locked=&BalanceRemainingKg=&BalanceDeliveredKg=
Client IP: ::1

    DateTime=2021-03-22T02:30:19.4301554Z
WeighingSystemUPPCV3_5_Core.Startup Information: 0 : Path: localhost:44386//api/PurchaseTransactions/10049336
Body: 
Query: ?includeMCReaderLogs=true
Client IP: ::1

    DateTime=2021-03-22T02:31:49.3441486Z
WeighingSystemUPPCV3_5_Core.Startup Information: 0 : Path: localhost:44386//api/PurchaseOrders
Body: 
Query: ?PurchaseOrderId=0&DTEffectivity=1%2f1%2f0001%2012%3a00%3a00%20AM&SupplierId=0&RawMaterialId=0&PONum=&Price=0&BalanceTotalKg=0&POType=&Remarks=&DTCreated=1%2f1%2f0001%2012%3a00%3a00%20AM&CreatedById=&DTModified=&ModifiedById=&IsActive=True&Locked=&BalanceRemainingKg=&BalanceDeliveredKg=
Client IP: ::1

    DateTime=2021-03-22T02:31:50.8773959Z
WeighingSystemUPPCV3_5_Core.Startup Information: 0 : Path: localhost:44386//api/PurchaseTransactions/10049336
Body: 
Query: ?includeMCReaderLogs=true
Client IP: ::1

    DateTime=2021-03-22T02:39:50.8126135Z
WeighingSystemUPPCV3_5_Core.Startup Information: 0 : Path: localhost:44386//api/PurchaseOrders
Body: 
Query: ?PurchaseOrderId=0&DTEffectivity=1%2f1%2f0001%2012%3a00%3a00%20AM&SupplierId=0&RawMaterialId=0&PONum=&Price=0&BalanceTotalKg=0&POType=&Remarks=&DTCreated=1%2f1%2f0001%2012%3a00%3a00%20AM&CreatedById=&DTModified=&ModifiedById=&IsActive=True&Locked=&BalanceRemainingKg=&BalanceDeliveredKg=
Client IP: ::1

    DateTime=2021-03-22T02:39:59.9131293Z
WeighingSystemUPPCV3_5_Core.Startup Information: 0 : Path: localhost:44386//api/PurchaseTransactions/10049336
Body: 
Query: ?includeMCReaderLogs=true
Client IP: ::1

    DateTime=2021-03-22T02:41:50.4895272Z
WeighingSystemUPPCV3_5_Core.Startup Information: 0 : Path: localhost:44386//api/PurchaseOrders
Body: 
Query: ?PurchaseOrderId=0&DTEffectivity=1%2f1%2f0001%2012%3a00%3a00%20AM&SupplierId=0&RawMaterialId=0&PONum=&Price=0&BalanceTotalKg=0&POType=&Remarks=&DTCreated=1%2f1%2f0001%2012%3a00%3a00%20AM&CreatedById=&DTModified=&ModifiedById=&IsActive=True&Locked=&BalanceRemainingKg=&BalanceDeliveredKg=
Client IP: ::1

    DateTime=2021-03-22T02:41:51.1231330Z
WeighingSystemUPPCV3_5_Core.Startup Information: 0 : Path: localhost:44386//api/PurchaseTransactions/10049336
Body: 
Query: ?includeMCReaderLogs=true
Client IP: ::1

    DateTime=2021-03-22T02:46:51.8606648Z
WeighingSystemUPPCV3_5_Core.Startup Information: 0 : Path: localhost:44386//api/PurchaseOrders
Body: 
Query: ?PurchaseOrderId=0&DTEffectivity=1%2f1%2f0001%2012%3a00%3a00%20AM&SupplierId=0&RawMaterialId=0&PONum=&Price=0&BalanceTotalKg=0&POType=&Remarks=&DTCreated=1%2f1%2f0001%2012%3a00%3a00%20AM&CreatedById=&DTModified=&ModifiedById=&IsActive=True&Locked=&BalanceRemainingKg=&BalanceDeliveredKg=
Client IP: ::1

    DateTime=2021-03-22T02:46:52.5975757Z
Microsoft.Hosting.Lifetime Information: 0 : Now listening on: https://[::]:44386
    DateTime=2021-03-22T02:49:27.4760390Z
Microsoft.Hosting.Lifetime Information: 0 : Now listening on: http://[::]:44385
    DateTime=2021-03-22T02:49:27.4818850Z
Microsoft.Hosting.Lifetime Information: 0 : Application started. Press Ctrl+C to shut down.
    DateTime=2021-03-22T02:49:27.4888348Z
Microsoft.Hosting.Lifetime Information: 0 : Hosting environment: Development
    DateTime=2021-03-22T02:49:27.4943459Z
Microsoft.Hosting.Lifetime Information: 0 : Content root path: D:\dir\tsi\UPPC\Phase 4\WeighingSystemUPPCV3.5\WeighingSystemUPPCV3.5.Core\WeighingSystemUPPCV3.5.Core
    DateTime=2021-03-22T02:49:27.5002970Z
WeighingSystemUPPCV3_5_Core.Startup Information: 0 : Path: localhost:44386//api/Config
Body: 
Query: 
Client IP: ::1

    DateTime=2021-03-22T02:49:34.5597980Z
WeighingSystemUPPCV3_5_Core.Startup Information: 0 : Path: localhost:44386//api/BalingStations/selected
Body: 
Query: 
Client IP: ::1

    DateTime=2021-03-22T02:49:34.8255589Z
WeighingSystemUPPCV3_5_Core.Startup Information: 0 : Path: localhost:44386//api/MoistureSettings
Body: 
Query: 
Client IP: ::1

    DateTime=2021-03-22T02:49:37.0773265Z
WeighingSystemUPPCV3_5_Core.Startup Information: 0 : Path: localhost:44386//api/TransactionTypes
Body: 
Query: 
Client IP: ::1

    DateTime=2021-03-22T02:49:37.2198413Z
WeighingSystemUPPCV3_5_Core.Startup Information: 0 : Path: localhost:44386//api/MoistureReaders
Body: 
Query: 
Client IP: ::1

    DateTime=2021-03-22T02:49:37.2758885Z
WeighingSystemUPPCV3_5_Core.Startup Information: 0 : Path: localhost:44386//api/BaleTypes
Body: 
Query: 
Client IP: ::1

    DateTime=2021-03-22T02:49:37.3518624Z
WeighingSystemUPPCV3_5_Core.Startup Information: 0 : Path: localhost:44386//api/Sources
Body: 
Query: 
Client IP: ::1

    DateTime=2021-03-22T02:49:37.4189436Z
WeighingSystemUPPCV3_5_Core.Startup Information: 0 : Path: localhost:44386//api/SourceCategories
Body: 
Query: 
Client IP: ::1

    DateTime=2021-03-22T02:49:37.4963182Z
WeighingSystemUPPCV3_5_Core.Startup Information: 0 : Path: localhost:44386//api/Customers
Body: 
Query: 
Client IP: ::1

    DateTime=2021-03-22T02:49:37.5446012Z
WeighingSystemUPPCV3_5_Core.Startup Information: 0 : Path: localhost:44386//api/Suppliers
Body: 
Query: 
Client IP: ::1

    DateTime=2021-03-22T02:49:37.6130872Z
WeighingSystemUPPCV3_5_Core.Startup Information: 0 : Path: localhost:44386//api/RawMaterials
Body: 
Query: 
Client IP: ::1

    DateTime=2021-03-22T02:49:37.6660945Z
WeighingSystemUPPCV3_5_Core.Startup Information: 0 : Path: localhost:44386//api/Products
Body: 
Query: 
Client IP: ::1

    DateTime=2021-03-22T02:49:37.7749507Z
WeighingSystemUPPCV3_5_Core.Startup Information: 0 : Path: localhost:44386//api/Categories
Body: 
Query: 
Client IP: ::1

    DateTime=2021-03-22T02:49:37.8434198Z
WeighingSystemUPPCV3_5_Core.Startup Information: 0 : Path: localhost:44386//api/Haulers
Body: 
Query: 
Client IP: ::1

    DateTime=2021-03-22T02:49:37.9021532Z
WeighingSystemUPPCV3_5_Core.Startup Information: 0 : Path: localhost:44386//api/Vehicles
Body: 
Query: 
Client IP: ::1

    DateTime=2021-03-22T02:49:37.9782760Z
WeighingSystemUPPCV3_5_Core.Startup Information: 0 : Path: localhost:44386//api/VehicleTypes
Body: 
Query: 
Client IP: ::1

    DateTime=2021-03-22T02:49:38.1353121Z
WeighingSystemUPPCV3_5_Core.Startup Information: 0 : Path: localhost:44386//api/SubSuppliers
Body: 
Query: 
Client IP: ::1

    DateTime=2021-03-22T02:49:38.2098951Z
WeighingSystemUPPCV3_5_Core.Startup Information: 0 : Path: localhost:44386//api/SaleTransactions
Body: 
Query: ?Returned=false
Client IP: ::1

    DateTime=2021-03-22T02:49:38.2722122Z
WeighingSystemUPPCV3_5_Core.Startup Information: 0 : Path: localhost:44386//api/UserAccounts/UserAccountDetails
Body: 
Query: 
Client IP: ::1

    DateTime=2021-03-22T02:49:38.4388705Z
WeighingSystemUPPCV3_5_Core.Startup Information: 0 : Path: localhost:44386//api/Reminders
Body: 
Query: 
Client IP: ::1

    DateTime=2021-03-22T02:49:38.5280530Z
WeighingSystemUPPCV3_5_Core.Startup Information: 0 : Path: localhost:44386//api/Signatories
Body: 
Query: 
Client IP: ::1

    DateTime=2021-03-22T02:49:38.5783862Z
WeighingSystemUPPCV3_5_Core.Startup Information: 0 : Path: localhost:44386//api/UserAccounts/LogIn
Body: {"userName":"TSI","userPwd":"1"}
Query: 
Client IP: ::1

    DateTime=2021-03-22T02:49:43.0365908Z
WeighingSystemUPPCV3_5_Core.Startup Information: 0 : Path: localhost:44386//api/PurchaseTransactions
Body: 
Query: ?TransactionId=0&ReceiptNum=&DTFrom=3%2f22%2f2021%2010%3a49%3a44%20AM&DTTo=3%2f22%2f2021%2010%3a49%3a44%20AM
Client IP: ::1

    DateTime=2021-03-22T02:49:44.4166756Z
WeighingSystemUPPCV3_5_Core.Startup Information: 0 : Path: localhost:44386//api/PurchaseTransactions
Body: 
Query: ?TransactionId=0&ReceiptNum=&DTFrom=3%2f1%2f2021%2010%3a49%3a44%20AM&DTTo=3%2f22%2f2021%2010%3a49%3a44%20AM
Client IP: ::1

    DateTime=2021-03-22T02:49:46.2366332Z
WeighingSystemUPPCV3_5_Core.Startup Information: 0 : Path: localhost:44386//api/PurchaseTransactions/10049334
Body: 
Query: ?includeMCReaderLogs=true
Client IP: ::1

    DateTime=2021-03-22T02:49:51.9236419Z
WeighingSystemUPPCV3_5_Core.Startup Information: 0 : Path: localhost:44386//api/PurchaseOrders
Body: 
Query: ?PurchaseOrderId=0&DTEffectivity=1%2f1%2f0001%2012%3a00%3a00%20AM&SupplierId=0&RawMaterialId=0&PONum=&Price=0&BalanceTotalKg=0&POType=&Remarks=&DTCreated=1%2f1%2f0001%2012%3a00%3a00%20AM&CreatedById=&DTModified=&ModifiedById=&IsActive=True&Locked=&BalanceRemainingKg=&BalanceDeliveredKg=
Client IP: ::1

    DateTime=2021-03-22T02:49:52.9273206Z
WeighingSystemUPPCV3_5_Core.Startup Information: 0 : Path: localhost:44386//api/PurchaseTransactions/10049334
Body: 
Query: ?includeMCReaderLogs=true
Client IP: ::1

    DateTime=2021-03-22T02:50:17.3201877Z
WeighingSystemUPPCV3_5_Core.Startup Information: 0 : Path: localhost:44386//api/PurchaseOrders
Body: 
Query: ?PurchaseOrderId=0&DTEffectivity=1%2f1%2f0001%2012%3a00%3a00%20AM&SupplierId=0&RawMaterialId=0&PONum=&Price=0&BalanceTotalKg=0&POType=&Remarks=&DTCreated=1%2f1%2f0001%2012%3a00%3a00%20AM&CreatedById=&DTModified=&ModifiedById=&IsActive=True&Locked=&BalanceRemainingKg=&BalanceDeliveredKg=
Client IP: ::1

    DateTime=2021-03-22T02:50:24.6038123Z
WeighingSystemUPPCV3_5_Core.Startup Information: 0 : Path: localhost:44386//api/PurchaseTransactions/10049334
Body: 
Query: ?includeMCReaderLogs=true
Client IP: ::1

    DateTime=2021-03-22T02:50:40.4422298Z
WeighingSystemUPPCV3_5_Core.Startup Information: 0 : Path: localhost:44386//api/PurchaseOrders
Body: 
Query: ?PurchaseOrderId=0&DTEffectivity=1%2f1%2f0001%2012%3a00%3a00%20AM&SupplierId=0&RawMaterialId=0&PONum=&Price=0&BalanceTotalKg=0&POType=&Remarks=&DTCreated=1%2f1%2f0001%2012%3a00%3a00%20AM&CreatedById=&DTModified=&ModifiedById=&IsActive=True&Locked=&BalanceRemainingKg=&BalanceDeliveredKg=
Client IP: ::1

    DateTime=2021-03-22T02:50:46.7563466Z
WeighingSystemUPPCV3_5_Core.Startup Information: 0 : Path: localhost:44386//api/PurchaseTransactions/10049335
Body: 
Query: ?includeMCReaderLogs=true
Client IP: ::1

    DateTime=2021-03-22T02:51:20.9092783Z
WeighingSystemUPPCV3_5_Core.Startup Information: 0 : Path: localhost:44386//api/PurchaseOrders
Body: 
Query: ?PurchaseOrderId=0&DTEffectivity=1%2f1%2f0001%2012%3a00%3a00%20AM&SupplierId=0&RawMaterialId=0&PONum=&Price=0&BalanceTotalKg=0&POType=&Remarks=&DTCreated=1%2f1%2f0001%2012%3a00%3a00%20AM&CreatedById=&DTModified=&ModifiedById=&IsActive=True&Locked=&BalanceRemainingKg=&BalanceDeliveredKg=
Client IP: ::1

    DateTime=2021-03-22T02:51:24.6588202Z
WeighingSystemUPPCV3_5_Core.Startup Information: 0 : Path: localhost:44386//api/PurchaseTransactions/10049335
Body: 
Query: ?includeMCReaderLogs=true
Client IP: ::1

    DateTime=2021-03-22T02:53:27.7829124Z
Microsoft.Hosting.Lifetime Information: 0 : Now listening on: https://[::]:44386
    DateTime=2021-03-22T03:06:20.0044154Z
Microsoft.Hosting.Lifetime Information: 0 : Now listening on: http://[::]:44385
    DateTime=2021-03-22T03:06:20.0117484Z
Microsoft.Hosting.Lifetime Information: 0 : Application started. Press Ctrl+C to shut down.
    DateTime=2021-03-22T03:06:20.0197531Z
Microsoft.Hosting.Lifetime Information: 0 : Hosting environment: Development
    DateTime=2021-03-22T03:06:20.0259406Z
Microsoft.Hosting.Lifetime Information: 0 : Content root path: D:\dir\tsi\UPPC\Phase 4\WeighingSystemUPPCV3.5\WeighingSystemUPPCV3.5.Core\WeighingSystemUPPCV3.5.Core
    DateTime=2021-03-22T03:06:20.0329136Z
WeighingSystemUPPCV3_5_Core.Startup Information: 0 : Path: localhost:44386//api/Config
Body: 
Query: 
Client IP: ::1

    DateTime=2021-03-22T03:06:42.6815363Z
WeighingSystemUPPCV3_5_Core.Startup Information: 0 : Path: localhost:44386//api/BalingStations/selected
Body: 
Query: 
Client IP: ::1

    DateTime=2021-03-22T03:06:43.0180848Z
WeighingSystemUPPCV3_5_Core.Startup Information: 0 : Path: localhost:44386//api/MoistureSettings
Body: 
Query: 
Client IP: ::1

    DateTime=2021-03-22T03:06:52.2935934Z
WeighingSystemUPPCV3_5_Core.Startup Information: 0 : Path: localhost:44386//api/TransactionTypes
Body: 
Query: 
Client IP: ::1

    DateTime=2021-03-22T03:06:52.4187562Z
WeighingSystemUPPCV3_5_Core.Startup Information: 0 : Path: localhost:44386//api/MoistureReaders
Body: 
Query: 
Client IP: ::1

    DateTime=2021-03-22T03:06:52.4758924Z
WeighingSystemUPPCV3_5_Core.Startup Information: 0 : Path: localhost:44386//api/BaleTypes
Body: 
Query: 
Client IP: ::1

    DateTime=2021-03-22T03:06:52.5560020Z
WeighingSystemUPPCV3_5_Core.Startup Information: 0 : Path: localhost:44386//api/Sources
Body: 
Query: 
Client IP: ::1

    DateTime=2021-03-22T03:06:52.6166173Z
WeighingSystemUPPCV3_5_Core.Startup Information: 0 : Path: localhost:44386//api/SourceCategories
Body: 
Query: 
Client IP: ::1

    DateTime=2021-03-22T03:06:52.6939587Z
WeighingSystemUPPCV3_5_Core.Startup Information: 0 : Path: localhost:44386//api/Customers
Body: 
Query: 
Client IP: ::1

    DateTime=2021-03-22T03:06:52.7401730Z
WeighingSystemUPPCV3_5_Core.Startup Information: 0 : Path: localhost:44386//api/Suppliers
Body: 
Query: 
Client IP: ::1

    DateTime=2021-03-22T03:06:52.7976133Z
WeighingSystemUPPCV3_5_Core.Startup Information: 0 : Path: localhost:44386//api/RawMaterials
Body: 
Query: 
Client IP: ::1

    DateTime=2021-03-22T03:06:52.8565847Z
WeighingSystemUPPCV3_5_Core.Startup Information: 0 : Path: localhost:44386//api/Products
Body: 
Query: 
Client IP: ::1

    DateTime=2021-03-22T03:06:52.9678723Z
WeighingSystemUPPCV3_5_Core.Startup Information: 0 : Path: localhost:44386//api/Categories
Body: 
Query: 
Client IP: ::1

    DateTime=2021-03-22T03:06:53.0617538Z
WeighingSystemUPPCV3_5_Core.Startup Information: 0 : Path: localhost:44386//api/Haulers
Body: 
Query: 
Client IP: ::1

    DateTime=2021-03-22T03:06:53.1243701Z
WeighingSystemUPPCV3_5_Core.Startup Information: 0 : Path: localhost:44386//api/Vehicles
Body: 
Query: 
Client IP: ::1

    DateTime=2021-03-22T03:06:53.1791931Z
WeighingSystemUPPCV3_5_Core.Startup Information: 0 : Path: localhost:44386//api/VehicleTypes
Body: 
Query: 
Client IP: ::1

    DateTime=2021-03-22T03:06:53.2931626Z
WeighingSystemUPPCV3_5_Core.Startup Information: 0 : Path: localhost:44386//api/SubSuppliers
Body: 
Query: 
Client IP: ::1

    DateTime=2021-03-22T03:06:53.3465671Z
WeighingSystemUPPCV3_5_Core.Startup Information: 0 : Path: localhost:44386//api/SaleTransactions
Body: 
Query: ?Returned=false
Client IP: ::1

    DateTime=2021-03-22T03:06:53.3999557Z
WeighingSystemUPPCV3_5_Core.Startup Information: 0 : Path: localhost:44386//api/UserAccounts/UserAccountDetails
Body: 
Query: 
Client IP: ::1

    DateTime=2021-03-22T03:06:53.5446073Z
WeighingSystemUPPCV3_5_Core.Startup Information: 0 : Path: localhost:44386//api/Reminders
Body: 
Query: 
Client IP: ::1

    DateTime=2021-03-22T03:06:53.6205532Z
WeighingSystemUPPCV3_5_Core.Startup Information: 0 : Path: localhost:44386//api/Signatories
Body: 
Query: 
Client IP: ::1

    DateTime=2021-03-22T03:06:53.6877294Z
WeighingSystemUPPCV3_5_Core.Startup Information: 0 : Path: localhost:44386//api/UserAccounts/LogIn
Body: {"userName":"TSI","userPwd":"1"}
Query: 
Client IP: ::1

    DateTime=2021-03-22T03:06:56.2004087Z
WeighingSystemUPPCV3_5_Core.Startup Information: 0 : Path: localhost:44386//api/PurchaseTransactions
Body: 
Query: ?TransactionId=0&ReceiptNum=&DTFrom=3%2f22%2f2021%2011%3a06%3a57%20AM&DTTo=3%2f22%2f2021%2011%3a06%3a57%20AM
Client IP: ::1

    DateTime=2021-03-22T03:06:57.5531254Z
WeighingSystemUPPCV3_5_Core.Startup Information: 0 : Path: localhost:44386//api/PurchaseTransactions
Body: 
Query: ?TransactionId=0&ReceiptNum=&DTFrom=3%2f1%2f2021%2011%3a06%3a57%20AM&DTTo=3%2f22%2f2021%2011%3a06%3a57%20AM
Client IP: ::1

    DateTime=2021-03-22T03:06:59.4248922Z
WeighingSystemUPPCV3_5_Core.Startup Information: 0 : Path: localhost:44386//api/PurchaseTransactions/10049335
Body: 
Query: ?includeMCReaderLogs=true
Client IP: ::1

    DateTime=2021-03-22T03:07:17.2623417Z
WeighingSystemUPPCV3_5_Core.Startup Information: 0 : Path: localhost:44386//api/PurchaseOrders
Body: 
Query: ?PurchaseOrderId=0&DTEffectivity=1%2f1%2f0001%2012%3a00%3a00%20AM&SupplierId=0&RawMaterialId=0&PONum=&Price=0&BalanceTotalKg=0&POType=&Remarks=&DTCreated=1%2f1%2f0001%2012%3a00%3a00%20AM&CreatedById=&DTModified=&ModifiedById=&IsActive=True&Locked=&BalanceRemainingKg=&BalanceDeliveredKg=
Client IP: ::1

    DateTime=2021-03-22T03:07:39.4470793Z
Microsoft.Hosting.Lifetime Information: 0 : Now listening on: https://[::]:44386
    DateTime=2021-03-22T03:24:08.3689942Z
Microsoft.Hosting.Lifetime Information: 0 : Now listening on: http://[::]:44385
    DateTime=2021-03-22T03:24:08.3756040Z
Microsoft.Hosting.Lifetime Information: 0 : Application started. Press Ctrl+C to shut down.
    DateTime=2021-03-22T03:24:08.3830392Z
Microsoft.Hosting.Lifetime Information: 0 : Hosting environment: Development
    DateTime=2021-03-22T03:24:08.3896249Z
Microsoft.Hosting.Lifetime Information: 0 : Content root path: D:\dir\tsi\UPPC\Phase 4\WeighingSystemUPPCV3.5\WeighingSystemUPPCV3.5.Core\WeighingSystemUPPCV3.5.Core
    DateTime=2021-03-22T03:24:08.3966445Z
WeighingSystemUPPCV3_5_Core.Startup Information: 0 : Path: localhost:44386//api/Config
Body: 
Query: 
Client IP: ::1

    DateTime=2021-03-22T03:25:33.3653702Z
WeighingSystemUPPCV3_5_Core.Startup Information: 0 : Path: localhost:44386//api/BalingStations/selected
Body: 
Query: 
Client IP: ::1

    DateTime=2021-03-22T03:25:33.6590031Z
WeighingSystemUPPCV3_5_Core.Startup Information: 0 : Path: localhost:44386//api/MoistureSettings
Body: 
Query: 
Client IP: ::1

    DateTime=2021-03-22T03:25:53.0212083Z
WeighingSystemUPPCV3_5_Core.Startup Information: 0 : Path: localhost:44386//api/TransactionTypes
Body: 
Query: 
Client IP: ::1

    DateTime=2021-03-22T03:25:53.1680524Z
WeighingSystemUPPCV3_5_Core.Startup Information: 0 : Path: localhost:44386//api/MoistureReaders
Body: 
Query: 
Client IP: ::1

    DateTime=2021-03-22T03:25:53.2336375Z
WeighingSystemUPPCV3_5_Core.Startup Information: 0 : Path: localhost:44386//api/BaleTypes
Body: 
Query: 
Client IP: ::1

    DateTime=2021-03-22T03:25:53.3099328Z
WeighingSystemUPPCV3_5_Core.Startup Information: 0 : Path: localhost:44386//api/Sources
Body: 
Query: 
Client IP: ::1

    DateTime=2021-03-22T03:25:53.3676439Z
WeighingSystemUPPCV3_5_Core.Startup Information: 0 : Path: localhost:44386//api/SourceCategories
Body: 
Query: 
Client IP: ::1

    DateTime=2021-03-22T03:25:53.4476720Z
WeighingSystemUPPCV3_5_Core.Startup Information: 0 : Path: localhost:44386//api/Customers
Body: 
Query: 
Client IP: ::1

    DateTime=2021-03-22T03:25:53.4987004Z
WeighingSystemUPPCV3_5_Core.Startup Information: 0 : Path: localhost:44386//api/Suppliers
Body: 
Query: 
Client IP: ::1

    DateTime=2021-03-22T03:25:53.5692427Z
WeighingSystemUPPCV3_5_Core.Startup Information: 0 : Path: localhost:44386//api/RawMaterials
Body: 
Query: 
Client IP: ::1

    DateTime=2021-03-22T03:25:53.6338466Z
WeighingSystemUPPCV3_5_Core.Startup Information: 0 : Path: localhost:44386//api/Products
Body: 
Query: 
Client IP: ::1

    DateTime=2021-03-22T03:25:53.7470408Z
WeighingSystemUPPCV3_5_Core.Startup Information: 0 : Path: localhost:44386//api/Categories
Body: 
Query: 
Client IP: ::1

    DateTime=2021-03-22T03:25:53.8162990Z
WeighingSystemUPPCV3_5_Core.Startup Information: 0 : Path: localhost:44386//api/Haulers
Body: 
Query: 
Client IP: ::1

    DateTime=2021-03-22T03:25:53.8772912Z
WeighingSystemUPPCV3_5_Core.Startup Information: 0 : Path: localhost:44386//api/Vehicles
Body: 
Query: 
Client IP: ::1

    DateTime=2021-03-22T03:25:53.9367237Z
WeighingSystemUPPCV3_5_Core.Startup Information: 0 : Path: localhost:44386//api/VehicleTypes
Body: 
Query: 
Client IP: ::1

    DateTime=2021-03-22T03:25:54.0886364Z
WeighingSystemUPPCV3_5_Core.Startup Information: 0 : Path: localhost:44386//api/SubSuppliers
Body: 
Query: 
Client IP: ::1

    DateTime=2021-03-22T03:25:54.1422678Z
WeighingSystemUPPCV3_5_Core.Startup Information: 0 : Path: localhost:44386//api/SaleTransactions
Body: 
Query: ?Returned=false
Client IP: ::1

    DateTime=2021-03-22T03:25:54.2013051Z
WeighingSystemUPPCV3_5_Core.Startup Information: 0 : Path: localhost:44386//api/UserAccounts/UserAccountDetails
Body: 
Query: 
Client IP: ::1

    DateTime=2021-03-22T03:25:54.3596630Z
WeighingSystemUPPCV3_5_Core.Startup Information: 0 : Path: localhost:44386//api/Reminders
Body: 
Query: 
Client IP: ::1

    DateTime=2021-03-22T03:25:54.4292400Z
WeighingSystemUPPCV3_5_Core.Startup Information: 0 : Path: localhost:44386//api/Signatories
Body: 
Query: 
Client IP: ::1

    DateTime=2021-03-22T03:25:54.4849400Z
WeighingSystemUPPCV3_5_Core.Startup Information: 0 : Path: localhost:44386//api/UserAccounts/LogIn
Body: {"userName":"TSI","userPwd":"1"}
Query: 
Client IP: ::1

    DateTime=2021-03-22T03:25:58.1798955Z
WeighingSystemUPPCV3_5_Core.Startup Information: 0 : Path: localhost:44386//api/PurchaseTransactions
Body: 
Query: ?TransactionId=0&ReceiptNum=&DTFrom=3%2f22%2f2021%2011%3a25%3a59%20AM&DTTo=3%2f22%2f2021%2011%3a25%3a59%20AM
Client IP: ::1

    DateTime=2021-03-22T03:25:59.6261517Z
WeighingSystemUPPCV3_5_Core.Startup Information: 0 : Path: localhost:44386//api/PurchaseTransactions
Body: 
Query: ?TransactionId=0&ReceiptNum=&DTFrom=3%2f1%2f2021%2011%3a25%3a59%20AM&DTTo=3%2f22%2f2021%2011%3a25%3a59%20AM
Client IP: ::1

    DateTime=2021-03-22T03:26:01.3308645Z
WeighingSystemUPPCV3_5_Core.Startup Information: 0 : Path: localhost:44386//api/PurchaseTransactions/10049334
Body: 
Query: ?includeMCReaderLogs=true
Client IP: ::1

    DateTime=2021-03-22T03:26:08.5726995Z
WeighingSystemUPPCV3_5_Core.Controllers.PurchaseTransactionsController Error: 0 : The method or operation is not implemented.
    DateTime=2021-03-22T03:26:08.7000597Z
WeighingSystemUPPCV3_5_Core.Startup Information: 0 : Path: localhost:44386//api/PurchaseTransactions/10049334
Body: 
Query: ?includeMCReaderLogs=true
Client IP: ::1

    DateTime=2021-03-22T03:26:28.5627946Z
Microsoft.Hosting.Lifetime Information: 0 : Now listening on: https://[::]:44386
    DateTime=2021-03-22T03:31:08.3030846Z
Microsoft.Hosting.Lifetime Information: 0 : Now listening on: http://[::]:44385
    DateTime=2021-03-22T03:31:08.3103491Z
Microsoft.Hosting.Lifetime Information: 0 : Application started. Press Ctrl+C to shut down.
    DateTime=2021-03-22T03:31:08.3187154Z
Microsoft.Hosting.Lifetime Information: 0 : Hosting environment: Development
    DateTime=2021-03-22T03:31:08.3260365Z
Microsoft.Hosting.Lifetime Information: 0 : Content root path: D:\dir\tsi\UPPC\Phase 4\WeighingSystemUPPCV3.5\WeighingSystemUPPCV3.5.Core\WeighingSystemUPPCV3.5.Core
    DateTime=2021-03-22T03:31:08.3331122Z
WeighingSystemUPPCV3_5_Core.Startup Information: 0 : Path: localhost:44386//api/PurchaseTransactions/10049334
Body: 
Query: ?includeMCReaderLogs=true
Client IP: ::1

    DateTime=2021-03-22T03:31:23.7555538Z
WeighingSystemUPPCV3_5_Core.Startup Information: 0 : Path: localhost:44386//api/PurchaseOrders
Body: 
Query: ?PurchaseOrderId=0&DTEffectivity=1%2f1%2f0001%2012%3a00%3a00%20AM&SupplierId=0&RawMaterialId=0&PONum=&Price=0&BalanceTotalKg=0&POType=&Remarks=&DTCreated=1%2f1%2f0001%2012%3a00%3a00%20AM&CreatedById=&DTModified=&ModifiedById=&IsActive=True&Locked=&RawMaterialDesc=&BalanceRemainingKg=&BalanceDeliveredKg=&PurchaseOrderView=
Client IP: ::1

    DateTime=2021-03-22T03:31:27.2401887Z
WeighingSystemUPPCV3_5_Core.Startup Information: 0 : Path: localhost:44386//api/PurchaseTransactions/10049334
Body: 
Query: ?includeMCReaderLogs=true
Client IP: ::1

    DateTime=2021-03-22T03:31:49.7020965Z
WeighingSystemUPPCV3_5_Core.Startup Information: 0 : Path: localhost:44386//api/PurchaseOrders
Body: 
Query: ?PurchaseOrderId=0&DTEffectivity=1%2f1%2f0001%2012%3a00%3a00%20AM&SupplierId=0&RawMaterialId=0&PONum=&Price=0&BalanceTotalKg=0&POType=&Remarks=&DTCreated=1%2f1%2f0001%2012%3a00%3a00%20AM&CreatedById=&DTModified=&ModifiedById=&IsActive=True&Locked=&RawMaterialDesc=&BalanceRemainingKg=&BalanceDeliveredKg=&PurchaseOrderView=
Client IP: ::1

    DateTime=2021-03-22T03:31:50.4907229Z
Microsoft.Hosting.Lifetime Information: 0 : Application is shutting down...
    DateTime=2021-03-22T04:57:28.4784592Z
Microsoft.Hosting.Lifetime Information: 0 : Now listening on: https://[::]:44386
    DateTime=2021-03-22T05:04:07.8610315Z
Microsoft.Hosting.Lifetime Information: 0 : Now listening on: http://[::]:44385
    DateTime=2021-03-22T05:04:07.8693173Z
Microsoft.Hosting.Lifetime Information: 0 : Application started. Press Ctrl+C to shut down.
    DateTime=2021-03-22T05:04:07.8795822Z
Microsoft.Hosting.Lifetime Information: 0 : Hosting environment: Development
    DateTime=2021-03-22T05:04:07.8879017Z
Microsoft.Hosting.Lifetime Information: 0 : Content root path: D:\dir\tsi\UPPC\Phase 4\WeighingSystemUPPCV3.5\WeighingSystemUPPCV3.5.Core\WeighingSystemUPPCV3.5.Core
    DateTime=2021-03-22T05:04:07.8986164Z
WeighingSystemUPPCV3_5_Core.Startup Information: 0 : Path: localhost:44386//
Body: 
Query: 
Client IP: ::1

    DateTime=2021-03-22T05:07:10.3872559Z
WeighingSystemUPPCV3_5_Core.Startup Information: 0 : Path: localhost:44386//
Body: 
Query: 
Client IP: ::1

    DateTime=2021-03-22T05:09:17.6479822Z
WeighingSystemUPPCV3_5_Core.Startup Information: 0 : Path: localhost:44386//
Body: 
Query: 
Client IP: ::1

    DateTime=2021-03-22T05:09:27.5912422Z
WeighingSystemUPPCV3_5_Core.Startup Information: 0 : Path: localhost:44386//api/balingstations
Body: 
Query: 
Client IP: ::1

    DateTime=2021-03-22T05:10:04.3866890Z
WeighingSystemUPPCV3_5_Core.Startup Information: 0 : Path: localhost:44386//api/balingstations
Body: 
Query: 
Client IP: ::1

    DateTime=2021-03-22T05:11:11.7596633Z
WeighingSystemUPPCV3_5_Core.Startup Information: 0 : Path: localhost:44386//api/balingstations
Body: 
Query: 
Client IP: ::1

    DateTime=2021-03-22T05:19:05.5524368Z
WeighingSystemUPPCV3_5_Core.Startup Information: 0 : Path: localhost:44386//api/balingstations
Body: 
Query: 
Client IP: ::1

    DateTime=2021-03-22T05:26:04.0884791Z
Microsoft.Hosting.Lifetime Information: 0 : Application is shutting down...
    DateTime=2021-03-22T05:26:28.0327522Z
