Microsoft.Hosting.Lifetime Information: 0 : Now listening on: https://[::]:44386
    DateTime=2021-06-21T01:44:02.5619386Z
Microsoft.Hosting.Lifetime Information: 0 : Now listening on: http://[::]:44385
    DateTime=2021-06-21T01:44:02.5710414Z
Microsoft.Hosting.Lifetime Information: 0 : Application started. Press Ctrl+C to shut down.
    DateTime=2021-06-21T01:44:02.5807673Z
Microsoft.Hosting.Lifetime Information: 0 : Hosting environment: Development
    DateTime=2021-06-21T01:44:02.5916999Z
Microsoft.Hosting.Lifetime Information: 0 : Content root path: D:\dir\tsi\UPPC\Phase 4\WeighingSystemUPPCV3.5\WeighingSystemUPPCV3.5.Core\WeighingSystemUPPCV3.5.Core
    DateTime=2021-06-21T01:44:02.6011831Z
WeighingSystemUPPCV3_5_Core.Startup Information: 0 : Path: localhost:44386//api/Config
Body: 
Query: 
Client IP: ::1

    DateTime=2021-06-21T01:44:10.1528704Z
WeighingSystemUPPCV3_5_Core.Startup Information: 0 : Path: localhost:44386//api/BalingStations/selected
Body: 
Query: 
Client IP: ::1

    DateTime=2021-06-21T01:44:10.6163818Z
WeighingSystemUPPCV3_5_Core.Startup Information: 0 : Path: localhost:44386//api/MoistureSettings
Body: 
Query: 
Client IP: ::1

    DateTime=2021-06-21T01:44:14.7122785Z
WeighingSystemUPPCV3_5_Core.Startup Information: 0 : Path: localhost:44386//api/TransactionTypes
Body: 
Query: 
Client IP: ::1

    DateTime=2021-06-21T01:44:14.9421204Z
WeighingSystemUPPCV3_5_Core.Startup Information: 0 : Path: localhost:44386//api/MoistureReaders
Body: 
Query: 
Client IP: ::1

    DateTime=2021-06-21T01:44:15.0444505Z
WeighingSystemUPPCV3_5_Core.Startup Information: 0 : Path: localhost:44386//api/BaleTypes
Body: 
Query: 
Client IP: ::1

    DateTime=2021-06-21T01:44:15.1867486Z
WeighingSystemUPPCV3_5_Core.Startup Information: 0 : Path: localhost:44386//api/Sources
Body: 
Query: 
Client IP: ::1

    DateTime=2021-06-21T01:44:15.3030253Z
WeighingSystemUPPCV3_5_Core.Startup Information: 0 : Path: localhost:44386//api/SourceCategories
Body: 
Query: 
Client IP: ::1

    DateTime=2021-06-21T01:44:15.4132868Z
WeighingSystemUPPCV3_5_Core.Startup Information: 0 : Path: localhost:44386//api/Customers
Body: 
Query: 
Client IP: ::1

    DateTime=2021-06-21T01:44:15.5564167Z
WeighingSystemUPPCV3_5_Core.Startup Information: 0 : Path: localhost:44386//api/Suppliers
Body: 
Query: 
Client IP: ::1

    DateTime=2021-06-21T01:44:15.6629485Z
WeighingSystemUPPCV3_5_Core.Startup Information: 0 : Path: localhost:44386//api/RawMaterials
Body: 
Query: 
Client IP: ::1

    DateTime=2021-06-21T01:44:15.7609197Z
WeighingSystemUPPCV3_5_Core.Startup Information: 0 : Path: localhost:44386//api/Products
Body: 
Query: 
Client IP: ::1

    DateTime=2021-06-21T01:44:15.9278887Z
WeighingSystemUPPCV3_5_Core.Startup Information: 0 : Path: localhost:44386//api/Categories
Body: 
Query: 
Client IP: ::1

    DateTime=2021-06-21T01:44:16.0389022Z
WeighingSystemUPPCV3_5_Core.Startup Information: 0 : Path: localhost:44386//api/Haulers
Body: 
Query: 
Client IP: ::1

    DateTime=2021-06-21T01:44:16.1363868Z
WeighingSystemUPPCV3_5_Core.Startup Information: 0 : Path: localhost:44386//api/Vehicles
Body: 
Query: 
Client IP: ::1

    DateTime=2021-06-21T01:44:16.2235073Z
WeighingSystemUPPCV3_5_Core.Startup Information: 0 : Path: localhost:44386//api/VehicleTypes
Body: 
Query: 
Client IP: ::1

    DateTime=2021-06-21T01:44:16.4190312Z
WeighingSystemUPPCV3_5_Core.Startup Information: 0 : Path: localhost:44386//api/SubSuppliers
Body: 
Query: 
Client IP: ::1

    DateTime=2021-06-21T01:44:16.5101710Z
WeighingSystemUPPCV3_5_Core.Startup Information: 0 : Path: localhost:44386//api/SaleTransactions
Body: 
Query: ?Returned=false
Client IP: ::1

    DateTime=2021-06-21T01:44:16.5967109Z
WeighingSystemUPPCV3_5_Core.Startup Information: 0 : Path: localhost:44386//api/UserAccounts/UserAccountDetails
Body: 
Query: 
Client IP: ::1

    DateTime=2021-06-21T01:44:16.7514226Z
WeighingSystemUPPCV3_5_Core.Startup Information: 0 : Path: localhost:44386//api/Reminders
Body: 
Query: 
Client IP: ::1

    DateTime=2021-06-21T01:44:16.8529982Z
WeighingSystemUPPCV3_5_Core.Startup Information: 0 : Path: localhost:44386//api/Signatories
Body: 
Query: 
Client IP: ::1

    DateTime=2021-06-21T01:44:16.9417956Z
WeighingSystemUPPCV3_5_Core.Startup Information: 0 : Path: localhost:44386//api/UserAccounts/LogIn
Body: {"userName":"TSI","userPwd":"1"}
Query: 
Client IP: ::1

    DateTime=2021-06-21T01:45:03.9074328Z
WeighingSystemUPPCV3_5_Core.Startup Information: 0 : Path: localhost:44386//api/Suppliers
Body: 
Query: 
Client IP: ::1

    DateTime=2021-06-21T01:45:07.9878144Z
WeighingSystemUPPCV3_5_Core.Startup Information: 0 : Path: localhost:44386//api/Suppliers
Body: {"supplierId":0,"supplierCode":"8080DT","supplierName":"8080 DRAGON TRADING","location":"OMBOY, ABUCAY, BATAAAN","contactPerson":"MR. ANDY JIMENEZ","contactNum":"09209145371","isActive":true}
Query: 
Client IP: ::1

    DateTime=2021-06-21T01:46:25.6321554Z
WeighingSystemUPPCV3_5_Core.Startup Information: 0 : Path: localhost:44386//api/Config
Body: 
Query: 
Client IP: ::1

    DateTime=2021-06-21T01:49:48.9026700Z
WeighingSystemUPPCV3_5_Core.Startup Information: 0 : Path: localhost:44386//api/BalingStations/selected
Body: 
Query: 
Client IP: ::1

    DateTime=2021-06-21T01:49:49.0847867Z
WeighingSystemUPPCV3_5_Core.Startup Information: 0 : Path: localhost:44386//api/MoistureSettings
Body: 
Query: 
Client IP: ::1

    DateTime=2021-06-21T01:49:49.2765346Z
WeighingSystemUPPCV3_5_Core.Startup Information: 0 : Path: localhost:44386//api/TransactionTypes
Body: 
Query: 
Client IP: ::1

    DateTime=2021-06-21T01:49:49.4477512Z
WeighingSystemUPPCV3_5_Core.Startup Information: 0 : Path: localhost:44386//api/MoistureReaders
Body: 
Query: 
Client IP: ::1

    DateTime=2021-06-21T01:49:49.5531238Z
WeighingSystemUPPCV3_5_Core.Startup Information: 0 : Path: localhost:44386//api/BaleTypes
Body: 
Query: 
Client IP: ::1

    DateTime=2021-06-21T01:49:49.6831419Z
WeighingSystemUPPCV3_5_Core.Startup Information: 0 : Path: localhost:44386//api/Sources
Body: 
Query: 
Client IP: ::1

    DateTime=2021-06-21T01:49:50.0246056Z
WeighingSystemUPPCV3_5_Core.Startup Information: 0 : Path: localhost:44386//api/SourceCategories
Body: 
Query: 
Client IP: ::1

    DateTime=2021-06-21T01:49:50.1621605Z
WeighingSystemUPPCV3_5_Core.Startup Information: 0 : Path: localhost:44386//api/Customers
Body: 
Query: 
Client IP: ::1

    DateTime=2021-06-21T01:49:50.3156303Z
WeighingSystemUPPCV3_5_Core.Startup Information: 0 : Path: localhost:44386//api/Suppliers
Body: 
Query: 
Client IP: ::1

    DateTime=2021-06-21T01:49:50.4924969Z
WeighingSystemUPPCV3_5_Core.Startup Information: 0 : Path: localhost:44386//api/RawMaterials
Body: 
Query: 
Client IP: ::1

    DateTime=2021-06-21T01:49:50.6044104Z
WeighingSystemUPPCV3_5_Core.Startup Information: 0 : Path: localhost:44386//api/Products
Body: 
Query: 
Client IP: ::1

    DateTime=2021-06-21T01:49:50.7542763Z
WeighingSystemUPPCV3_5_Core.Startup Information: 0 : Path: localhost:44386//api/Categories
Body: 
Query: 
Client IP: ::1

    DateTime=2021-06-21T01:49:50.9028519Z
WeighingSystemUPPCV3_5_Core.Startup Information: 0 : Path: localhost:44386//api/Haulers
Body: 
Query: 
Client IP: ::1

    DateTime=2021-06-21T01:49:51.1526823Z
WeighingSystemUPPCV3_5_Core.Startup Information: 0 : Path: localhost:44386//api/Vehicles
Body: 
Query: 
Client IP: ::1

    DateTime=2021-06-21T01:49:52.1133178Z
WeighingSystemUPPCV3_5_Core.Startup Information: 0 : Path: localhost:44386//api/VehicleTypes
Body: 
Query: 
Client IP: ::1

    DateTime=2021-06-21T01:49:52.2927871Z
WeighingSystemUPPCV3_5_Core.Startup Information: 0 : Path: localhost:44386//api/SubSuppliers
Body: 
Query: 
Client IP: ::1

    DateTime=2021-06-21T01:49:52.5102719Z
WeighingSystemUPPCV3_5_Core.Startup Information: 0 : Path: localhost:44386//api/SaleTransactions
Body: 
Query: ?Returned=false
Client IP: ::1

    DateTime=2021-06-21T01:49:52.6172666Z
WeighingSystemUPPCV3_5_Core.Startup Information: 0 : Path: localhost:44386//api/UserAccounts/UserAccountDetails
Body: 
Query: 
Client IP: ::1

    DateTime=2021-06-21T01:49:52.8076020Z
WeighingSystemUPPCV3_5_Core.Startup Information: 0 : Path: localhost:44386//api/Reminders
Body: 
Query: 
Client IP: ::1

    DateTime=2021-06-21T01:49:52.9818698Z
WeighingSystemUPPCV3_5_Core.Startup Information: 0 : Path: localhost:44386//api/Signatories
Body: 
Query: 
Client IP: ::1

    DateTime=2021-06-21T01:49:53.0987160Z
WeighingSystemUPPCV3_5_Core.Startup Information: 0 : Path: localhost:44386//api/UserAccounts/LogIn
Body: {"userName":"TSI","userPwd":"1"}
Query: 
Client IP: ::1

    DateTime=2021-06-21T01:49:55.9094126Z
WeighingSystemUPPCV3_5_Core.Startup Information: 0 : Path: localhost:44386//api/Suppliers
Body: 
Query: 
Client IP: ::1

    DateTime=2021-06-21T01:49:58.0040698Z
WeighingSystemUPPCV3_5_Core.Startup Information: 0 : Path: localhost:44386//api/Suppliers
Body: {"supplierId":0,"supplierCode":"DMDG TRADING","supplierName":"DMDG TRADING","location":"PRIMAVER PH.1 V. GONZALES ST. SABANG, BALIUAG, BULACAN","contactPerson":"DIVINA M. DE GUZMAN","contactNum":"09128790285","isActive":true}
Query: 
Client IP: ::1

    DateTime=2021-06-21T01:50:22.8878003Z
WeighingSystemUPPCV3_5_Core.Startup Information: 0 : Path: localhost:44386//api/Suppliers
Body: {"supplierId":0,"supplierCode":"PINEHURST BALINTAWAK","supplierName":"#28 GLOWIDE COMPOUND, QUIRINO HIGHWAY,BALINTAWAK Q.C","location":"VINCENT RYAN CO","isActive":true}
Query: 
Client IP: ::1

    DateTime=2021-06-21T01:51:28.0540135Z
WeighingSystemUPPCV3_5_Core.Startup Information: 0 : Path: localhost:44386//api/Suppliers
Body: {"supplierId":0,"supplierCode":"PINEHURST BALINTAWAK","supplierName":"PINEHURST BALINTAWAK BALING CORPORATION","location":"#28 GLOWIDE COMPOUND, QUIRINO HIGHWAY,BALINTAWAK Q.C","contactPerson":"VINCENT RYAN CO","isActive":true}
Query: 
Client IP: ::1

    DateTime=2021-06-21T01:51:54.6124616Z
WeighingSystemUPPCV3_5_Core.Startup Information: 0 : Path: localhost:44386//api/Suppliers
Body: {"supplierId":0,"supplierCode":"HEAVY DUTY PACKAGING","supplierName":"HEAVY DUTY PACKAGING CORPORATION","location":"PHASE 3, CAVITE EXPORT PROCESSING ZONE ROSARIO,CAVITE","contactPerson":"KAREN AGUILAR","contactNum":"09175599633","isActive":true}
Query: 
Client IP: ::1

    DateTime=2021-06-21T01:52:16.9884210Z
WeighingSystemUPPCV3_5_Core.Startup Information: 0 : Path: localhost:44386//api/Suppliers
Body: {"supplierId":0,"supplierCode":"EARTH BUDDY INC","supplierName":"EARTH BUDDY INC","location":"MANDALUYONG CITY","contactPerson":"DANIEL","isActive":true}
Query: 
Client IP: ::1

    DateTime=2021-06-21T01:52:33.9832019Z
WeighingSystemUPPCV3_5_Core.Startup Information: 0 : Path: localhost:44386//api/Suppliers
Body: {"supplierId":0,"supplierCode":"TRIPLE DRAGON TRADIN","supplierName":"TRIPLE DRAGON TRADING","location":"09 MALIGAYA ST., SAN ROQUE ARBOL, LUBAO, PAMPANGA","contactPerson":"MARK KENNON JIMENEZ","contactNum":"(045) 971-7123","isActive":true}
Query: 
Client IP: ::1

    DateTime=2021-06-21T01:52:52.3462096Z
WeighingSystemUPPCV3_5_Core.Startup Information: 0 : Path: localhost:44386//api/Suppliers
Body: {"supplierId":0,"supplierCode":"ALECO ENTERPRISE","supplierName":"ALECO ENTERPRISE","location":"ROMAN SUPERHIWAY ALA-ULI PILAR BATAAN","contactPerson":"CHRISTOPHER JIMENEZ","contactNum":"09178659171","isActive":true}
Query: 
Client IP: ::1

    DateTime=2021-06-21T01:53:09.3948565Z
WeighingSystemUPPCV3_5_Core.Startup Information: 0 : Path: localhost:44386//api/Categories
Body: 
Query: 
Client IP: ::1

    DateTime=2021-06-21T02:13:14.9827790Z
WeighingSystemUPPCV3_5_Core.Startup Information: 0 : Path: localhost:44386//api/Products
Body: 
Query: 
Client IP: ::1

    DateTime=2021-06-21T02:13:15.2109872Z
WeighingSystemUPPCV3_5_Core.Startup Information: 0 : Path: localhost:44386//api/PurchaseOrders/MigrateOldDb
Body: 
Query: ?dtFrom=2012-01-01&dtTo=2021-12-31
Client IP: ::1

    DateTime=2021-06-21T02:14:51.8227053Z
WeighingSystemUPPCV3_5_Core.Startup Information: 0 : Path: localhost:44386//api/PurchaseOrders/MigrateOldDb
Body: 
Query: ?dtFrom=2012-01-01&dtTo=2021-12-31
Client IP: ::1

    DateTime=2021-06-21T02:15:36.8756318Z
WeighingSystemUPPCV3_5_Core.Startup Information: 0 : Path: localhost:44386//api/PurchaseOrders/MigrateOldDb
Body: 
Query: ?dtFrom=2012-01-01&dtTo=2021-12-31
Client IP: ::1

    DateTime=2021-06-21T02:16:49.8438002Z
WeighingSystemUPPCV3_5_Core.Startup Information: 0 : Path: localhost:44386//api/PurchaseOrders/MigrateOldDb
Body: 
Query: ?dtFrom=2012-01-01&dtTo=2021-12-31
Client IP: ::1

    DateTime=2021-06-21T02:23:15.5486171Z
WeighingSystemUPPCV3_5_Core.Startup Error: 0 : Action 'WeighingSystemUPPCV3_5_Core.Controllers.BeginningInvAdjsController.MigrateOldDb (WeighingSystemUPPCV3.5.Core)' has more than one parameter that was specified or inferred as bound from request body. Only one parameter per action may be bound from body. Inspect the following parameters, and use 'FromQueryAttribute' to specify bound from query, 'FromRouteAttribute' to specify bound from route, and 'FromBodyAttribute' for parameters to be bound from body:
DateTime dtFrom
DateTime dtTo
    DateTime=2021-06-21T02:46:30.2730748Z
Microsoft.Hosting.Lifetime Information: 0 : Now listening on: https://[::]:44386
    DateTime=2021-06-21T02:49:46.1875460Z
Microsoft.Hosting.Lifetime Information: 0 : Now listening on: http://[::]:44385
    DateTime=2021-06-21T02:49:46.2032880Z
Microsoft.Hosting.Lifetime Information: 0 : Application started. Press Ctrl+C to shut down.
    DateTime=2021-06-21T02:49:46.2169529Z
Microsoft.Hosting.Lifetime Information: 0 : Hosting environment: Development
    DateTime=2021-06-21T02:49:46.2372778Z
Microsoft.Hosting.Lifetime Information: 0 : Content root path: D:\dir\tsi\UPPC\Phase 4\WeighingSystemUPPCV3.5\WeighingSystemUPPCV3.5.Core\WeighingSystemUPPCV3.5.Core
    DateTime=2021-06-21T02:49:46.2624750Z
WeighingSystemUPPCV3_5_Core.Startup Information: 0 : Path: localhost:44386//api/BeginningInvAdjs/MigrateOldDb
Body: {
    dtFrom : '2012-01-01',
    dtTo : '2021-12-31'
}
Query: 
Client IP: ::1

    DateTime=2021-06-21T02:50:55.4774393Z
WeighingSystemUPPCV3_5_Core.Startup Information: 0 : Path: localhost:44386//api/BeginningInvAdjs/MigrateOldDb
Body: {
    dtFrom : '2012-01-01',
    dtTo : '2021-12-31'
}
Query: 
Client IP: ::1

    DateTime=2021-06-21T02:51:21.8645994Z
WeighingSystemUPPCV3_5_Core.Startup Information: 0 : Path: localhost:44386//api/BeginningInvAdjs/MigrateOldDb
Body: {
    dtFrom : '2012-01-01',
    dtTo : '2021-12-31'
}
Query: 
Client IP: ::1

    DateTime=2021-06-21T02:51:34.9090464Z
Microsoft.Hosting.Lifetime Information: 0 : Now listening on: https://[::]:44386
    DateTime=2021-06-21T02:52:42.2935030Z
Microsoft.Hosting.Lifetime Information: 0 : Now listening on: http://[::]:44385
    DateTime=2021-06-21T02:52:42.3017376Z
Microsoft.Hosting.Lifetime Information: 0 : Application started. Press Ctrl+C to shut down.
    DateTime=2021-06-21T02:52:42.3095729Z
Microsoft.Hosting.Lifetime Information: 0 : Hosting environment: Development
    DateTime=2021-06-21T02:52:42.3187068Z
Microsoft.Hosting.Lifetime Information: 0 : Content root path: D:\dir\tsi\UPPC\Phase 4\WeighingSystemUPPCV3.5\WeighingSystemUPPCV3.5.Core\WeighingSystemUPPCV3.5.Core
    DateTime=2021-06-21T02:52:42.3275832Z
WeighingSystemUPPCV3_5_Core.Startup Information: 0 : Path: localhost:44386//api/BeginningInvAdjs/MigrateOldDb
Body: {
    dtFrom : '2012-01-01',
    dtTo : '2021-12-31'
}
Query: 
Client IP: ::1

    DateTime=2021-06-21T02:52:44.8756309Z
Microsoft.Hosting.Lifetime Information: 0 : Now listening on: https://[::]:44386
    DateTime=2021-06-21T03:11:51.0891379Z
Microsoft.Hosting.Lifetime Information: 0 : Now listening on: http://[::]:44385
    DateTime=2021-06-21T03:11:51.0976309Z
Microsoft.Hosting.Lifetime Information: 0 : Application started. Press Ctrl+C to shut down.
    DateTime=2021-06-21T03:11:51.1067005Z
Microsoft.Hosting.Lifetime Information: 0 : Hosting environment: Development
    DateTime=2021-06-21T03:11:51.1190878Z
Microsoft.Hosting.Lifetime Information: 0 : Content root path: D:\dir\tsi\UPPC\Phase 4\WeighingSystemUPPCV3.5\WeighingSystemUPPCV3.5.Core\WeighingSystemUPPCV3.5.Core
    DateTime=2021-06-21T03:11:51.1293671Z
WeighingSystemUPPCV3_5_Core.Startup Information: 0 : Path: localhost:44386//api/loosebales/MigrateOldDb
Body: {
    dtFrom : '2012-01-01',
    dtTo : '2021-12-31'
}
Query: 
Client IP: ::1

    DateTime=2021-06-21T03:12:25.7290933Z
WeighingSystemUPPCV3_5_Core.Controllers.LooseBalesController Error: 0 : Invalid column name 'WeekNum'.
    DateTime=2021-06-21T03:12:35.4634879Z
Microsoft.Hosting.Lifetime Information: 0 : Now listening on: https://[::]:44386
    DateTime=2021-06-21T03:13:15.2287508Z
Microsoft.Hosting.Lifetime Information: 0 : Now listening on: http://[::]:44385
    DateTime=2021-06-21T03:13:15.2389402Z
Microsoft.Hosting.Lifetime Information: 0 : Application started. Press Ctrl+C to shut down.
    DateTime=2021-06-21T03:13:15.2482591Z
Microsoft.Hosting.Lifetime Information: 0 : Hosting environment: Development
    DateTime=2021-06-21T03:13:15.2593330Z
Microsoft.Hosting.Lifetime Information: 0 : Content root path: D:\dir\tsi\UPPC\Phase 4\WeighingSystemUPPCV3.5\WeighingSystemUPPCV3.5.Core\WeighingSystemUPPCV3.5.Core
    DateTime=2021-06-21T03:13:15.2697810Z
WeighingSystemUPPCV3_5_Core.Startup Information: 0 : Path: localhost:44386//api/loosebales/MigrateOldDb
Body: {
    dtFrom : '2012-01-01',
    dtTo : '2021-12-31'
}
Query: 
Client IP: ::1

    DateTime=2021-06-21T03:14:01.3450186Z
WeighingSystemUPPCV3_5_Core.Controllers.LooseBalesController Error: 0 : Unable to cast object of type 'System.Decimal' to type 'System.String'.
    DateTime=2021-06-21T03:14:05.0527019Z
Microsoft.Hosting.Lifetime Information: 0 : Now listening on: https://[::]:44386
    DateTime=2021-06-21T03:14:59.6924009Z
Microsoft.Hosting.Lifetime Information: 0 : Now listening on: http://[::]:44385
    DateTime=2021-06-21T03:14:59.7017004Z
Microsoft.Hosting.Lifetime Information: 0 : Application started. Press Ctrl+C to shut down.
    DateTime=2021-06-21T03:14:59.7115331Z
Microsoft.Hosting.Lifetime Information: 0 : Hosting environment: Development
    DateTime=2021-06-21T03:14:59.7204373Z
Microsoft.Hosting.Lifetime Information: 0 : Content root path: D:\dir\tsi\UPPC\Phase 4\WeighingSystemUPPCV3.5\WeighingSystemUPPCV3.5.Core\WeighingSystemUPPCV3.5.Core
    DateTime=2021-06-21T03:14:59.7299714Z
WeighingSystemUPPCV3_5_Core.Startup Information: 0 : Path: localhost:44386//api/loosebales/MigrateOldDb
Body: {
    dtFrom : '2012-01-01',
    dtTo : '2021-12-31'
}
Query: 
Client IP: ::1

    DateTime=2021-06-21T03:15:04.5359075Z
WeighingSystemUPPCV3_5_Core.Controllers.LooseBalesController Error: 0 : Unable to cast object of type 'System.Decimal' to type 'System.Int32'.
    DateTime=2021-06-21T03:15:08.0383536Z
Microsoft.Hosting.Lifetime Information: 0 : Now listening on: https://[::]:44386
    DateTime=2021-06-21T03:18:45.3017347Z
Microsoft.Hosting.Lifetime Information: 0 : Now listening on: http://[::]:44385
    DateTime=2021-06-21T03:18:45.3094620Z
Microsoft.Hosting.Lifetime Information: 0 : Application started. Press Ctrl+C to shut down.
    DateTime=2021-06-21T03:18:45.3201949Z
Microsoft.Hosting.Lifetime Information: 0 : Hosting environment: Development
    DateTime=2021-06-21T03:18:45.3307126Z
Microsoft.Hosting.Lifetime Information: 0 : Content root path: D:\dir\tsi\UPPC\Phase 4\WeighingSystemUPPCV3.5\WeighingSystemUPPCV3.5.Core\WeighingSystemUPPCV3.5.Core
    DateTime=2021-06-21T03:18:45.3416398Z
WeighingSystemUPPCV3_5_Core.Startup Information: 0 : Path: localhost:44386//api/loosebales/MigrateOldDb
Body: {
    dtFrom : '2012-01-01',
    dtTo : '2021-12-31'
}
Query: 
Client IP: ::1

    DateTime=2021-06-21T03:18:55.4737826Z
WeighingSystemUPPCV3_5_Core.Controllers.LooseBalesController Error: 0 : Unable to cast object of type 'System.Decimal' to type 'System.Int32'.
    DateTime=2021-06-21T03:18:59.0820617Z
WeighingSystemUPPCV3_5_Core.Startup Information: 0 : Path: localhost:44386//api/loosebales/MigrateOldDb
Body: {
    dtFrom : '2012-01-01',
    dtTo : '2021-12-31'
}
Query: 
Client IP: ::1

    DateTime=2021-06-21T03:19:23.6068805Z
WeighingSystemUPPCV3_5_Core.Controllers.LooseBalesController Error: 0 : Unable to cast object of type 'System.Decimal' to type 'System.Int32'.
    DateTime=2021-06-21T03:19:23.8103812Z
Microsoft.Hosting.Lifetime Information: 0 : Now listening on: https://[::]:44386
    DateTime=2021-06-21T03:20:10.9193495Z
Microsoft.Hosting.Lifetime Information: 0 : Now listening on: http://[::]:44385
    DateTime=2021-06-21T03:20:10.9305318Z
Microsoft.Hosting.Lifetime Information: 0 : Application started. Press Ctrl+C to shut down.
    DateTime=2021-06-21T03:20:10.9415006Z
Microsoft.Hosting.Lifetime Information: 0 : Hosting environment: Development
    DateTime=2021-06-21T03:20:10.9510441Z
Microsoft.Hosting.Lifetime Information: 0 : Content root path: D:\dir\tsi\UPPC\Phase 4\WeighingSystemUPPCV3.5\WeighingSystemUPPCV3.5.Core\WeighingSystemUPPCV3.5.Core
    DateTime=2021-06-21T03:20:10.9616894Z
WeighingSystemUPPCV3_5_Core.Startup Information: 0 : Path: localhost:44386//api/loosebales/MigrateOldDb
Body: {
    dtFrom : '2012-01-01',
    dtTo : '2021-12-31'
}
Query: 
Client IP: ::1

    DateTime=2021-06-21T03:20:12.8022344Z
WeighingSystemUPPCV3_5_Core.Controllers.LooseBalesController Error: 0 : Unable to cast object of type 'System.Decimal' to type 'System.Int32'.
    DateTime=2021-06-21T03:20:16.4877463Z
Microsoft.Hosting.Lifetime Information: 0 : Now listening on: https://[::]:44386
    DateTime=2021-06-21T03:21:12.6243275Z
Microsoft.Hosting.Lifetime Information: 0 : Now listening on: http://[::]:44385
    DateTime=2021-06-21T03:21:12.6316323Z
Microsoft.Hosting.Lifetime Information: 0 : Application started. Press Ctrl+C to shut down.
    DateTime=2021-06-21T03:21:12.6387556Z
Microsoft.Hosting.Lifetime Information: 0 : Hosting environment: Development
    DateTime=2021-06-21T03:21:12.6465023Z
Microsoft.Hosting.Lifetime Information: 0 : Content root path: D:\dir\tsi\UPPC\Phase 4\WeighingSystemUPPCV3.5\WeighingSystemUPPCV3.5.Core\WeighingSystemUPPCV3.5.Core
    DateTime=2021-06-21T03:21:12.6537970Z
WeighingSystemUPPCV3_5_Core.Startup Information: 0 : Path: localhost:44386//api/loosebales/MigrateOldDb
Body: {
    dtFrom : '2012-01-01',
    dtTo : '2021-12-31'
}
Query: 
Client IP: ::1

    DateTime=2021-06-21T03:21:14.7158255Z
Microsoft.Hosting.Lifetime Information: 0 : Now listening on: https://[::]:44386
    DateTime=2021-06-21T03:27:00.1816989Z
Microsoft.Hosting.Lifetime Information: 0 : Now listening on: http://[::]:44385
    DateTime=2021-06-21T03:27:00.1916456Z
Microsoft.Hosting.Lifetime Information: 0 : Application started. Press Ctrl+C to shut down.
    DateTime=2021-06-21T03:27:00.2011777Z
Microsoft.Hosting.Lifetime Information: 0 : Hosting environment: Development
    DateTime=2021-06-21T03:27:00.2105448Z
Microsoft.Hosting.Lifetime Information: 0 : Content root path: D:\dir\tsi\UPPC\Phase 4\WeighingSystemUPPCV3.5\WeighingSystemUPPCV3.5.Core\WeighingSystemUPPCV3.5.Core
    DateTime=2021-06-21T03:27:00.2196516Z
WeighingSystemUPPCV3_5_Core.Startup Information: 0 : Path: localhost:44386//api/machineunbaledwastes/MigrateOldDb
Body: {
    dtFrom : '2012-01-01',
    dtTo : '2021-12-31'
}
Query: 
Client IP: ::1

    DateTime=2021-06-21T03:34:35.7972657Z
WeighingSystemUPPCV3_5_Core.Controllers.MachineUnbaledWastesController Error: 0 : Invalid column name 'ITHWT'.
    DateTime=2021-06-21T03:34:39.2925143Z
Microsoft.Hosting.Lifetime Information: 0 : Now listening on: https://[::]:44386
    DateTime=2021-06-21T03:35:26.8580942Z
Microsoft.Hosting.Lifetime Information: 0 : Now listening on: http://[::]:44385
    DateTime=2021-06-21T03:35:26.8974094Z
Microsoft.Hosting.Lifetime Information: 0 : Application started. Press Ctrl+C to shut down.
    DateTime=2021-06-21T03:35:26.9062752Z
Microsoft.Hosting.Lifetime Information: 0 : Hosting environment: Development
    DateTime=2021-06-21T03:35:26.9146928Z
Microsoft.Hosting.Lifetime Information: 0 : Content root path: D:\dir\tsi\UPPC\Phase 4\WeighingSystemUPPCV3.5\WeighingSystemUPPCV3.5.Core\WeighingSystemUPPCV3.5.Core
    DateTime=2021-06-21T03:35:26.9229394Z
WeighingSystemUPPCV3_5_Core.Startup Information: 0 : Path: localhost:44386//api/machineunbaledwastes/MigrateOldDb
Body: {
    dtFrom : '2012-01-01',
    dtTo : '2021-12-31'
}
Query: 
Client IP: ::1

    DateTime=2021-06-21T03:35:33.3027070Z
Microsoft.Hosting.Lifetime Information: 0 : Now listening on: https://[::]:44386
    DateTime=2021-06-21T03:44:03.1970075Z
Microsoft.Hosting.Lifetime Information: 0 : Now listening on: http://[::]:44385
    DateTime=2021-06-21T03:44:03.2073152Z
Microsoft.Hosting.Lifetime Information: 0 : Application started. Press Ctrl+C to shut down.
    DateTime=2021-06-21T03:44:03.2180250Z
Microsoft.Hosting.Lifetime Information: 0 : Hosting environment: Development
    DateTime=2021-06-21T03:44:03.2257661Z
Microsoft.Hosting.Lifetime Information: 0 : Content root path: D:\dir\tsi\UPPC\Phase 4\WeighingSystemUPPCV3.5\WeighingSystemUPPCV3.5.Core\WeighingSystemUPPCV3.5.Core
    DateTime=2021-06-21T03:44:03.2346110Z
WeighingSystemUPPCV3_5_Core.Startup Information: 0 : Path: localhost:44386//api/bales/MigrateOldDb
Body: {
    dtFrom : '2012-01-01',
    dtTo : '2021-12-31'
}
Query: 
Client IP: ::1

    DateTime=2021-06-21T03:44:11.9958168Z
Microsoft.Hosting.Lifetime Information: 0 : Application is shutting down...
    DateTime=2021-06-21T05:02:22.0199919Z
Microsoft.Hosting.Lifetime Information: 0 : Now listening on: https://[::]:44386
    DateTime=2021-06-21T05:17:59.0032087Z
Microsoft.Hosting.Lifetime Information: 0 : Now listening on: http://[::]:44385
    DateTime=2021-06-21T05:17:59.0132760Z
Microsoft.Hosting.Lifetime Information: 0 : Application started. Press Ctrl+C to shut down.
    DateTime=2021-06-21T05:17:59.0250880Z
Microsoft.Hosting.Lifetime Information: 0 : Hosting environment: Development
    DateTime=2021-06-21T05:17:59.0352333Z
Microsoft.Hosting.Lifetime Information: 0 : Content root path: D:\dir\tsi\UPPC\Phase 4\WeighingSystemUPPCV3.5\WeighingSystemUPPCV3.5.Core\WeighingSystemUPPCV3.5.Core
    DateTime=2021-06-21T05:17:59.0444006Z
WeighingSystemUPPCV3_5_Core.Startup Information: 0 : Path: localhost:44386//api/actualbalesmcs/MigrateOldDb
Body: {
    dtFrom : '2012-01-01',
    dtTo : '2021-12-31'
}
Query: 
Client IP: ::1

    DateTime=2021-06-21T05:18:11.5729595Z
WeighingSystemUPPCV3_5_Core.Startup Information: 0 : Path: localhost:44386//api/saletransactions/MigrateOldDb
Body: {
    dtFrom : '2012-01-01',
    dtTo : '2021-12-31'
}
Query: 
Client IP: ::1

    DateTime=2021-06-21T05:19:01.8473615Z
Microsoft.Hosting.Lifetime Information: 0 : Now listening on: https://[::]:44386
    DateTime=2021-06-21T05:19:37.3839960Z
Microsoft.Hosting.Lifetime Information: 0 : Now listening on: http://[::]:44385
    DateTime=2021-06-21T05:19:37.3931105Z
Microsoft.Hosting.Lifetime Information: 0 : Application started. Press Ctrl+C to shut down.
    DateTime=2021-06-21T05:19:37.4028092Z
Microsoft.Hosting.Lifetime Information: 0 : Hosting environment: Development
    DateTime=2021-06-21T05:19:37.4123477Z
Microsoft.Hosting.Lifetime Information: 0 : Content root path: D:\dir\tsi\UPPC\Phase 4\WeighingSystemUPPCV3.5\WeighingSystemUPPCV3.5.Core\WeighingSystemUPPCV3.5.Core
    DateTime=2021-06-21T05:19:37.4221457Z
WeighingSystemUPPCV3_5_Core.Startup Information: 0 : Path: localhost:44386//api/saletransactions/MigrateOldDb
Body: {
    dtFrom : '2012-01-01',
    dtTo : '2021-12-31'
}
Query: 
Client IP: ::1

    DateTime=2021-06-21T05:19:40.5898738Z
Microsoft.Hosting.Lifetime Information: 0 : Now listening on: https://[::]:44386
    DateTime=2021-06-21T05:51:18.1766207Z
Microsoft.Hosting.Lifetime Information: 0 : Now listening on: http://[::]:44385
    DateTime=2021-06-21T05:51:18.1934491Z
Microsoft.Hosting.Lifetime Information: 0 : Application started. Press Ctrl+C to shut down.
    DateTime=2021-06-21T05:51:18.2177075Z
Microsoft.Hosting.Lifetime Information: 0 : Hosting environment: Development
    DateTime=2021-06-21T05:51:18.2346713Z
Microsoft.Hosting.Lifetime Information: 0 : Content root path: D:\dir\tsi\UPPC\Phase 4\WeighingSystemUPPCV3.5\WeighingSystemUPPCV3.5.Core\WeighingSystemUPPCV3.5.Core
    DateTime=2021-06-21T05:51:18.2487370Z
WeighingSystemUPPCV3_5_Core.Startup Information: 0 : Path: localhost:44386//api/purchaseTransactions/MigrateOldDb
Body: {
    dtFrom : '2012-01-01',
    dtTo : '2017-12-31'
}
Query: 
Client IP: ::1

    DateTime=2021-06-21T05:51:27.4676846Z
WeighingSystemUPPCV3_5_Core.Controllers.PurchaseTransactionsController Error: 0 : Unable to cast object of type 'System.String' to type 'System.Decimal'.
    DateTime=2021-06-21T05:51:52.9207027Z
WeighingSystemUPPCV3_5_Core.Startup Information: 0 : Path: localhost:44386//api/purchaseTransactions/MigrateOldDb
Body: {
    dtFrom : '2012-01-01',
    dtTo : '2017-12-31'
}
Query: 
Client IP: ::1

    DateTime=2021-06-21T05:52:20.2233668Z
WeighingSystemUPPCV3_5_Core.Controllers.PurchaseTransactionsController Error: 0 : Unable to cast object of type 'System.String' to type 'System.Decimal'.
    DateTime=2021-06-21T05:52:42.5836522Z
WeighingSystemUPPCV3_5_Core.Startup Information: 0 : Path: localhost:44386//api/purchaseTransactions/MigrateOldDb
Body: {
    dtFrom : '2012-01-01',
    dtTo : '2017-12-31'
}
Query: 
Client IP: ::1

    DateTime=2021-06-21T05:53:31.3590182Z
WeighingSystemUPPCV3_5_Core.Controllers.PurchaseTransactionsController Error: 0 : Unable to cast object of type 'System.String' to type 'System.Decimal'.
    DateTime=2021-06-21T05:53:54.1594664Z
Microsoft.Hosting.Lifetime Information: 0 : Now listening on: https://[::]:44386
    DateTime=2021-06-21T06:01:05.9262122Z
Microsoft.Hosting.Lifetime Information: 0 : Now listening on: http://[::]:44385
    DateTime=2021-06-21T06:01:05.9424287Z
Microsoft.Hosting.Lifetime Information: 0 : Application started. Press Ctrl+C to shut down.
    DateTime=2021-06-21T06:01:05.9799951Z
Microsoft.Hosting.Lifetime Information: 0 : Hosting environment: Development
    DateTime=2021-06-21T06:01:06.0152288Z
Microsoft.Hosting.Lifetime Information: 0 : Content root path: D:\dir\tsi\UPPC\Phase 4\WeighingSystemUPPCV3.5\WeighingSystemUPPCV3.5.Core\WeighingSystemUPPCV3.5.Core
    DateTime=2021-06-21T06:01:06.0385218Z
WeighingSystemUPPCV3_5_Core.Startup Information: 0 : Path: localhost:44386//api/purchaseTransactions/MigrateOldDb
Body: {
    dtFrom : '2012-01-01',
    dtTo : '2017-12-31'
}
Query: 
Client IP: ::1

    DateTime=2021-06-21T06:01:08.0948652Z
WeighingSystemUPPCV3_5_Core.Controllers.PurchaseTransactionsController Error: 0 : Cannot insert the value NULL into column 'PurchaseOrderId', table 'UPPC.dbo.PurchaseTransactions'; column does not allow nulls. INSERT fails.
The statement has been terminated.
    DateTime=2021-06-21T06:01:45.0890537Z
WeighingSystemUPPCV3_5_Core.Startup Information: 0 : Path: localhost:44386//api/purchaseTransactions/MigrateOldDb
Body: {
    dtFrom : '2012-01-01',
    dtTo : '2017-12-31'
}
Query: 
Client IP: ::1

    DateTime=2021-06-21T06:04:13.1167937Z
WeighingSystemUPPCV3_5_Core.Startup Information: 0 : Path: localhost:44386//api/purchaseTransactions/MigrateOldDb
Body: {
    dtFrom : '2018-01-01',
    dtTo : '2021-12-31'
}
Query: 
Client IP: ::1

    DateTime=2021-06-21T06:48:43.0930271Z
Microsoft.Hosting.Lifetime Information: 0 : Application is shutting down...
    DateTime=2021-06-21T07:08:35.9698854Z
