Microsoft.Hosting.Lifetime Information: 0 : Now listening on: https://[::]:44386
    DateTime=2021-03-10T00:49:14.6087537Z
Microsoft.Hosting.Lifetime Information: 0 : Now listening on: http://[::]:44385
    DateTime=2021-03-10T00:49:14.6139834Z
Microsoft.Hosting.Lifetime Information: 0 : Application started. Press Ctrl+C to shut down.
    DateTime=2021-03-10T00:49:14.6195326Z
Microsoft.Hosting.Lifetime Information: 0 : Hosting environment: Development
    DateTime=2021-03-10T00:49:14.6273405Z
Microsoft.Hosting.Lifetime Information: 0 : Content root path: D:\dir\tsi\UPPC\Phase 4\WeighingSystemUPPCV3.5\WeighingSystemUPPCV3.5.Core\WeighingSystemUPPCV3.5.Core
    DateTime=2021-03-10T00:49:14.6325144Z
Microsoft.Hosting.Lifetime Information: 0 : Now listening on: https://[::]:44386
    DateTime=2021-03-10T06:02:37.1875673Z
Microsoft.Hosting.Lifetime Information: 0 : Now listening on: http://[::]:44385
    DateTime=2021-03-10T06:02:37.1964972Z
Microsoft.Hosting.Lifetime Information: 0 : Application started. Press Ctrl+C to shut down.
    DateTime=2021-03-10T06:02:37.2071084Z
Microsoft.Hosting.Lifetime Information: 0 : Hosting environment: Development
    DateTime=2021-03-10T06:02:37.2170036Z
Microsoft.Hosting.Lifetime Information: 0 : Content root path: D:\dir\tsi\UPPC\Phase 4\WeighingSystemUPPCV3.5\WeighingSystemUPPCV3.5.Core\WeighingSystemUPPCV3.5.Core
    DateTime=2021-03-10T06:02:37.2264388Z
WeighingSystemUPPCV3_5_Core.Startup Information: 0 : Path: localhost:44386//api/Config
Body: 
Query: 
Client IP: ::1

    DateTime=2021-03-10T06:03:06.3983720Z
WeighingSystemUPPCV3_5_Core.Startup Information: 0 : Path: localhost:44386//api/BalingStations/selected
Body: 
Query: 
Client IP: ::1

    DateTime=2021-03-10T06:03:07.0382236Z
WeighingSystemUPPCV3_5_Core.Startup Information: 0 : Path: localhost:44386//api/MoistureSettings
Body: 
Query: 
Client IP: ::1

    DateTime=2021-03-10T06:03:13.2155071Z
WeighingSystemUPPCV3_5_Core.Startup Information: 0 : Path: localhost:44386//api/TransactionTypes
Body: 
Query: 
Client IP: ::1

    DateTime=2021-03-10T06:03:13.5843161Z
WeighingSystemUPPCV3_5_Core.Startup Information: 0 : Path: localhost:44386//api/MoistureReaders
Body: 
Query: 
Client IP: ::1

    DateTime=2021-03-10T06:03:13.7308524Z
WeighingSystemUPPCV3_5_Core.Startup Information: 0 : Path: localhost:44386//api/BaleTypes
Body: 
Query: 
Client IP: ::1

    DateTime=2021-03-10T06:03:13.8941941Z
WeighingSystemUPPCV3_5_Core.Startup Information: 0 : Path: localhost:44386//api/Sources
Body: 
Query: 
Client IP: ::1

    DateTime=2021-03-10T06:03:14.0511607Z
WeighingSystemUPPCV3_5_Core.Startup Information: 0 : Path: localhost:44386//api/SourceCategories
Body: 
Query: 
Client IP: ::1

    DateTime=2021-03-10T06:03:14.2532196Z
WeighingSystemUPPCV3_5_Core.Startup Information: 0 : Path: localhost:44386//api/Customers
Body: 
Query: 
Client IP: ::1

    DateTime=2021-03-10T06:03:14.3464558Z
WeighingSystemUPPCV3_5_Core.Startup Information: 0 : Path: localhost:44386//api/Suppliers
Body: 
Query: 
Client IP: ::1

    DateTime=2021-03-10T06:03:14.5171707Z
WeighingSystemUPPCV3_5_Core.Startup Information: 0 : Path: localhost:44386//api/RawMaterials
Body: 
Query: 
Client IP: ::1

    DateTime=2021-03-10T06:03:14.6578104Z
WeighingSystemUPPCV3_5_Core.Startup Information: 0 : Path: localhost:44386//api/Products
Body: 
Query: 
Client IP: ::1

    DateTime=2021-03-10T06:03:14.8906979Z
WeighingSystemUPPCV3_5_Core.Startup Information: 0 : Path: localhost:44386//api/Categories
Body: 
Query: 
Client IP: ::1

    DateTime=2021-03-10T06:03:15.0286225Z
WeighingSystemUPPCV3_5_Core.Startup Information: 0 : Path: localhost:44386//api/Haulers
Body: 
Query: 
Client IP: ::1

    DateTime=2021-03-10T06:03:15.1493702Z
WeighingSystemUPPCV3_5_Core.Startup Information: 0 : Path: localhost:44386//api/Vehicles
Body: 
Query: 
Client IP: ::1

    DateTime=2021-03-10T06:03:15.2728805Z
WeighingSystemUPPCV3_5_Core.Startup Information: 0 : Path: localhost:44386//api/VehicleTypes
Body: 
Query: 
Client IP: ::1

    DateTime=2021-03-10T06:03:15.4853316Z
WeighingSystemUPPCV3_5_Core.Startup Information: 0 : Path: localhost:44386//api/SubSuppliers
Body: 
Query: 
Client IP: ::1

    DateTime=2021-03-10T06:03:15.5941348Z
WeighingSystemUPPCV3_5_Core.Startup Information: 0 : Path: localhost:44386//api/SaleTransactions
Body: 
Query: ?Returned=false
Client IP: ::1

    DateTime=2021-03-10T06:03:15.7040000Z
WeighingSystemUPPCV3_5_Core.Startup Information: 0 : Path: localhost:44386//api/UserAccounts/UserAccountDetails
Body: 
Query: 
Client IP: ::1

    DateTime=2021-03-10T06:03:16.0022215Z
WeighingSystemUPPCV3_5_Core.Startup Information: 0 : Path: localhost:44386//api/Reminders
Body: 
Query: 
Client IP: ::1

    DateTime=2021-03-10T06:03:16.1403940Z
WeighingSystemUPPCV3_5_Core.Startup Information: 0 : Path: localhost:44386//api/Signatories
Body: 
Query: 
Client IP: ::1

    DateTime=2021-03-10T06:03:16.2615598Z
WeighingSystemUPPCV3_5_Core.Startup Information: 0 : Path: localhost:44386//api/UserAccounts/LogIn
Body: {"userName":"TSI","userPwd":"1"}
Query: 
Client IP: ::1

    DateTime=2021-03-10T06:04:24.1957492Z
WeighingSystemUPPCV3_5_Core.Startup Information: 0 : Path: localhost:44386//api/Reporting/ReportDataSet
Body: 
Query: ?ReportType=PURCHASE_GENERAL&DTFrom=3%2f1%2f2021%2012%3a00%3a00%20AM&DTTo=3%2f10%2f2021%2011%3a59%3a00%20PM&ClientId=0&CommodityId=0&CategoryId=0&PreparedBy=TERRINIEL%20SCALES%20INC.&CheckedBy=TERRINIEL%20SCALES%20INC.&PaperSize=DEFAULT&BalingStation=WeighingSystemUPPCV3_5_Service.Models.BalingStation&MoistureSettings=WeighingSystemUPPCV3_5_Service.Models.MoistureSettings&Signatory=WeighingSystemUPPCV3_5_Service.Models.Signatory&TransactionTypeCode=I
Client IP: ::1

    DateTime=2021-03-10T06:04:31.0869185Z
WeighingSystemUPPCV3_5_Core.Startup Information: 0 : Path: localhost:44386//api/Reporting/ReportDataSet
Body: 
Query: ?ReportType=PURCHASE_SUPPLIER01&DTFrom=3%2f1%2f2021%2012%3a00%3a00%20AM&DTTo=3%2f10%2f2021%2011%3a59%3a00%20PM&ClientId=40000002&CommodityId=0&CategoryId=0&PreparedBy=TERRINIEL%20SCALES%20INC.&CheckedBy=TERRINIEL%20SCALES%20INC.&PaperSize=DEFAULT&BalingStation=WeighingSystemUPPCV3_5_Service.Models.BalingStation&MoistureSettings=WeighingSystemUPPCV3_5_Service.Models.MoistureSettings&Signatory=WeighingSystemUPPCV3_5_Service.Models.Signatory&TransactionTypeCode=I
Client IP: ::1

    DateTime=2021-03-10T06:04:41.6725505Z
WeighingSystemUPPCV3_5_Core.Startup Information: 0 : Path: localhost:44386//api/Reporting/ReportDataSet
Body: 
Query: ?ReportType=PURCHASE_SUPPLIER01&DTFrom=2%2f1%2f2021%2012%3a00%3a00%20AM&DTTo=3%2f10%2f2021%2011%3a59%3a00%20PM&ClientId=40000002&CommodityId=0&CategoryId=0&PreparedBy=TERRINIEL%20SCALES%20INC.&CheckedBy=TERRINIEL%20SCALES%20INC.&PaperSize=DEFAULT&BalingStation=WeighingSystemUPPCV3_5_Service.Models.BalingStation&MoistureSettings=WeighingSystemUPPCV3_5_Service.Models.MoistureSettings&Signatory=WeighingSystemUPPCV3_5_Service.Models.Signatory&TransactionTypeCode=I
Client IP: ::1

    DateTime=2021-03-10T06:04:45.2623613Z
WeighingSystemUPPCV3_5_Core.Startup Information: 0 : Path: localhost:44386//api/Reporting/ReportDataSet
Body: 
Query: ?ReportType=PURCHASE_SUPPLIER01&DTFrom=2%2f1%2f2021%2012%3a00%3a00%20AM&DTTo=3%2f10%2f2021%2011%3a59%3a00%20PM&ClientId=40000002&CommodityId=0&CategoryId=0&PreparedBy=TERRINIEL%20SCALES%20INC.&CheckedBy=TERRINIEL%20SCALES%20INC.&PaperSize=DEFAULT&BalingStation=WeighingSystemUPPCV3_5_Service.Models.BalingStation&MoistureSettings=WeighingSystemUPPCV3_5_Service.Models.MoistureSettings&Signatory=WeighingSystemUPPCV3_5_Service.Models.Signatory&TransactionTypeCode=I
Client IP: ::1

    DateTime=2021-03-10T06:12:25.8025154Z
WeighingSystemUPPCV3_5_Core.Startup Information: 0 : Path: localhost:44386//api/Reporting/ReportDataSet
Body: 
Query: ?ReportType=PURCHASE_SUPPLIER01&DTFrom=2%2f1%2f2021%2012%3a00%3a00%20AM&DTTo=3%2f10%2f2021%2011%3a59%3a00%20PM&ClientId=40000002&CommodityId=0&CategoryId=0&PreparedBy=TERRINIEL%20SCALES%20INC.&CheckedBy=TERRINIEL%20SCALES%20INC.&PaperSize=DEFAULT&BalingStation=WeighingSystemUPPCV3_5_Service.Models.BalingStation&MoistureSettings=WeighingSystemUPPCV3_5_Service.Models.MoistureSettings&Signatory=WeighingSystemUPPCV3_5_Service.Models.Signatory&TransactionTypeCode=I
Client IP: ::1

    DateTime=2021-03-10T06:13:02.7390072Z
WeighingSystemUPPCV3_5_Core.Startup Information: 0 : Path: localhost:44386//api/Reporting/ReportDataSet
Body: 
Query: ?ReportType=PURCHASE_SUPPLIER01&DTFrom=2%2f1%2f2021%2012%3a00%3a00%20AM&DTTo=3%2f10%2f2021%2011%3a59%3a00%20PM&ClientId=40000002&CommodityId=0&CategoryId=0&PreparedBy=TERRINIEL%20SCALES%20INC.&CheckedBy=TERRINIEL%20SCALES%20INC.&PaperSize=DEFAULT&BalingStation=WeighingSystemUPPCV3_5_Service.Models.BalingStation&MoistureSettings=WeighingSystemUPPCV3_5_Service.Models.MoistureSettings&Signatory=WeighingSystemUPPCV3_5_Service.Models.Signatory&TransactionTypeCode=I
Client IP: ::1

    DateTime=2021-03-10T06:13:19.6029109Z
WeighingSystemUPPCV3_5_Core.Startup Information: 0 : Path: localhost:44386//api/Reporting/ReportDataSet
Body: 
Query: ?ReportType=PURCHASE_SUPPLIER01&DTFrom=2%2f1%2f2021%2012%3a00%3a00%20AM&DTTo=3%2f10%2f2021%2011%3a59%3a00%20PM&ClientId=40000002&CommodityId=0&CategoryId=0&PreparedBy=TERRINIEL%20SCALES%20INC.&CheckedBy=TERRINIEL%20SCALES%20INC.&PaperSize=DEFAULT&BalingStation=WeighingSystemUPPCV3_5_Service.Models.BalingStation&MoistureSettings=WeighingSystemUPPCV3_5_Service.Models.MoistureSettings&Signatory=WeighingSystemUPPCV3_5_Service.Models.Signatory&TransactionTypeCode=I
Client IP: ::1

    DateTime=2021-03-10T06:13:33.3157362Z
WeighingSystemUPPCV3_5_Core.Startup Information: 0 : Path: localhost:44386//api/Reporting/ReportDataSet
Body: 
Query: ?ReportType=PURCHASE_SUPPLIER01&DTFrom=2%2f1%2f2021%2012%3a00%3a00%20AM&DTTo=3%2f10%2f2021%2011%3a59%3a00%20PM&ClientId=40000002&CommodityId=0&CategoryId=0&PreparedBy=TERRINIEL%20SCALES%20INC.&CheckedBy=TERRINIEL%20SCALES%20INC.&PaperSize=DEFAULT&BalingStation=WeighingSystemUPPCV3_5_Service.Models.BalingStation&MoistureSettings=WeighingSystemUPPCV3_5_Service.Models.MoistureSettings&Signatory=WeighingSystemUPPCV3_5_Service.Models.Signatory&TransactionTypeCode=I
Client IP: ::1

    DateTime=2021-03-10T06:14:54.7108186Z
WeighingSystemUPPCV3_5_Core.Startup Information: 0 : Path: localhost:44386//api/Reporting/ReportDataSet
Body: 
Query: ?ReportType=PURCHASE_SUPPLIER01&DTFrom=2%2f1%2f2021%2012%3a00%3a00%20AM&DTTo=3%2f10%2f2021%2011%3a59%3a00%20PM&ClientId=40000002&CommodityId=0&CategoryId=0&PreparedBy=TERRINIEL%20SCALES%20INC.&CheckedBy=TERRINIEL%20SCALES%20INC.&PaperSize=DEFAULT&BalingStation=WeighingSystemUPPCV3_5_Service.Models.BalingStation&MoistureSettings=WeighingSystemUPPCV3_5_Service.Models.MoistureSettings&Signatory=WeighingSystemUPPCV3_5_Service.Models.Signatory&TransactionTypeCode=I
Client IP: ::1

    DateTime=2021-03-10T06:15:28.8097390Z
WeighingSystemUPPCV3_5_Core.Startup Information: 0 : Path: localhost:44386//api/Reporting/ReportDataSet
Body: 
Query: ?ReportType=PURCHASE_SUPPLIER01&DTFrom=2%2f1%2f2021%2012%3a00%3a00%20AM&DTTo=3%2f10%2f2021%2011%3a59%3a00%20PM&ClientId=40000002&CommodityId=0&CategoryId=0&PreparedBy=TERRINIEL%20SCALES%20INC.&CheckedBy=TERRINIEL%20SCALES%20INC.&PaperSize=DEFAULT&BalingStation=WeighingSystemUPPCV3_5_Service.Models.BalingStation&MoistureSettings=WeighingSystemUPPCV3_5_Service.Models.MoistureSettings&Signatory=WeighingSystemUPPCV3_5_Service.Models.Signatory&TransactionTypeCode=I
Client IP: ::1

    DateTime=2021-03-10T06:15:43.9939952Z
WeighingSystemUPPCV3_5_Core.Startup Information: 0 : Path: localhost:44386//api/Reporting/ReportDataSet
Body: 
Query: ?ReportType=PURCHASE_SUPPLIER01&DTFrom=2%2f1%2f2021%2012%3a00%3a00%20AM&DTTo=3%2f10%2f2021%2011%3a59%3a00%20PM&ClientId=40000002&CommodityId=0&CategoryId=0&PreparedBy=TERRINIEL%20SCALES%20INC.&CheckedBy=TERRINIEL%20SCALES%20INC.&PaperSize=DEFAULT&BalingStation=WeighingSystemUPPCV3_5_Service.Models.BalingStation&MoistureSettings=WeighingSystemUPPCV3_5_Service.Models.MoistureSettings&Signatory=WeighingSystemUPPCV3_5_Service.Models.Signatory&TransactionTypeCode=I
Client IP: ::1

    DateTime=2021-03-10T06:16:21.6463762Z
WeighingSystemUPPCV3_5_Core.Startup Information: 0 : Path: localhost:44386//api/Reporting/ReportDataSet
Body: 
Query: ?ReportType=PURCHASE_SUPPLIER01&DTFrom=2%2f1%2f2021%2012%3a00%3a00%20AM&DTTo=3%2f10%2f2021%2011%3a59%3a00%20PM&ClientId=40000002&CommodityId=0&CategoryId=0&PreparedBy=TERRINIEL%20SCALES%20INC.&CheckedBy=TERRINIEL%20SCALES%20INC.&PaperSize=DEFAULT&BalingStation=WeighingSystemUPPCV3_5_Service.Models.BalingStation&MoistureSettings=WeighingSystemUPPCV3_5_Service.Models.MoistureSettings&Signatory=WeighingSystemUPPCV3_5_Service.Models.Signatory&TransactionTypeCode=I
Client IP: ::1

    DateTime=2021-03-10T06:17:45.3636310Z
WeighingSystemUPPCV3_5_Core.Startup Information: 0 : Path: localhost:44386//api/Reporting/ReportDataSet
Body: 
Query: ?ReportType=PURCHASE_SUPPLIER01&DTFrom=2%2f1%2f2021%2012%3a00%3a00%20AM&DTTo=3%2f10%2f2021%2011%3a59%3a00%20PM&ClientId=40000002&CommodityId=0&CategoryId=0&PreparedBy=TERRINIEL%20SCALES%20INC.&CheckedBy=TERRINIEL%20SCALES%20INC.&PaperSize=DEFAULT&BalingStation=WeighingSystemUPPCV3_5_Service.Models.BalingStation&MoistureSettings=WeighingSystemUPPCV3_5_Service.Models.MoistureSettings&Signatory=WeighingSystemUPPCV3_5_Service.Models.Signatory&TransactionTypeCode=I
Client IP: ::1

    DateTime=2021-03-10T06:20:34.0829285Z
WeighingSystemUPPCV3_5_Core.Startup Information: 0 : Path: localhost:44386//api/Reporting/ReportDataSet
Body: 
Query: ?ReportType=PURCHASE_SUPPLIER01&DTFrom=2%2f1%2f2021%2012%3a00%3a00%20AM&DTTo=3%2f10%2f2021%2011%3a59%3a00%20PM&ClientId=40000002&CommodityId=0&CategoryId=0&PreparedBy=TERRINIEL%20SCALES%20INC.&CheckedBy=TERRINIEL%20SCALES%20INC.&PaperSize=DEFAULT&BalingStation=WeighingSystemUPPCV3_5_Service.Models.BalingStation&MoistureSettings=WeighingSystemUPPCV3_5_Service.Models.MoistureSettings&Signatory=WeighingSystemUPPCV3_5_Service.Models.Signatory&TransactionTypeCode=I
Client IP: ::1

    DateTime=2021-03-10T06:21:21.5481345Z
WeighingSystemUPPCV3_5_Core.Startup Information: 0 : Path: localhost:44386//api/Reporting/ReportDataSet
Body: 
Query: ?ReportType=PURCHASE_SUPPLIER01&DTFrom=2%2f1%2f2021%2012%3a00%3a00%20AM&DTTo=3%2f10%2f2021%2011%3a59%3a00%20PM&ClientId=40000002&CommodityId=0&CategoryId=0&PreparedBy=TERRINIEL%20SCALES%20INC.&CheckedBy=TERRINIEL%20SCALES%20INC.&PaperSize=DEFAULT&BalingStation=WeighingSystemUPPCV3_5_Service.Models.BalingStation&MoistureSettings=WeighingSystemUPPCV3_5_Service.Models.MoistureSettings&Signatory=WeighingSystemUPPCV3_5_Service.Models.Signatory&TransactionTypeCode=I
Client IP: ::1

    DateTime=2021-03-10T06:26:26.4922847Z
WeighingSystemUPPCV3_5_Core.Startup Information: 0 : Path: localhost:44386//api/Reporting/ReportDataSet
Body: 
Query: ?ReportType=PURCHASE_SUPPLIER01&DTFrom=2%2f1%2f2021%2012%3a00%3a00%20AM&DTTo=3%2f10%2f2021%2011%3a59%3a00%20PM&ClientId=40000002&CommodityId=0&CategoryId=0&PreparedBy=TERRINIEL%20SCALES%20INC.&CheckedBy=TERRINIEL%20SCALES%20INC.&PaperSize=DEFAULT&BalingStation=WeighingSystemUPPCV3_5_Service.Models.BalingStation&MoistureSettings=WeighingSystemUPPCV3_5_Service.Models.MoistureSettings&Signatory=WeighingSystemUPPCV3_5_Service.Models.Signatory&TransactionTypeCode=I
Client IP: ::1

    DateTime=2021-03-10T06:31:29.0515756Z
WeighingSystemUPPCV3_5_Core.Startup Information: 0 : Path: localhost:44386//api/Reporting/ReportDataSet
Body: 
Query: ?ReportType=PURCHASE_SUPPLIER01&DTFrom=2%2f1%2f2021%2012%3a00%3a00%20AM&DTTo=3%2f10%2f2021%2011%3a59%3a00%20PM&ClientId=40000002&CommodityId=0&CategoryId=0&PreparedBy=TERRINIEL%20SCALES%20INC.&CheckedBy=TERRINIEL%20SCALES%20INC.&PaperSize=DEFAULT&BalingStation=WeighingSystemUPPCV3_5_Service.Models.BalingStation&MoistureSettings=WeighingSystemUPPCV3_5_Service.Models.MoistureSettings&Signatory=WeighingSystemUPPCV3_5_Service.Models.Signatory&TransactionTypeCode=I
Client IP: ::1

    DateTime=2021-03-10T06:32:03.3933235Z
WeighingSystemUPPCV3_5_Core.Startup Information: 0 : Path: localhost:44386//api/Reporting/ReportDataSet
Body: 
Query: ?ReportType=PURCHASE_SUPPLIER01&DTFrom=2%2f1%2f2021%2012%3a00%3a00%20AM&DTTo=3%2f10%2f2021%2011%3a59%3a00%20PM&ClientId=40000002&CommodityId=0&CategoryId=0&PreparedBy=TERRINIEL%20SCALES%20INC.&CheckedBy=TERRINIEL%20SCALES%20INC.&PaperSize=DEFAULT&BalingStation=WeighingSystemUPPCV3_5_Service.Models.BalingStation&MoistureSettings=WeighingSystemUPPCV3_5_Service.Models.MoistureSettings&Signatory=WeighingSystemUPPCV3_5_Service.Models.Signatory&TransactionTypeCode=I
Client IP: ::1

    DateTime=2021-03-10T06:32:23.2405927Z
WeighingSystemUPPCV3_5_Core.Startup Information: 0 : Path: localhost:44386//api/Reporting/ReportDataSet
Body: 
Query: ?ReportType=PURCHASE_SUPPLIER01&DTFrom=2%2f1%2f2021%2012%3a00%3a00%20AM&DTTo=3%2f10%2f2021%2011%3a59%3a00%20PM&ClientId=40000002&CommodityId=0&CategoryId=0&PreparedBy=TERRINIEL%20SCALES%20INC.&CheckedBy=TERRINIEL%20SCALES%20INC.&PaperSize=DEFAULT&BalingStation=WeighingSystemUPPCV3_5_Service.Models.BalingStation&MoistureSettings=WeighingSystemUPPCV3_5_Service.Models.MoistureSettings&Signatory=WeighingSystemUPPCV3_5_Service.Models.Signatory&TransactionTypeCode=I
Client IP: ::1

    DateTime=2021-03-10T06:33:23.1381353Z
WeighingSystemUPPCV3_5_Core.Startup Information: 0 : Path: localhost:44386//api/Reporting/ReportDataSet
Body: 
Query: ?ReportType=PURCHASE_SUPPLIER01&DTFrom=2%2f1%2f2021%2012%3a00%3a00%20AM&DTTo=3%2f10%2f2021%2011%3a59%3a00%20PM&ClientId=40000002&CommodityId=0&CategoryId=0&PreparedBy=TERRINIEL%20SCALES%20INC.&CheckedBy=TERRINIEL%20SCALES%20INC.&PaperSize=DEFAULT&BalingStation=WeighingSystemUPPCV3_5_Service.Models.BalingStation&MoistureSettings=WeighingSystemUPPCV3_5_Service.Models.MoistureSettings&Signatory=WeighingSystemUPPCV3_5_Service.Models.Signatory&TransactionTypeCode=I
Client IP: ::1

    DateTime=2021-03-10T06:33:45.5501328Z
WeighingSystemUPPCV3_5_Core.Startup Information: 0 : Path: localhost:44386//api/Reporting/ReportDataSet
Body: 
Query: ?ReportType=PURCHASE_SUPPLIER01&DTFrom=2%2f1%2f2021%2012%3a00%3a00%20AM&DTTo=3%2f10%2f2021%2011%3a59%3a00%20PM&ClientId=40000002&CommodityId=0&CategoryId=0&PreparedBy=TERRINIEL%20SCALES%20INC.&CheckedBy=TERRINIEL%20SCALES%20INC.&PaperSize=DEFAULT&BalingStation=WeighingSystemUPPCV3_5_Service.Models.BalingStation&MoistureSettings=WeighingSystemUPPCV3_5_Service.Models.MoistureSettings&Signatory=WeighingSystemUPPCV3_5_Service.Models.Signatory&TransactionTypeCode=I
Client IP: ::1

    DateTime=2021-03-10T06:37:02.4982108Z
WeighingSystemUPPCV3_5_Core.Startup Information: 0 : Path: localhost:44386//api/Reporting/ReportDataSet
Body: 
Query: ?ReportType=PURCHASE_SUPPLIER01&DTFrom=2%2f1%2f2021%2012%3a00%3a00%20AM&DTTo=3%2f10%2f2021%2011%3a59%3a00%20PM&ClientId=40000002&CommodityId=0&CategoryId=0&PreparedBy=TERRINIEL%20SCALES%20INC.&CheckedBy=TERRINIEL%20SCALES%20INC.&PaperSize=DEFAULT&BalingStation=WeighingSystemUPPCV3_5_Service.Models.BalingStation&MoistureSettings=WeighingSystemUPPCV3_5_Service.Models.MoistureSettings&Signatory=WeighingSystemUPPCV3_5_Service.Models.Signatory&TransactionTypeCode=I
Client IP: ::1

    DateTime=2021-03-10T06:38:38.7223916Z
WeighingSystemUPPCV3_5_Core.Startup Information: 0 : Path: localhost:44386//api/Reporting/ReportDataSet
Body: 
Query: ?ReportType=PURCHASE_SUPPLIER01&DTFrom=2%2f1%2f2021%2012%3a00%3a00%20AM&DTTo=3%2f10%2f2021%2011%3a59%3a00%20PM&ClientId=40000002&CommodityId=0&CategoryId=0&PreparedBy=TERRINIEL%20SCALES%20INC.&CheckedBy=TERRINIEL%20SCALES%20INC.&PaperSize=DEFAULT&BalingStation=WeighingSystemUPPCV3_5_Service.Models.BalingStation&MoistureSettings=WeighingSystemUPPCV3_5_Service.Models.MoistureSettings&Signatory=WeighingSystemUPPCV3_5_Service.Models.Signatory&TransactionTypeCode=I
Client IP: ::1

    DateTime=2021-03-10T06:39:09.3344178Z
WeighingSystemUPPCV3_5_Core.Startup Information: 0 : Path: localhost:44386//api/Reporting/ReportDataSet
Body: 
Query: ?ReportType=PURCHASE_SUPPLIER01&DTFrom=2%2f1%2f2021%2012%3a00%3a00%20AM&DTTo=3%2f10%2f2021%2011%3a59%3a00%20PM&ClientId=40000002&CommodityId=0&CategoryId=0&PreparedBy=TERRINIEL%20SCALES%20INC.&CheckedBy=TERRINIEL%20SCALES%20INC.&PaperSize=DEFAULT&BalingStation=WeighingSystemUPPCV3_5_Service.Models.BalingStation&MoistureSettings=WeighingSystemUPPCV3_5_Service.Models.MoistureSettings&Signatory=WeighingSystemUPPCV3_5_Service.Models.Signatory&TransactionTypeCode=I
Client IP: ::1

    DateTime=2021-03-10T06:40:01.6166981Z
WeighingSystemUPPCV3_5_Core.Startup Information: 0 : Path: localhost:44386//api/Reporting/ReportDataSet
Body: 
Query: ?ReportType=PURCHASE_SUPPLIER01&DTFrom=2%2f1%2f2021%2012%3a00%3a00%20AM&DTTo=3%2f10%2f2021%2011%3a59%3a00%20PM&ClientId=40000002&CommodityId=0&CategoryId=0&PreparedBy=TERRINIEL%20SCALES%20INC.&CheckedBy=TERRINIEL%20SCALES%20INC.&PaperSize=DEFAULT&BalingStation=WeighingSystemUPPCV3_5_Service.Models.BalingStation&MoistureSettings=WeighingSystemUPPCV3_5_Service.Models.MoistureSettings&Signatory=WeighingSystemUPPCV3_5_Service.Models.Signatory&TransactionTypeCode=I
Client IP: ::1

    DateTime=2021-03-10T06:40:36.1269420Z
WeighingSystemUPPCV3_5_Core.Startup Information: 0 : Path: localhost:44386//api/Reporting/ReportDataSet
Body: 
Query: ?ReportType=PURCHASE_SUPPLIER01&DTFrom=2%2f1%2f2021%2012%3a00%3a00%20AM&DTTo=3%2f10%2f2021%2011%3a59%3a00%20PM&ClientId=40000002&CommodityId=0&CategoryId=0&PreparedBy=TERRINIEL%20SCALES%20INC.&CheckedBy=TERRINIEL%20SCALES%20INC.&PaperSize=DEFAULT&BalingStation=WeighingSystemUPPCV3_5_Service.Models.BalingStation&MoistureSettings=WeighingSystemUPPCV3_5_Service.Models.MoistureSettings&Signatory=WeighingSystemUPPCV3_5_Service.Models.Signatory&TransactionTypeCode=I
Client IP: ::1

    DateTime=2021-03-10T06:40:45.3530106Z
WeighingSystemUPPCV3_5_Core.Startup Information: 0 : Path: localhost:44386//api/Reporting/ReportDataSet
Body: 
Query: ?ReportType=PURCHASE_SUPPLIER01&DTFrom=2%2f1%2f2021%2012%3a00%3a00%20AM&DTTo=3%2f10%2f2021%2011%3a59%3a00%20PM&ClientId=40000002&CommodityId=0&CategoryId=0&PreparedBy=TERRINIEL%20SCALES%20INC.&CheckedBy=TERRINIEL%20SCALES%20INC.&PaperSize=DEFAULT&BalingStation=WeighingSystemUPPCV3_5_Service.Models.BalingStation&MoistureSettings=WeighingSystemUPPCV3_5_Service.Models.MoistureSettings&Signatory=WeighingSystemUPPCV3_5_Service.Models.Signatory&TransactionTypeCode=I
Client IP: ::1

    DateTime=2021-03-10T06:41:32.8242815Z
WeighingSystemUPPCV3_5_Core.Startup Information: 0 : Path: localhost:44386//api/Reporting/ReportDataSet
Body: 
Query: ?ReportType=PURCHASE_SUPPLIER01&DTFrom=2%2f1%2f2021%2012%3a00%3a00%20AM&DTTo=3%2f10%2f2021%2011%3a59%3a00%20PM&ClientId=40000002&CommodityId=0&CategoryId=0&PreparedBy=TERRINIEL%20SCALES%20INC.&CheckedBy=TERRINIEL%20SCALES%20INC.&PaperSize=DEFAULT&BalingStation=WeighingSystemUPPCV3_5_Service.Models.BalingStation&MoistureSettings=WeighingSystemUPPCV3_5_Service.Models.MoistureSettings&Signatory=WeighingSystemUPPCV3_5_Service.Models.Signatory&TransactionTypeCode=I
Client IP: ::1

    DateTime=2021-03-10T06:42:26.7171765Z
WeighingSystemUPPCV3_5_Core.Startup Information: 0 : Path: localhost:44386//api/Reporting/ReportDataSet
Body: 
Query: ?ReportType=PURCHASE_SUPPLIER01&DTFrom=2%2f1%2f2021%2012%3a00%3a00%20AM&DTTo=3%2f10%2f2021%2011%3a59%3a00%20PM&ClientId=40000002&CommodityId=0&CategoryId=0&PreparedBy=TERRINIEL%20SCALES%20INC.&CheckedBy=TERRINIEL%20SCALES%20INC.&PaperSize=DEFAULT&BalingStation=WeighingSystemUPPCV3_5_Service.Models.BalingStation&MoistureSettings=WeighingSystemUPPCV3_5_Service.Models.MoistureSettings&Signatory=WeighingSystemUPPCV3_5_Service.Models.Signatory&TransactionTypeCode=I
Client IP: ::1

    DateTime=2021-03-10T06:42:46.2086013Z
WeighingSystemUPPCV3_5_Core.Startup Information: 0 : Path: localhost:44386//api/Reporting/ReportDataSet
Body: 
Query: ?ReportType=PURCHASE_SUPPLIER01&DTFrom=2%2f1%2f2021%2012%3a00%3a00%20AM&DTTo=3%2f10%2f2021%2011%3a59%3a00%20PM&ClientId=40000002&CommodityId=0&CategoryId=0&PreparedBy=TERRINIEL%20SCALES%20INC.&CheckedBy=TERRINIEL%20SCALES%20INC.&PaperSize=DEFAULT&BalingStation=WeighingSystemUPPCV3_5_Service.Models.BalingStation&MoistureSettings=WeighingSystemUPPCV3_5_Service.Models.MoistureSettings&Signatory=WeighingSystemUPPCV3_5_Service.Models.Signatory&TransactionTypeCode=I
Client IP: ::1

    DateTime=2021-03-10T06:43:26.4714172Z
WeighingSystemUPPCV3_5_Core.Startup Information: 0 : Path: localhost:44386//api/Reporting/ReportDataSet
Body: 
Query: ?ReportType=PURCHASE_SUPPLIER01&DTFrom=2%2f1%2f2021%2012%3a00%3a00%20AM&DTTo=3%2f10%2f2021%2011%3a59%3a00%20PM&ClientId=40000002&CommodityId=0&CategoryId=0&PreparedBy=TERRINIEL%20SCALES%20INC.&CheckedBy=TERRINIEL%20SCALES%20INC.&PaperSize=DEFAULT&BalingStation=WeighingSystemUPPCV3_5_Service.Models.BalingStation&MoistureSettings=WeighingSystemUPPCV3_5_Service.Models.MoistureSettings&Signatory=WeighingSystemUPPCV3_5_Service.Models.Signatory&TransactionTypeCode=I
Client IP: ::1

    DateTime=2021-03-10T06:44:03.9249973Z
WeighingSystemUPPCV3_5_Core.Startup Information: 0 : Path: localhost:44386//api/Reporting/ReportDataSet
Body: 
Query: ?ReportType=PURCHASE_SUPPLIER01&DTFrom=2%2f1%2f2021%2012%3a00%3a00%20AM&DTTo=3%2f10%2f2021%2011%3a59%3a00%20PM&ClientId=40000002&CommodityId=0&CategoryId=0&PreparedBy=TERRINIEL%20SCALES%20INC.&CheckedBy=TERRINIEL%20SCALES%20INC.&PaperSize=DEFAULT&BalingStation=WeighingSystemUPPCV3_5_Service.Models.BalingStation&MoistureSettings=WeighingSystemUPPCV3_5_Service.Models.MoistureSettings&Signatory=WeighingSystemUPPCV3_5_Service.Models.Signatory&TransactionTypeCode=I
Client IP: ::1

    DateTime=2021-03-10T06:44:14.1175719Z
WeighingSystemUPPCV3_5_Core.Startup Information: 0 : Path: localhost:44386//api/Reporting/ReportDataSet
Body: 
Query: ?ReportType=PURCHASE_SUPPLIER01&DTFrom=2%2f1%2f2021%2012%3a00%3a00%20AM&DTTo=3%2f10%2f2021%2011%3a59%3a00%20PM&ClientId=40000002&CommodityId=0&CategoryId=0&PreparedBy=TERRINIEL%20SCALES%20INC.&CheckedBy=TERRINIEL%20SCALES%20INC.&PaperSize=DEFAULT&BalingStation=WeighingSystemUPPCV3_5_Service.Models.BalingStation&MoistureSettings=WeighingSystemUPPCV3_5_Service.Models.MoistureSettings&Signatory=WeighingSystemUPPCV3_5_Service.Models.Signatory&TransactionTypeCode=I
Client IP: ::1

    DateTime=2021-03-10T06:44:39.6255522Z
WeighingSystemUPPCV3_5_Core.Startup Information: 0 : Path: localhost:44386//api/Reporting/ReportDataSet
Body: 
Query: ?ReportType=PURCHASE_SUPPLIER01&DTFrom=2%2f1%2f2021%2012%3a00%3a00%20AM&DTTo=3%2f10%2f2021%2011%3a59%3a00%20PM&ClientId=40000002&CommodityId=0&CategoryId=0&PreparedBy=TERRINIEL%20SCALES%20INC.&CheckedBy=TERRINIEL%20SCALES%20INC.&PaperSize=DEFAULT&BalingStation=WeighingSystemUPPCV3_5_Service.Models.BalingStation&MoistureSettings=WeighingSystemUPPCV3_5_Service.Models.MoistureSettings&Signatory=WeighingSystemUPPCV3_5_Service.Models.Signatory&TransactionTypeCode=I
Client IP: ::1

    DateTime=2021-03-10T06:44:49.3701256Z
WeighingSystemUPPCV3_5_Core.Startup Information: 0 : Path: localhost:44386//api/Reporting/ReportDataSet
Body: 
Query: ?ReportType=PURCHASE_SUPPLIER01&DTFrom=2%2f1%2f2021%2012%3a00%3a00%20AM&DTTo=3%2f10%2f2021%2011%3a59%3a00%20PM&ClientId=40000002&CommodityId=0&CategoryId=0&PreparedBy=TERRINIEL%20SCALES%20INC.&CheckedBy=TERRINIEL%20SCALES%20INC.&PaperSize=DEFAULT&BalingStation=WeighingSystemUPPCV3_5_Service.Models.BalingStation&MoistureSettings=WeighingSystemUPPCV3_5_Service.Models.MoistureSettings&Signatory=WeighingSystemUPPCV3_5_Service.Models.Signatory&TransactionTypeCode=I
Client IP: ::1

    DateTime=2021-03-10T06:45:07.1442523Z
WeighingSystemUPPCV3_5_Core.Startup Information: 0 : Path: localhost:44386//api/Reporting/ReportDataSet
Body: 
Query: ?ReportType=PURCHASE_SUPPLIER01&DTFrom=2%2f1%2f2021%2012%3a00%3a00%20AM&DTTo=3%2f10%2f2021%2011%3a59%3a00%20PM&ClientId=40000002&CommodityId=0&CategoryId=0&PreparedBy=TERRINIEL%20SCALES%20INC.&CheckedBy=TERRINIEL%20SCALES%20INC.&PaperSize=DEFAULT&BalingStation=WeighingSystemUPPCV3_5_Service.Models.BalingStation&MoistureSettings=WeighingSystemUPPCV3_5_Service.Models.MoistureSettings&Signatory=WeighingSystemUPPCV3_5_Service.Models.Signatory&TransactionTypeCode=I
Client IP: ::1

    DateTime=2021-03-10T06:45:13.3424114Z
WeighingSystemUPPCV3_5_Core.Startup Information: 0 : Path: localhost:44386//api/Reporting/ReportDataSet
Body: 
Query: ?ReportType=PURCHASE_SUPPLIER01&DTFrom=2%2f1%2f2021%2012%3a00%3a00%20AM&DTTo=3%2f10%2f2021%2011%3a59%3a00%20PM&ClientId=40000002&CommodityId=0&CategoryId=0&PreparedBy=TERRINIEL%20SCALES%20INC.&CheckedBy=TERRINIEL%20SCALES%20INC.&PaperSize=DEFAULT&BalingStation=WeighingSystemUPPCV3_5_Service.Models.BalingStation&MoistureSettings=WeighingSystemUPPCV3_5_Service.Models.MoistureSettings&Signatory=WeighingSystemUPPCV3_5_Service.Models.Signatory&TransactionTypeCode=I
Client IP: ::1

    DateTime=2021-03-10T06:46:42.1501828Z
WeighingSystemUPPCV3_5_Core.Startup Information: 0 : Path: localhost:44386//api/Reporting/ReportDataSet
Body: 
Query: ?ReportType=PURCHASE_SUPPLIER01&DTFrom=2%2f1%2f2021%2012%3a00%3a00%20AM&DTTo=3%2f10%2f2021%2011%3a59%3a00%20PM&ClientId=40000002&CommodityId=0&CategoryId=0&PreparedBy=TERRINIEL%20SCALES%20INC.&CheckedBy=TERRINIEL%20SCALES%20INC.&PaperSize=DEFAULT&BalingStation=WeighingSystemUPPCV3_5_Service.Models.BalingStation&MoistureSettings=WeighingSystemUPPCV3_5_Service.Models.MoistureSettings&Signatory=WeighingSystemUPPCV3_5_Service.Models.Signatory&TransactionTypeCode=I
Client IP: ::1

    DateTime=2021-03-10T06:47:20.1174680Z
WeighingSystemUPPCV3_5_Core.Startup Information: 0 : Path: localhost:44386//api/Reporting/ReportDataSet
Body: 
Query: ?ReportType=PURCHASE_SUPPLIER01&DTFrom=2%2f1%2f2021%2012%3a00%3a00%20AM&DTTo=3%2f10%2f2021%2011%3a59%3a00%20PM&ClientId=40000002&CommodityId=0&CategoryId=0&PreparedBy=TERRINIEL%20SCALES%20INC.&CheckedBy=TERRINIEL%20SCALES%20INC.&PaperSize=DEFAULT&BalingStation=WeighingSystemUPPCV3_5_Service.Models.BalingStation&MoistureSettings=WeighingSystemUPPCV3_5_Service.Models.MoistureSettings&Signatory=WeighingSystemUPPCV3_5_Service.Models.Signatory&TransactionTypeCode=I
Client IP: ::1

    DateTime=2021-03-10T06:48:00.9334331Z
WeighingSystemUPPCV3_5_Core.Startup Information: 0 : Path: localhost:44386//api/Reporting/ReportDataSet
Body: 
Query: ?ReportType=PURCHASE_SUPPLIER01&DTFrom=2%2f1%2f2021%2012%3a00%3a00%20AM&DTTo=3%2f10%2f2021%2011%3a59%3a00%20PM&ClientId=40000002&CommodityId=0&CategoryId=0&PreparedBy=TERRINIEL%20SCALES%20INC.&CheckedBy=TERRINIEL%20SCALES%20INC.&PaperSize=DEFAULT&BalingStation=WeighingSystemUPPCV3_5_Service.Models.BalingStation&MoistureSettings=WeighingSystemUPPCV3_5_Service.Models.MoistureSettings&Signatory=WeighingSystemUPPCV3_5_Service.Models.Signatory&TransactionTypeCode=I
Client IP: ::1

    DateTime=2021-03-10T06:48:20.4656035Z
WeighingSystemUPPCV3_5_Core.Startup Information: 0 : Path: localhost:44386//api/Reporting/ReportDataSet
Body: 
Query: ?ReportType=PURCHASE_SUPPLIER01&DTFrom=2%2f1%2f2021%2012%3a00%3a00%20AM&DTTo=3%2f10%2f2021%2011%3a59%3a00%20PM&ClientId=40000002&CommodityId=0&CategoryId=0&PreparedBy=TERRINIEL%20SCALES%20INC.&CheckedBy=TERRINIEL%20SCALES%20INC.&PaperSize=DEFAULT&BalingStation=WeighingSystemUPPCV3_5_Service.Models.BalingStation&MoistureSettings=WeighingSystemUPPCV3_5_Service.Models.MoistureSettings&Signatory=WeighingSystemUPPCV3_5_Service.Models.Signatory&TransactionTypeCode=I
Client IP: ::1

    DateTime=2021-03-10T06:49:11.0695925Z
WeighingSystemUPPCV3_5_Core.Startup Information: 0 : Path: localhost:44386//api/Reporting/ReportDataSet
Body: 
Query: ?ReportType=PURCHASE_SUPPLIER01&DTFrom=2%2f1%2f2021%2012%3a00%3a00%20AM&DTTo=3%2f10%2f2021%2011%3a59%3a00%20PM&ClientId=40000002&CommodityId=0&CategoryId=0&PreparedBy=TERRINIEL%20SCALES%20INC.&CheckedBy=TERRINIEL%20SCALES%20INC.&PaperSize=DEFAULT&BalingStation=WeighingSystemUPPCV3_5_Service.Models.BalingStation&MoistureSettings=WeighingSystemUPPCV3_5_Service.Models.MoistureSettings&Signatory=WeighingSystemUPPCV3_5_Service.Models.Signatory&TransactionTypeCode=I
Client IP: ::1

    DateTime=2021-03-10T06:49:39.7800200Z
WeighingSystemUPPCV3_5_Core.Startup Information: 0 : Path: localhost:44386//api/Reporting/ReportDataSet
Body: 
Query: ?ReportType=PURCHASE_SUPPLIER01&DTFrom=2%2f1%2f2021%2012%3a00%3a00%20AM&DTTo=3%2f10%2f2021%2011%3a59%3a00%20PM&ClientId=40000002&CommodityId=0&CategoryId=0&PreparedBy=TERRINIEL%20SCALES%20INC.&CheckedBy=TERRINIEL%20SCALES%20INC.&PaperSize=DEFAULT&BalingStation=WeighingSystemUPPCV3_5_Service.Models.BalingStation&MoistureSettings=WeighingSystemUPPCV3_5_Service.Models.MoistureSettings&Signatory=WeighingSystemUPPCV3_5_Service.Models.Signatory&TransactionTypeCode=I
Client IP: ::1

    DateTime=2021-03-10T06:50:10.4499232Z
WeighingSystemUPPCV3_5_Core.Startup Information: 0 : Path: localhost:44386//api/Reporting/ReportDataSet
Body: 
Query: ?ReportType=PURCHASE_SUPPLIER01&DTFrom=2%2f1%2f2021%2012%3a00%3a00%20AM&DTTo=3%2f10%2f2021%2011%3a59%3a00%20PM&ClientId=40000002&CommodityId=0&CategoryId=0&PreparedBy=TERRINIEL%20SCALES%20INC.&CheckedBy=TERRINIEL%20SCALES%20INC.&PaperSize=DEFAULT&BalingStation=WeighingSystemUPPCV3_5_Service.Models.BalingStation&MoistureSettings=WeighingSystemUPPCV3_5_Service.Models.MoistureSettings&Signatory=WeighingSystemUPPCV3_5_Service.Models.Signatory&TransactionTypeCode=I
Client IP: ::1

    DateTime=2021-03-10T06:50:47.1760396Z
WeighingSystemUPPCV3_5_Core.Startup Information: 0 : Path: localhost:44386//api/Reporting/ReportDataSet
Body: 
Query: ?ReportType=PURCHASE_SUPPLIER01&DTFrom=2%2f1%2f2021%2012%3a00%3a00%20AM&DTTo=3%2f10%2f2021%2011%3a59%3a00%20PM&ClientId=40000002&CommodityId=0&CategoryId=0&PreparedBy=TERRINIEL%20SCALES%20INC.&CheckedBy=TERRINIEL%20SCALES%20INC.&PaperSize=DEFAULT&BalingStation=WeighingSystemUPPCV3_5_Service.Models.BalingStation&MoistureSettings=WeighingSystemUPPCV3_5_Service.Models.MoistureSettings&Signatory=WeighingSystemUPPCV3_5_Service.Models.Signatory&TransactionTypeCode=I
Client IP: ::1

    DateTime=2021-03-10T06:51:36.4437773Z
WeighingSystemUPPCV3_5_Core.Startup Information: 0 : Path: localhost:44386//api/Reporting/ReportDataSet
Body: 
Query: ?ReportType=PURCHASE_SUPPLIER01&DTFrom=2%2f1%2f2021%2012%3a00%3a00%20AM&DTTo=3%2f10%2f2021%2011%3a59%3a00%20PM&ClientId=40000002&CommodityId=0&CategoryId=0&PreparedBy=TERRINIEL%20SCALES%20INC.&CheckedBy=TERRINIEL%20SCALES%20INC.&PaperSize=DEFAULT&BalingStation=WeighingSystemUPPCV3_5_Service.Models.BalingStation&MoistureSettings=WeighingSystemUPPCV3_5_Service.Models.MoistureSettings&Signatory=WeighingSystemUPPCV3_5_Service.Models.Signatory&TransactionTypeCode=I
Client IP: ::1

    DateTime=2021-03-10T06:52:06.4616976Z
WeighingSystemUPPCV3_5_Core.Startup Information: 0 : Path: localhost:44386//api/Reporting/ReportDataSet
Body: 
Query: ?ReportType=PURCHASE_SUPPLIER01&DTFrom=2%2f1%2f2021%2012%3a00%3a00%20AM&DTTo=3%2f10%2f2021%2011%3a59%3a00%20PM&ClientId=40000002&CommodityId=0&CategoryId=0&PreparedBy=TERRINIEL%20SCALES%20INC.&CheckedBy=TERRINIEL%20SCALES%20INC.&PaperSize=DEFAULT&BalingStation=WeighingSystemUPPCV3_5_Service.Models.BalingStation&MoistureSettings=WeighingSystemUPPCV3_5_Service.Models.MoistureSettings&Signatory=WeighingSystemUPPCV3_5_Service.Models.Signatory&TransactionTypeCode=I
Client IP: ::1

    DateTime=2021-03-10T06:52:48.0856172Z
WeighingSystemUPPCV3_5_Core.Startup Information: 0 : Path: localhost:44386//api/Reporting/ReportDataSet
Body: 
Query: ?ReportType=PURCHASE_SUPPLIER01&DTFrom=2%2f1%2f2021%2012%3a00%3a00%20AM&DTTo=3%2f10%2f2021%2011%3a59%3a00%20PM&ClientId=40000002&CommodityId=0&CategoryId=0&PreparedBy=TERRINIEL%20SCALES%20INC.&CheckedBy=TERRINIEL%20SCALES%20INC.&PaperSize=DEFAULT&BalingStation=WeighingSystemUPPCV3_5_Service.Models.BalingStation&MoistureSettings=WeighingSystemUPPCV3_5_Service.Models.MoistureSettings&Signatory=WeighingSystemUPPCV3_5_Service.Models.Signatory&TransactionTypeCode=I
Client IP: ::1

    DateTime=2021-03-10T06:53:08.7149806Z
WeighingSystemUPPCV3_5_Core.Startup Information: 0 : Path: localhost:44386//api/Reporting/ReportDataSet
Body: 
Query: ?ReportType=PURCHASE_SUPPLIER01&DTFrom=2%2f1%2f2021%2012%3a00%3a00%20AM&DTTo=3%2f10%2f2021%2011%3a59%3a00%20PM&ClientId=40000002&CommodityId=0&CategoryId=0&PreparedBy=TERRINIEL%20SCALES%20INC.&CheckedBy=TERRINIEL%20SCALES%20INC.&PaperSize=DEFAULT&BalingStation=WeighingSystemUPPCV3_5_Service.Models.BalingStation&MoistureSettings=WeighingSystemUPPCV3_5_Service.Models.MoistureSettings&Signatory=WeighingSystemUPPCV3_5_Service.Models.Signatory&TransactionTypeCode=I
Client IP: ::1

    DateTime=2021-03-10T06:53:19.7826842Z
WeighingSystemUPPCV3_5_Core.Startup Information: 0 : Path: localhost:44386//api/Reporting/ReportDataSet
Body: 
Query: ?ReportType=PURCHASE_SUPPLIER01&DTFrom=2%2f1%2f2021%2012%3a00%3a00%20AM&DTTo=3%2f10%2f2021%2011%3a59%3a00%20PM&ClientId=40000002&CommodityId=0&CategoryId=0&PreparedBy=TERRINIEL%20SCALES%20INC.&CheckedBy=TERRINIEL%20SCALES%20INC.&PaperSize=DEFAULT&BalingStation=WeighingSystemUPPCV3_5_Service.Models.BalingStation&MoistureSettings=WeighingSystemUPPCV3_5_Service.Models.MoistureSettings&Signatory=WeighingSystemUPPCV3_5_Service.Models.Signatory&TransactionTypeCode=I
Client IP: ::1

    DateTime=2021-03-10T06:53:43.1464262Z
WeighingSystemUPPCV3_5_Core.Startup Information: 0 : Path: localhost:44386//api/Reporting/ReportDataSet
Body: 
Query: ?ReportType=PURCHASE_SUPPLIER01&DTFrom=2%2f1%2f2021%2012%3a00%3a00%20AM&DTTo=3%2f10%2f2021%2011%3a59%3a00%20PM&ClientId=40000002&CommodityId=0&CategoryId=0&PreparedBy=TERRINIEL%20SCALES%20INC.&CheckedBy=TERRINIEL%20SCALES%20INC.&PaperSize=DEFAULT&BalingStation=WeighingSystemUPPCV3_5_Service.Models.BalingStation&MoistureSettings=WeighingSystemUPPCV3_5_Service.Models.MoistureSettings&Signatory=WeighingSystemUPPCV3_5_Service.Models.Signatory&TransactionTypeCode=I
Client IP: ::1

    DateTime=2021-03-10T06:53:58.7839107Z
WeighingSystemUPPCV3_5_Core.Startup Information: 0 : Path: localhost:44386//api/Reporting/ReportDataSet
Body: 
Query: ?ReportType=PURCHASE_SUPPLIER01&DTFrom=2%2f1%2f2021%2012%3a00%3a00%20AM&DTTo=3%2f10%2f2021%2011%3a59%3a00%20PM&ClientId=40000002&CommodityId=0&CategoryId=0&PreparedBy=TERRINIEL%20SCALES%20INC.&CheckedBy=TERRINIEL%20SCALES%20INC.&PaperSize=DEFAULT&BalingStation=WeighingSystemUPPCV3_5_Service.Models.BalingStation&MoistureSettings=WeighingSystemUPPCV3_5_Service.Models.MoistureSettings&Signatory=WeighingSystemUPPCV3_5_Service.Models.Signatory&TransactionTypeCode=I
Client IP: ::1

    DateTime=2021-03-10T06:54:20.0478175Z
WeighingSystemUPPCV3_5_Core.Startup Information: 0 : Path: localhost:44386//api/Reporting/ReportDataSet
Body: 
Query: ?ReportType=PURCHASE_SUPPLIER01&DTFrom=2%2f1%2f2021%2012%3a00%3a00%20AM&DTTo=3%2f10%2f2021%2011%3a59%3a00%20PM&ClientId=40000002&CommodityId=0&CategoryId=0&PreparedBy=TERRINIEL%20SCALES%20INC.&CheckedBy=TERRINIEL%20SCALES%20INC.&PaperSize=DEFAULT&BalingStation=WeighingSystemUPPCV3_5_Service.Models.BalingStation&MoistureSettings=WeighingSystemUPPCV3_5_Service.Models.MoistureSettings&Signatory=WeighingSystemUPPCV3_5_Service.Models.Signatory&TransactionTypeCode=I
Client IP: ::1

    DateTime=2021-03-10T06:55:21.3442149Z
WeighingSystemUPPCV3_5_Core.Startup Information: 0 : Path: localhost:44386//api/Reporting/ReportDataSet
Body: 
Query: ?ReportType=PURCHASE_SUPPLIER01&DTFrom=2%2f1%2f2021%2012%3a00%3a00%20AM&DTTo=3%2f10%2f2021%2011%3a59%3a00%20PM&ClientId=40000002&CommodityId=0&CategoryId=0&PreparedBy=TERRINIEL%20SCALES%20INC.&CheckedBy=TERRINIEL%20SCALES%20INC.&PaperSize=DEFAULT&BalingStation=WeighingSystemUPPCV3_5_Service.Models.BalingStation&MoistureSettings=WeighingSystemUPPCV3_5_Service.Models.MoistureSettings&Signatory=WeighingSystemUPPCV3_5_Service.Models.Signatory&TransactionTypeCode=I
Client IP: ::1

    DateTime=2021-03-10T06:55:36.5207317Z
Microsoft.Hosting.Lifetime Information: 0 : Now listening on: https://[::]:44386
    DateTime=2021-03-10T07:34:01.9697112Z
Microsoft.Hosting.Lifetime Information: 0 : Now listening on: http://[::]:44385
    DateTime=2021-03-10T07:34:01.9788419Z
Microsoft.Hosting.Lifetime Information: 0 : Application started. Press Ctrl+C to shut down.
    DateTime=2021-03-10T07:34:01.9895885Z
Microsoft.Hosting.Lifetime Information: 0 : Hosting environment: Development
    DateTime=2021-03-10T07:34:02.0001091Z
Microsoft.Hosting.Lifetime Information: 0 : Content root path: D:\dir\tsi\UPPC\Phase 4\WeighingSystemUPPCV3.5\WeighingSystemUPPCV3.5.Core\WeighingSystemUPPCV3.5.Core
    DateTime=2021-03-10T07:34:02.0102313Z
WeighingSystemUPPCV3_5_Core.Startup Information: 0 : Path: localhost:44386//api/Reporting/ReportDataSet
Body: 
Query: ?ReportType=PURCHASE_MC_MONITORING&DTFrom=2%2f1%2f2021%2012%3a00%3a00%20AM&DTTo=3%2f10%2f2021%2011%3a59%3a00%20PM&ClientId=0&CommodityId=0&CategoryId=0&PreparedBy=TERRINIEL%20SCALES%20INC.&CheckedBy=RALPH%20A.%20BERNARTE&PaperSize=DEFAULT&BalingStation=WeighingSystemUPPCV3_5_Service.Models.BalingStation&MoistureSettings=WeighingSystemUPPCV3_5_Service.Models.MoistureSettings&Signatory=WeighingSystemUPPCV3_5_Service.Models.Signatory&TransactionTypeCode=I
Client IP: ::1

    DateTime=2021-03-10T07:34:03.0145358Z
WeighingSystemUPPCV3_5_Core.Startup Information: 0 : Path: localhost:44386//api/Reporting/ReportDataSet
Body: 
Query: ?ReportType=PURCHASE_MC_MONITORING&DTFrom=2%2f1%2f2021%2012%3a00%3a00%20AM&DTTo=3%2f10%2f2021%2011%3a59%3a00%20PM&ClientId=0&CommodityId=0&CategoryId=0&PreparedBy=TERRINIEL%20SCALES%20INC.&CheckedBy=RALPH%20A.%20BERNARTE&PaperSize=DEFAULT&BalingStation=WeighingSystemUPPCV3_5_Service.Models.BalingStation&MoistureSettings=WeighingSystemUPPCV3_5_Service.Models.MoistureSettings&Signatory=WeighingSystemUPPCV3_5_Service.Models.Signatory&TransactionTypeCode=I
Client IP: ::1

    DateTime=2021-03-10T07:34:32.8058365Z
WeighingSystemUPPCV3_5_Core.Startup Information: 0 : Path: localhost:44386//api/Reporting/ReportDataSet
Body: 
Query: ?ReportType=PURCHASE_MC_MONITORING&DTFrom=2%2f1%2f2021%2012%3a00%3a00%20AM&DTTo=3%2f10%2f2021%2011%3a59%3a00%20PM&ClientId=0&CommodityId=0&CategoryId=0&PreparedBy=TERRINIEL%20SCALES%20INC.&CheckedBy=RALPH%20A.%20BERNARTE&PaperSize=DEFAULT&BalingStation=WeighingSystemUPPCV3_5_Service.Models.BalingStation&MoistureSettings=WeighingSystemUPPCV3_5_Service.Models.MoistureSettings&Signatory=WeighingSystemUPPCV3_5_Service.Models.Signatory&TransactionTypeCode=I
Client IP: ::1

    DateTime=2021-03-10T07:34:48.3983869Z
WeighingSystemUPPCV3_5_Core.Startup Information: 0 : Path: localhost:44386//api/UserAccounts/LogIn
Body: {"userName":"TSI","userPwd":"1"}
Query: 
Client IP: ::1

    DateTime=2021-03-10T07:35:27.7949575Z
WeighingSystemUPPCV3_5_Core.Startup Information: 0 : Path: localhost:44386//api/Reporting/ReportDataSet
Body: 
Query: ?ReportType=PURCHASE_MC_MONITORING&DTFrom=3%2f1%2f2021%2012%3a00%3a00%20AM&DTTo=3%2f10%2f2021%2011%3a59%3a00%20PM&ClientId=0&CommodityId=0&CategoryId=0&PreparedBy=TERRINIEL%20SCALES%20INC.&CheckedBy=TERRINIEL%20SCALES%20INC.&PaperSize=DEFAULT&BalingStation=WeighingSystemUPPCV3_5_Service.Models.BalingStation&MoistureSettings=WeighingSystemUPPCV3_5_Service.Models.MoistureSettings&Signatory=WeighingSystemUPPCV3_5_Service.Models.Signatory&TransactionTypeCode=I
Client IP: ::1

    DateTime=2021-03-10T07:35:33.5173029Z
WeighingSystemUPPCV3_5_Core.Startup Information: 0 : Path: localhost:44386//api/Reporting/ReportDataSet
Body: 
Query: ?ReportType=PURCHASE_MC_MONITORING&DTFrom=3%2f1%2f2021%2012%3a00%3a00%20AM&DTTo=3%2f10%2f2021%2011%3a59%3a00%20PM&ClientId=0&CommodityId=0&CategoryId=0&PreparedBy=TERRINIEL%20SCALES%20INC.&CheckedBy=TERRINIEL%20SCALES%20INC.&PaperSize=DEFAULT&BalingStation=WeighingSystemUPPCV3_5_Service.Models.BalingStation&MoistureSettings=WeighingSystemUPPCV3_5_Service.Models.MoistureSettings&Signatory=WeighingSystemUPPCV3_5_Service.Models.Signatory&TransactionTypeCode=I
Client IP: ::1

    DateTime=2021-03-10T07:35:43.7073939Z
WeighingSystemUPPCV3_5_Core.Startup Information: 0 : Path: localhost:44386//api/Reporting/ReportDataSet
Body: 
Query: ?ReportType=PURCHASE_MC_MONITORING&DTFrom=3%2f1%2f2021%2012%3a00%3a00%20AM&DTTo=3%2f10%2f2021%2011%3a59%3a00%20PM&ClientId=0&CommodityId=0&CategoryId=0&PreparedBy=TERRINIEL%20SCALES%20INC.&CheckedBy=TERRINIEL%20SCALES%20INC.&PaperSize=DEFAULT&BalingStation=WeighingSystemUPPCV3_5_Service.Models.BalingStation&MoistureSettings=WeighingSystemUPPCV3_5_Service.Models.MoistureSettings&Signatory=WeighingSystemUPPCV3_5_Service.Models.Signatory&TransactionTypeCode=I
Client IP: ::1

    DateTime=2021-03-10T07:36:55.9144144Z
WeighingSystemUPPCV3_5_Core.Startup Information: 0 : Path: localhost:44386//api/Reporting/ReportDataSet
Body: 
Query: ?ReportType=PURCHASE_MC_MONITORING&DTFrom=3%2f1%2f2021%2012%3a00%3a00%20AM&DTTo=3%2f10%2f2021%2011%3a59%3a00%20PM&ClientId=0&CommodityId=0&CategoryId=0&PreparedBy=TERRINIEL%20SCALES%20INC.&CheckedBy=TERRINIEL%20SCALES%20INC.&PaperSize=DEFAULT&BalingStation=WeighingSystemUPPCV3_5_Service.Models.BalingStation&MoistureSettings=WeighingSystemUPPCV3_5_Service.Models.MoistureSettings&Signatory=WeighingSystemUPPCV3_5_Service.Models.Signatory&TransactionTypeCode=I
Client IP: ::1

    DateTime=2021-03-10T07:37:12.2256602Z
WeighingSystemUPPCV3_5_Core.Startup Information: 0 : Path: localhost:44386//api/Reporting/ReportDataSet
Body: 
Query: ?ReportType=PURCHASE_MC_MONITORING&DTFrom=3%2f1%2f2021%2012%3a00%3a00%20AM&DTTo=3%2f10%2f2021%2011%3a59%3a00%20PM&ClientId=0&CommodityId=0&CategoryId=0&PreparedBy=TERRINIEL%20SCALES%20INC.&CheckedBy=TERRINIEL%20SCALES%20INC.&PaperSize=DEFAULT&BalingStation=WeighingSystemUPPCV3_5_Service.Models.BalingStation&MoistureSettings=WeighingSystemUPPCV3_5_Service.Models.MoistureSettings&Signatory=WeighingSystemUPPCV3_5_Service.Models.Signatory&TransactionTypeCode=I
Client IP: ::1

    DateTime=2021-03-10T07:37:54.7665172Z
WeighingSystemUPPCV3_5_Core.Startup Information: 0 : Path: localhost:44386//api/Reporting/ReportDataSet
Body: 
Query: ?ReportType=PURCHASE_MC_MONITORING&DTFrom=3%2f1%2f2021%2012%3a00%3a00%20AM&DTTo=3%2f10%2f2021%2011%3a59%3a00%20PM&ClientId=0&CommodityId=0&CategoryId=0&PreparedBy=TERRINIEL%20SCALES%20INC.&CheckedBy=TERRINIEL%20SCALES%20INC.&PaperSize=DEFAULT&BalingStation=WeighingSystemUPPCV3_5_Service.Models.BalingStation&MoistureSettings=WeighingSystemUPPCV3_5_Service.Models.MoistureSettings&Signatory=WeighingSystemUPPCV3_5_Service.Models.Signatory&TransactionTypeCode=I
Client IP: ::1

    DateTime=2021-03-10T07:38:08.3135757Z
WeighingSystemUPPCV3_5_Core.Startup Information: 0 : Path: localhost:44386//api/Reporting/ReportDataSet
Body: 
Query: ?ReportType=PURCHASE_MC_MONITORING&DTFrom=3%2f1%2f2021%2012%3a00%3a00%20AM&DTTo=3%2f10%2f2021%2011%3a59%3a00%20PM&ClientId=0&CommodityId=0&CategoryId=0&PreparedBy=TERRINIEL%20SCALES%20INC.&CheckedBy=TERRINIEL%20SCALES%20INC.&PaperSize=DEFAULT&BalingStation=WeighingSystemUPPCV3_5_Service.Models.BalingStation&MoistureSettings=WeighingSystemUPPCV3_5_Service.Models.MoistureSettings&Signatory=WeighingSystemUPPCV3_5_Service.Models.Signatory&TransactionTypeCode=I
Client IP: ::1

    DateTime=2021-03-10T07:38:35.2315694Z
WeighingSystemUPPCV3_5_Core.Startup Information: 0 : Path: localhost:44386//api/Reporting/ReportDataSet
Body: 
Query: ?ReportType=PURCHASE_MC_MONITORING&DTFrom=3%2f1%2f2021%2012%3a00%3a00%20AM&DTTo=3%2f10%2f2021%2011%3a59%3a00%20PM&ClientId=0&CommodityId=0&CategoryId=0&PreparedBy=TERRINIEL%20SCALES%20INC.&CheckedBy=TERRINIEL%20SCALES%20INC.&PaperSize=DEFAULT&BalingStation=WeighingSystemUPPCV3_5_Service.Models.BalingStation&MoistureSettings=WeighingSystemUPPCV3_5_Service.Models.MoistureSettings&Signatory=WeighingSystemUPPCV3_5_Service.Models.Signatory&TransactionTypeCode=I
Client IP: ::1

    DateTime=2021-03-10T07:40:28.0370897Z
WeighingSystemUPPCV3_5_Core.Startup Information: 0 : Path: localhost:44386//api/Reporting/ReportDataSet
Body: 
Query: ?ReportType=PURCHASE_MC_MONITORING&DTFrom=3%2f1%2f2021%2012%3a00%3a00%20AM&DTTo=3%2f10%2f2021%2011%3a59%3a00%20PM&ClientId=0&CommodityId=0&CategoryId=0&PreparedBy=TERRINIEL%20SCALES%20INC.&CheckedBy=TERRINIEL%20SCALES%20INC.&PaperSize=DEFAULT&BalingStation=WeighingSystemUPPCV3_5_Service.Models.BalingStation&MoistureSettings=WeighingSystemUPPCV3_5_Service.Models.MoistureSettings&Signatory=WeighingSystemUPPCV3_5_Service.Models.Signatory&TransactionTypeCode=I
Client IP: ::1

    DateTime=2021-03-10T07:40:39.9325828Z
WeighingSystemUPPCV3_5_Core.Startup Information: 0 : Path: localhost:44386//api/Reporting/ReportDataSet
Body: 
Query: ?ReportType=PURCHASE_MC_MONITORING&DTFrom=3%2f1%2f2021%2012%3a00%3a00%20AM&DTTo=3%2f10%2f2021%2011%3a59%3a00%20PM&ClientId=0&CommodityId=0&CategoryId=0&PreparedBy=TERRINIEL%20SCALES%20INC.&CheckedBy=TERRINIEL%20SCALES%20INC.&PaperSize=DEFAULT&BalingStation=WeighingSystemUPPCV3_5_Service.Models.BalingStation&MoistureSettings=WeighingSystemUPPCV3_5_Service.Models.MoistureSettings&Signatory=WeighingSystemUPPCV3_5_Service.Models.Signatory&TransactionTypeCode=I
Client IP: ::1

    DateTime=2021-03-10T07:41:01.5379384Z
WeighingSystemUPPCV3_5_Core.Startup Information: 0 : Path: localhost:44386//api/Reporting/ReportDataSet
Body: 
Query: ?ReportType=PURCHASE_MC_MONITORING&DTFrom=3%2f1%2f2021%2012%3a00%3a00%20AM&DTTo=3%2f10%2f2021%2011%3a59%3a00%20PM&ClientId=0&CommodityId=0&CategoryId=0&PreparedBy=TERRINIEL%20SCALES%20INC.&CheckedBy=TERRINIEL%20SCALES%20INC.&PaperSize=DEFAULT&BalingStation=WeighingSystemUPPCV3_5_Service.Models.BalingStation&MoistureSettings=WeighingSystemUPPCV3_5_Service.Models.MoistureSettings&Signatory=WeighingSystemUPPCV3_5_Service.Models.Signatory&TransactionTypeCode=I
Client IP: ::1

    DateTime=2021-03-10T07:41:13.8749199Z
