Microsoft.Hosting.Lifetime Information: 0 : Now listening on: https://[::]:44386
    DateTime=2021-06-02T06:56:56.4345641Z
Microsoft.Hosting.Lifetime Information: 0 : Now listening on: http://[::]:44385
    DateTime=2021-06-02T06:56:56.4464825Z
Microsoft.Hosting.Lifetime Information: 0 : Application started. Press Ctrl+C to shut down.
    DateTime=2021-06-02T06:56:56.4585542Z
Microsoft.Hosting.Lifetime Information: 0 : Hosting environment: Development
    DateTime=2021-06-02T06:56:56.4681496Z
Microsoft.Hosting.Lifetime Information: 0 : Content root path: D:\dir\tsi\UPPC\Phase 4\WeighingSystemUPPCV3.5\WeighingSystemUPPCV3.5.Core\WeighingSystemUPPCV3.5.Core
    DateTime=2021-06-02T06:56:56.4807951Z
WeighingSystemUPPCV3_5_Core.Startup Information: 0 : Path: localhost:44386//api/Config
Body: 
Query: 
Client IP: ::1

    DateTime=2021-06-02T06:56:57.7566224Z
WeighingSystemUPPCV3_5_Core.Startup Information: 0 : Path: localhost:44386//api/BalingStations/selected
Body: 
Query: 
Client IP: ::1

    DateTime=2021-06-02T06:56:58.2734280Z
WeighingSystemUPPCV3_5_Core.Startup Information: 0 : Path: localhost:44386//api/Config
Body: 
Query: 
Client IP: ::1

    DateTime=2021-06-02T06:57:30.4702603Z
WeighingSystemUPPCV3_5_Core.Startup Information: 0 : Path: localhost:44386//api/BalingStations/selected
Body: 
Query: 
Client IP: ::1

    DateTime=2021-06-02T06:57:30.5405194Z
WeighingSystemUPPCV3_5_Core.Startup Information: 0 : Path: localhost:44386//api/BalingStations/selected
Body: 
Query: 
Client IP: ::1

    DateTime=2021-06-02T06:57:40.5630365Z
WeighingSystemUPPCV3_5_Core.Controllers.BalingStationsController Error: 0 : A network-related or instance-specific error occurred while establishing a connection to SQL Server. The server was not found or was not accessible. Verify that the instance name is correct and that SQL Server is configured to allow remote connections. (provider: SNI_PN11, error: 26 - Error Locating Server/Instance Specified)
    DateTime=2021-06-02T06:57:41.4417484Z
WeighingSystemUPPCV3_5_Core.Controllers.BalingStationsController Error: 0 : A network-related or instance-specific error occurred while establishing a connection to SQL Server. The server was not found or was not accessible. Verify that the instance name is correct and that SQL Server is configured to allow remote connections. (provider: SNI_PN11, error: 26 - Error Locating Server/Instance Specified)
    DateTime=2021-06-02T06:57:41.4471903Z
WeighingSystemUPPCV3_5_Core.Controllers.BalingStationsController Error: 0 : A network-related or instance-specific error occurred while establishing a connection to SQL Server. The server was not found or was not accessible. Verify that the instance name is correct and that SQL Server is configured to allow remote connections. (provider: SNI_PN11, error: 26 - Error Locating Server/Instance Specified)
    DateTime=2021-06-02T06:57:41.4520775Z
Microsoft.Hosting.Lifetime Information: 0 : Now listening on: https://[::]:44386
    DateTime=2021-06-02T06:58:35.8526103Z
Microsoft.Hosting.Lifetime Information: 0 : Now listening on: http://[::]:44385
    DateTime=2021-06-02T06:58:35.8621239Z
Microsoft.Hosting.Lifetime Information: 0 : Application started. Press Ctrl+C to shut down.
    DateTime=2021-06-02T06:58:35.8708713Z
Microsoft.Hosting.Lifetime Information: 0 : Hosting environment: Development
    DateTime=2021-06-02T06:58:35.8799734Z
Microsoft.Hosting.Lifetime Information: 0 : Content root path: D:\dir\tsi\UPPC\Phase 4\WeighingSystemUPPCV3.5\WeighingSystemUPPCV3.5.Core\WeighingSystemUPPCV3.5.Core
    DateTime=2021-06-02T06:58:35.8891732Z
WeighingSystemUPPCV3_5_Core.Startup Information: 0 : Path: localhost:44386//api/Config
Body: 
Query: 
Client IP: ::1

    DateTime=2021-06-02T06:58:42.5508329Z
WeighingSystemUPPCV3_5_Core.Startup Information: 0 : Path: localhost:44386//api/BalingStations/selected
Body: 
Query: 
Client IP: ::1

    DateTime=2021-06-02T06:58:42.9475425Z
Microsoft.Hosting.Lifetime Information: 0 : Application is shutting down...
    DateTime=2021-06-02T06:59:38.4166817Z
Microsoft.Hosting.Lifetime Information: 0 : Now listening on: https://[::]:44386
    DateTime=2021-06-02T06:59:51.8810726Z
Microsoft.Hosting.Lifetime Information: 0 : Now listening on: http://[::]:44385
    DateTime=2021-06-02T06:59:51.8872817Z
Microsoft.Hosting.Lifetime Information: 0 : Application started. Press Ctrl+C to shut down.
    DateTime=2021-06-02T06:59:51.8951916Z
Microsoft.Hosting.Lifetime Information: 0 : Hosting environment: Development
    DateTime=2021-06-02T06:59:51.9020989Z
Microsoft.Hosting.Lifetime Information: 0 : Content root path: D:\dir\tsi\UPPC\Phase 4\WeighingSystemUPPCV3.5\WeighingSystemUPPCV3.5.Core\WeighingSystemUPPCV3.5.Core
    DateTime=2021-06-02T06:59:51.9102343Z
WeighingSystemUPPCV3_5_Core.Startup Information: 0 : Path: localhost:44386//api/Config
Body: 
Query: 
Client IP: ::1

    DateTime=2021-06-02T07:00:02.5850600Z
WeighingSystemUPPCV3_5_Core.Startup Information: 0 : Path: localhost:44386//api/BalingStations/selected
Body: 
Query: 
Client IP: ::1

    DateTime=2021-06-02T07:00:03.0251691Z
WeighingSystemUPPCV3_5_Core.Startup Information: 0 : Path: localhost:44386//api/MoistureSettings
Body: 
Query: 
Client IP: ::1

    DateTime=2021-06-02T07:00:06.2161758Z
WeighingSystemUPPCV3_5_Core.Startup Information: 0 : Path: localhost:44386//api/TransactionTypes
Body: 
Query: 
Client IP: ::1

    DateTime=2021-06-02T07:00:06.4485349Z
WeighingSystemUPPCV3_5_Core.Startup Information: 0 : Path: localhost:44386//api/MoistureReaders
Body: 
Query: 
Client IP: ::1

    DateTime=2021-06-02T07:00:06.5356071Z
WeighingSystemUPPCV3_5_Core.Startup Information: 0 : Path: localhost:44386//api/BaleTypes
Body: 
Query: 
Client IP: ::1

    DateTime=2021-06-02T07:00:06.6457572Z
WeighingSystemUPPCV3_5_Core.Startup Information: 0 : Path: localhost:44386//api/Sources
Body: 
Query: 
Client IP: ::1

    DateTime=2021-06-02T07:00:06.7358884Z
WeighingSystemUPPCV3_5_Core.Startup Information: 0 : Path: localhost:44386//api/SourceCategories
Body: 
Query: 
Client IP: ::1

    DateTime=2021-06-02T07:00:06.8527497Z
WeighingSystemUPPCV3_5_Core.Startup Information: 0 : Path: localhost:44386//api/Customers
Body: 
Query: 
Client IP: ::1

    DateTime=2021-06-02T07:00:06.9230089Z
WeighingSystemUPPCV3_5_Core.Startup Information: 0 : Path: localhost:44386//api/Suppliers
Body: 
Query: 
Client IP: ::1

    DateTime=2021-06-02T07:00:07.0151358Z
WeighingSystemUPPCV3_5_Core.Startup Information: 0 : Path: localhost:44386//api/RawMaterials
Body: 
Query: 
Client IP: ::1

    DateTime=2021-06-02T07:00:07.0935108Z
WeighingSystemUPPCV3_5_Core.Startup Information: 0 : Path: localhost:44386//api/Products
Body: 
Query: 
Client IP: ::1

    DateTime=2021-06-02T07:00:07.2320840Z
WeighingSystemUPPCV3_5_Core.Startup Information: 0 : Path: localhost:44386//api/Categories
Body: 
Query: 
Client IP: ::1

    DateTime=2021-06-02T07:00:07.3341910Z
WeighingSystemUPPCV3_5_Core.Startup Information: 0 : Path: localhost:44386//api/Haulers
Body: 
Query: 
Client IP: ::1

    DateTime=2021-06-02T07:00:07.4298287Z
WeighingSystemUPPCV3_5_Core.Startup Information: 0 : Path: localhost:44386//api/Vehicles
Body: 
Query: 
Client IP: ::1

    DateTime=2021-06-02T07:00:07.5270306Z
WeighingSystemUPPCV3_5_Core.Startup Information: 0 : Path: localhost:44386//api/VehicleTypes
Body: 
Query: 
Client IP: ::1

    DateTime=2021-06-02T07:00:07.7101625Z
WeighingSystemUPPCV3_5_Core.Startup Information: 0 : Path: localhost:44386//api/SubSuppliers
Body: 
Query: 
Client IP: ::1

    DateTime=2021-06-02T07:00:07.7896633Z
WeighingSystemUPPCV3_5_Core.Startup Information: 0 : Path: localhost:44386//api/SaleTransactions
Body: 
Query: ?Returned=false
Client IP: ::1

    DateTime=2021-06-02T07:00:07.8695116Z
WeighingSystemUPPCV3_5_Core.Startup Information: 0 : Path: localhost:44386//api/UserAccounts/UserAccountDetails
Body: 
Query: 
Client IP: ::1

    DateTime=2021-06-02T07:00:08.0885922Z
WeighingSystemUPPCV3_5_Core.Startup Information: 0 : Path: localhost:44386//api/Reminders
Body: 
Query: 
Client IP: ::1

    DateTime=2021-06-02T07:00:08.1918456Z
WeighingSystemUPPCV3_5_Core.Startup Information: 0 : Path: localhost:44386//api/Signatories
Body: 
Query: 
Client IP: ::1

    DateTime=2021-06-02T07:00:08.2740585Z
WeighingSystemUPPCV3_5_Core.Startup Information: 0 : Path: localhost:44386//api/UserAccounts/LogIn
Body: {"userName":"TSI","userPwd":"1"}
Query: 
Client IP: ::1

    DateTime=2021-06-02T07:00:10.9761322Z
WeighingSystemUPPCV3_5_Core.Startup Information: 0 : Path: localhost:44386//api/Reporting/ReportDataSet
Body: 
Query: ?ReportType=SALE_PLANT_COMPARISON&DTFrom=1%2f1%2f2021%2012%3a00%3a00%20AM&DTTo=6%2f2%2f2021%2011%3a59%3a00%20PM&ClientId=0&CommodityId=0&CategoryId=0&PreparedBy=TERRINIEL%20SCALES%20INC.&CheckedBy=TERRINIEL%20SCALES%20INC.&PaperSize=DEFAULT&BalingStation=WeighingSystemUPPCV3_5_Service.Models.BalingStation&MoistureSettings=WeighingSystemUPPCV3_5_Service.Models.MoistureSettings&Signatory=WeighingSystemUPPCV3_5_Service.Models.Signatory&TransactionTypeCode=O
Client IP: ::1

    DateTime=2021-06-02T07:00:41.1744556Z
WeighingSystemUPPCV3_5_Core.Startup Information: 0 : Path: localhost:44386//api/Reporting/ReportDataSet
Body: 
Query: ?ReportType=SALE_PLANT_COMPARISON&DTFrom=1%2f1%2f2021%2012%3a00%3a00%20AM&DTTo=6%2f2%2f2021%2011%3a59%3a00%20PM&ClientId=0&CommodityId=0&CategoryId=0&PreparedBy=TERRINIEL%20SCALES%20INC.&CheckedBy=TERRINIEL%20SCALES%20INC.&PaperSize=DEFAULT&BalingStation=WeighingSystemUPPCV3_5_Service.Models.BalingStation&MoistureSettings=WeighingSystemUPPCV3_5_Service.Models.MoistureSettings&Signatory=WeighingSystemUPPCV3_5_Service.Models.Signatory&TransactionTypeCode=O
Client IP: ::1

    DateTime=2021-06-02T07:00:58.6408012Z
WeighingSystemUPPCV3_5_Core.Startup Information: 0 : Path: localhost:44386//api/Reporting/ReportDataSet
Body: 
Query: ?ReportType=SALE_PLANT_COMPARISON&DTFrom=1%2f1%2f2021%2012%3a00%3a00%20AM&DTTo=6%2f2%2f2021%2011%3a59%3a00%20PM&ClientId=0&CommodityId=0&CategoryId=0&PreparedBy=TERRINIEL%20SCALES%20INC.&CheckedBy=TERRINIEL%20SCALES%20INC.&PaperSize=DEFAULT&BalingStation=WeighingSystemUPPCV3_5_Service.Models.BalingStation&MoistureSettings=WeighingSystemUPPCV3_5_Service.Models.MoistureSettings&Signatory=WeighingSystemUPPCV3_5_Service.Models.Signatory&TransactionTypeCode=O
Client IP: ::1

    DateTime=2021-06-02T07:02:18.5786093Z
WeighingSystemUPPCV3_5_Core.Startup Information: 0 : Path: localhost:44386//api/Reporting/ReportDataSet
Body: 
Query: ?ReportType=SALE_PLANT_COMPARISON&DTFrom=1%2f1%2f2021%2012%3a00%3a00%20AM&DTTo=6%2f2%2f2021%2011%3a59%3a00%20PM&ClientId=0&CommodityId=0&CategoryId=0&PreparedBy=TERRINIEL%20SCALES%20INC.&CheckedBy=TERRINIEL%20SCALES%20INC.&PaperSize=DEFAULT&BalingStation=WeighingSystemUPPCV3_5_Service.Models.BalingStation&MoistureSettings=WeighingSystemUPPCV3_5_Service.Models.MoistureSettings&Signatory=WeighingSystemUPPCV3_5_Service.Models.Signatory&TransactionTypeCode=O
Client IP: ::1

    DateTime=2021-06-02T07:14:36.3675384Z
WeighingSystemUPPCV3_5_Core.Startup Information: 0 : Path: localhost:44386//api/Reporting/ReportDataSet
Body: 
Query: ?ReportType=SALE_PLANT_COMPARISON&DTFrom=1%2f1%2f2021%2012%3a00%3a00%20AM&DTTo=6%2f2%2f2021%2011%3a59%3a00%20PM&ClientId=0&CommodityId=0&CategoryId=0&PreparedBy=TERRINIEL%20SCALES%20INC.&CheckedBy=TERRINIEL%20SCALES%20INC.&PaperSize=DEFAULT&BalingStation=WeighingSystemUPPCV3_5_Service.Models.BalingStation&MoistureSettings=WeighingSystemUPPCV3_5_Service.Models.MoistureSettings&Signatory=WeighingSystemUPPCV3_5_Service.Models.Signatory&TransactionTypeCode=O
Client IP: ::1

    DateTime=2021-06-02T07:22:01.2969906Z
WeighingSystemUPPCV3_5_Core.Startup Information: 0 : Path: localhost:44386//api/Reporting/ReportDataSet
Body: 
Query: ?ReportType=SALE_PLANT_COMPARISON&DTFrom=1%2f1%2f2021%2012%3a00%3a00%20AM&DTTo=6%2f2%2f2021%2011%3a59%3a00%20PM&ClientId=0&CommodityId=0&CategoryId=0&PreparedBy=TERRINIEL%20SCALES%20INC.&CheckedBy=TERRINIEL%20SCALES%20INC.&PaperSize=DEFAULT&BalingStation=WeighingSystemUPPCV3_5_Service.Models.BalingStation&MoistureSettings=WeighingSystemUPPCV3_5_Service.Models.MoistureSettings&Signatory=WeighingSystemUPPCV3_5_Service.Models.Signatory&TransactionTypeCode=O
Client IP: ::1

    DateTime=2021-06-02T07:24:41.5408933Z
WeighingSystemUPPCV3_5_Core.Startup Information: 0 : Path: localhost:44386//api/Reporting/ReportDataSet
Body: 
Query: ?ReportType=SALE_PLANT_COMPARISON&DTFrom=1%2f1%2f2021%2012%3a00%3a00%20AM&DTTo=6%2f2%2f2021%2011%3a59%3a00%20PM&ClientId=0&CommodityId=0&CategoryId=0&PreparedBy=TERRINIEL%20SCALES%20INC.&CheckedBy=TERRINIEL%20SCALES%20INC.&PaperSize=DEFAULT&BalingStation=WeighingSystemUPPCV3_5_Service.Models.BalingStation&MoistureSettings=WeighingSystemUPPCV3_5_Service.Models.MoistureSettings&Signatory=WeighingSystemUPPCV3_5_Service.Models.Signatory&TransactionTypeCode=O
Client IP: ::1

    DateTime=2021-06-02T07:25:40.5074096Z
WeighingSystemUPPCV3_5_Core.Startup Information: 0 : Path: localhost:44386//api/Config
Body: 
Query: 
Client IP: ::1

    DateTime=2021-06-02T07:26:35.9938927Z
WeighingSystemUPPCV3_5_Core.Startup Information: 0 : Path: localhost:44386//api/BalingStations/selected
Body: 
Query: 
Client IP: ::1

    DateTime=2021-06-02T07:26:36.1383388Z
WeighingSystemUPPCV3_5_Core.Startup Information: 0 : Path: localhost:44386//api/MoistureSettings
Body: 
Query: 
Client IP: ::1

    DateTime=2021-06-02T07:26:44.0427388Z
WeighingSystemUPPCV3_5_Core.Startup Information: 0 : Path: localhost:44386//api/TransactionTypes
Body: 
Query: 
Client IP: ::1

    DateTime=2021-06-02T07:26:44.1532942Z
WeighingSystemUPPCV3_5_Core.Startup Information: 0 : Path: localhost:44386//api/MoistureReaders
Body: 
Query: 
Client IP: ::1

    DateTime=2021-06-02T07:26:44.2371547Z
WeighingSystemUPPCV3_5_Core.Startup Information: 0 : Path: localhost:44386//api/BaleTypes
Body: 
Query: 
Client IP: ::1

    DateTime=2021-06-02T07:26:44.3385152Z
WeighingSystemUPPCV3_5_Core.Startup Information: 0 : Path: localhost:44386//api/Sources
Body: 
Query: 
Client IP: ::1

    DateTime=2021-06-02T07:26:44.4885012Z
WeighingSystemUPPCV3_5_Core.Startup Information: 0 : Path: localhost:44386//api/SourceCategories
Body: 
Query: 
Client IP: ::1

    DateTime=2021-06-02T07:26:44.6116002Z
WeighingSystemUPPCV3_5_Core.Startup Information: 0 : Path: localhost:44386//api/Customers
Body: 
Query: 
Client IP: ::1

    DateTime=2021-06-02T07:26:44.6855533Z
WeighingSystemUPPCV3_5_Core.Startup Information: 0 : Path: localhost:44386//api/Suppliers
Body: 
Query: 
Client IP: ::1

    DateTime=2021-06-02T07:26:44.7920599Z
WeighingSystemUPPCV3_5_Core.Startup Information: 0 : Path: localhost:44386//api/RawMaterials
Body: 
Query: 
Client IP: ::1

    DateTime=2021-06-02T07:26:44.8794399Z
WeighingSystemUPPCV3_5_Core.Startup Information: 0 : Path: localhost:44386//api/Products
Body: 
Query: 
Client IP: ::1

    DateTime=2021-06-02T07:26:45.0736649Z
WeighingSystemUPPCV3_5_Core.Startup Information: 0 : Path: localhost:44386//api/Categories
Body: 
Query: 
Client IP: ::1

    DateTime=2021-06-02T07:26:45.1681067Z
WeighingSystemUPPCV3_5_Core.Startup Information: 0 : Path: localhost:44386//api/Haulers
Body: 
Query: 
Client IP: ::1

    DateTime=2021-06-02T07:26:45.2459608Z
WeighingSystemUPPCV3_5_Core.Startup Information: 0 : Path: localhost:44386//api/Vehicles
Body: 
Query: 
Client IP: ::1

    DateTime=2021-06-02T07:26:45.3123472Z
WeighingSystemUPPCV3_5_Core.Startup Information: 0 : Path: localhost:44386//api/VehicleTypes
Body: 
Query: 
Client IP: ::1

    DateTime=2021-06-02T07:26:45.4479328Z
WeighingSystemUPPCV3_5_Core.Startup Information: 0 : Path: localhost:44386//api/SubSuppliers
Body: 
Query: 
Client IP: ::1

    DateTime=2021-06-02T07:26:45.5219172Z
WeighingSystemUPPCV3_5_Core.Startup Information: 0 : Path: localhost:44386//api/SaleTransactions
Body: 
Query: ?Returned=false
Client IP: ::1

    DateTime=2021-06-02T07:26:45.6192848Z
WeighingSystemUPPCV3_5_Core.Startup Information: 0 : Path: localhost:44386//api/UserAccounts/UserAccountDetails
Body: 
Query: 
Client IP: ::1

    DateTime=2021-06-02T07:26:45.9885295Z
WeighingSystemUPPCV3_5_Core.Startup Information: 0 : Path: localhost:44386//api/Reminders
Body: 
Query: 
Client IP: ::1

    DateTime=2021-06-02T07:26:46.1092503Z
WeighingSystemUPPCV3_5_Core.Startup Information: 0 : Path: localhost:44386//api/Signatories
Body: 
Query: 
Client IP: ::1

    DateTime=2021-06-02T07:26:46.1875482Z
WeighingSystemUPPCV3_5_Core.Startup Information: 0 : Path: localhost:44386//api/UserAccounts/LogIn
Body: {"userName":"TSI","userPwd":"1"}
Query: 
Client IP: ::1

    DateTime=2021-06-02T07:26:54.3441856Z
WeighingSystemUPPCV3_5_Core.Startup Information: 0 : Path: localhost:44386//api/Reporting/ReportDataSet
Body: 
Query: ?ReportType=SALE_PLANT_COMPARISON&DTFrom=3%2f1%2f2021%2012%3a00%3a00%20AM&DTTo=3%2f10%2f2021%2011%3a59%3a00%20PM&ClientId=0&CommodityId=0&CategoryId=0&PreparedBy=TERRINIEL%20SCALES%20INC.&CheckedBy=TERRINIEL%20SCALES%20INC.&PaperSize=DEFAULT&BalingStation=WeighingSystemUPPCV3_5_Service.Models.BalingStation&MoistureSettings=WeighingSystemUPPCV3_5_Service.Models.MoistureSettings&Signatory=WeighingSystemUPPCV3_5_Service.Models.Signatory&TransactionTypeCode=O
Client IP: ::1

    DateTime=2021-06-02T07:27:10.3731343Z
WeighingSystemUPPCV3_5_Core.Startup Information: 0 : Path: localhost:44386//api/UserAccounts/LogIn
Body: {"userName":"TSI","userPwd":"1"}
Query: 
Client IP: ::1

    DateTime=2021-06-02T07:27:22.5079734Z
WeighingSystemUPPCV3_5_Core.Startup Information: 0 : Path: localhost:44386//api/PurchaseTransactions
Body: 
Query: ?TransactionId=0&ReceiptNum=&DTFrom=6%2f2%2f2021%203%3a27%3a23%20PM&DTTo=6%2f2%2f2021%203%3a27%3a24%20PM
Client IP: ::1

    DateTime=2021-06-02T07:27:24.0586069Z
WeighingSystemUPPCV3_5_Core.Startup Information: 0 : Path: localhost:44386//api/PurchaseOrders
Body: 
Query: ?PONum=&POType=&Available=&DTEffectivity=&IncludeTotals=False&SupplierId=0&RawMaterialId=0&IsActive=True
Client IP: ::1

    DateTime=2021-06-02T07:27:36.7258784Z
WeighingSystemUPPCV3_5_Core.Startup Information: 0 : Path: localhost:44386//api/Reminders/Count
Body: 
Query: 
Client IP: ::1

    DateTime=2021-06-02T07:27:44.3932468Z
WeighingSystemUPPCV3_5_Core.Startup Information: 0 : Path: localhost:44386//api/Inyards
Body: 
Query: 
Client IP: ::1

    DateTime=2021-06-02T07:27:44.8000283Z
WeighingSystemUPPCV3_5_Core.Startup Information: 0 : Path: localhost:44386//api/SaleTransactions/10003616
Body: 
Query: 
Client IP: ::1

    DateTime=2021-06-02T07:28:00.2016588Z
WeighingSystemUPPCV3_5_Core.Startup Information: 0 : Path: localhost:44386//api/ReturnedVehicles/10003616
Body: {"returnedVehicleId":0,"dtArrival":"2021-02-09T13:58:55.68","plantNetWt":16100.0,"mc":11.87,"mC10":15765.0,"mC12":16100.0,"ot":0.0,"pm":0.0,"pmAdjustedWt":0.0,"otAdjustedWt":0.0,"diffNet":-150.0,"diffCorrected10":-30.0,"diffCorrected12":-54.0,"diffDay":0,"diffTime":0.0,"baleCount":0,"dtGuardIn":"2021-02-09T13:58:55.68","dtGuardOut":"2021-02-09T13:58:55.68","dtOutToPlant":"2021-02-09T13:58:55.68","saleId":10003616}
Query: 
Client IP: ::1

    DateTime=2021-06-02T07:28:15.3453574Z
WeighingSystemUPPCV3_5_Core.Startup Information: 0 : Path: localhost:44386//api/ReturnedVehicles/10003616
Body: {"returnedVehicleId":0,"dtArrival":"2021-02-09T13:58:55.68","plantNetWt":16100.0,"mc":11.87,"mC10":15765.0,"mC12":16100.0,"ot":0.0,"pm":0.0,"pmAdjustedWt":0.0,"otAdjustedWt":0.0,"diffNet":-150.0,"diffCorrected10":-30.0,"diffCorrected12":-54.0,"diffDay":0,"diffTime":0.0,"baleCount":0,"remarks":"GASDG","timeVarianceRemarks":"ASD","dtGuardIn":"2021-02-09T13:58:55.68","dtGuardOut":"2021-02-09T13:58:55.68","dtOutToPlant":"2021-02-09T13:58:55.68","saleId":10003616}
Query: 
Client IP: ::1

    DateTime=2021-06-02T07:28:18.7349948Z
WeighingSystemUPPCV3_5_Core.Startup Information: 0 : Path: localhost:44386//api/ReturnedVehicles/10003616
Body: {"returnedVehicleId":0,"dtArrival":"2021-02-09T13:58:55.68","plantNetWt":16100.0,"mc":11.87,"mC10":15765.0,"mC12":16100.0,"ot":0.0,"pm":0.0,"pmAdjustedWt":0.0,"otAdjustedWt":0.0,"diffNet":-150.0,"diffCorrected10":-30.0,"diffCorrected12":-54.0,"diffDay":0,"diffTime":0.0,"baleCount":0,"remarks":"GASDG","timeVarianceRemarks":"ASD","vehicleOrigin":"12313","dtGuardIn":"2021-02-09T13:58:55.68","dtGuardOut":"2021-02-09T13:58:55.68","dtOutToPlant":"2021-02-09T13:58:55.68","saleId":10003616}
Query: 
Client IP: ::1

    DateTime=2021-06-02T07:28:22.0214478Z
WeighingSystemUPPCV3_5_Core.Startup Information: 0 : Path: localhost:44386//api/UserAccounts/LogIn
Body: {"userName":"TSI","userPwd":"1"}
Query: 
Client IP: ::1

    DateTime=2021-06-02T07:28:33.1641757Z
WeighingSystemUPPCV3_5_Core.Startup Information: 0 : Path: localhost:44386//api/Reporting/ReportDataSet
Body: 
Query: ?ReportType=SALE_PLANT_COMPARISON&DTFrom=2%2f1%2f2021%2012%3a00%3a00%20AM&DTTo=2%2f12%2f2021%2011%3a59%3a00%20PM&ClientId=0&CommodityId=0&CategoryId=0&PreparedBy=TERRINIEL%20SCALES%20INC.&CheckedBy=TERRINIEL%20SCALES%20INC.&PaperSize=DEFAULT&BalingStation=WeighingSystemUPPCV3_5_Service.Models.BalingStation&MoistureSettings=WeighingSystemUPPCV3_5_Service.Models.MoistureSettings&Signatory=WeighingSystemUPPCV3_5_Service.Models.Signatory&TransactionTypeCode=O
Client IP: ::1

    DateTime=2021-06-02T07:28:44.0327551Z
WeighingSystemUPPCV3_5_Core.Startup Information: 0 : Path: localhost:44386//api/UserAccounts/LogIn
Body: {"userName":"TSI","userPwd":"1"}
Query: 
Client IP: ::1

    DateTime=2021-06-02T07:29:02.2124413Z
WeighingSystemUPPCV3_5_Core.Startup Information: 0 : Path: localhost:44386//api/PurchaseTransactions
Body: 
Query: ?TransactionId=0&ReceiptNum=&DTFrom=6%2f2%2f2021%203%3a29%3a04%20PM&DTTo=6%2f2%2f2021%203%3a29%3a04%20PM
Client IP: ::1

    DateTime=2021-06-02T07:29:04.0858774Z
WeighingSystemUPPCV3_5_Core.Startup Information: 0 : Path: localhost:44386//api/SaleTransactions
Body: 
Query: ?TransactionId=0&ReceiptNum=&DTFrom=6%2f2%2f2021%203%3a29%3a04%20PM&DTTo=6%2f2%2f2021%203%3a29%3a04%20PM
Client IP: ::1

    DateTime=2021-06-02T07:29:08.1154584Z
WeighingSystemUPPCV3_5_Core.Startup Information: 0 : Path: localhost:44386//api/SaleTransactions
Body: 
Query: ?TransactionId=0&ReceiptNum=&DTFrom=2%2f9%2f2021%203%3a29%3a04%20PM&DTTo=2%2f9%2f2021%203%3a29%3a04%20PM
Client IP: ::1

    DateTime=2021-06-02T07:29:14.6454036Z
WeighingSystemUPPCV3_5_Core.Startup Information: 0 : Path: localhost:44386//api/SaleTransactions
Body: 
Query: ?TransactionId=0&ReceiptNum=&DTFrom=2%2f9%2f2021%203%3a29%3a04%20PM&DTTo=2%2f9%2f2021%203%3a29%3a04%20PM
Client IP: ::1

    DateTime=2021-06-02T07:29:16.0080811Z
WeighingSystemUPPCV3_5_Core.Startup Information: 0 : Path: localhost:44386//api/SaleTransactions/10003616
Body: 
Query: ?includeBales=true
Client IP: ::1

    DateTime=2021-06-02T07:29:18.3267363Z
WeighingSystemUPPCV3_5_Core.Startup Information: 0 : Path: localhost:44386//api/SaleTransactions/10003616
Body: 
Query: 
Client IP: ::1

    DateTime=2021-06-02T07:29:20.6469177Z
WeighingSystemUPPCV3_5_Core.Startup Information: 0 : Path: localhost:44386//api/ReturnedVehicles
Body: {"returnedVehicleId":3308,"dtArrival":"2021-02-09T13:58:55.68","plantNetWt":16100.00,"mc":11.87,"mC10":15765.0,"mC12":16100.0,"ot":0.00,"pm":0.00,"pmAdjustedWt":0.00,"otAdjustedWt":0.00,"diffNet":-150.0,"diffCorrected10":-30.0,"diffCorrected12":-54.0,"diffDay":0,"diffTime":0.0,"baleCount":0,"remarks":"GASDG","timeVarianceRemarks":"ASD","vehicleOrigin":"12313","dtGuardIn":"2021-02-09T13:58:55.68","dtGuardOut":"2021-02-09T13:58:55.68","dtOutToPlant":"2021-02-09T13:58:55.68","saleId":10003616}
Query: 
Client IP: ::1

    DateTime=2021-06-02T07:29:36.6596281Z
WeighingSystemUPPCV3_5_Core.Startup Information: 0 : Path: localhost:44386//api/SaleTransactions/10003616
Body: 
Query: 
Client IP: ::1

    DateTime=2021-06-02T07:29:59.6328323Z
WeighingSystemUPPCV3_5_Core.Startup Information: 0 : Path: localhost:44386//api/ReturnedVehicles
Body: {"returnedVehicleId":3308,"dtArrival":"2021-02-09T13:58:55.68","plantNetWt":16100.00,"mc":11.87,"mC10":15765.0,"mC12":16100.0,"ot":0.00,"pm":0.00,"pmAdjustedWt":0.00,"otAdjustedWt":0.00,"diffNet":-150.0,"diffCorrected10":-30.0,"diffCorrected12":-54.0,"diffDay":0,"diffTime":0.0,"baleCount":0,"remarks":"GASDG","timeVarianceRemarks":"ASD","vehicleOrigin":"12313","dtGuardIn":"2021-02-09T13:58:55.68","dtGuardOut":"2021-02-09T13:58:55.68","dtOutToPlant":"2021-02-09T13:58:55.68","saleId":10003616}
Query: 
Client IP: ::1

    DateTime=2021-06-02T07:30:01.2662654Z
WeighingSystemUPPCV3_5_Core.Startup Information: 0 : Path: localhost:44386//api/ReturnedVehicles
Body: {"returnedVehicleId":3308,"dtArrival":"2021-02-09T13:58:55.68","plantNetWt":16100.00,"mc":11.87,"mC10":15765.0,"mC12":16100.0,"ot":0.00,"pm":0.00,"pmAdjustedWt":0.00,"otAdjustedWt":0.00,"diffNet":-150.0,"diffCorrected10":-30.0,"diffCorrected12":-54.0,"diffDay":0,"diffTime":0.0,"baleCount":0,"remarks":"GASDG","timeVarianceRemarks":"ASD","vehicleOrigin":"12313","dtGuardIn":"2021-02-09T13:58:55.68","dtGuardOut":"2021-02-09T13:58:55.68","dtOutToPlant":"2021-02-09T13:58:55.68","saleId":10003616}
Query: 
Client IP: ::1

    DateTime=2021-06-02T07:30:18.7172675Z
WeighingSystemUPPCV3_5_Core.Startup Information: 0 : Path: localhost:44386//api/UserAccounts/LogIn
Body: {"userName":"TSI","userPwd":"1"}
Query: 
Client IP: ::1

    DateTime=2021-06-02T07:30:27.9394337Z
WeighingSystemUPPCV3_5_Core.Startup Information: 0 : Path: localhost:44386//api/Reporting/ReportDataSet
Body: 
Query: ?ReportType=SALE_PLANT_COMPARISON&DTFrom=2%2f1%2f2021%2012%3a00%3a00%20AM&DTTo=2%2f10%2f2021%2011%3a59%3a00%20PM&ClientId=0&CommodityId=0&CategoryId=0&PreparedBy=TERRINIEL%20SCALES%20INC.&CheckedBy=TERRINIEL%20SCALES%20INC.&PaperSize=DEFAULT&BalingStation=WeighingSystemUPPCV3_5_Service.Models.BalingStation&MoistureSettings=WeighingSystemUPPCV3_5_Service.Models.MoistureSettings&Signatory=WeighingSystemUPPCV3_5_Service.Models.Signatory&TransactionTypeCode=O
Client IP: ::1

    DateTime=2021-06-02T07:30:38.2903710Z
