Microsoft.Hosting.Lifetime Information: 0 : Now listening on: https://[::]:44386
    DateTime=2021-05-20T01:39:00.8538778Z
Microsoft.Hosting.Lifetime Information: 0 : Now listening on: http://[::]:44385
    DateTime=2021-05-20T01:39:00.8673586Z
Microsoft.Hosting.Lifetime Information: 0 : Application started. Press Ctrl+C to shut down.
    DateTime=2021-05-20T01:39:00.8816751Z
Microsoft.Hosting.Lifetime Information: 0 : Hosting environment: Development
    DateTime=2021-05-20T01:39:00.8940458Z
Microsoft.Hosting.Lifetime Information: 0 : Content root path: D:\dir\tsi\UPPC\Phase 4\WeighingSystemUPPCV3.5\WeighingSystemUPPCV3.5.Core\WeighingSystemUPPCV3.5.Core
    DateTime=2021-05-20T01:39:00.9083654Z
Microsoft.Hosting.Lifetime Information: 0 : Now listening on: https://[::]:44386
    DateTime=2021-05-20T01:40:20.3897627Z
Microsoft.Hosting.Lifetime Information: 0 : Now listening on: http://[::]:44385
    DateTime=2021-05-20T01:40:20.4014493Z
Microsoft.Hosting.Lifetime Information: 0 : Application started. Press Ctrl+C to shut down.
    DateTime=2021-05-20T01:40:20.4140520Z
Microsoft.Hosting.Lifetime Information: 0 : Hosting environment: Development
    DateTime=2021-05-20T01:40:20.4270441Z
Microsoft.Hosting.Lifetime Information: 0 : Content root path: D:\dir\tsi\UPPC\Phase 4\WeighingSystemUPPCV3.5\WeighingSystemUPPCV3.5.Core\WeighingSystemUPPCV3.5.Core
    DateTime=2021-05-20T01:40:20.4404053Z
WeighingSystemUPPCV3_5_Core.Startup Information: 0 : Path: localhost:44386//api/Config
Body: 
Query: 
Client IP: ::1

    DateTime=2021-05-20T01:41:22.1865346Z
WeighingSystemUPPCV3_5_Core.Startup Information: 0 : Path: localhost:44386//api/BalingStations/selected
Body: 
Query: 
Client IP: ::1

    DateTime=2021-05-20T01:41:22.7549191Z
WeighingSystemUPPCV3_5_Core.Startup Information: 0 : Path: localhost:44386//api/MoistureSettings
Body: 
Query: 
Client IP: ::1

    DateTime=2021-05-20T01:41:28.5166334Z
WeighingSystemUPPCV3_5_Core.Startup Information: 0 : Path: localhost:44386//api/TransactionTypes
Body: 
Query: 
Client IP: ::1

    DateTime=2021-05-20T01:41:28.8890175Z
WeighingSystemUPPCV3_5_Core.Startup Information: 0 : Path: localhost:44386//api/MoistureReaders
Body: 
Query: 
Client IP: ::1

    DateTime=2021-05-20T01:41:29.0145323Z
WeighingSystemUPPCV3_5_Core.Startup Information: 0 : Path: localhost:44386//api/BaleTypes
Body: 
Query: 
Client IP: ::1

    DateTime=2021-05-20T01:41:29.1498981Z
WeighingSystemUPPCV3_5_Core.Startup Information: 0 : Path: localhost:44386//api/Sources
Body: 
Query: 
Client IP: ::1

    DateTime=2021-05-20T01:41:29.2580032Z
WeighingSystemUPPCV3_5_Core.Startup Information: 0 : Path: localhost:44386//api/SourceCategories
Body: 
Query: 
Client IP: ::1

    DateTime=2021-05-20T01:41:29.3929570Z
WeighingSystemUPPCV3_5_Core.Startup Information: 0 : Path: localhost:44386//api/Customers
Body: 
Query: 
Client IP: ::1

    DateTime=2021-05-20T01:41:29.4754585Z
WeighingSystemUPPCV3_5_Core.Startup Information: 0 : Path: localhost:44386//api/Suppliers
Body: 
Query: 
Client IP: ::1

    DateTime=2021-05-20T01:41:29.6781885Z
WeighingSystemUPPCV3_5_Core.Startup Information: 0 : Path: localhost:44386//api/RawMaterials
Body: 
Query: 
Client IP: ::1

    DateTime=2021-05-20T01:41:29.8063333Z
WeighingSystemUPPCV3_5_Core.Startup Information: 0 : Path: localhost:44386//api/Products
Body: 
Query: 
Client IP: ::1

    DateTime=2021-05-20T01:41:29.9544541Z
WeighingSystemUPPCV3_5_Core.Startup Information: 0 : Path: localhost:44386//api/Categories
Body: 
Query: 
Client IP: ::1

    DateTime=2021-05-20T01:41:30.0837400Z
WeighingSystemUPPCV3_5_Core.Startup Information: 0 : Path: localhost:44386//api/Haulers
Body: 
Query: 
Client IP: ::1

    DateTime=2021-05-20T01:41:30.1829946Z
WeighingSystemUPPCV3_5_Core.Startup Information: 0 : Path: localhost:44386//api/Vehicles
Body: 
Query: 
Client IP: ::1

    DateTime=2021-05-20T01:41:30.3365934Z
WeighingSystemUPPCV3_5_Core.Startup Information: 0 : Path: localhost:44386//api/VehicleTypes
Body: 
Query: 
Client IP: ::1

    DateTime=2021-05-20T01:41:30.5288474Z
WeighingSystemUPPCV3_5_Core.Startup Information: 0 : Path: localhost:44386//api/SubSuppliers
Body: 
Query: 
Client IP: ::1

    DateTime=2021-05-20T01:41:30.6140255Z
WeighingSystemUPPCV3_5_Core.Startup Information: 0 : Path: localhost:44386//api/SaleTransactions
Body: 
Query: ?Returned=false
Client IP: ::1

    DateTime=2021-05-20T01:41:30.7098452Z
WeighingSystemUPPCV3_5_Core.Startup Information: 0 : Path: localhost:44386//api/UserAccounts/UserAccountDetails
Body: 
Query: 
Client IP: ::1

    DateTime=2021-05-20T01:41:30.9292674Z
WeighingSystemUPPCV3_5_Core.Startup Information: 0 : Path: localhost:44386//api/Reminders
Body: 
Query: 
Client IP: ::1

    DateTime=2021-05-20T01:41:31.0731632Z
WeighingSystemUPPCV3_5_Core.Startup Information: 0 : Path: localhost:44386//api/Signatories
Body: 
Query: 
Client IP: ::1

    DateTime=2021-05-20T01:41:31.1648903Z
WeighingSystemUPPCV3_5_Core.Startup Information: 0 : Path: localhost:44386//api/UserAccounts/LogIn
Body: {"userName":"TSI","userPwd":"1"}
Query: 
Client IP: ::1

    DateTime=2021-05-20T01:41:37.4494634Z
WeighingSystemUPPCV3_5_Core.Startup Information: 0 : Path: localhost:44386//api/Suppliers
Body: 
Query: 
Client IP: ::1

    DateTime=2021-05-20T01:41:40.8849038Z
WeighingSystemUPPCV3_5_Core.Startup Information: 0 : Path: localhost:44386//api/PurchaseOrders
Body: 
Query: ?PONum=&POType=&Available=&DTEffectivity=5%2f20%2f2021%209%3a41%3a44%20AM&IncludeTotals=False&SupplierId=40000002&RawMaterialId=70000020&IsActive=
Client IP: ::1

    DateTime=2021-05-20T01:41:45.6167297Z
WeighingSystemUPPCV3_5_Core.Controllers.PurchaseOrdersController Error: 0 : Arithmetic overflow error converting expression to data type datetime.
    DateTime=2021-05-20T01:41:45.8910935Z
WeighingSystemUPPCV3_5_Core.Startup Information: 0 : Path: localhost:44386//api/PurchaseOrders
Body: 
Query: ?PONum=&POType=&Available=&DTEffectivity=5%2f20%2f2021%209%3a41%3a44%20AM&IncludeTotals=False&SupplierId=40000002&RawMaterialId=70000006&IsActive=
Client IP: ::1

    DateTime=2021-05-20T01:41:48.0247850Z
WeighingSystemUPPCV3_5_Core.Controllers.PurchaseOrdersController Error: 0 : Arithmetic overflow error converting expression to data type datetime.
    DateTime=2021-05-20T01:41:48.1462107Z
WeighingSystemUPPCV3_5_Core.Startup Information: 0 : Path: localhost:44386//api/PurchaseOrders
Body: 
Query: ?PONum=&POType=&Available=&DTEffectivity=5%2f20%2f2021%209%3a41%3a44%20AM&IncludeTotals=False&SupplierId=40000002&RawMaterialId=70000020&IsActive=
Client IP: ::1

    DateTime=2021-05-20T01:42:01.2453889Z
WeighingSystemUPPCV3_5_Core.Controllers.PurchaseOrdersController Error: 0 : Arithmetic overflow error converting expression to data type datetime.
    DateTime=2021-05-20T01:42:01.3741080Z
WeighingSystemUPPCV3_5_Core.Startup Information: 0 : Path: localhost:44386//api/PurchaseOrders
Body: 
Query: ?PONum=&POType=&Available=&DTEffectivity=5%2f20%2f2021%209%3a41%3a44%20AM&IncludeTotals=False&SupplierId=40000002&RawMaterialId=70000006&IsActive=
Client IP: ::1

    DateTime=2021-05-20T01:42:20.4429106Z
WeighingSystemUPPCV3_5_Core.Controllers.PurchaseOrdersController Error: 0 : Arithmetic overflow error converting expression to data type datetime.
    DateTime=2021-05-20T01:43:29.0927903Z
WeighingSystemUPPCV3_5_Core.Startup Information: 0 : Path: localhost:44386//api/PurchaseOrders
Body: 
Query: ?PONum=&POType=&Available=&DTEffectivity=5%2f20%2f2021%209%3a41%3a44%20AM&IncludeTotals=False&SupplierId=40000002&RawMaterialId=70000006&IsActive=
Client IP: ::1

    DateTime=2021-05-20T01:43:31.6723954Z
WeighingSystemUPPCV3_5_Core.Startup Information: 0 : Path: localhost:44386//api/PurchaseOrders
Body: 
Query: ?PONum=&POType=&Available=&DTEffectivity=5%2f20%2f2021%209%3a41%3a44%20AM&IncludeTotals=False&SupplierId=40000002&RawMaterialId=70000006&IsActive=
Client IP: ::1

    DateTime=2021-05-20T01:43:41.6794999Z
WeighingSystemUPPCV3_5_Core.Startup Information: 0 : Path: localhost:44386//api/PurchaseOrders
Body: 
Query: ?PONum=&POType=&Available=&DTEffectivity=5%2f20%2f2021%209%3a41%3a44%20AM&IncludeTotals=False&SupplierId=40000002&RawMaterialId=70000020&IsActive=
Client IP: ::1

    DateTime=2021-05-20T01:43:48.7689552Z
WeighingSystemUPPCV3_5_Core.Startup Information: 0 : Path: localhost:44386//api/PurchaseOrders
Body: 
Query: ?PONum=&POType=&Available=&DTEffectivity=5%2f20%2f2021%209%3a41%3a44%20AM&IncludeTotals=False&SupplierId=40000002&RawMaterialId=70000006&IsActive=
Client IP: ::1

    DateTime=2021-05-20T01:43:54.3207483Z
WeighingSystemUPPCV3_5_Core.Startup Information: 0 : Path: localhost:44386//api/PurchaseOrders
Body: 
Query: ?PONum=&POType=&Available=&DTEffectivity=5%2f20%2f2021%209%3a41%3a44%20AM&IncludeTotals=False&SupplierId=40000002&RawMaterialId=70000020&IsActive=
Client IP: ::1

    DateTime=2021-05-20T01:44:05.6036846Z
WeighingSystemUPPCV3_5_Core.Startup Information: 0 : Path: localhost:44386//api/PurchaseOrders
Body: 
Query: ?PONum=&POType=&Available=&DTEffectivity=5%2f20%2f2021%209%3a41%3a44%20AM&IncludeTotals=False&SupplierId=40000002&RawMaterialId=70000006&IsActive=
Client IP: ::1

    DateTime=2021-05-20T01:44:06.7371993Z
WeighingSystemUPPCV3_5_Core.Startup Information: 0 : Path: localhost:44386//api/PurchaseOrders
Body: 
Query: ?PONum=&POType=&Available=&DTEffectivity=5%2f20%2f2021%209%3a41%3a44%20AM&IncludeTotals=False&SupplierId=40000002&RawMaterialId=70000020&IsActive=
Client IP: ::1

    DateTime=2021-05-20T01:44:09.1413219Z
WeighingSystemUPPCV3_5_Core.Startup Information: 0 : Path: localhost:44386//api/PurchaseOrders
Body: 
Query: ?PONum=&POType=&Available=&DTEffectivity=5%2f20%2f2021%209%3a41%3a44%20AM&IncludeTotals=False&SupplierId=40000002&RawMaterialId=70000006&IsActive=
Client IP: ::1

    DateTime=2021-05-20T01:44:10.1828638Z
WeighingSystemUPPCV3_5_Core.Startup Information: 0 : Path: localhost:44386//api/PurchaseOrders
Body: 
Query: ?PONum=&POType=&Available=&DTEffectivity=5%2f20%2f2021%209%3a41%3a44%20AM&IncludeTotals=False&SupplierId=40000002&RawMaterialId=70000020&IsActive=
Client IP: ::1

    DateTime=2021-05-20T01:44:13.1692745Z
WeighingSystemUPPCV3_5_Core.Startup Information: 0 : Path: localhost:44386//api/PurchaseOrders
Body: 
Query: ?PONum=&POType=&Available=&DTEffectivity=5%2f20%2f2021%209%3a41%3a44%20AM&IncludeTotals=False&SupplierId=40000002&RawMaterialId=70000006&IsActive=
Client IP: ::1

    DateTime=2021-05-20T01:44:14.0166459Z
WeighingSystemUPPCV3_5_Core.Startup Information: 0 : Path: localhost:44386//api/PurchaseOrders
Body: 
Query: ?PONum=&POType=&Available=&DTEffectivity=5%2f20%2f2021%209%3a41%3a44%20AM&IncludeTotals=False&SupplierId=40000002&RawMaterialId=70000006&IsActive=
Client IP: ::1

    DateTime=2021-05-20T01:44:26.9480153Z
WeighingSystemUPPCV3_5_Core.Startup Information: 0 : Path: localhost:44386//api/PurchaseOrders
Body: 
Query: ?PONum=&POType=&Available=&DTEffectivity=5%2f20%2f2021%209%3a41%3a44%20AM&IncludeTotals=False&SupplierId=40000002&RawMaterialId=70000020&IsActive=
Client IP: ::1

    DateTime=2021-05-20T01:45:09.7439009Z
WeighingSystemUPPCV3_5_Core.Startup Information: 0 : Path: localhost:44386//api/PurchaseOrders
Body: 
Query: ?PONum=&POType=&Available=&DTEffectivity=5%2f20%2f2021%209%3a41%3a44%20AM&IncludeTotals=False&SupplierId=40000002&RawMaterialId=70000006&IsActive=
Client IP: ::1

    DateTime=2021-05-20T01:45:14.5137991Z
WeighingSystemUPPCV3_5_Core.Startup Information: 0 : Path: localhost:44386//api/PurchaseOrders
Body: {"purchaseOrderId":0,"dtEffectivity":"2021-05-20T00:00:00+08:00","supplierId":40000002,"rawMaterialId":70000006,"poNum":"411000","price":11.23,"balanceTotalKg":4200000.0,"poType":"BASE","dtCreated":"0001-01-01T00:00:00","createdById":"5463107b-5fbf-43a0-9fb2-c2037bb9a306"}
Query: 
Client IP: ::1

    DateTime=2021-05-20T01:45:32.0394246Z
WeighingSystemUPPCV3_5_Core.Startup Information: 0 : Path: localhost:44386//api/UserAccounts/LogIn
Body: {"userName":"TSI","userPwd":"1"}
Query: 
Client IP: ::1

    DateTime=2021-05-20T01:45:43.0484003Z
WeighingSystemUPPCV3_5_Core.Startup Information: 0 : Path: localhost:44386//api/PurchaseOrders
Body: 
Query: ?PONum=&POType=&Available=&DTEffectivity=&IncludeTotals=False&SupplierId=0&RawMaterialId=0&IsActive=True
Client IP: ::1

    DateTime=2021-05-20T01:45:47.5027216Z
WeighingSystemUPPCV3_5_Core.Startup Information: 0 : Path: localhost:44386//api/Reminders/Count
Body: 
Query: 
Client IP: ::1

    DateTime=2021-05-20T01:45:49.3370483Z
WeighingSystemUPPCV3_5_Core.Startup Information: 0 : Path: localhost:44386//api/Inyards
Body: 
Query: 
Client IP: ::1

    DateTime=2021-05-20T01:45:49.4616759Z
WeighingSystemUPPCV3_5_Core.Startup Information: 0 : Path: localhost:44386//api/ReferenceNumbers
Body: 
Query: 
Client IP: ::1

    DateTime=2021-05-20T01:45:51.4603331Z
WeighingSystemUPPCV3_5_Core.Startup Information: 0 : Path: localhost:44386//api/ReferenceNumbers
Body: 
Query: 
Client IP: ::1

    DateTime=2021-05-20T01:45:56.9625611Z
WeighingSystemUPPCV3_5_Core.Startup Information: 0 : Path: localhost:44386//api/Inyards/Validate
Body: {"inyardId":0,"inyardNum":"0002917","transactionTypeCode":"I","dateTimeIn":"2021-05-20T09:46:13.3480201+08:00","vehicleNum":"ASD-2123","trip":"SPECIAL TRIP","clientId":40000002,"commodityId":70000006,"baleTypeId":1,"baleCount":0,"purchaseOrderId":435,"poNum":"411000","poType":"BASE","drNum":"","remarks":"123","factoryWt":0.0,"initialWt":0.0,"grossWt":330.0,"tareWt":0.0,"netWt":0.0,"price":8.400,"mc":0.0,"pm":0.0,"ot":0.0,"mcStatus":12,"haulerId":0,"driverName":"123","plantNetWt":0.0,"plantMC":0.0,"isOfflineIn":false,"weigherInId":"5463107b-5fbf-43a0-9fb2-c2037bb9a306","weigherOutId":"","subSupplierName":"1241","sourceId":6,"sourceCategoryId":0,"moistureReaderId":1,"signatoryId":0,"moistureSettingsId":0,"moistureReaderProcess":"AUTO","transactionProcess":1,"transactionStatus":0,"moistureReaderLogs":[],"bales":[]}
Query: 
Client IP: ::1

    DateTime=2021-05-20T01:46:13.4353887Z
WeighingSystemUPPCV3_5_Core.Startup Information: 0 : Path: localhost:44386//api/Inyards/Validate
Body: {"inyardId":0,"inyardNum":"0002917","transactionTypeCode":"I","dateTimeIn":"2021-05-20T09:46:17.8141663+08:00","vehicleNum":"ASD-2123","trip":"SPECIAL TRIP","clientId":40000002,"commodityId":70000006,"baleTypeId":1,"baleCount":0,"purchaseOrderId":435,"poNum":"411000","poType":"BASE","drNum":"1231","remarks":"123","factoryWt":0.0,"initialWt":0.0,"grossWt":330.0,"tareWt":0.0,"netWt":0.0,"price":8.400,"mc":0.0,"pm":0.0,"ot":0.0,"mcStatus":12,"haulerId":0,"driverName":"123","plantNetWt":0.0,"plantMC":0.0,"isOfflineIn":false,"weigherInId":"5463107b-5fbf-43a0-9fb2-c2037bb9a306","weigherOutId":"","subSupplierName":"1241","sourceId":6,"sourceCategoryId":0,"moistureReaderId":1,"signatoryId":0,"moistureSettingsId":0,"moistureReaderProcess":"AUTO","transactionProcess":1,"transactionStatus":0,"moistureReaderLogs":[],"bales":[]}
Query: 
Client IP: ::1

    DateTime=2021-05-20T01:46:17.8351221Z
WeighingSystemUPPCV3_5_Core.Startup Information: 0 : Path: localhost:44386//api/Inyards/WeighIn
Body: {"inyardId":0,"inyardNum":"0002917","transactionTypeCode":"I","dateTimeIn":"2021-05-20T09:46:17.8141663+08:00","vehicleNum":"ASD-2123","trip":"SPECIAL TRIP","clientId":40000002,"commodityId":70000006,"baleTypeId":1,"baleCount":0,"purchaseOrderId":435,"poNum":"411000","poType":"BASE","drNum":"1231","remarks":"123","factoryWt":0.0,"initialWt":0.0,"grossWt":330.0,"tareWt":0.0,"netWt":0.0,"price":8.400,"mc":0.0,"pm":0.0,"ot":0.0,"mcStatus":12,"haulerId":0,"driverName":"123","plantNetWt":0.0,"plantMC":0.0,"isOfflineIn":false,"weigherInId":"5463107b-5fbf-43a0-9fb2-c2037bb9a306","weigherOutId":"","subSupplierName":"1241","sourceId":6,"sourceCategoryId":0,"moistureReaderId":1,"signatoryId":0,"moistureSettingsId":0,"moistureReaderProcess":"AUTO","transactionProcess":1,"transactionStatus":0,"moistureReaderLogs":[],"bales":[]}
Query: 
Client IP: ::1

    DateTime=2021-05-20T01:46:19.0629312Z
WeighingSystemUPPCV3_5_Core.Startup Information: 0 : Path: localhost:44386//api/SubSuppliers/CheckAndAdd
Body: "1241"
Query: 
Client IP: ::1

    DateTime=2021-05-20T01:46:19.6520701Z
WeighingSystemUPPCV3_5_Core.Startup Information: 0 : Path: localhost:44386//api/Vehicles
Body: 
Query: ?VehicleId=0&VehicleNum=ASD-2123&VehicleTypeId=&VehicleTypeCode=&CustomerId=&SupplierId=&HaulerId=&IsActive=False&VehicleType=&Customer=&Supplier=&Hauler=
Client IP: ::1

    DateTime=2021-05-20T01:46:19.7373040Z
WeighingSystemUPPCV3_5_Core.Startup Information: 0 : Path: localhost:44386//api/Vehicles
Body: {"vehicleId":0,"vehicleNum":"ASD-2123","vehicleTypeId":4,"supplierId":40000002,"isActive":false}
Query: 
Client IP: ::1

    DateTime=2021-05-20T01:46:21.5873893Z
WeighingSystemUPPCV3_5_Core.Startup Information: 0 : Path: localhost:44386//api/ReferenceNumbers
Body: 
Query: 
Client IP: ::1

    DateTime=2021-05-20T01:46:33.7417022Z
WeighingSystemUPPCV3_5_Core.Startup Information: 0 : Path: localhost:44386//api/Inyards/Validate
Body: {"inyardId":93,"inyardNum":"0049390","transactionTypeCode":"I","dateTimeIn":"2021-05-20T09:46:19.1185583+08:00","dateTimeOut":"2021-05-20T09:46:37.2580329+08:00","vehicleNum":"ASD-2123","trip":"SPECIAL TRIP","clientId":40000002,"commodityId":70000006,"baleTypeId":1,"baleCount":0,"purchaseOrderId":435,"poNum":"411000","poType":"BASE","drNum":"1231","remarks":"123","factoryWt":0.0,"initialWt":330.0,"grossWt":330.0,"tareWt":120.0,"netWt":210.0,"price":11.230,"mc":0.0,"pm":0.0,"ot":0.0,"mcStatus":12,"haulerId":0,"driverName":"123","plantNetWt":0.0,"plantMC":0.0,"isOfflineIn":false,"isOfflineOut":false,"weigherInId":"5463107b-5fbf-43a0-9fb2-c2037bb9a306","weigherOutId":"5463107b-5fbf-43a0-9fb2-c2037bb9a306","subSupplierName":"1241","vehicleTypeId":0,"sourceId":6,"sourceCategoryId":2,"moistureReaderId":1,"signatoryId":1,"moistureSettingsId":1,"timeZoneIn":"GMT+08:00 PH","moistureReaderProcess":"AUTO","moistureReaderDesc":"EMCO","balingStationCode":"TSIBS","balingStationName":"PARANAQUE","sourceName":"JUNKSHOP","sourceCategoryDesc":"INDUSTRY","commodityDesc":"LOCC-OB POST-CRM","clientName":"EARTHBUDDY INC.","baleTypeDesc":"LOOSE BALE","weigherInName":"TERRINIEL SCALES INC.","transactionProcess":2,"transactionStatus":0,"moistureReaderLogs":[],"bales":[],"commodityDescPOType":"LOCC-OB POST-CRM"}
Query: 
Client IP: ::1

    DateTime=2021-05-20T01:46:37.2771751Z
WeighingSystemUPPCV3_5_Core.Startup Information: 0 : Path: localhost:44386//api/Inyards/Validate
Body: {"inyardId":93,"inyardNum":"0049390","transactionTypeCode":"I","dateTimeIn":"2021-05-20T09:46:19.1185583+08:00","dateTimeOut":"2021-05-20T09:46:46.9218307+08:00","vehicleNum":"ASD-2123","trip":"SPECIAL TRIP","clientId":40000002,"commodityId":70000006,"baleTypeId":1,"baleCount":0,"purchaseOrderId":435,"poNum":"411000","poType":"BASE","drNum":"1231","remarks":"123","factoryWt":0.0,"initialWt":330.0,"grossWt":330.0,"tareWt":120.0,"netWt":210.0,"price":11.230,"mc":12.5,"pm":0.0,"ot":0.0,"mcStatus":12,"haulerId":0,"driverName":"123","plantNetWt":0.0,"plantMC":0.0,"isOfflineIn":false,"isOfflineOut":false,"weigherInId":"5463107b-5fbf-43a0-9fb2-c2037bb9a306","weigherOutId":"5463107b-5fbf-43a0-9fb2-c2037bb9a306","subSupplierName":"1241","vehicleTypeId":0,"sourceId":6,"sourceCategoryId":2,"moistureReaderId":1,"signatoryId":1,"moistureSettingsId":1,"timeZoneIn":"GMT+08:00 PH","moistureReaderProcess":"AUTO","moistureReaderDesc":"EMCO","balingStationCode":"TSIBS","balingStationName":"PARANAQUE","sourceName":"JUNKSHOP","sourceCategoryDesc":"INDUSTRY","commodityDesc":"LOCC-OB POST-CRM","clientName":"EARTHBUDDY INC.","baleTypeDesc":"LOOSE BALE","weigherInName":"TERRINIEL SCALES INC.","transactionProcess":2,"transactionStatus":0,"moistureReaderLogs":[{"moistureReaderLogId":0,"transactionId":0,"logNum":1,"dtLog":"2021-02-01T14:55:00","mc":5.6},{"moistureReaderLogId":0,"transactionId":0,"logNum":2,"dtLog":"2021-02-01T14:55:00","mc":6.8},{"moistureReaderLogId":0,"transactionId":0,"logNum":3,"dtLog":"2021-02-01T14:55:00","mc":13.0},{"moistureReaderLogId":0,"transactionId":0,"logNum":4,"dtLog":"2021-02-01T14:55:00","mc":12.5},{"moistureReaderLogId":0,"transactionId":0,"logNum":5,"dtLog":"2021-02-01T14:55:00","mc":12.4},{"moistureReaderLogId":0,"transactionId":0,"logNum":6,"dtLog":"2021-02-01T14:55:00","mc":13.2},{"moistureReaderLogId":0,"transactionId":0,"logNum":7,"dtLog":"2021-02-01T14:57:00","mc":16.3},{"moistureReaderLogId":0,"transactionId":0,"logNum":8,"dtLog":"2021-02-01T14:57:00","mc":16.0},{"moistureReaderLogId":0,"transactionId":0,"logNum":9,"dtLog":"2021-02-01T14:57:00","mc":15.3},{"moistureReaderLogId":0,"transactionId":0,"logNum":10,"dtLog":"2021-02-01T14:57:00","mc":15.5},{"moistureReaderLogId":0,"transactionId":0,"logNum":11,"dtLog":"2021-02-01T14:57:00","mc":14.9},{"moistureReaderLogId":0,"transactionId":0,"logNum":12,"dtLog":"2021-02-01T14:57:00","mc":14.5},{"moistureReaderLogId":0,"transactionId":0,"logNum":13,"dtLog":"2021-02-01T14:57:00","mc":15.0},{"moistureReaderLogId":0,"transactionId":0,"logNum":14,"dtLog":"2021-02-01T14:57:00","mc":11.9},{"moistureReaderLogId":0,"transactionId":0,"logNum":15,"dtLog":"2021-02-01T14:57:00","mc":8.8},{"moistureReaderLogId":0,"transactionId":0,"logNum":16,"dtLog":"2021-02-01T14:57:00","mc":10.7},{"moistureReaderLogId":0,"transactionId":0,"logNum":17,"dtLog":"2021-02-01T14:59:00","mc":7.6},{"moistureReaderLogId":0,"transactionId":0,"logNum":18,"dtLog":"2021-02-01T14:59:00","mc":7.4},{"moistureReaderLogId":0,"transactionId":0,"logNum":19,"dtLog":"2021-02-01T14:59:00","mc":9.0},{"moistureReaderLogId":0,"transactionId":0,"logNum":20,"dtLog":"2021-02-01T14:59:00","mc":15.4},{"moistureReaderLogId":0,"transactionId":0,"logNum":21,"dtLog":"2021-02-01T14:59:00","mc":15.3},{"moistureReaderLogId":0,"transactionId":0,"logNum":22,"dtLog":"2021-02-01T14:59:00","mc":14.4},{"moistureReaderLogId":0,"transactionId":0,"logNum":23,"dtLog":"2021-02-01T14:59:00","mc":12.6},{"moistureReaderLogId":0,"transactionId":0,"logNum":24,"dtLog":"2021-02-01T15:00:00","mc":33.1},{"moistureReaderLogId":0,"transactionId":0,"logNum":25,"dtLog":"2021-02-01T15:00:00","mc":24.7},{"moistureReaderLogId":0,"transactionId":0,"logNum":26,"dtLog":"2021-02-01T15:00:00","mc":6.7},{"moistureReaderLogId":0,"transactionId":0,"logNum":27,"dtLog":"2021-02-01T15:00:00","mc":7.4},{"moistureReaderLogId":0,"transactionId":0,"logNum":28,"dtLog":"2021-02-01T15:00:00","mc":7.5},{"moistureReaderLogId":0,"transactionId":0,"logNum":29,"dtLog":"2021-02-01T15:00:00","mc":5.7},{"moistureReaderLogId":0,"transactionId":0,"logNum":30,"dtLog":"2021-02-01T15:00:00","mc":5.7}],"bales":[],"commodityDescPOType":"LOCC-OB POST-CRM"}
Query: 
Client IP: ::1

    DateTime=2021-05-20T01:46:46.9658931Z
WeighingSystemUPPCV3_5_Core.Startup Information: 0 : Path: localhost:44386//api/Inyards/WeighOut
Body: {"inyardId":93,"inyardNum":"0049390","transactionTypeCode":"I","dateTimeIn":"2021-05-20T09:46:19.1185583+08:00","dateTimeOut":"2021-05-20T09:45:45.2915044+08:00","vehicleNum":"ASD-2123","trip":"SPECIAL TRIP","clientId":40000002,"commodityId":70000006,"baleTypeId":1,"baleCount":0,"purchaseOrderId":435,"poNum":"411000","poType":"BASE","drNum":"1231","remarks":"123","factoryWt":0.0,"initialWt":330.0,"grossWt":330.0,"tareWt":120.0,"netWt":210.0,"price":11.230,"mc":12.5,"pm":0.0,"ot":0.0,"mcStatus":12,"haulerId":0,"driverName":"123","plantNetWt":0.0,"plantMC":0.0,"isOfflineIn":false,"isOfflineOut":false,"weigherInId":"5463107b-5fbf-43a0-9fb2-c2037bb9a306","weigherOutId":"5463107b-5fbf-43a0-9fb2-c2037bb9a306","subSupplierName":"1241","vehicleTypeId":0,"sourceId":6,"sourceCategoryId":2,"moistureReaderId":1,"signatoryId":1,"moistureSettingsId":1,"timeZoneIn":"GMT+08:00 PH","moistureReaderProcess":"AUTO","moistureReaderDesc":"EMCO","balingStationCode":"TSIBS","balingStationName":"PARANAQUE","sourceName":"JUNKSHOP","sourceCategoryDesc":"INDUSTRY","commodityDesc":"LOCC-OB POST-CRM","clientName":"EARTHBUDDY INC.","baleTypeDesc":"LOOSE BALE","weigherInName":"TERRINIEL SCALES INC.","transactionProcess":2,"transactionStatus":0,"moistureReaderLogs":[{"moistureReaderLogId":0,"transactionId":0,"logNum":1,"dtLog":"2021-02-01T14:55:00","mc":5.6},{"moistureReaderLogId":0,"transactionId":0,"logNum":2,"dtLog":"2021-02-01T14:55:00","mc":6.8},{"moistureReaderLogId":0,"transactionId":0,"logNum":3,"dtLog":"2021-02-01T14:55:00","mc":13.0},{"moistureReaderLogId":0,"transactionId":0,"logNum":4,"dtLog":"2021-02-01T14:55:00","mc":12.5},{"moistureReaderLogId":0,"transactionId":0,"logNum":5,"dtLog":"2021-02-01T14:55:00","mc":12.4},{"moistureReaderLogId":0,"transactionId":0,"logNum":6,"dtLog":"2021-02-01T14:55:00","mc":13.2},{"moistureReaderLogId":0,"transactionId":0,"logNum":7,"dtLog":"2021-02-01T14:57:00","mc":16.3},{"moistureReaderLogId":0,"transactionId":0,"logNum":8,"dtLog":"2021-02-01T14:57:00","mc":16.0},{"moistureReaderLogId":0,"transactionId":0,"logNum":9,"dtLog":"2021-02-01T14:57:00","mc":15.3},{"moistureReaderLogId":0,"transactionId":0,"logNum":10,"dtLog":"2021-02-01T14:57:00","mc":15.5},{"moistureReaderLogId":0,"transactionId":0,"logNum":11,"dtLog":"2021-02-01T14:57:00","mc":14.9},{"moistureReaderLogId":0,"transactionId":0,"logNum":12,"dtLog":"2021-02-01T14:57:00","mc":14.5},{"moistureReaderLogId":0,"transactionId":0,"logNum":13,"dtLog":"2021-02-01T14:57:00","mc":15.0},{"moistureReaderLogId":0,"transactionId":0,"logNum":14,"dtLog":"2021-02-01T14:57:00","mc":11.9},{"moistureReaderLogId":0,"transactionId":0,"logNum":15,"dtLog":"2021-02-01T14:57:00","mc":8.8},{"moistureReaderLogId":0,"transactionId":0,"logNum":16,"dtLog":"2021-02-01T14:57:00","mc":10.7},{"moistureReaderLogId":0,"transactionId":0,"logNum":17,"dtLog":"2021-02-01T14:59:00","mc":7.6},{"moistureReaderLogId":0,"transactionId":0,"logNum":18,"dtLog":"2021-02-01T14:59:00","mc":7.4},{"moistureReaderLogId":0,"transactionId":0,"logNum":19,"dtLog":"2021-02-01T14:59:00","mc":9.0},{"moistureReaderLogId":0,"transactionId":0,"logNum":20,"dtLog":"2021-02-01T14:59:00","mc":15.4},{"moistureReaderLogId":0,"transactionId":0,"logNum":21,"dtLog":"2021-02-01T14:59:00","mc":15.3},{"moistureReaderLogId":0,"transactionId":0,"logNum":22,"dtLog":"2021-02-01T14:59:00","mc":14.4},{"moistureReaderLogId":0,"transactionId":0,"logNum":23,"dtLog":"2021-02-01T14:59:00","mc":12.6},{"moistureReaderLogId":0,"transactionId":0,"logNum":24,"dtLog":"2021-02-01T15:00:00","mc":33.1},{"moistureReaderLogId":0,"transactionId":0,"logNum":25,"dtLog":"2021-02-01T15:00:00","mc":24.7},{"moistureReaderLogId":0,"transactionId":0,"logNum":26,"dtLog":"2021-02-01T15:00:00","mc":6.7},{"moistureReaderLogId":0,"transactionId":0,"logNum":27,"dtLog":"2021-02-01T15:00:00","mc":7.4},{"moistureReaderLogId":0,"transactionId":0,"logNum":28,"dtLog":"2021-02-01T15:00:00","mc":7.5},{"moistureReaderLogId":0,"transactionId":0,"logNum":29,"dtLog":"2021-02-01T15:00:00","mc":5.7},{"moistureReaderLogId":0,"transactionId":0,"logNum":30,"dtLog":"2021-02-01T15:00:00","mc":5.7}],"bales":[],"commodityDescPOType":"LOCC-OB POST-CRM"}
Query: 
Client IP: ::1

    DateTime=2021-05-20T01:46:48.3431655Z
WeighingSystemUPPCV3_5_Core.Startup Information: 0 : Path: localhost:44386//api/PurchaseOrders
Body: 
Query: ?PONum=411000&POType=&Available=&DTEffectivity=&IncludeTotals=False&SupplierId=0&RawMaterialId=0&IsActive=
Client IP: ::1

    DateTime=2021-05-20T01:46:50.6278726Z
WeighingSystemUPPCV3_5_Core.Startup Information: 0 : Path: localhost:44386//api/SubSuppliers/CheckAndAdd
Body: "1241"
Query: 
Client IP: ::1

    DateTime=2021-05-20T01:46:52.3734197Z
WeighingSystemUPPCV3_5_Core.Startup Information: 0 : Path: localhost:44386//api/PurchaseTransactions/PrintReceipt/10049355
Body: {"transactionId":10049355,"transactionTypeCode":"I","receiptNum":"0049390","isReprinted":false}
Query: 
Client IP: ::1

    DateTime=2021-05-20T01:46:55.5582361Z
WeighingSystemUPPCV3_5_Core.Startup Information: 0 : Path: localhost:44386//api/UserAccounts/LogIn
Body: {"userName":"TSI","userPwd":"1"}
Query: 
Client IP: ::1

    DateTime=2021-05-20T01:47:12.2138558Z
WeighingSystemUPPCV3_5_Core.Startup Information: 0 : Path: localhost:44386//api/Reporting/ReportDataSet
Body: 
Query: ?ReportType=PURCHASE_WEEKLY&DTFrom=5%2f1%2f2021%2012%3a00%3a00%20AM&DTTo=5%2f20%2f2021%2011%3a59%3a00%20PM&ClientId=0&CommodityId=0&CategoryId=0&PreparedBy=TERRINIEL%20SCALES%20INC.&CheckedBy=TERRINIEL%20SCALES%20INC.&PaperSize=DEFAULT&BalingStation=WeighingSystemUPPCV3_5_Service.Models.BalingStation&MoistureSettings=WeighingSystemUPPCV3_5_Service.Models.MoistureSettings&Signatory=WeighingSystemUPPCV3_5_Service.Models.Signatory&TransactionTypeCode=I
Client IP: ::1

    DateTime=2021-05-20T01:47:29.2492433Z
