Microsoft.Hosting.Lifetime Information: 0 : Now listening on: https://[::]:44386
    DateTime=2021-03-17T03:20:06.0104431Z
Microsoft.Hosting.Lifetime Information: 0 : Now listening on: http://[::]:44385
    DateTime=2021-03-17T03:20:06.0188738Z
Microsoft.Hosting.Lifetime Information: 0 : Application started. Press Ctrl+C to shut down.
    DateTime=2021-03-17T03:20:06.0277429Z
Microsoft.Hosting.Lifetime Information: 0 : Hosting environment: Development
    DateTime=2021-03-17T03:20:06.0354036Z
Microsoft.Hosting.Lifetime Information: 0 : Content root path: D:\dir\tsi\UPPC\Phase 4\WeighingSystemUPPCV3.5\WeighingSystemUPPCV3.5.Core\WeighingSystemUPPCV3.5.Core
    DateTime=2021-03-17T03:20:06.0430865Z
WeighingSystemUPPCV3_5_Core.Startup Information: 0 : Path: localhost:44386//api/Config
Body: 
Query: 
Client IP: ::1

    DateTime=2021-03-17T03:20:15.2428405Z
WeighingSystemUPPCV3_5_Core.Startup Information: 0 : Path: localhost:44386//api/BalingStations/selected
Body: 
Query: 
Client IP: ::1

    DateTime=2021-03-17T03:20:15.7208517Z
WeighingSystemUPPCV3_5_Core.Startup Information: 0 : Path: localhost:44386//api/MoistureSettings
Body: 
Query: 
Client IP: ::1

    DateTime=2021-03-17T03:20:20.6694014Z
WeighingSystemUPPCV3_5_Core.Startup Information: 0 : Path: localhost:44386//api/TransactionTypes
Body: 
Query: 
Client IP: ::1

    DateTime=2021-03-17T03:20:20.9170209Z
WeighingSystemUPPCV3_5_Core.Startup Information: 0 : Path: localhost:44386//api/MoistureReaders
Body: 
Query: 
Client IP: ::1

    DateTime=2021-03-17T03:20:21.0232585Z
WeighingSystemUPPCV3_5_Core.Startup Information: 0 : Path: localhost:44386//api/BaleTypes
Body: 
Query: 
Client IP: ::1

    DateTime=2021-03-17T03:20:21.1578660Z
WeighingSystemUPPCV3_5_Core.Startup Information: 0 : Path: localhost:44386//api/Sources
Body: 
Query: 
Client IP: ::1

    DateTime=2021-03-17T03:20:21.2608407Z
WeighingSystemUPPCV3_5_Core.Startup Information: 0 : Path: localhost:44386//api/SourceCategories
Body: 
Query: 
Client IP: ::1

    DateTime=2021-03-17T03:20:21.3883615Z
WeighingSystemUPPCV3_5_Core.Startup Information: 0 : Path: localhost:44386//api/Customers
Body: 
Query: 
Client IP: ::1

    DateTime=2021-03-17T03:20:21.4843802Z
WeighingSystemUPPCV3_5_Core.Startup Information: 0 : Path: localhost:44386//api/Suppliers
Body: 
Query: 
Client IP: ::1

    DateTime=2021-03-17T03:20:21.6039502Z
WeighingSystemUPPCV3_5_Core.Startup Information: 0 : Path: localhost:44386//api/RawMaterials
Body: 
Query: 
Client IP: ::1

    DateTime=2021-03-17T03:20:21.7232043Z
WeighingSystemUPPCV3_5_Core.Startup Information: 0 : Path: localhost:44386//api/Products
Body: 
Query: 
Client IP: ::1

    DateTime=2021-03-17T03:20:21.9495804Z
WeighingSystemUPPCV3_5_Core.Startup Information: 0 : Path: localhost:44386//api/Categories
Body: 
Query: 
Client IP: ::1

    DateTime=2021-03-17T03:20:22.0682601Z
WeighingSystemUPPCV3_5_Core.Startup Information: 0 : Path: localhost:44386//api/Haulers
Body: 
Query: 
Client IP: ::1

    DateTime=2021-03-17T03:20:22.1613004Z
WeighingSystemUPPCV3_5_Core.Startup Information: 0 : Path: localhost:44386//api/Vehicles
Body: 
Query: 
Client IP: ::1

    DateTime=2021-03-17T03:20:22.2678486Z
WeighingSystemUPPCV3_5_Core.Startup Information: 0 : Path: localhost:44386//api/VehicleTypes
Body: 
Query: 
Client IP: ::1

    DateTime=2021-03-17T03:20:22.5110729Z
WeighingSystemUPPCV3_5_Core.Startup Information: 0 : Path: localhost:44386//api/SubSuppliers
Body: 
Query: 
Client IP: ::1

    DateTime=2021-03-17T03:20:22.5995674Z
WeighingSystemUPPCV3_5_Core.Startup Information: 0 : Path: localhost:44386//api/SaleTransactions
Body: 
Query: ?Returned=false
Client IP: ::1

    DateTime=2021-03-17T03:20:22.7924186Z
WeighingSystemUPPCV3_5_Core.Startup Information: 0 : Path: localhost:44386//api/UserAccounts/UserAccountDetails
Body: 
Query: 
Client IP: ::1

    DateTime=2021-03-17T03:20:23.0406152Z
WeighingSystemUPPCV3_5_Core.Startup Information: 0 : Path: localhost:44386//api/Reminders
Body: 
Query: 
Client IP: ::1

    DateTime=2021-03-17T03:20:23.1804210Z
WeighingSystemUPPCV3_5_Core.Startup Information: 0 : Path: localhost:44386//api/Signatories
Body: 
Query: 
Client IP: ::1

    DateTime=2021-03-17T03:20:23.2840075Z
WeighingSystemUPPCV3_5_Core.Startup Information: 0 : Path: localhost:44386//api/UserAccounts/LogIn
Body: {"userName":"TSI","userPwd":"1"}
Query: 
Client IP: ::1

    DateTime=2021-03-17T03:20:27.5016134Z
WeighingSystemUPPCV3_5_Core.Startup Information: 0 : Path: localhost:44386//api/Suppliers
Body: 
Query: 
Client IP: ::1

    DateTime=2021-03-17T03:20:31.1647404Z
WeighingSystemUPPCV3_5_Core.Startup Information: 0 : Path: localhost:44386//api/PurchaseOrders
Body: 
Query: ?PurchaseOrderId=0&DTEffectivity=1%2f1%2f0001%2012%3a00%3a00%20AM&SupplierId=40000002&RawMaterialId=70000006&PONum=&Price=0&BalanceTotalKg=0&POType=&Remarks=&DTCreated=1%2f1%2f0001%2012%3a00%3a00%20AM&CreatedById=&DTModified=&ModifiedById=&IsActive=&Locked=&BalanceRemainingKg=&BalanceDeliveredKg=
Client IP: ::1

    DateTime=2021-03-17T03:20:35.6519759Z
WeighingSystemUPPCV3_5_Core.Startup Information: 0 : Path: localhost:44386//api/PurchaseOrders
Body: {"purchaseOrderId":0,"dtEffectivity":"2021-03-17T00:00:00+08:00","supplierId":40000002,"rawMaterialId":70000006,"poNum":"4122202211","price":0.0,"balanceTotalKg":0.0,"poType":"BASE","dtCreated":"0001-01-01T00:00:00","createdById":"5463107b-5fbf-43a0-9fb2-c2037bb9a306"}
Query: 
Client IP: ::1

    DateTime=2021-03-17T03:20:44.9441526Z
WeighingSystemUPPCV3_5_Core.Startup Information: 0 : Path: localhost:44386//api/PurchaseOrders
Body: {"purchaseOrderId":0,"dtEffectivity":"2021-03-17T00:00:00+08:00","supplierId":40000002,"rawMaterialId":70000006,"poNum":"4122202211","price":0.0,"balanceTotalKg":200000.0,"poType":"BASE","dtCreated":"0001-01-01T00:00:00","createdById":"5463107b-5fbf-43a0-9fb2-c2037bb9a306"}
Query: 
Client IP: ::1

    DateTime=2021-03-17T03:20:50.0245263Z
WeighingSystemUPPCV3_5_Core.Controllers.PurchaseOrdersController Error: 0 : The value of 'PurchaseOrder.PurchaseOrderId' is unknown when attempting to save changes. This is because the property is also part of a foreign key for which the principal entity in the relationship is not known.
    DateTime=2021-03-17T03:20:50.7255978Z
WeighingSystemUPPCV3_5_Core.Startup Information: 0 : Path: localhost:44386//api/PurchaseOrders
Body: {"purchaseOrderId":0,"dtEffectivity":"2021-03-17T00:00:00+08:00","supplierId":40000002,"rawMaterialId":70000006,"poNum":"4122202211","price":0.0,"balanceTotalKg":200000000.0,"poType":"BASE","dtCreated":"0001-01-01T00:00:00","createdById":"5463107b-5fbf-43a0-9fb2-c2037bb9a306"}
Query: 
Client IP: ::1

    DateTime=2021-03-17T03:22:39.2238538Z
WeighingSystemUPPCV3_5_Core.Controllers.PurchaseOrdersController Error: 0 : The value of 'PurchaseOrder.PurchaseOrderId' is unknown when attempting to save changes. This is because the property is also part of a foreign key for which the principal entity in the relationship is not known.
    DateTime=2021-03-17T03:22:54.8493798Z
WeighingSystemUPPCV3_5_Core.Startup Information: 0 : Path: localhost:44386//api/PurchaseOrders
Body: {"purchaseOrderId":0,"dtEffectivity":"2021-03-17T00:00:00+08:00","supplierId":40000002,"rawMaterialId":70000006,"poNum":"4122202211","price":0.0,"balanceTotalKg":200000.0,"poType":"BASE","dtCreated":"0001-01-01T00:00:00","createdById":"5463107b-5fbf-43a0-9fb2-c2037bb9a306"}
Query: 
Client IP: ::1

    DateTime=2021-03-17T03:23:02.7508077Z
Microsoft.Hosting.Lifetime Information: 0 : Now listening on: https://[::]:44386
    DateTime=2021-03-17T03:23:56.2502462Z
Microsoft.Hosting.Lifetime Information: 0 : Now listening on: http://[::]:44385
    DateTime=2021-03-17T03:23:56.2605807Z
Microsoft.Hosting.Lifetime Information: 0 : Application started. Press Ctrl+C to shut down.
    DateTime=2021-03-17T03:23:56.2709341Z
Microsoft.Hosting.Lifetime Information: 0 : Hosting environment: Development
    DateTime=2021-03-17T03:23:56.2797080Z
Microsoft.Hosting.Lifetime Information: 0 : Content root path: D:\dir\tsi\UPPC\Phase 4\WeighingSystemUPPCV3.5\WeighingSystemUPPCV3.5.Core\WeighingSystemUPPCV3.5.Core
    DateTime=2021-03-17T03:23:56.2883372Z
WeighingSystemUPPCV3_5_Core.Startup Information: 0 : Path: localhost:44386//api/PurchaseOrders
Body: {"purchaseOrderId":0,"dtEffectivity":"2021-03-17T00:00:00+08:00","supplierId":40000002,"rawMaterialId":70000006,"poNum":"4122202211","price":0.0,"balanceTotalKg":200000000000.0,"poType":"BASE","dtCreated":"0001-01-01T00:00:00","createdById":"5463107b-5fbf-43a0-9fb2-c2037bb9a306"}
Query: 
Client IP: ::1

    DateTime=2021-03-17T03:23:58.2714063Z
WeighingSystemUPPCV3_5_Core.Startup Information: 0 : Path: localhost:44386//api/PurchaseOrders
Body: {"purchaseOrderId":0,"dtEffectivity":"2021-03-17T00:00:00+08:00","supplierId":40000002,"rawMaterialId":70000006,"poNum":"4122202211","price":0.0,"balanceTotalKg":200000000000000.0,"poType":"BASE","dtCreated":"0001-01-01T00:00:00","createdById":"5463107b-5fbf-43a0-9fb2-c2037bb9a306"}
Query: 
Client IP: ::1

    DateTime=2021-03-17T03:24:01.6670048Z
WeighingSystemUPPCV3_5_Core.Startup Information: 0 : Path: localhost:44386//api/PurchaseOrders
Body: {"purchaseOrderId":0,"dtEffectivity":"2021-03-17T00:00:00+08:00","supplierId":40000002,"rawMaterialId":70000006,"poNum":"4122202211","price":0.0,"balanceTotalKg":200000.0,"poType":"BASE","dtCreated":"0001-01-01T00:00:00","createdById":"5463107b-5fbf-43a0-9fb2-c2037bb9a306"}
Query: 
Client IP: ::1

    DateTime=2021-03-17T03:24:06.6292336Z
WeighingSystemUPPCV3_5_Core.Startup Information: 0 : Path: localhost:44386//api/PurchaseOrders
Body: {"purchaseOrderId":0,"dtEffectivity":"2021-03-17T00:00:00+08:00","supplierId":40000002,"rawMaterialId":70000006,"poNum":"11221","price":0.0,"balanceTotalKg":200000.0,"poType":"BASE","dtCreated":"0001-01-01T00:00:00","createdById":"5463107b-5fbf-43a0-9fb2-c2037bb9a306"}
Query: 
Client IP: ::1

    DateTime=2021-03-17T03:25:13.2203095Z
WeighingSystemUPPCV3_5_Core.Startup Information: 0 : Path: localhost:44386//api/PurchaseOrders
Body: {"purchaseOrderId":0,"dtEffectivity":"2021-03-17T00:00:00+08:00","supplierId":40000002,"rawMaterialId":70000006,"poNum":"1213123","price":0.0,"balanceTotalKg":200000.0,"poType":"BASE","dtCreated":"0001-01-01T00:00:00","createdById":"5463107b-5fbf-43a0-9fb2-c2037bb9a306"}
Query: 
Client IP: ::1

    DateTime=2021-03-17T03:26:37.7427074Z
WeighingSystemUPPCV3_5_Core.Startup Information: 0 : Path: localhost:44386//api/PurchaseOrders
Body: {"purchaseOrderId":0,"dtEffectivity":"2021-03-17T00:00:00+08:00","supplierId":40000002,"rawMaterialId":70000006,"poNum":"1213123","price":0.0,"balanceTotalKg":200000.0,"poType":"BASE","dtCreated":"0001-01-01T00:00:00","createdById":"5463107b-5fbf-43a0-9fb2-c2037bb9a306"}
Query: 
Client IP: ::1

    DateTime=2021-03-17T03:26:55.5322245Z
WeighingSystemUPPCV3_5_Core.Startup Information: 0 : Path: localhost:44386//api/PurchaseOrders
Body: {"purchaseOrderId":0,"dtEffectivity":"2021-03-17T00:00:00+08:00","supplierId":40000002,"rawMaterialId":70000006,"poNum":"1213123","price":0.0,"balanceTotalKg":200000.0,"poType":"BASE","dtCreated":"0001-01-01T00:00:00","createdById":"5463107b-5fbf-43a0-9fb2-c2037bb9a306"}
Query: 
Client IP: ::1

    DateTime=2021-03-17T03:27:03.0245407Z
WeighingSystemUPPCV3_5_Core.Startup Information: 0 : Path: localhost:44386//api/PurchaseOrders
Body: {"purchaseOrderId":0,"dtEffectivity":"2021-03-17T00:00:00+08:00","supplierId":40000002,"rawMaterialId":70000006,"poNum":"1213123","price":0.0,"balanceTotalKg":200000.0,"poType":"BASE","dtCreated":"0001-01-01T00:00:00","createdById":"5463107b-5fbf-43a0-9fb2-c2037bb9a306"}
Query: 
Client IP: ::1

    DateTime=2021-03-17T03:27:19.0544489Z
WeighingSystemUPPCV3_5_Core.Startup Information: 0 : Path: localhost:44386//api/PurchaseOrders
Body: {"purchaseOrderId":0,"dtEffectivity":"2021-03-17T00:00:00+08:00","supplierId":40000002,"rawMaterialId":70000006,"poNum":"1213123","price":0.0,"balanceTotalKg":200000.0,"poType":"BASE","dtCreated":"0001-01-01T00:00:00","createdById":"5463107b-5fbf-43a0-9fb2-c2037bb9a306"}
Query: 
Client IP: ::1

    DateTime=2021-03-17T03:27:23.1734602Z
WeighingSystemUPPCV3_5_Core.Startup Information: 0 : Path: localhost:44386//api/PurchaseOrders
Body: {"purchaseOrderId":0,"dtEffectivity":"2021-03-17T00:00:00+08:00","supplierId":40000002,"rawMaterialId":70000006,"poNum":"1213123","price":0.0,"balanceTotalKg":200000.0,"poType":"BASE","dtCreated":"0001-01-01T00:00:00","createdById":"5463107b-5fbf-43a0-9fb2-c2037bb9a306"}
Query: 
Client IP: ::1

    DateTime=2021-03-17T03:27:29.9495209Z
WeighingSystemUPPCV3_5_Core.Startup Information: 0 : Path: localhost:44386//api/PurchaseOrders
Body: {"purchaseOrderId":0,"dtEffectivity":"2021-03-17T00:00:00+08:00","supplierId":40000002,"rawMaterialId":70000006,"poNum":"1213123","price":0.0,"balanceTotalKg":200000.0,"poType":"BASE","dtCreated":"0001-01-01T00:00:00","createdById":"5463107b-5fbf-43a0-9fb2-c2037bb9a306"}
Query: 
Client IP: ::1

    DateTime=2021-03-17T03:27:37.8615215Z
WeighingSystemUPPCV3_5_Core.Startup Information: 0 : Path: localhost:44386//api/PurchaseOrders
Body: {"purchaseOrderId":0,"dtEffectivity":"2021-03-17T00:00:00+08:00","supplierId":40000002,"rawMaterialId":70000006,"poNum":"1213123","price":0.0,"balanceTotalKg":200000.0,"poType":"BASE","dtCreated":"0001-01-01T00:00:00","createdById":"5463107b-5fbf-43a0-9fb2-c2037bb9a306"}
Query: 
Client IP: ::1

    DateTime=2021-03-17T03:28:14.7341364Z
WeighingSystemUPPCV3_5_Core.Startup Information: 0 : Path: localhost:44386//api/PurchaseOrders
Body: {"purchaseOrderId":0,"dtEffectivity":"2021-03-17T00:00:00+08:00","supplierId":40000002,"rawMaterialId":70000006,"poNum":"1213123","price":0.0,"balanceTotalKg":200000.0,"poType":"BASE","dtCreated":"0001-01-01T00:00:00","createdById":"5463107b-5fbf-43a0-9fb2-c2037bb9a306"}
Query: 
Client IP: ::1

    DateTime=2021-03-17T03:28:48.4660498Z
WeighingSystemUPPCV3_5_Core.Controllers.PurchaseOrdersController Error: 0 : An item with the same key has already been added. Key: PONum
    DateTime=2021-03-17T03:29:39.1866702Z
WeighingSystemUPPCV3_5_Core.Startup Information: 0 : Path: localhost:44386//api/PurchaseOrders
Body: {"purchaseOrderId":0,"dtEffectivity":"2021-03-17T00:00:00+08:00","supplierId":40000002,"rawMaterialId":70000006,"poNum":"1213123","price":0.0,"balanceTotalKg":200000.0,"poType":"BASE","dtCreated":"0001-01-01T00:00:00","createdById":"5463107b-5fbf-43a0-9fb2-c2037bb9a306"}
Query: 
Client IP: ::1

    DateTime=2021-03-17T03:30:32.9899175Z
WeighingSystemUPPCV3_5_Core.Startup Information: 0 : Path: localhost:44386//api/PurchaseOrders
Body: {"purchaseOrderId":0,"dtEffectivity":"2021-03-17T00:00:00+08:00","supplierId":40000002,"rawMaterialId":70000006,"poNum":"1213123","price":0.0,"balanceTotalKg":200000.0,"poType":"BASE","dtCreated":"0001-01-01T00:00:00","createdById":"5463107b-5fbf-43a0-9fb2-c2037bb9a306"}
Query: 
Client IP: ::1

    DateTime=2021-03-17T03:30:41.0400920Z
WeighingSystemUPPCV3_5_Core.Startup Information: 0 : Path: localhost:44386//api/PurchaseOrders
Body: {"purchaseOrderId":0,"dtEffectivity":"2021-03-17T00:00:00+08:00","supplierId":40000002,"rawMaterialId":70000006,"poNum":"1213123","price":0.0,"balanceTotalKg":200000.0,"poType":"BASE","dtCreated":"0001-01-01T00:00:00","createdById":"5463107b-5fbf-43a0-9fb2-c2037bb9a306"}
Query: 
Client IP: ::1

    DateTime=2021-03-17T03:30:48.9002871Z
WeighingSystemUPPCV3_5_Core.Startup Information: 0 : Path: localhost:44386//api/PurchaseOrders
Body: 
Query: ?PurchaseOrderId=0&DTEffectivity=1%2f1%2f0001%2012%3a00%3a00%20AM&SupplierId=40000002&RawMaterialId=70000006&PONum=&Price=0&BalanceTotalKg=0&POType=&Remarks=&DTCreated=1%2f1%2f0001%2012%3a00%3a00%20AM&CreatedById=&DTModified=&ModifiedById=&IsActive=&Locked=&BalanceRemainingKg=&BalanceDeliveredKg=
Client IP: ::1

    DateTime=2021-03-17T03:31:10.3140574Z
WeighingSystemUPPCV3_5_Core.Startup Information: 0 : Path: localhost:44386//api/PurchaseOrders
Body: {"purchaseOrderId":0,"dtEffectivity":"2021-03-17T00:00:00+08:00","supplierId":40000002,"rawMaterialId":70000006,"poNum":"1111111111","price":0.0,"balanceTotalKg":0.0,"poType":"BASE","dtCreated":"0001-01-01T00:00:00","createdById":"5463107b-5fbf-43a0-9fb2-c2037bb9a306"}
Query: 
Client IP: ::1

    DateTime=2021-03-17T03:31:26.9655854Z
WeighingSystemUPPCV3_5_Core.Startup Information: 0 : Path: localhost:44386//api/PurchaseOrders
Body: {"purchaseOrderId":0,"dtEffectivity":"2021-03-17T00:00:00+08:00","supplierId":40000002,"rawMaterialId":70000006,"poNum":"1111111111","price":0.0,"balanceTotalKg":100000.0,"poType":"BASE","dtCreated":"0001-01-01T00:00:00","createdById":"5463107b-5fbf-43a0-9fb2-c2037bb9a306"}
Query: 
Client IP: ::1

    DateTime=2021-03-17T03:32:47.8819427Z
WeighingSystemUPPCV3_5_Core.Startup Information: 0 : Path: localhost:44386//api/PurchaseOrders
Body: {"purchaseOrderId":0,"dtEffectivity":"2021-03-17T00:00:00+08:00","supplierId":40000002,"rawMaterialId":70000006,"poNum":"122121","price":0.0,"balanceTotalKg":120000.0,"poType":"BASE","dtCreated":"0001-01-01T00:00:00","createdById":"5463107b-5fbf-43a0-9fb2-c2037bb9a306"}
Query: 
Client IP: ::1

    DateTime=2021-03-17T03:33:21.7074173Z
WeighingSystemUPPCV3_5_Core.Startup Information: 0 : Path: localhost:44386//api/PurchaseOrders
Body: {"purchaseOrderId":0,"dtEffectivity":"2021-03-17T00:00:00+08:00","supplierId":40000002,"rawMaterialId":70000006,"poNum":"1","price":0.0,"balanceTotalKg":0.0,"poType":"BASE","dtCreated":"0001-01-01T00:00:00","createdById":"5463107b-5fbf-43a0-9fb2-c2037bb9a306"}
Query: 
Client IP: ::1

    DateTime=2021-03-17T03:33:45.5526721Z
WeighingSystemUPPCV3_5_Core.Startup Information: 0 : Path: localhost:44386//api/PurchaseOrders
Body: {"purchaseOrderId":0,"dtEffectivity":"2021-03-17T00:00:00+08:00","supplierId":40000002,"rawMaterialId":70000006,"poNum":"1221","price":4.23,"balanceTotalKg":1210000.0,"poType":"BASE","dtCreated":"0001-01-01T00:00:00","createdById":"5463107b-5fbf-43a0-9fb2-c2037bb9a306"}
Query: 
Client IP: ::1

    DateTime=2021-03-17T03:34:07.7669380Z
WeighingSystemUPPCV3_5_Core.Startup Information: 0 : Path: localhost:44386//api/PurchaseOrders
Body: 
Query: ?PurchaseOrderId=0&DTEffectivity=1%2f1%2f0001%2012%3a00%3a00%20AM&SupplierId=40000002&RawMaterialId=70000006&PONum=&Price=0&BalanceTotalKg=0&POType=&Remarks=&DTCreated=1%2f1%2f0001%2012%3a00%3a00%20AM&CreatedById=&DTModified=&ModifiedById=&IsActive=&Locked=&BalanceRemainingKg=&BalanceDeliveredKg=
Client IP: ::1

    DateTime=2021-03-17T03:34:11.1336873Z
