Microsoft.Hosting.Lifetime Information: 0 : Now listening on: https://[::]:44386
    DateTime=2021-02-25T12:38:41.4228371Z
Microsoft.Hosting.Lifetime Information: 0 : Now listening on: http://[::]:44385
    DateTime=2021-02-25T12:38:41.4314325Z
Microsoft.Hosting.Lifetime Information: 0 : Application started. Press Ctrl+C to shut down.
    DateTime=2021-02-25T12:38:41.4408470Z
Microsoft.Hosting.Lifetime Information: 0 : Hosting environment: Development
    DateTime=2021-02-25T12:38:41.4483376Z
Microsoft.Hosting.Lifetime Information: 0 : Content root path: D:\dir\tsi\UPPC\Phase 4\WeighingSystemUPPCV3.5\WeighingSystemUPPCV3.5.Core\WeighingSystemUPPCV3.5.Core
    DateTime=2021-02-25T12:38:41.4588281Z
WeighingSystemUPPCV3_5_Core.Startup Information: 0 : Path: localhost:44386//api/Config
Body: 
Query: 
Client IP: ::1

    DateTime=2021-02-25T12:43:59.0252250Z
WeighingSystemUPPCV3_5_Core.Startup Information: 0 : Path: localhost:44386//api/BalingStations/selected
Body: 
Query: 
Client IP: ::1

    DateTime=2021-02-25T12:43:59.5864972Z
WeighingSystemUPPCV3_5_Core.Startup Information: 0 : Path: localhost:44386//api/MoistureSettings
Body: 
Query: 
Client IP: ::1

    DateTime=2021-02-25T12:44:55.8232502Z
WeighingSystemUPPCV3_5_Core.Startup Information: 0 : Path: localhost:44386//api/TransactionTypes
Body: 
Query: 
Client IP: ::1

    DateTime=2021-02-25T12:44:56.1550568Z
WeighingSystemUPPCV3_5_Core.Startup Information: 0 : Path: localhost:44386//api/MoistureReaders
Body: 
Query: 
Client IP: ::1

    DateTime=2021-02-25T12:44:56.2588040Z
WeighingSystemUPPCV3_5_Core.Startup Information: 0 : Path: localhost:44386//api/BaleTypes
Body: 
Query: 
Client IP: ::1

    DateTime=2021-02-25T12:44:56.4096305Z
WeighingSystemUPPCV3_5_Core.Startup Information: 0 : Path: localhost:44386//api/Sources
Body: 
Query: 
Client IP: ::1

    DateTime=2021-02-25T12:44:56.5092443Z
WeighingSystemUPPCV3_5_Core.Startup Information: 0 : Path: localhost:44386//api/SourceCategories
Body: 
Query: 
Client IP: ::1

    DateTime=2021-02-25T12:44:56.6457818Z
WeighingSystemUPPCV3_5_Core.Startup Information: 0 : Path: localhost:44386//api/Customers
Body: 
Query: 
Client IP: ::1

    DateTime=2021-02-25T12:44:56.7366623Z
WeighingSystemUPPCV3_5_Core.Startup Information: 0 : Path: localhost:44386//api/Suppliers
Body: 
Query: 
Client IP: ::1

    DateTime=2021-02-25T12:44:56.8400389Z
WeighingSystemUPPCV3_5_Core.Startup Information: 0 : Path: localhost:44386//api/RawMaterials
Body: 
Query: 
Client IP: ::1

    DateTime=2021-02-25T12:44:56.9417531Z
WeighingSystemUPPCV3_5_Core.Startup Information: 0 : Path: localhost:44386//api/Products
Body: 
Query: 
Client IP: ::1

    DateTime=2021-02-25T12:44:57.2094633Z
WeighingSystemUPPCV3_5_Core.Startup Information: 0 : Path: localhost:44386//api/Categories
Body: 
Query: 
Client IP: ::1

    DateTime=2021-02-25T12:44:57.3094627Z
WeighingSystemUPPCV3_5_Core.Startup Information: 0 : Path: localhost:44386//api/Haulers
Body: 
Query: 
Client IP: ::1

    DateTime=2021-02-25T12:44:57.4231553Z
WeighingSystemUPPCV3_5_Core.Startup Information: 0 : Path: localhost:44386//api/Vehicles
Body: 
Query: 
Client IP: ::1

    DateTime=2021-02-25T12:44:57.5174817Z
WeighingSystemUPPCV3_5_Core.Startup Information: 0 : Path: localhost:44386//api/VehicleTypes
Body: 
Query: 
Client IP: ::1

    DateTime=2021-02-25T12:44:57.8498443Z
WeighingSystemUPPCV3_5_Core.Startup Information: 0 : Path: localhost:44386//api/SubSuppliers
Body: 
Query: 
Client IP: ::1

    DateTime=2021-02-25T12:44:58.0065875Z
WeighingSystemUPPCV3_5_Core.Startup Information: 0 : Path: localhost:44386//api/SaleTransactions
Body: 
Query: ?Returned=false
Client IP: ::1

    DateTime=2021-02-25T12:44:58.1056679Z
WeighingSystemUPPCV3_5_Core.Startup Information: 0 : Path: localhost:44386//api/UserAccounts/UserAccountDetails
Body: 
Query: 
Client IP: ::1

    DateTime=2021-02-25T12:44:58.4568838Z
WeighingSystemUPPCV3_5_Core.Startup Information: 0 : Path: localhost:44386//api/Reminders
Body: 
Query: 
Client IP: ::1

    DateTime=2021-02-25T12:44:58.6006391Z
WeighingSystemUPPCV3_5_Core.Startup Information: 0 : Path: localhost:44386//api/Signatories
Body: 
Query: 
Client IP: ::1

    DateTime=2021-02-25T12:44:58.6807959Z
WeighingSystemUPPCV3_5_Core.Startup Information: 0 : Path: localhost:44386//api/UserAccounts/LogIn
Body: {"userName":"TSI","userPwd":"1"}
Query: 
Client IP: ::1

    DateTime=2021-02-25T12:45:02.3984609Z
WeighingSystemUPPCV3_5_Core.Startup Information: 0 : Path: localhost:44386//api/PurchaseOrders
Body: 
Query: ?PurchaseOrderId=0&DTEffectivity=1%2f1%2f0001%2012%3a00%3a00%20AM&SupplierId=0&RawMaterialId=0&PONum=&BalanceTotalKg=0&POType=&Remarks=&DTCreated=1%2f1%2f0001%2012%3a00%3a00%20AM&CreatedById=&DTModified=&ModifiedById=&IsActive=True&Locked=&BalanceRemainingKg=&BalanceDeliveredKg=
Client IP: ::1

    DateTime=2021-02-25T12:45:07.4661965Z
WeighingSystemUPPCV3_5_Core.Startup Information: 0 : Path: localhost:44386//api/Reminders/Count
Body: 
Query: 
Client IP: ::1

    DateTime=2021-02-25T12:45:14.6904541Z
WeighingSystemUPPCV3_5_Core.Startup Information: 0 : Path: localhost:44386//api/Inyards
Body: 
Query: 
Client IP: ::1

    DateTime=2021-02-25T12:45:14.8266854Z
WeighingSystemUPPCV3_5_Core.Startup Information: 0 : Path: localhost:44386//api/ReferenceNumbers
Body: 
Query: 
Client IP: ::1

    DateTime=2021-02-25T12:45:19.8326767Z
WeighingSystemUPPCV3_5_Core.Startup Information: 0 : Path: localhost:44386//api/ReferenceNumbers
Body: 
Query: 
Client IP: ::1

    DateTime=2021-02-25T12:45:30.5854295Z
WeighingSystemUPPCV3_5_Core.Startup Information: 0 : Path: localhost:44386//api/ReferenceNumbers
Body: 
Query: 
Client IP: ::1

    DateTime=2021-02-25T12:45:35.9174583Z
WeighingSystemUPPCV3_5_Core.Startup Information: 0 : Path: localhost:44386//api/ReferenceNumbers
Body: 
Query: 
Client IP: ::1

    DateTime=2021-02-25T12:45:56.0555718Z
WeighingSystemUPPCV3_5_Core.Startup Information: 0 : Path: localhost:44386//api/ReferenceNumbers
Body: 
Query: 
Client IP: ::1

    DateTime=2021-02-25T12:47:00.7838539Z
WeighingSystemUPPCV3_5_Core.Startup Information: 0 : Path: localhost:44386//api/ReferenceNumbers
Body: 
Query: 
Client IP: ::1

    DateTime=2021-02-25T12:47:30.4994434Z
WeighingSystemUPPCV3_5_Core.Startup Information: 0 : Path: localhost:44386//api/ReferenceNumbers
Body: 
Query: 
Client IP: ::1

    DateTime=2021-02-25T12:47:35.1000698Z
WeighingSystemUPPCV3_5_Core.Startup Information: 0 : Path: localhost:44386//api/ReferenceNumbers
Body: 
Query: 
Client IP: ::1

    DateTime=2021-02-25T12:47:41.8243009Z
WeighingSystemUPPCV3_5_Core.Startup Information: 0 : Path: localhost:44386//api/ReferenceNumbers
Body: 
Query: 
Client IP: ::1

    DateTime=2021-02-25T12:47:48.0265919Z
WeighingSystemUPPCV3_5_Core.Startup Information: 0 : Path: localhost:44386//api/Inyards/Validate
Body: {"inyardId":58,"inyardNum":"0049369","transactionTypeCode":"I","dateTimeIn":"2021-02-22T13:57:13.797","vehicleNum":"ASDG-222","trip":"SPECIAL TRIP","clientId":40000002,"commodityId":70000020,"baleTypeId":1,"baleCount":0,"poNum":"6366008256","drNum":"12312","factoryWt":0.0,"initialWt":3220.0,"grossWt":3220.0,"tareWt":1200.0,"netWt":2020.0,"price":0.0,"mc":11.9,"pm":0.00,"ot":0.00,"mcStatus":0,"driverName":"123123","plantNetWt":0.0,"plantMC":0.00,"isOfflineIn":false,"isOfflineOut":false,"weigherInId":"5463107b-5fbf-43a0-9fb2-c2037bb9a306","weigherOutId":"5463107b-5fbf-43a0-9fb2-c2037bb9a306","subSupplierName":"AGENDA","vehicleTypeId":0,"sourceId":5,"sourceCategoryId":2,"moistureReaderId":2,"signatoryId":0,"moistureSettingsId":0,"timeZoneIn":"GMT+08:00 PH","moistureReaderProcess":"AUTO","moistureReaderDesc":"PROBE","balingStationCode":"TSIBS","balingStationName":"PARANAQUE","sourceName":"SUPERMARKET","sourceCategoryDesc":"INDUSTRY","commodityDesc":"MIXED PAPER-OB POST-CRM","clientName":"EARTHBUDDY INC.","baleTypeDesc":"LOOSE BALE","weigherInName":"TERRINIEL SCALES INC.","transactionProcess":2,"transactionStatus":0,"moistureReaderLogs":[{"moistureReaderLogId":0,"transactionId":0,"logNum":1,"dtLog":"2021-02-01T08:46:00","mc":11.6},{"moistureReaderLogId":0,"transactionId":0,"logNum":2,"dtLog":"2021-02-01T08:47:00","mc":7.5},{"moistureReaderLogId":0,"transactionId":0,"logNum":3,"dtLog":"2021-02-01T08:47:00","mc":9.3},{"moistureReaderLogId":0,"transactionId":0,"logNum":4,"dtLog":"2021-02-01T08:47:00","mc":8.2},{"moistureReaderLogId":0,"transactionId":0,"logNum":5,"dtLog":"2021-02-01T08:47:00","mc":7.8},{"moistureReaderLogId":0,"transactionId":0,"logNum":6,"dtLog":"2021-02-01T08:48:00","mc":7.7},{"moistureReaderLogId":0,"transactionId":0,"logNum":7,"dtLog":"2021-02-01T08:48:00","mc":18.6},{"moistureReaderLogId":0,"transactionId":0,"logNum":8,"dtLog":"2021-02-01T08:48:00","mc":18.6},{"moistureReaderLogId":0,"transactionId":0,"logNum":9,"dtLog":"2021-02-01T08:48:00","mc":9.3},{"moistureReaderLogId":0,"transactionId":0,"logNum":10,"dtLog":"2021-02-01T08:49:00","mc":8.8},{"moistureReaderLogId":0,"transactionId":0,"logNum":11,"dtLog":"2021-02-01T08:49:00","mc":7.4},{"moistureReaderLogId":0,"transactionId":0,"logNum":12,"dtLog":"2021-02-01T08:49:00","mc":8.1},{"moistureReaderLogId":0,"transactionId":0,"logNum":13,"dtLog":"2021-02-01T08:50:00","mc":17.8},{"moistureReaderLogId":0,"transactionId":0,"logNum":14,"dtLog":"2021-02-01T08:50:00","mc":17.1},{"moistureReaderLogId":0,"transactionId":0,"logNum":15,"dtLog":"2021-02-01T08:50:00","mc":17.4},{"moistureReaderLogId":0,"transactionId":0,"logNum":16,"dtLog":"2021-02-01T08:50:00","mc":16.5},{"moistureReaderLogId":0,"transactionId":0,"logNum":17,"dtLog":"2021-02-01T08:50:00","mc":15.4},{"moistureReaderLogId":0,"transactionId":0,"logNum":18,"dtLog":"2021-02-01T08:50:00","mc":14.5},{"moistureReaderLogId":0,"transactionId":0,"logNum":19,"dtLog":"2021-02-01T08:50:00","mc":15.1},{"moistureReaderLogId":0,"transactionId":0,"logNum":20,"dtLog":"2021-02-01T08:50:00","mc":12.0},{"moistureReaderLogId":0,"transactionId":0,"logNum":21,"dtLog":"2021-02-01T08:50:00","mc":11.3},{"moistureReaderLogId":0,"transactionId":0,"logNum":22,"dtLog":"2021-02-01T08:50:00","mc":10.1},{"moistureReaderLogId":0,"transactionId":0,"logNum":23,"dtLog":"2021-02-01T08:50:00","mc":11.6},{"moistureReaderLogId":0,"transactionId":0,"logNum":24,"dtLog":"2021-02-01T08:50:00","mc":11.9},{"moistureReaderLogId":0,"transactionId":0,"logNum":25,"dtLog":"2021-02-01T08:50:00","mc":11.6},{"moistureReaderLogId":0,"transactionId":0,"logNum":26,"dtLog":"2021-02-01T08:52:00","mc":12.0},{"moistureReaderLogId":0,"transactionId":0,"logNum":27,"dtLog":"2021-02-01T08:52:00","mc":11.9},{"moistureReaderLogId":0,"transactionId":0,"logNum":28,"dtLog":"2021-02-01T08:52:00","mc":11.5},{"moistureReaderLogId":0,"transactionId":0,"logNum":29,"dtLog":"2021-02-01T08:52:00","mc":6.5},{"moistureReaderLogId":0,"transactionId":0,"logNum":30,"dtLog":"2021-02-01T08:52:00","mc":9.8}],"bales":[]}
Query: 
Client IP: ::1

    DateTime=2021-02-25T12:48:02.1003010Z
WeighingSystemUPPCV3_5_Core.Startup Information: 0 : Path: localhost:44386//api/ReferenceNumbers
Body: 
Query: 
Client IP: ::1

    DateTime=2021-02-25T12:48:22.2265168Z
WeighingSystemUPPCV3_5_Core.Startup Information: 0 : Path: localhost:44386//api/ReferenceNumbers
Body: 
Query: 
Client IP: ::1

    DateTime=2021-02-25T12:48:24.1051321Z
WeighingSystemUPPCV3_5_Core.Startup Information: 0 : Path: localhost:44386//api/ReferenceNumbers
Body: 
Query: 
Client IP: ::1

    DateTime=2021-02-25T12:48:26.2233447Z
WeighingSystemUPPCV3_5_Core.Startup Information: 0 : Path: localhost:44386//api/ReferenceNumbers
Body: 
Query: 
Client IP: ::1

    DateTime=2021-02-25T12:48:34.9268896Z
WeighingSystemUPPCV3_5_Core.Startup Information: 0 : Path: localhost:44386//api/UserAccounts/LogIn
Body: {"userName":"TSI","userPwd":"1"}
Query: 
Client IP: ::1

    DateTime=2021-02-25T12:48:40.5161200Z
WeighingSystemUPPCV3_5_Core.Startup Information: 0 : Path: localhost:44386//api/BeginningInvAdjs
Body: 
Query: ?year=2021&month=2
Client IP: ::1

    DateTime=2021-02-25T12:48:54.8598218Z
