Microsoft.Hosting.Lifetime Information: 0 : Now listening on: https://[::]:44386
    DateTime=2021-06-18T03:31:37.7489460Z
Microsoft.Hosting.Lifetime Information: 0 : Now listening on: http://[::]:44385
    DateTime=2021-06-18T03:31:37.7676487Z
Microsoft.Hosting.Lifetime Information: 0 : Application started. Press Ctrl+C to shut down.
    DateTime=2021-06-18T03:31:37.7879575Z
Microsoft.Hosting.Lifetime Information: 0 : Hosting environment: Development
    DateTime=2021-06-18T03:31:37.8051860Z
Microsoft.Hosting.Lifetime Information: 0 : Content root path: D:\dir\tsi\UPPC\Phase 4\WeighingSystemUPPCV3.5\WeighingSystemUPPCV3.5.Core\WeighingSystemUPPCV3.5.Core
    DateTime=2021-06-18T03:31:37.8220980Z
WeighingSystemUPPCV3_5_Core.Startup Information: 0 : Path: localhost:44386//api/purchasetransactions/MigrateOldDb
Body: 
Query: ?dtFrom=2012-01-01&dtTo=2013-12-31
Client IP: ::1

    DateTime=2021-06-18T04:05:24.7101003Z
WeighingSystemUPPCV3_5_Core.Controllers.PurchaseTransactionsController Error: 0 : A network-related or instance-specific error occurred while establishing a connection to SQL Server. The server was not found or was not accessible. Verify that the instance name is correct and that SQL Server is configured to allow remote connections. (provider: SNI_PN11, error: 26 - Error Locating Server/Instance Specified)
    DateTime=2021-06-18T04:06:01.4034664Z
Microsoft.Hosting.Lifetime Information: 0 : Now listening on: https://[::]:44386
    DateTime=2021-06-18T04:06:39.5953202Z
Microsoft.Hosting.Lifetime Information: 0 : Now listening on: http://[::]:44385
    DateTime=2021-06-18T04:06:39.6142945Z
Microsoft.Hosting.Lifetime Information: 0 : Application started. Press Ctrl+C to shut down.
    DateTime=2021-06-18T04:06:39.6331105Z
Microsoft.Hosting.Lifetime Information: 0 : Hosting environment: Development
    DateTime=2021-06-18T04:06:39.6569475Z
Microsoft.Hosting.Lifetime Information: 0 : Content root path: D:\dir\tsi\UPPC\Phase 4\WeighingSystemUPPCV3.5\WeighingSystemUPPCV3.5.Core\WeighingSystemUPPCV3.5.Core
    DateTime=2021-06-18T04:06:39.6751780Z
WeighingSystemUPPCV3_5_Core.Startup Information: 0 : Path: localhost:44386//api/purchasetransactions/MigrateOldDb
Body: 
Query: ?dtFrom=2012-01-01&dtTo=2013-12-31
Client IP: ::1

    DateTime=2021-06-18T04:06:43.2586963Z
WeighingSystemUPPCV3_5_Core.Controllers.PurchaseTransactionsController Error: 0 : Cannot insert the value NULL into column 'PurchaseOrderId', table 'UPPC.dbo.PurchaseTransactions'; column does not allow nulls. INSERT fails.
The statement has been terminated.
    DateTime=2021-06-18T04:06:51.2225497Z
WeighingSystemUPPCV3_5_Core.Startup Information: 0 : Path: localhost:44386//api/PurchaseOrders/MigrateOldDb
Body: 
Query: ?dtFrom=2012-01-01&dtTo=2016-12-31
Client IP: ::1

    DateTime=2021-06-18T04:47:58.5514106Z
WeighingSystemUPPCV3_5_Core.Controllers.PurchaseOrdersController Error: 0 : Invalid column name 'CreatedBy'.
Invalid column name 'POType'.
    DateTime=2021-06-18T04:47:59.0995525Z
WeighingSystemUPPCV3_5_Core.Startup Information: 0 : Path: localhost:44386//api/Config
Body: 
Query: 
Client IP: ::1

    DateTime=2021-06-18T05:03:25.3028726Z
WeighingSystemUPPCV3_5_Core.Startup Information: 0 : Path: localhost:44386//api/BalingStations/selected
Body: 
Query: 
Client IP: ::1

    DateTime=2021-06-18T05:03:25.6884242Z
WeighingSystemUPPCV3_5_Core.Controllers.BalingStationsController Error: 0 : Invalid object name 'BalingStationStatusViews'.
    DateTime=2021-06-18T05:03:26.1077107Z
WeighingSystemUPPCV3_5_Core.Startup Information: 0 : Path: localhost:44386//api/Config
Body: 
Query: 
Client IP: ::1

    DateTime=2021-06-18T05:08:34.7421017Z
WeighingSystemUPPCV3_5_Core.Startup Information: 0 : Path: localhost:44386//api/BalingStations/selected
Body: 
Query: 
Client IP: ::1

    DateTime=2021-06-18T05:08:34.9337304Z
WeighingSystemUPPCV3_5_Core.Startup Information: 0 : Path: localhost:44386//api/MoistureSettings
Body: 
Query: 
Client IP: ::1

    DateTime=2021-06-18T05:08:35.1325204Z
Microsoft.AspNetCore.Diagnostics.DeveloperExceptionPageMiddleware Error: 1 : An unhandled exception has occurred while executing the request.
    DateTime=2021-06-18T05:08:36.2356527Z
WeighingSystemUPPCV3_5_Core.Startup Information: 0 : Path: localhost:44386//api/Config
Body: 
Query: 
Client IP: ::1

    DateTime=2021-06-18T05:09:52.3980567Z
WeighingSystemUPPCV3_5_Core.Startup Information: 0 : Path: localhost:44386//api/BalingStations/selected
Body: 
Query: 
Client IP: ::1

    DateTime=2021-06-18T05:09:52.5484168Z
WeighingSystemUPPCV3_5_Core.Startup Information: 0 : Path: localhost:44386//api/MoistureSettings
Body: 
Query: 
Client IP: ::1

    DateTime=2021-06-18T05:09:52.6705953Z
WeighingSystemUPPCV3_5_Core.Startup Information: 0 : Path: localhost:44386//api/TransactionTypes
Body: 
Query: 
Client IP: ::1

    DateTime=2021-06-18T05:09:52.8793704Z
Microsoft.AspNetCore.Diagnostics.DeveloperExceptionPageMiddleware Error: 1 : An unhandled exception has occurred while executing the request.
    DateTime=2021-06-18T05:09:53.3910930Z
WeighingSystemUPPCV3_5_Core.Startup Information: 0 : Path: localhost:44386//api/Config
Body: 
Query: 
Client IP: ::1

    DateTime=2021-06-18T05:11:07.8671928Z
WeighingSystemUPPCV3_5_Core.Startup Information: 0 : Path: localhost:44386//api/BalingStations/selected
Body: 
Query: 
Client IP: ::1

    DateTime=2021-06-18T05:11:08.0759304Z
WeighingSystemUPPCV3_5_Core.Startup Information: 0 : Path: localhost:44386//api/MoistureSettings
Body: 
Query: 
Client IP: ::1

    DateTime=2021-06-18T05:11:08.2651155Z
WeighingSystemUPPCV3_5_Core.Startup Information: 0 : Path: localhost:44386//api/TransactionTypes
Body: 
Query: 
Client IP: ::1

    DateTime=2021-06-18T05:11:08.4435411Z
WeighingSystemUPPCV3_5_Core.Startup Information: 0 : Path: localhost:44386//api/MoistureReaders
Body: 
Query: 
Client IP: ::1

    DateTime=2021-06-18T05:11:08.6391525Z
WeighingSystemUPPCV3_5_Core.Startup Information: 0 : Path: localhost:44386//api/BaleTypes
Body: 
Query: 
Client IP: ::1

    DateTime=2021-06-18T05:11:08.8451253Z
WeighingSystemUPPCV3_5_Core.Startup Information: 0 : Path: localhost:44386//api/Sources
Body: 
Query: 
Client IP: ::1

    DateTime=2021-06-18T05:11:09.0532634Z
WeighingSystemUPPCV3_5_Core.Startup Information: 0 : Path: localhost:44386//api/SourceCategories
Body: 
Query: 
Client IP: ::1

    DateTime=2021-06-18T05:11:09.2351178Z
WeighingSystemUPPCV3_5_Core.Startup Information: 0 : Path: localhost:44386//api/Customers
Body: 
Query: 
Client IP: ::1

    DateTime=2021-06-18T05:11:09.4454148Z
WeighingSystemUPPCV3_5_Core.Startup Information: 0 : Path: localhost:44386//api/Suppliers
Body: 
Query: 
Client IP: ::1

    DateTime=2021-06-18T05:11:09.6202362Z
WeighingSystemUPPCV3_5_Core.Startup Information: 0 : Path: localhost:44386//api/RawMaterials
Body: 
Query: 
Client IP: ::1

    DateTime=2021-06-18T05:11:09.8406642Z
WeighingSystemUPPCV3_5_Core.Startup Information: 0 : Path: localhost:44386//api/Products
Body: 
Query: 
Client IP: ::1

    DateTime=2021-06-18T05:11:10.0493404Z
WeighingSystemUPPCV3_5_Core.Startup Information: 0 : Path: localhost:44386//api/Categories
Body: 
Query: 
Client IP: ::1

    DateTime=2021-06-18T05:11:10.2349121Z
WeighingSystemUPPCV3_5_Core.Startup Information: 0 : Path: localhost:44386//api/Haulers
Body: 
Query: 
Client IP: ::1

    DateTime=2021-06-18T05:11:10.4303582Z
WeighingSystemUPPCV3_5_Core.Startup Information: 0 : Path: localhost:44386//api/Vehicles
Body: 
Query: 
Client IP: ::1

    DateTime=2021-06-18T05:11:10.6829125Z
WeighingSystemUPPCV3_5_Core.Startup Information: 0 : Path: localhost:44386//api/VehicleTypes
Body: 
Query: 
Client IP: ::1

    DateTime=2021-06-18T05:11:10.9548934Z
WeighingSystemUPPCV3_5_Core.Startup Information: 0 : Path: localhost:44386//api/SubSuppliers
Body: 
Query: 
Client IP: ::1

    DateTime=2021-06-18T05:11:11.1361605Z
WeighingSystemUPPCV3_5_Core.Startup Information: 0 : Path: localhost:44386//api/SaleTransactions
Body: 
Query: ?Returned=false
Client IP: ::1

    DateTime=2021-06-18T05:11:11.2985132Z
WeighingSystemUPPCV3_5_Core.Startup Information: 0 : Path: localhost:44386//api/UserAccounts/UserAccountDetails
Body: 
Query: 
Client IP: ::1

    DateTime=2021-06-18T05:11:11.4824798Z
WeighingSystemUPPCV3_5_Core.Startup Information: 0 : Path: localhost:44386//api/Reminders
Body: 
Query: 
Client IP: ::1

    DateTime=2021-06-18T05:11:11.6432496Z
WeighingSystemUPPCV3_5_Core.Startup Information: 0 : Path: localhost:44386//api/Signatories
Body: 
Query: 
Client IP: ::1

    DateTime=2021-06-18T05:11:11.7803455Z
WeighingSystemUPPCV3_5_Core.Startup Information: 0 : Path: localhost:44386//api/UserAccounts/LogIn
Body: {"userName":"TSI","userPwd":"1"}
Query: 
Client IP: ::1

    DateTime=2021-06-18T05:11:20.4822340Z
WeighingSystemUPPCV3_5_Core.Startup Information: 0 : Path: localhost:44386//api/UserAccounts/UserNames2
Body: 
Query: 
Client IP: ::1

    DateTime=2021-06-18T05:11:24.9412873Z
WeighingSystemUPPCV3_5_Core.Startup Information: 0 : Path: localhost:44386//api/UserAccounts/5463107b-5fbf-43a0-9fb2-c2037bb9a306
Body: 
Query: 
Client IP: ::1

    DateTime=2021-06-18T05:11:25.1513059Z
WeighingSystemUPPCV3_5_Core.Startup Information: 0 : Path: localhost:44386//api/UserAccounts
Body: {"userName":"IVAN","userPwd":"ivan0528","userConfirmPwd":"ivan0528","fullName":"IVAN C. S. NAVARRO","userAccountPermission":{"userAccountPermissionId":0,"operationMenu":true,"onlineWeighing":true,"offlineWeighing":true,"inyard":true,"editInyard":true,"deleteInyard":true,"module":true,"rePrintPurchases":true,"rePrintSales":true,"editPurchases":true,"deletePurchases":true,"editSales":true,"deleteSales":true,"reportingDetails":true,"balesInventory":true,"reports":true,"databaseMenu":true,"customers":true,"suppliers":true,"haulers":true,"products":true,"rawMaterials":true,"categories":true,"vehicles":true,"baleTypes":true,"maintenanceMenu":true,"vehicleTypes":true,"referenceNumbers":true,"moistureSettings":true,"reportSignatory":true,"businessLicenses":true,"balingStation":true,"calibrationDetails":true,"userControl":true,"utilitiesMenu":false,"serverSetup":false,"systemSettings":true,"databaseView":true,"logView":true,"restrictReceiving":true,"poMaintenance":true}}
Query: 
Client IP: ::1

    DateTime=2021-06-18T05:17:13.3660781Z
WeighingSystemUPPCV3_5_Core.Startup Information: 0 : Path: localhost:44386//api/UserAccounts/f91005ff-263c-4faf-ad7f-5b45db8e9a0d
Body: 
Query: 
Client IP: ::1

    DateTime=2021-06-18T05:17:16.1577421Z
WeighingSystemUPPCV3_5_Core.Startup Information: 0 : Path: localhost:44386//api/UserAccounts
Body: {"userName":"DEHNNIS","userPwd":"DDA511","userConfirmPwd":"DDA511","fullName":"DDA511","userAccountPermission":{"userAccountPermissionId":0,"operationMenu":true,"onlineWeighing":true,"offlineWeighing":true,"inyard":true,"editInyard":true,"deleteInyard":true,"module":true,"rePrintPurchases":true,"rePrintSales":true,"editPurchases":true,"deletePurchases":true,"editSales":true,"deleteSales":true,"reportingDetails":true,"balesInventory":true,"reports":true,"databaseMenu":true,"customers":true,"suppliers":true,"haulers":true,"products":true,"rawMaterials":true,"categories":true,"vehicles":true,"baleTypes":true,"maintenanceMenu":true,"vehicleTypes":true,"referenceNumbers":true,"moistureSettings":true,"reportSignatory":true,"businessLicenses":true,"balingStation":true,"calibrationDetails":true,"userControl":true,"utilitiesMenu":false,"serverSetup":false,"systemSettings":true,"databaseView":true,"logView":true,"restrictReceiving":true,"poMaintenance":true}}
Query: 
Client IP: ::1

    DateTime=2021-06-18T05:18:06.0251757Z
WeighingSystemUPPCV3_5_Core.Startup Information: 0 : Path: localhost:44386//api/UserAccounts/fac1e31a-bb2f-4c36-bfb5-420b1da49f44
Body: 
Query: 
Client IP: ::1

    DateTime=2021-06-18T05:18:10.2865665Z
WeighingSystemUPPCV3_5_Core.Startup Information: 0 : Path: localhost:44386//api/UserAccounts/fac1e31a-bb2f-4c36-bfb5-420b1da49f44
Body: {"userAccountId":"fac1e31a-bb2f-4c36-bfb5-420b1da49f44","userName":"DEHNNIS","userPwd":"DDA511","userConfirmPwd":"DDA511","fullName":"DEHNNIS D. ADRIANO","isActive":true,"userAccountPermission":{"userAccountPermissionId":3,"userAccountId":"fac1e31a-bb2f-4c36-bfb5-420b1da49f44","operationMenu":true,"onlineWeighing":true,"offlineWeighing":true,"inyard":true,"editInyard":true,"deleteInyard":true,"module":true,"rePrintPurchases":true,"rePrintSales":true,"editPurchases":true,"deletePurchases":true,"editSales":true,"deleteSales":true,"reportingDetails":true,"balesInventory":true,"reports":true,"databaseMenu":true,"customers":true,"suppliers":true,"haulers":true,"products":true,"rawMaterials":true,"categories":true,"vehicles":true,"baleTypes":true,"maintenanceMenu":true,"vehicleTypes":true,"referenceNumbers":true,"moistureSettings":true,"reportSignatory":true,"businessLicenses":true,"balingStation":true,"calibrationDetails":true,"userControl":true,"utilitiesMenu":false,"serverSetup":false,"systemSettings":true,"databaseView":true,"logView":true,"restrictReceiving":true,"poMaintenance":true}}
Query: 
Client IP: ::1

    DateTime=2021-06-18T05:18:21.2780633Z
WeighingSystemUPPCV3_5_Core.Startup Information: 0 : Path: localhost:44386//api/UserAccounts
Body: {"userName":"JERICHO","userPwd":"francheska","userConfirmPwd":"francheska","fullName":"JERICHO S. DAVID","userAccountPermission":{"userAccountPermissionId":0,"operationMenu":true,"onlineWeighing":true,"offlineWeighing":true,"inyard":true,"editInyard":true,"deleteInyard":true,"module":true,"rePrintPurchases":true,"rePrintSales":true,"editPurchases":true,"deletePurchases":true,"editSales":true,"deleteSales":true,"reportingDetails":true,"balesInventory":true,"reports":true,"databaseMenu":true,"customers":true,"suppliers":true,"haulers":true,"products":true,"rawMaterials":true,"categories":true,"vehicles":true,"baleTypes":true,"maintenanceMenu":false,"vehicleTypes":false,"referenceNumbers":false,"moistureSettings":false,"reportSignatory":true,"businessLicenses":true,"balingStation":true,"calibrationDetails":true,"userControl":true,"utilitiesMenu":false,"serverSetup":false,"systemSettings":true,"databaseView":true,"logView":true,"restrictReceiving":true,"poMaintenance":true}}
Query: 
Client IP: ::1

    DateTime=2021-06-18T05:19:05.7714682Z
WeighingSystemUPPCV3_5_Core.Startup Information: 0 : Path: localhost:44386//api/UserAccounts/8c427f42-4b9c-40e7-90b2-6ca02a059d9c
Body: 
Query: 
Client IP: ::1

    DateTime=2021-06-18T05:19:08.1389762Z
WeighingSystemUPPCV3_5_Core.Startup Information: 0 : Path: localhost:44386//api/UserAccounts/8c427f42-4b9c-40e7-90b2-6ca02a059d9c
Body: {"userAccountId":"8c427f42-4b9c-40e7-90b2-6ca02a059d9c","userName":"JERICHO","userPwd":"francheska","userConfirmPwd":"francheska","fullName":"JERICHO S. DAVID","isActive":true,"userAccountPermission":{"userAccountPermissionId":4,"userAccountId":"8c427f42-4b9c-40e7-90b2-6ca02a059d9c","operationMenu":true,"onlineWeighing":true,"offlineWeighing":false,"inyard":true,"editInyard":false,"deleteInyard":true,"module":true,"rePrintPurchases":true,"rePrintSales":true,"editPurchases":false,"deletePurchases":false,"editSales":false,"deleteSales":false,"reportingDetails":true,"balesInventory":true,"reports":true,"databaseMenu":true,"customers":true,"suppliers":true,"haulers":true,"products":true,"rawMaterials":true,"categories":true,"vehicles":true,"baleTypes":true,"maintenanceMenu":true,"vehicleTypes":true,"referenceNumbers":true,"moistureSettings":true,"reportSignatory":true,"businessLicenses":true,"balingStation":true,"calibrationDetails":true,"userControl":false,"utilitiesMenu":false,"serverSetup":false,"systemSettings":false,"databaseView":false,"logView":false,"restrictReceiving":true,"poMaintenance":true}}
Query: 
Client IP: ::1

    DateTime=2021-06-18T05:20:18.6537716Z
WeighingSystemUPPCV3_5_Core.Startup Information: 0 : Path: localhost:44386//api/UserAccounts/f91005ff-263c-4faf-ad7f-5b45db8e9a0d
Body: 
Query: 
Client IP: ::1

    DateTime=2021-06-18T05:20:20.6068030Z
WeighingSystemUPPCV3_5_Core.Startup Information: 0 : Path: localhost:44386//api/UserAccounts/8c427f42-4b9c-40e7-90b2-6ca02a059d9c
Body: 
Query: 
Client IP: ::1

    DateTime=2021-06-18T05:20:21.3466678Z
WeighingSystemUPPCV3_5_Core.Startup Information: 0 : Path: localhost:44386//api/UserAccounts/fac1e31a-bb2f-4c36-bfb5-420b1da49f44
Body: 
Query: 
Client IP: ::1

    DateTime=2021-06-18T05:20:31.0970484Z
WeighingSystemUPPCV3_5_Core.Startup Information: 0 : Path: localhost:44386//api/UserAccounts/fac1e31a-bb2f-4c36-bfb5-420b1da49f44
Body: {"userAccountId":"fac1e31a-bb2f-4c36-bfb5-420b1da49f44","userName":"DEHNNIS","userPwd":"DDA511","userConfirmPwd":"DDA511","fullName":"DEHNNIS D. ADRIANO","isActive":true,"userAccountPermission":{"userAccountPermissionId":3,"userAccountId":"fac1e31a-bb2f-4c36-bfb5-420b1da49f44","operationMenu":true,"onlineWeighing":true,"offlineWeighing":true,"inyard":true,"editInyard":true,"deleteInyard":true,"module":true,"rePrintPurchases":true,"rePrintSales":true,"editPurchases":true,"deletePurchases":true,"editSales":true,"deleteSales":true,"reportingDetails":true,"balesInventory":true,"reports":true,"databaseMenu":true,"customers":true,"suppliers":true,"haulers":true,"products":true,"rawMaterials":true,"categories":true,"vehicles":true,"baleTypes":true,"maintenanceMenu":true,"vehicleTypes":true,"referenceNumbers":true,"moistureSettings":true,"reportSignatory":true,"businessLicenses":true,"balingStation":true,"calibrationDetails":true,"userControl":false,"utilitiesMenu":false,"serverSetup":false,"systemSettings":false,"databaseView":false,"logView":false,"restrictReceiving":true,"poMaintenance":true}}
Query: 
Client IP: ::1

    DateTime=2021-06-18T05:21:23.7981105Z
WeighingSystemUPPCV3_5_Core.Startup Information: 0 : Path: localhost:44386//api/UserAccounts/f91005ff-263c-4faf-ad7f-5b45db8e9a0d
Body: 
Query: 
Client IP: ::1

    DateTime=2021-06-18T05:21:26.1154463Z
WeighingSystemUPPCV3_5_Core.Startup Information: 0 : Path: localhost:44386//api/UserAccounts/f91005ff-263c-4faf-ad7f-5b45db8e9a0d
Body: {"userAccountId":"f91005ff-263c-4faf-ad7f-5b45db8e9a0d","userName":"IVAN","userPwd":"ivan0528","userConfirmPwd":"ivan0528","fullName":"IVAN C. S. NAVARRO","isActive":true,"userAccountPermission":{"userAccountPermissionId":2,"userAccountId":"f91005ff-263c-4faf-ad7f-5b45db8e9a0d","operationMenu":true,"onlineWeighing":true,"offlineWeighing":false,"inyard":true,"editInyard":false,"deleteInyard":false,"module":true,"rePrintPurchases":true,"rePrintSales":true,"editPurchases":false,"deletePurchases":false,"editSales":true,"deleteSales":true,"reportingDetails":true,"balesInventory":true,"reports":true,"databaseMenu":true,"customers":true,"suppliers":true,"haulers":true,"products":true,"rawMaterials":true,"categories":true,"vehicles":true,"baleTypes":true,"maintenanceMenu":true,"vehicleTypes":true,"referenceNumbers":true,"moistureSettings":true,"reportSignatory":true,"businessLicenses":true,"balingStation":true,"calibrationDetails":true,"userControl":false,"utilitiesMenu":false,"serverSetup":false,"systemSettings":false,"databaseView":false,"logView":false,"restrictReceiving":true,"poMaintenance":true}}
Query: 
Client IP: ::1

    DateTime=2021-06-18T05:21:45.0261147Z
WeighingSystemUPPCV3_5_Core.Startup Information: 0 : Path: localhost:44386//api/UserAccounts/f91005ff-263c-4faf-ad7f-5b45db8e9a0d
Body: 
Query: 
Client IP: ::1

    DateTime=2021-06-18T05:21:47.4933913Z
WeighingSystemUPPCV3_5_Core.Startup Information: 0 : Path: localhost:44386//api/UserAccounts/5463107b-5fbf-43a0-9fb2-c2037bb9a306
Body: 
Query: 
Client IP: ::1

    DateTime=2021-06-18T05:21:58.7394392Z
WeighingSystemUPPCV3_5_Core.Startup Information: 0 : Path: localhost:44386//api/UserAccounts
Body: {"userName":"JOMAR","userPwd":"jomar0513","userConfirmPwd":"jomar0513","fullName":"JOMAR B. VILLAPANDO","userAccountPermission":{"userAccountPermissionId":0,"operationMenu":true,"onlineWeighing":true,"offlineWeighing":false,"inyard":true,"editInyard":true,"deleteInyard":true,"module":true,"rePrintPurchases":true,"rePrintSales":true,"editPurchases":false,"deletePurchases":false,"editSales":false,"deleteSales":false,"reportingDetails":true,"balesInventory":true,"reports":true,"databaseMenu":true,"customers":true,"suppliers":true,"haulers":true,"products":true,"rawMaterials":true,"categories":true,"vehicles":true,"baleTypes":true,"maintenanceMenu":true,"vehicleTypes":true,"referenceNumbers":true,"moistureSettings":true,"reportSignatory":true,"businessLicenses":true,"balingStation":true,"calibrationDetails":true,"userControl":false,"utilitiesMenu":false,"serverSetup":false,"systemSettings":false,"databaseView":false,"logView":false,"restrictReceiving":true,"poMaintenance":true}}
Query: 
Client IP: ::1

    DateTime=2021-06-18T05:22:46.0248415Z
WeighingSystemUPPCV3_5_Core.Startup Information: 0 : Path: localhost:44386//api/UserAccounts
Body: {"userName":"ERIC","userPwd":"04132813","userConfirmPwd":"04132813","fullName":"ERIC O. JULAO","userAccountPermission":{"userAccountPermissionId":0,"operationMenu":false,"onlineWeighing":true,"offlineWeighing":false,"inyard":true,"editInyard":false,"deleteInyard":false,"module":true,"rePrintPurchases":true,"rePrintSales":true,"editPurchases":true,"deletePurchases":true,"editSales":true,"deleteSales":true,"reportingDetails":true,"balesInventory":true,"reports":true,"databaseMenu":true,"customers":true,"suppliers":true,"haulers":true,"products":true,"rawMaterials":true,"categories":false,"vehicles":true,"baleTypes":true,"maintenanceMenu":true,"vehicleTypes":true,"referenceNumbers":true,"moistureSettings":true,"reportSignatory":true,"businessLicenses":true,"balingStation":true,"calibrationDetails":true,"userControl":false,"utilitiesMenu":false,"serverSetup":false,"systemSettings":false,"databaseView":false,"logView":false,"restrictReceiving":true,"poMaintenance":true}}
Query: 
Client IP: ::1

    DateTime=2021-06-18T05:23:34.9826031Z
WeighingSystemUPPCV3_5_Core.Startup Information: 0 : Path: localhost:44386//api/UserAccounts/5463107b-5fbf-43a0-9fb2-c2037bb9a306
Body: 
Query: 
Client IP: ::1

    DateTime=2021-06-18T05:23:37.1284964Z
WeighingSystemUPPCV3_5_Core.Startup Information: 0 : Path: localhost:44386//api/UserAccounts/e6e41523-c9da-489b-8781-2116e1cf1007
Body: 
Query: 
Client IP: ::1

    DateTime=2021-06-18T05:23:37.5250532Z
WeighingSystemUPPCV3_5_Core.Startup Information: 0 : Path: localhost:44386//api/UserAccounts/e6e41523-c9da-489b-8781-2116e1cf1007
Body: 
Query: 
Client IP: ::1

    DateTime=2021-06-18T05:23:57.0350071Z
WeighingSystemUPPCV3_5_Core.Startup Information: 0 : Path: localhost:44386//api/UserAccounts
Body: {"userName":"RENZ","userPwd":"GODSLOVE","userConfirmPwd":"GODSLOVE","fullName":"RENZ MARION MARTINEZ","userAccountPermission":{"userAccountPermissionId":0,"operationMenu":true,"onlineWeighing":true,"offlineWeighing":true,"inyard":true,"editInyard":true,"deleteInyard":true,"module":true,"rePrintPurchases":true,"rePrintSales":true,"editPurchases":true,"deletePurchases":true,"editSales":true,"deleteSales":true,"reportingDetails":true,"balesInventory":true,"reports":true,"databaseMenu":true,"customers":true,"suppliers":true,"haulers":true,"products":true,"rawMaterials":true,"categories":true,"vehicles":true,"baleTypes":true,"maintenanceMenu":true,"vehicleTypes":true,"referenceNumbers":true,"moistureSettings":true,"reportSignatory":true,"businessLicenses":true,"balingStation":true,"calibrationDetails":true,"userControl":true,"utilitiesMenu":false,"serverSetup":false,"systemSettings":true,"databaseView":true,"logView":true,"restrictReceiving":true,"poMaintenance":true}}
Query: 
Client IP: ::1

    DateTime=2021-06-18T05:24:35.2809800Z
WeighingSystemUPPCV3_5_Core.Startup Information: 0 : Path: localhost:44386//api/UserAccounts/539ee232-0625-480a-97d1-ef6a9fc87908
Body: 
Query: 
Client IP: ::1

    DateTime=2021-06-18T05:24:37.7078971Z
WeighingSystemUPPCV3_5_Core.Startup Information: 0 : Path: localhost:44386//api/UserAccounts/539ee232-0625-480a-97d1-ef6a9fc87908
Body: {"userAccountId":"539ee232-0625-480a-97d1-ef6a9fc87908","userName":"RENZ","userPwd":"GODSLOVE","userConfirmPwd":"GODSLOVE","fullName":"RENZ MARION MARTINEZ","isActive":true,"userAccountPermission":{"userAccountPermissionId":7,"userAccountId":"539ee232-0625-480a-97d1-ef6a9fc87908","operationMenu":true,"onlineWeighing":true,"offlineWeighing":false,"inyard":true,"editInyard":true,"deleteInyard":true,"module":true,"rePrintPurchases":true,"rePrintSales":true,"editPurchases":true,"deletePurchases":true,"editSales":true,"deleteSales":true,"reportingDetails":true,"balesInventory":true,"reports":true,"databaseMenu":true,"customers":true,"suppliers":true,"haulers":true,"products":true,"rawMaterials":true,"categories":true,"vehicles":true,"baleTypes":true,"maintenanceMenu":true,"vehicleTypes":true,"referenceNumbers":true,"moistureSettings":true,"reportSignatory":true,"businessLicenses":true,"balingStation":true,"calibrationDetails":true,"userControl":false,"utilitiesMenu":false,"serverSetup":false,"systemSettings":true,"databaseView":true,"logView":true,"restrictReceiving":true,"poMaintenance":true}}
Query: 
Client IP: ::1

    DateTime=2021-06-18T05:24:55.2900444Z
WeighingSystemUPPCV3_5_Core.Startup Information: 0 : Path: localhost:44386//api/UserAccounts/e6e41523-c9da-489b-8781-2116e1cf1007
Body: 
Query: 
Client IP: ::1

    DateTime=2021-06-18T05:24:58.2971412Z
WeighingSystemUPPCV3_5_Core.Startup Information: 0 : Path: localhost:44386//api/UserAccounts/539ee232-0625-480a-97d1-ef6a9fc87908
Body: 
Query: 
Client IP: ::1

    DateTime=2021-06-18T05:24:58.6889481Z
WeighingSystemUPPCV3_5_Core.Startup Information: 0 : Path: localhost:44386//api/PurchaseOrders/MigrateOldDb
Body: 
Query: ?dtFrom=2012-01-01&dtTo=2016-12-31
Client IP: ::1

    DateTime=2021-06-18T05:27:01.3584854Z
WeighingSystemUPPCV3_5_Core.Controllers.PurchaseOrdersController Error: 0 : Invalid column name 'CreatedBy'.
Invalid column name 'POType'.
    DateTime=2021-06-18T05:27:01.6816073Z
WeighingSystemUPPCV3_5_Core.Startup Information: 0 : Path: localhost:44386//api/PurchaseOrders/MigrateOldDb
Body: 
Query: ?dtFrom=2012-01-01&dtTo=2016-12-31
Client IP: ::1

    DateTime=2021-06-18T05:27:12.1995834Z
WeighingSystemUPPCV3_5_Core.Controllers.PurchaseOrdersController Error: 0 : Invalid column name 'CreatedBy'.
Invalid column name 'POType'.
    DateTime=2021-06-18T05:27:12.4971886Z
WeighingSystemUPPCV3_5_Core.Startup Information: 0 : Path: localhost:44386//api/PurchaseOrders/MigrateOldDb
Body: 
Query: ?dtFrom=2012-01-01&dtTo=2016-12-31
Client IP: ::1

    DateTime=2021-06-18T05:27:43.7873818Z
WeighingSystemUPPCV3_5_Core.Controllers.PurchaseOrdersController Error: 0 : Invalid column name 'CreatedBy'.
Invalid column name 'POType'.
    DateTime=2021-06-18T05:27:44.0733608Z
WeighingSystemUPPCV3_5_Core.Startup Information: 0 : Path: localhost:44386//api/PurchaseOrders/MigrateOldDb
Body: 
Query: ?dtFrom=2012-01-01&dtTo=2016-12-31
Client IP: ::1

    DateTime=2021-06-18T05:42:31.6465264Z
WeighingSystemUPPCV3_5_Core.Startup Information: 0 : Path: localhost:44386//api/PurchaseOrders/MigrateOldDb
Body: 
Query: ?dtFrom=2014-01-01&dtTo=2021-12-31
Client IP: ::1

    DateTime=2021-06-18T05:43:39.6893690Z
WeighingSystemUPPCV3_5_Core.Startup Information: 0 : Path: localhost:44386//api/UserAccounts/LogIn
Body: {"userName":"TSI","userPwd":"1"}
Query: 
Client IP: ::1

    DateTime=2021-06-18T05:55:46.0961127Z
WeighingSystemUPPCV3_5_Core.Startup Information: 0 : Path: localhost:44386//api/Categories
Body: 
Query: 
Client IP: ::1

    DateTime=2021-06-18T05:55:47.7435235Z
WeighingSystemUPPCV3_5_Core.Startup Information: 0 : Path: localhost:44386//api/RawMaterials
Body: 
Query: 
Client IP: ::1

    DateTime=2021-06-18T05:55:47.8345817Z
WeighingSystemUPPCV3_5_Core.Startup Information: 0 : Path: localhost:44386//api/RawMaterials
Body: {"rawMaterialId":0,"rawMaterialCode":"LDLK-OB-POST-CRM","rawMaterialDesc":"LDLK-OB POST-CRM","price":0.0,"categoryId":60000005,"isActive":true}
Query: 
Client IP: ::1

    DateTime=2021-06-18T05:56:17.0715361Z
WeighingSystemUPPCV3_5_Core.Startup Information: 0 : Path: localhost:44386//api/RawMaterials
Body: 
Query: ?id=70000003
Client IP: ::1

    DateTime=2021-06-18T05:56:23.3940753Z
WeighingSystemUPPCV3_5_Core.Startup Information: 0 : Path: localhost:44386//api/RawMaterials
Body: {"rawMaterialId":0,"rawMaterialCode":"ASAA","rawMaterialDesc":"ASASD","price":0.0,"categoryId":60000001,"isActive":true}
Query: 
Client IP: ::1

    DateTime=2021-06-18T05:56:34.0201858Z
WeighingSystemUPPCV3_5_Core.Startup Information: 0 : Path: localhost:44386//api/Categories
Body: 
Query: 
Client IP: ::1

    DateTime=2021-06-18T05:57:08.1333804Z
WeighingSystemUPPCV3_5_Core.Startup Information: 0 : Path: localhost:44386//api/RawMaterials
Body: 
Query: 
Client IP: ::1

    DateTime=2021-06-18T05:57:08.2046158Z
WeighingSystemUPPCV3_5_Core.Startup Information: 0 : Path: localhost:44386//api/RawMaterials/70000004
Body: {"rawMaterialId":70000004,"rawMaterialCode":"LDLK-OB-POST-CRM","rawMaterialDesc":"LDLK-OB-POST-CRM","price":0.000,"categoryId":60000005,"isActive":true}
Query: 
Client IP: ::1

    DateTime=2021-06-18T05:57:30.6159248Z
WeighingSystemUPPCV3_5_Core.Startup Information: 0 : Path: localhost:44386//api/Categories
Body: 
Query: 
Client IP: ::1

    DateTime=2021-06-18T06:05:17.2264531Z
WeighingSystemUPPCV3_5_Core.Startup Information: 0 : Path: localhost:44386//api/RawMaterials
Body: 
Query: 
Client IP: ::1

    DateTime=2021-06-18T06:05:17.3961036Z
WeighingSystemUPPCV3_5_Core.Startup Information: 0 : Path: localhost:44386//api/RawMaterials
Body: {"rawMaterialId":0,"rawMaterialCode":"LDLK-OB-POST-CRM","rawMaterialDesc":"LDLK-OB-POST-CRM","price":0.0,"categoryId":60000005,"isActive":true}
Query: 
Client IP: ::1

    DateTime=2021-06-18T06:05:37.1415907Z
WeighingSystemUPPCV3_5_Core.Startup Information: 0 : Path: localhost:44386//api/Categories
Body: 
Query: 
Client IP: ::1

    DateTime=2021-06-18T06:07:39.3903384Z
WeighingSystemUPPCV3_5_Core.Startup Information: 0 : Path: localhost:44386//api/RawMaterials
Body: 
Query: 
Client IP: ::1

    DateTime=2021-06-18T06:07:39.4801994Z
WeighingSystemUPPCV3_5_Core.Startup Information: 0 : Path: localhost:44386//api/RawMaterials
Body: {"rawMaterialId":0,"rawMaterialCode":"LDLK-OB-POST-CRM","rawMaterialDesc":"LDLK-OB-POST-CRM","price":0.0,"categoryId":60000005,"isActive":true}
Query: 
Client IP: ::1

    DateTime=2021-06-18T06:07:56.0918723Z
Microsoft.Hosting.Lifetime Information: 0 : Now listening on: https://[::]:44386
    DateTime=2021-06-18T06:49:43.3664149Z
Microsoft.Hosting.Lifetime Information: 0 : Now listening on: http://[::]:44385
    DateTime=2021-06-18T06:49:43.3819039Z
Microsoft.Hosting.Lifetime Information: 0 : Application started. Press Ctrl+C to shut down.
    DateTime=2021-06-18T06:49:43.3979276Z
Microsoft.Hosting.Lifetime Information: 0 : Hosting environment: Development
    DateTime=2021-06-18T06:49:43.4095836Z
Microsoft.Hosting.Lifetime Information: 0 : Content root path: D:\dir\tsi\UPPC\Phase 4\WeighingSystemUPPCV3.5\WeighingSystemUPPCV3.5.Core\WeighingSystemUPPCV3.5.Core
    DateTime=2021-06-18T06:49:43.4236515Z
WeighingSystemUPPCV3_5_Core.Startup Information: 0 : Path: localhost:44386//api/PurchaseOrders/MigrateOldDb
Body: 
Query: ?dtFrom=2012-01-01&dtTo=2021-12-31
Client IP: ::1

    DateTime=2021-06-18T06:49:53.5336531Z
Microsoft.Hosting.Lifetime Information: 0 : Now listening on: https://[::]:44386
    DateTime=2021-06-18T06:53:37.1928489Z
Microsoft.Hosting.Lifetime Information: 0 : Now listening on: http://[::]:44385
    DateTime=2021-06-18T06:53:37.2133218Z
Microsoft.Hosting.Lifetime Information: 0 : Application started. Press Ctrl+C to shut down.
    DateTime=2021-06-18T06:53:37.2290115Z
Microsoft.Hosting.Lifetime Information: 0 : Hosting environment: Development
    DateTime=2021-06-18T06:53:37.2408281Z
Microsoft.Hosting.Lifetime Information: 0 : Content root path: D:\dir\tsi\UPPC\Phase 4\WeighingSystemUPPCV3.5\WeighingSystemUPPCV3.5.Core\WeighingSystemUPPCV3.5.Core
    DateTime=2021-06-18T06:53:37.2541581Z
WeighingSystemUPPCV3_5_Core.Startup Information: 0 : Path: localhost:44386//api/PurchaseOrders/MigrateOldDb
Body: 
Query: ?dtFrom=2012-01-01&dtTo=2021-12-31
Client IP: ::1

    DateTime=2021-06-18T06:53:38.9906552Z
Microsoft.Hosting.Lifetime Information: 0 : Now listening on: https://[::]:44386
    DateTime=2021-06-18T06:55:06.9532456Z
Microsoft.Hosting.Lifetime Information: 0 : Now listening on: http://[::]:44385
    DateTime=2021-06-18T06:55:06.9632450Z
Microsoft.Hosting.Lifetime Information: 0 : Application started. Press Ctrl+C to shut down.
    DateTime=2021-06-18T06:55:06.9740794Z
Microsoft.Hosting.Lifetime Information: 0 : Hosting environment: Development
    DateTime=2021-06-18T06:55:06.9824285Z
Microsoft.Hosting.Lifetime Information: 0 : Content root path: D:\dir\tsi\UPPC\Phase 4\WeighingSystemUPPCV3.5\WeighingSystemUPPCV3.5.Core\WeighingSystemUPPCV3.5.Core
    DateTime=2021-06-18T06:55:06.9914447Z
WeighingSystemUPPCV3_5_Core.Startup Information: 0 : Path: localhost:44386//api/PurchaseOrders/MigrateOldDb
Body: 
Query: ?dtFrom=2012-01-01&dtTo=2021-12-31
Client IP: ::1

    DateTime=2021-06-18T06:55:16.4541892Z
