Microsoft.Hosting.Lifetime Information: 0 : Now listening on: https://[::]:44386
    DateTime=2021-03-14T16:18:08.6983113Z
Microsoft.Hosting.Lifetime Information: 0 : Now listening on: http://[::]:44385
    DateTime=2021-03-14T16:18:08.7044742Z
Microsoft.Hosting.Lifetime Information: 0 : Application started. Press Ctrl+C to shut down.
    DateTime=2021-03-14T16:18:08.7120356Z
Microsoft.Hosting.Lifetime Information: 0 : Hosting environment: Development
    DateTime=2021-03-14T16:18:08.7182003Z
Microsoft.Hosting.Lifetime Information: 0 : Content root path: D:\dir\tsi\UPPC\Phase 4\WeighingSystemUPPCV3.5\WeighingSystemUPPCV3.5.Core\WeighingSystemUPPCV3.5.Core
    DateTime=2021-03-14T16:18:08.7231204Z
WeighingSystemUPPCV3_5_Core.Startup Information: 0 : Path: localhost:44386//api/Reporting/ReportDataSet
Body: 
Query: ?ReportType=PURCHASE_MC_MONITORING&DTFrom=3%2f1%2f2021%2012%3a00%3a00%20AM&DTTo=3%2f14%2f2021%2011%3a59%3a00%20PM&ClientId=0&CommodityId=0&CategoryId=0&PreparedBy=TERRINIEL%20SCALES%20INC.&CheckedBy=TERRINIEL%20SCALES%20INC.&PaperSize=DEFAULT&BalingStation=WeighingSystemUPPCV3_5_Service.Models.BalingStation&MoistureSettings=WeighingSystemUPPCV3_5_Service.Models.MoistureSettings&Signatory=WeighingSystemUPPCV3_5_Service.Models.Signatory&TransactionTypeCode=I
Client IP: ::1

    DateTime=2021-03-14T16:18:23.1775487Z
WeighingSystemUPPCV3_5_Core.Startup Information: 0 : Path: localhost:44386//api/Reporting/ReportDataSet
Body: 
Query: ?ReportType=PURCHASE_MODERNTRADE&DTFrom=3%2f1%2f2021%2012%3a00%3a00%20AM&DTTo=3%2f14%2f2021%2011%3a59%3a00%20PM&ClientId=0&CommodityId=0&CategoryId=0&PreparedBy=TERRINIEL%20SCALES%20INC.&CheckedBy=TERRINIEL%20SCALES%20INC.&PaperSize=DEFAULT&BalingStation=WeighingSystemUPPCV3_5_Service.Models.BalingStation&MoistureSettings=WeighingSystemUPPCV3_5_Service.Models.MoistureSettings&Signatory=WeighingSystemUPPCV3_5_Service.Models.Signatory&TransactionTypeCode=I
Client IP: ::1

    DateTime=2021-03-14T16:18:30.6343484Z
WeighingSystemUPPCV3_5_Core.Startup Information: 0 : Path: localhost:44386//api/Reporting/ReportDataSet
Body: 
Query: ?ReportType=PURCHASE_SUBSUPPLIER&DTFrom=3%2f1%2f2021%2012%3a00%3a00%20AM&DTTo=3%2f14%2f2021%2011%3a59%3a00%20PM&ClientId=0&CommodityId=0&CategoryId=0&PreparedBy=TERRINIEL%20SCALES%20INC.&CheckedBy=TERRINIEL%20SCALES%20INC.&PaperSize=DEFAULT&BalingStation=WeighingSystemUPPCV3_5_Service.Models.BalingStation&MoistureSettings=WeighingSystemUPPCV3_5_Service.Models.MoistureSettings&Signatory=WeighingSystemUPPCV3_5_Service.Models.Signatory&TransactionTypeCode=I
Client IP: ::1

    DateTime=2021-03-14T16:18:33.1802290Z
WeighingSystemUPPCV3_5_Core.Startup Information: 0 : Path: localhost:44386//api/Reporting/ReportDataSet
Body: 
Query: ?ReportType=SALE_POTENTIAL_LOSS_PLANTMC&DTFrom=3%2f1%2f2021%2012%3a00%3a00%20AM&DTTo=3%2f14%2f2021%2011%3a59%3a00%20PM&ClientId=0&CommodityId=0&CategoryId=0&PreparedBy=TERRINIEL%20SCALES%20INC.&CheckedBy=TERRINIEL%20SCALES%20INC.&PaperSize=DEFAULT&BalingStation=WeighingSystemUPPCV3_5_Service.Models.BalingStation&MoistureSettings=WeighingSystemUPPCV3_5_Service.Models.MoistureSettings&Signatory=WeighingSystemUPPCV3_5_Service.Models.Signatory&TransactionTypeCode=O
Client IP: ::1

    DateTime=2021-03-14T16:18:38.9636164Z
WeighingSystemUPPCV3_5_Core.Startup Information: 0 : Path: localhost:44386//api/Reporting/ReportDataSet
Body: 
Query: ?ReportType=SALE_POTENTIAL_LOSS_PLANTMC&DTFrom=1%2f1%2f2021%2012%3a00%3a00%20AM&DTTo=3%2f14%2f2021%2011%3a59%3a00%20PM&ClientId=0&CommodityId=0&CategoryId=0&PreparedBy=TERRINIEL%20SCALES%20INC.&CheckedBy=TERRINIEL%20SCALES%20INC.&PaperSize=DEFAULT&BalingStation=WeighingSystemUPPCV3_5_Service.Models.BalingStation&MoistureSettings=WeighingSystemUPPCV3_5_Service.Models.MoistureSettings&Signatory=WeighingSystemUPPCV3_5_Service.Models.Signatory&TransactionTypeCode=O
Client IP: ::1

    DateTime=2021-03-14T16:18:42.2426210Z
WeighingSystemUPPCV3_5_Core.Startup Information: 0 : Path: localhost:44386//api/UserAccounts/LogIn
Body: {"userName":"TSI","userPwd":"1"}
Query: 
Client IP: ::1

    DateTime=2021-03-14T16:18:54.2910091Z
WeighingSystemUPPCV3_5_Core.Startup Information: 0 : Path: localhost:44386//api/PurchaseOrders
Body: 
Query: ?PurchaseOrderId=0&DTEffectivity=1%2f1%2f0001%2012%3a00%3a00%20AM&SupplierId=0&RawMaterialId=0&PONum=&Price=0&BalanceTotalKg=0&POType=&Remarks=&DTCreated=1%2f1%2f0001%2012%3a00%3a00%20AM&CreatedById=&DTModified=&ModifiedById=&IsActive=True&Locked=&BalanceRemainingKg=&BalanceDeliveredKg=
Client IP: ::1

    DateTime=2021-03-14T16:19:03.3274845Z
WeighingSystemUPPCV3_5_Core.Startup Information: 0 : Path: localhost:44386//api/Reminders/Count
Body: 
Query: 
Client IP: ::1

    DateTime=2021-03-14T16:19:04.8527373Z
WeighingSystemUPPCV3_5_Core.Startup Information: 0 : Path: localhost:44386//api/Inyards
Body: 
Query: 
Client IP: ::1

    DateTime=2021-03-14T16:19:04.9211461Z
WeighingSystemUPPCV3_5_Core.Startup Information: 0 : Path: localhost:44386//api/SaleTransactions/10001271
Body: 
Query: 
Client IP: ::1

    DateTime=2021-03-14T16:19:08.2479169Z
WeighingSystemUPPCV3_5_Core.Startup Information: 0 : Path: localhost:44386//api/ReturnedVehicles/10001271
Body: {"returnedVehicleId":0,"dtArrival":"2021-03-15T00:19:08.3457291+08:00","plantNetWt":15000.0,"mc":11.2,"mC10":14800.0,"mC12":15000.0,"ot":6.0,"pm":0.8,"pmAdjustedWt":45.0,"otAdjustedWt":150.0,"diffNet":0.0,"diffMC10":-119.0,"diffMC12":0.0,"diffDay":2110,"diffTime":50642.0,"baleCount":20,"remarks":"ASGASDG","timeVarianceRemarks":"ASDGAS","vehicleOrigin":"12312","dtGuardIn":"2021-03-15T00:19:08.3457291+08:00","dtGuardOut":"2021-03-15T00:19:08.3457291+08:00","dtOutToPlant":"2021-03-15T00:19:08.3457291+08:00","saleId":10001271}
Query: 
Client IP: ::1

    DateTime=2021-03-14T16:19:45.1048912Z
WeighingSystemUPPCV3_5_Core.Startup Information: 0 : Path: localhost:44386//api/UserAccounts/LogIn
Body: {"userName":"TSI","userPwd":"1"}
Query: 
Client IP: ::1

    DateTime=2021-03-14T16:19:51.9314962Z
WeighingSystemUPPCV3_5_Core.Startup Information: 0 : Path: localhost:44386//api/Reporting/ReportDataSet
Body: 
Query: ?ReportType=SALE_POTENTIAL_LOSS_PLANTMC&DTFrom=3%2f15%2f2021%2012%3a00%3a00%20AM&DTTo=3%2f15%2f2021%2011%3a59%3a00%20PM&ClientId=0&CommodityId=0&CategoryId=0&PreparedBy=TERRINIEL%20SCALES%20INC.&CheckedBy=TERRINIEL%20SCALES%20INC.&PaperSize=DEFAULT&BalingStation=WeighingSystemUPPCV3_5_Service.Models.BalingStation&MoistureSettings=WeighingSystemUPPCV3_5_Service.Models.MoistureSettings&Signatory=WeighingSystemUPPCV3_5_Service.Models.Signatory&TransactionTypeCode=O
Client IP: ::1

    DateTime=2021-03-14T16:20:01.5195308Z
WeighingSystemUPPCV3_5_Core.Startup Information: 0 : Path: localhost:44386//api/Reporting/ReportDataSet
Body: 
Query: ?ReportType=SALE_POTENTIAL_LOSS_PLANTMC&DTFrom=3%2f1%2f2021%2012%3a00%3a00%20AM&DTTo=3%2f15%2f2021%2011%3a59%3a00%20PM&ClientId=0&CommodityId=0&CategoryId=0&PreparedBy=TERRINIEL%20SCALES%20INC.&CheckedBy=TERRINIEL%20SCALES%20INC.&PaperSize=DEFAULT&BalingStation=WeighingSystemUPPCV3_5_Service.Models.BalingStation&MoistureSettings=WeighingSystemUPPCV3_5_Service.Models.MoistureSettings&Signatory=WeighingSystemUPPCV3_5_Service.Models.Signatory&TransactionTypeCode=O
Client IP: ::1

    DateTime=2021-03-14T16:20:06.7839473Z
WeighingSystemUPPCV3_5_Core.Startup Information: 0 : Path: localhost:44386//api/UserAccounts/LogIn
Body: {"userName":"TSI","userPwd":"1"}
Query: 
Client IP: ::1

    DateTime=2021-03-14T16:20:10.3086652Z
WeighingSystemUPPCV3_5_Core.Startup Information: 0 : Path: localhost:44386//api/PurchaseOrders
Body: 
Query: ?PurchaseOrderId=0&DTEffectivity=1%2f1%2f0001%2012%3a00%3a00%20AM&SupplierId=0&RawMaterialId=0&PONum=&Price=0&BalanceTotalKg=0&POType=&Remarks=&DTCreated=1%2f1%2f0001%2012%3a00%3a00%20AM&CreatedById=&DTModified=&ModifiedById=&IsActive=True&Locked=&BalanceRemainingKg=&BalanceDeliveredKg=
Client IP: ::1

    DateTime=2021-03-14T16:20:12.8014865Z
WeighingSystemUPPCV3_5_Core.Startup Information: 0 : Path: localhost:44386//api/Reminders/Count
Body: 
Query: 
Client IP: ::1

    DateTime=2021-03-14T16:20:14.6078868Z
WeighingSystemUPPCV3_5_Core.Startup Information: 0 : Path: localhost:44386//api/SaleTransactions/10003625
Body: 
Query: 
Client IP: ::1

    DateTime=2021-03-14T16:20:28.2035138Z
WeighingSystemUPPCV3_5_Core.Startup Information: 0 : Path: localhost:44386//api/ReturnedVehicles/10003625
Body: {"returnedVehicleId":0,"dtArrival":"2021-03-15T00:20:28.2391167+08:00","plantNetWt":9800.0,"mc":11.22,"mC10":9667.0,"mC12":9800.0,"ot":0.0,"pm":0.0,"pmAdjustedWt":0.0,"otAdjustedWt":0.0,"diffNet":0.0,"diffMC10":104.0,"diffMC12":0.0,"diffDay":9,"diffTime":224.0,"baleCount":2,"remarks":"ASDGAS","timeVarianceRemarks":"123","vehicleOrigin":"ASDFAS","dtGuardIn":"2021-03-15T00:20:28.2391167+08:00","dtGuardOut":"2021-03-15T00:20:28.2391167+08:00","dtOutToPlant":"2021-03-15T00:20:28.2391167+08:00","saleId":10003625}
Query: 
Client IP: ::1

    DateTime=2021-03-14T16:20:42.3848327Z
WeighingSystemUPPCV3_5_Core.Startup Information: 0 : Path: localhost:44386//api/UserAccounts/LogIn
Body: {"userName":"TSI","userPwd":"1"}
Query: 
Client IP: ::1

    DateTime=2021-03-14T16:20:46.8932909Z
WeighingSystemUPPCV3_5_Core.Startup Information: 0 : Path: localhost:44386//api/Reporting/ReportDataSet
Body: 
Query: ?ReportType=SALE_POTENTIAL_LOSS_PLANTMC&DTFrom=3%2f1%2f2021%2012%3a00%3a00%20AM&DTTo=3%2f15%2f2021%2011%3a59%3a00%20PM&ClientId=0&CommodityId=0&CategoryId=0&PreparedBy=TERRINIEL%20SCALES%20INC.&CheckedBy=TERRINIEL%20SCALES%20INC.&PaperSize=DEFAULT&BalingStation=WeighingSystemUPPCV3_5_Service.Models.BalingStation&MoistureSettings=WeighingSystemUPPCV3_5_Service.Models.MoistureSettings&Signatory=WeighingSystemUPPCV3_5_Service.Models.Signatory&TransactionTypeCode=O
Client IP: ::1

    DateTime=2021-03-14T16:21:01.3713198Z
WeighingSystemUPPCV3_5_Core.Startup Information: 0 : Path: localhost:44386//api/Reporting/ReportDataSet
Body: 
Query: ?ReportType=SALE_POTENTIAL_LOSS_PLANTMC&DTFrom=3%2f1%2f2021%2012%3a00%3a00%20AM&DTTo=3%2f15%2f2021%2011%3a59%3a00%20PM&ClientId=0&CommodityId=0&CategoryId=0&PreparedBy=TERRINIEL%20SCALES%20INC.&CheckedBy=TERRINIEL%20SCALES%20INC.&PaperSize=DEFAULT&BalingStation=WeighingSystemUPPCV3_5_Service.Models.BalingStation&MoistureSettings=WeighingSystemUPPCV3_5_Service.Models.MoistureSettings&Signatory=WeighingSystemUPPCV3_5_Service.Models.Signatory&TransactionTypeCode=O
Client IP: ::1

    DateTime=2021-03-14T16:22:15.0755288Z
WeighingSystemUPPCV3_5_Core.Startup Information: 0 : Path: localhost:44386//api/Reporting/ReportDataSet
Body: 
Query: ?ReportType=SALE_POTENTIAL_LOSS_PLANTMC&DTFrom=3%2f1%2f2021%2012%3a00%3a00%20AM&DTTo=3%2f15%2f2021%2011%3a59%3a00%20PM&ClientId=0&CommodityId=0&CategoryId=0&PreparedBy=TERRINIEL%20SCALES%20INC.&CheckedBy=TERRINIEL%20SCALES%20INC.&PaperSize=DEFAULT&BalingStation=WeighingSystemUPPCV3_5_Service.Models.BalingStation&MoistureSettings=WeighingSystemUPPCV3_5_Service.Models.MoistureSettings&Signatory=WeighingSystemUPPCV3_5_Service.Models.Signatory&TransactionTypeCode=O
Client IP: ::1

    DateTime=2021-03-14T16:23:55.8215953Z
WeighingSystemUPPCV3_5_Core.Startup Information: 0 : Path: localhost:44386//api/Reporting/ReportDataSet
Body: 
Query: ?ReportType=SALE_POTENTIAL_LOSS_PLANTMC&DTFrom=3%2f1%2f2021%2012%3a00%3a00%20AM&DTTo=3%2f15%2f2021%2011%3a59%3a00%20PM&ClientId=0&CommodityId=0&CategoryId=0&PreparedBy=TERRINIEL%20SCALES%20INC.&CheckedBy=TERRINIEL%20SCALES%20INC.&PaperSize=DEFAULT&BalingStation=WeighingSystemUPPCV3_5_Service.Models.BalingStation&MoistureSettings=WeighingSystemUPPCV3_5_Service.Models.MoistureSettings&Signatory=WeighingSystemUPPCV3_5_Service.Models.Signatory&TransactionTypeCode=O
Client IP: ::1

    DateTime=2021-03-14T16:26:01.6390253Z
WeighingSystemUPPCV3_5_Core.Startup Information: 0 : Path: localhost:44386//api/Reporting/ReportDataSet
Body: 
Query: ?ReportType=SALE_POTENTIAL_LOSS_PLANTMC&DTFrom=3%2f1%2f2021%2012%3a00%3a00%20AM&DTTo=3%2f15%2f2021%2011%3a59%3a00%20PM&ClientId=0&CommodityId=0&CategoryId=0&PreparedBy=TERRINIEL%20SCALES%20INC.&CheckedBy=TERRINIEL%20SCALES%20INC.&PaperSize=DEFAULT&BalingStation=WeighingSystemUPPCV3_5_Service.Models.BalingStation&MoistureSettings=WeighingSystemUPPCV3_5_Service.Models.MoistureSettings&Signatory=WeighingSystemUPPCV3_5_Service.Models.Signatory&TransactionTypeCode=O
Client IP: ::1

    DateTime=2021-03-14T16:26:21.0077559Z
WeighingSystemUPPCV3_5_Core.Startup Information: 0 : Path: localhost:44386//api/Reporting/ReportDataSet
Body: 
Query: ?ReportType=SALE_PM_LOSS_MONITORING&DTFrom=3%2f1%2f2021%2012%3a00%3a00%20AM&DTTo=3%2f15%2f2021%2011%3a59%3a00%20PM&ClientId=0&CommodityId=0&CategoryId=0&PreparedBy=TERRINIEL%20SCALES%20INC.&CheckedBy=TERRINIEL%20SCALES%20INC.&PaperSize=DEFAULT&BalingStation=WeighingSystemUPPCV3_5_Service.Models.BalingStation&MoistureSettings=WeighingSystemUPPCV3_5_Service.Models.MoistureSettings&Signatory=WeighingSystemUPPCV3_5_Service.Models.Signatory&TransactionTypeCode=O
Client IP: ::1

    DateTime=2021-03-14T16:27:56.7048265Z
WeighingSystemUPPCV3_5_Core.Startup Information: 0 : Path: localhost:44386//api/Reporting/ReportDataSet
Body: 
Query: ?ReportType=SALE_PM_LOSS_MONITORING&DTFrom=3%2f1%2f2021%2012%3a00%3a00%20AM&DTTo=3%2f15%2f2021%2011%3a59%3a00%20PM&ClientId=0&CommodityId=0&CategoryId=0&PreparedBy=TERRINIEL%20SCALES%20INC.&CheckedBy=TERRINIEL%20SCALES%20INC.&PaperSize=DEFAULT&BalingStation=WeighingSystemUPPCV3_5_Service.Models.BalingStation&MoistureSettings=WeighingSystemUPPCV3_5_Service.Models.MoistureSettings&Signatory=WeighingSystemUPPCV3_5_Service.Models.Signatory&TransactionTypeCode=O
Client IP: ::1

    DateTime=2021-03-14T16:28:29.8202061Z
WeighingSystemUPPCV3_5_Core.Startup Information: 0 : Path: localhost:44386//api/UserAccounts/LogIn
Body: {"userName":"TSI","userPwd":"1"}
Query: 
Client IP: ::1

    DateTime=2021-03-14T16:30:28.5790999Z
WeighingSystemUPPCV3_5_Core.Startup Information: 0 : Path: localhost:44386//api/PurchaseOrders
Body: 
Query: ?PurchaseOrderId=0&DTEffectivity=1%2f1%2f0001%2012%3a00%3a00%20AM&SupplierId=0&RawMaterialId=0&PONum=&Price=0&BalanceTotalKg=0&POType=&Remarks=&DTCreated=1%2f1%2f0001%2012%3a00%3a00%20AM&CreatedById=&DTModified=&ModifiedById=&IsActive=True&Locked=&BalanceRemainingKg=&BalanceDeliveredKg=
Client IP: ::1

    DateTime=2021-03-14T16:30:33.5510425Z
WeighingSystemUPPCV3_5_Core.Startup Information: 0 : Path: localhost:44386//api/Reminders/Count
Body: 
Query: 
Client IP: ::1

    DateTime=2021-03-14T16:30:34.7918593Z
WeighingSystemUPPCV3_5_Core.Startup Information: 0 : Path: localhost:44386//api/Config
Body: 
Query: 
Client IP: ::1

    DateTime=2021-03-14T16:30:49.8499777Z
WeighingSystemUPPCV3_5_Core.Startup Information: 0 : Path: localhost:44386//api/BalingStations/selected
Body: 
Query: 
Client IP: ::1

    DateTime=2021-03-14T16:30:49.9477043Z
WeighingSystemUPPCV3_5_Core.Startup Information: 0 : Path: localhost:44386//api/MoistureSettings
Body: 
Query: 
Client IP: ::1

    DateTime=2021-03-14T16:30:50.0256532Z
WeighingSystemUPPCV3_5_Core.Startup Information: 0 : Path: localhost:44386//api/TransactionTypes
Body: 
Query: 
Client IP: ::1

    DateTime=2021-03-14T16:30:50.0941296Z
WeighingSystemUPPCV3_5_Core.Startup Information: 0 : Path: localhost:44386//api/MoistureReaders
Body: 
Query: 
Client IP: ::1

    DateTime=2021-03-14T16:30:50.1550081Z
WeighingSystemUPPCV3_5_Core.Startup Information: 0 : Path: localhost:44386//api/BaleTypes
Body: 
Query: 
Client IP: ::1

    DateTime=2021-03-14T16:30:50.2114049Z
WeighingSystemUPPCV3_5_Core.Startup Information: 0 : Path: localhost:44386//api/Sources
Body: 
Query: 
Client IP: ::1

    DateTime=2021-03-14T16:30:50.2726303Z
WeighingSystemUPPCV3_5_Core.Startup Information: 0 : Path: localhost:44386//api/SourceCategories
Body: 
Query: 
Client IP: ::1

    DateTime=2021-03-14T16:30:50.3448446Z
WeighingSystemUPPCV3_5_Core.Startup Information: 0 : Path: localhost:44386//api/Customers
Body: 
Query: 
Client IP: ::1

    DateTime=2021-03-14T16:30:50.3834425Z
WeighingSystemUPPCV3_5_Core.Startup Information: 0 : Path: localhost:44386//api/Suppliers
Body: 
Query: 
Client IP: ::1

    DateTime=2021-03-14T16:30:50.4373370Z
WeighingSystemUPPCV3_5_Core.Startup Information: 0 : Path: localhost:44386//api/RawMaterials
Body: 
Query: 
Client IP: ::1

    DateTime=2021-03-14T16:30:50.4932537Z
WeighingSystemUPPCV3_5_Core.Startup Information: 0 : Path: localhost:44386//api/Products
Body: 
Query: 
Client IP: ::1

    DateTime=2021-03-14T16:30:50.5625154Z
WeighingSystemUPPCV3_5_Core.Startup Information: 0 : Path: localhost:44386//api/Categories
Body: 
Query: 
Client IP: ::1

    DateTime=2021-03-14T16:30:50.6203161Z
WeighingSystemUPPCV3_5_Core.Startup Information: 0 : Path: localhost:44386//api/Haulers
Body: 
Query: 
Client IP: ::1

    DateTime=2021-03-14T16:30:50.6812582Z
WeighingSystemUPPCV3_5_Core.Startup Information: 0 : Path: localhost:44386//api/Vehicles
Body: 
Query: 
Client IP: ::1

    DateTime=2021-03-14T16:30:50.7406763Z
WeighingSystemUPPCV3_5_Core.Startup Information: 0 : Path: localhost:44386//api/VehicleTypes
Body: 
Query: 
Client IP: ::1

    DateTime=2021-03-14T16:30:50.8294056Z
WeighingSystemUPPCV3_5_Core.Startup Information: 0 : Path: localhost:44386//api/SubSuppliers
Body: 
Query: 
Client IP: ::1

    DateTime=2021-03-14T16:30:50.8834757Z
WeighingSystemUPPCV3_5_Core.Startup Information: 0 : Path: localhost:44386//api/SaleTransactions
Body: 
Query: ?Returned=false
Client IP: ::1

    DateTime=2021-03-14T16:30:50.9418094Z
WeighingSystemUPPCV3_5_Core.Startup Information: 0 : Path: localhost:44386//api/UserAccounts/UserAccountDetails
Body: 
Query: 
Client IP: ::1

    DateTime=2021-03-14T16:30:51.0522379Z
WeighingSystemUPPCV3_5_Core.Startup Information: 0 : Path: localhost:44386//api/Reminders
Body: 
Query: 
Client IP: ::1

    DateTime=2021-03-14T16:30:51.1083396Z
WeighingSystemUPPCV3_5_Core.Startup Information: 0 : Path: localhost:44386//api/Signatories
Body: 
Query: 
Client IP: ::1

    DateTime=2021-03-14T16:30:51.1552196Z
WeighingSystemUPPCV3_5_Core.Startup Information: 0 : Path: localhost:44386//api/UserAccounts/LogIn
Body: {"userName":"TSI","userPwd":"1"}
Query: 
Client IP: ::1

    DateTime=2021-03-14T16:31:24.9397593Z
WeighingSystemUPPCV3_5_Core.Startup Information: 0 : Path: localhost:44386//api/PurchaseOrders
Body: 
Query: ?PurchaseOrderId=0&DTEffectivity=1%2f1%2f0001%2012%3a00%3a00%20AM&SupplierId=0&RawMaterialId=0&PONum=&Price=0&BalanceTotalKg=0&POType=&Remarks=&DTCreated=1%2f1%2f0001%2012%3a00%3a00%20AM&CreatedById=&DTModified=&ModifiedById=&IsActive=True&Locked=&BalanceRemainingKg=&BalanceDeliveredKg=
Client IP: ::1

    DateTime=2021-03-14T16:31:32.0924614Z
WeighingSystemUPPCV3_5_Core.Startup Information: 0 : Path: localhost:44386//api/Reminders/Count
Body: 
Query: 
Client IP: ::1

    DateTime=2021-03-14T16:31:33.2054637Z
WeighingSystemUPPCV3_5_Core.Startup Information: 0 : Path: localhost:44386//api/Inyards
Body: 
Query: 
Client IP: ::1

    DateTime=2021-03-14T16:31:33.2492413Z
WeighingSystemUPPCV3_5_Core.Startup Information: 0 : Path: localhost:44386//api/SaleTransactions/10003625
Body: 
Query: 
Client IP: ::1

    DateTime=2021-03-14T16:31:38.1767452Z
WeighingSystemUPPCV3_5_Core.Startup Information: 0 : Path: localhost:44386//api/ReturnedVehicles/10003625
Body: {"returnedVehicleId":0,"dtArrival":"2021-03-15T00:31:38.2189881+08:00","plantNetWt":9810.0,"mc":11.25,"mC10":9674.0,"mC12":9810.0,"ot":7.0,"pm":0.6,"pmAdjustedWt":10.0,"otAdjustedWt":196.0,"diffNet":0.0,"diffMC10":111.0,"diffMC12":0.0,"diffDay":9,"diffTime":224.0,"baleCount":0,"remarks":"ASGDASDG","timeVarianceRemarks":"SDGASDG","vehicleOrigin":"123123","dtGuardIn":"2021-03-15T00:31:38.2189881+08:00","dtGuardOut":"2021-03-15T00:31:38.2189881+08:00","dtOutToPlant":"2021-03-15T00:31:38.2189881+08:00","saleId":10003625}
Query: 
Client IP: ::1

    DateTime=2021-03-14T16:31:59.9860751Z
WeighingSystemUPPCV3_5_Core.Startup Information: 0 : Path: localhost:44386//api/UserAccounts/LogIn
Body: {"userName":"TSI","userPwd":"1"}
Query: 
Client IP: ::1

    DateTime=2021-03-14T16:33:15.7022757Z
WeighingSystemUPPCV3_5_Core.Startup Information: 0 : Path: localhost:44386//api/Reporting/ReportDataSet
Body: 
Query: ?ReportType=SALE_POTENTIAL_LOSS_PLANTMC&DTFrom=3%2f1%2f2021%2012%3a00%3a00%20AM&DTTo=3%2f15%2f2021%2011%3a59%3a00%20PM&ClientId=0&CommodityId=0&CategoryId=0&PreparedBy=TERRINIEL%20SCALES%20INC.&CheckedBy=TERRINIEL%20SCALES%20INC.&PaperSize=DEFAULT&BalingStation=WeighingSystemUPPCV3_5_Service.Models.BalingStation&MoistureSettings=WeighingSystemUPPCV3_5_Service.Models.MoistureSettings&Signatory=WeighingSystemUPPCV3_5_Service.Models.Signatory&TransactionTypeCode=O
Client IP: ::1

    DateTime=2021-03-14T16:33:25.1838977Z
WeighingSystemUPPCV3_5_Core.Startup Information: 0 : Path: localhost:44386//api/Reporting/ReportDataSet
Body: 
Query: ?ReportType=SALE_PM_LOSS_MONITORING&DTFrom=3%2f1%2f2021%2012%3a00%3a00%20AM&DTTo=3%2f15%2f2021%2011%3a59%3a00%20PM&ClientId=0&CommodityId=0&CategoryId=0&PreparedBy=TERRINIEL%20SCALES%20INC.&CheckedBy=TERRINIEL%20SCALES%20INC.&PaperSize=DEFAULT&BalingStation=WeighingSystemUPPCV3_5_Service.Models.BalingStation&MoistureSettings=WeighingSystemUPPCV3_5_Service.Models.MoistureSettings&Signatory=WeighingSystemUPPCV3_5_Service.Models.Signatory&TransactionTypeCode=O
Client IP: ::1

    DateTime=2021-03-14T16:33:32.1845046Z
WeighingSystemUPPCV3_5_Core.Startup Information: 0 : Path: localhost:44386//api/Reporting/ReportDataSet
Body: 
Query: ?ReportType=SALE_OT_LOSS_MONITORING&DTFrom=3%2f1%2f2021%2012%3a00%3a00%20AM&DTTo=3%2f15%2f2021%2011%3a59%3a00%20PM&ClientId=0&CommodityId=0&CategoryId=0&PreparedBy=TERRINIEL%20SCALES%20INC.&CheckedBy=TERRINIEL%20SCALES%20INC.&PaperSize=DEFAULT&BalingStation=WeighingSystemUPPCV3_5_Service.Models.BalingStation&MoistureSettings=WeighingSystemUPPCV3_5_Service.Models.MoistureSettings&Signatory=WeighingSystemUPPCV3_5_Service.Models.Signatory&TransactionTypeCode=O
Client IP: ::1

    DateTime=2021-03-14T16:33:36.8339471Z
WeighingSystemUPPCV3_5_Core.Startup Information: 0 : Path: localhost:44386//api/Reporting/ReportDataSet
Body: 
Query: ?ReportType=SALE_PM_LOSS_MONITORING&DTFrom=3%2f1%2f2021%2012%3a00%3a00%20AM&DTTo=3%2f15%2f2021%2011%3a59%3a00%20PM&ClientId=0&CommodityId=0&CategoryId=0&PreparedBy=TERRINIEL%20SCALES%20INC.&CheckedBy=TERRINIEL%20SCALES%20INC.&PaperSize=DEFAULT&BalingStation=WeighingSystemUPPCV3_5_Service.Models.BalingStation&MoistureSettings=WeighingSystemUPPCV3_5_Service.Models.MoistureSettings&Signatory=WeighingSystemUPPCV3_5_Service.Models.Signatory&TransactionTypeCode=O
Client IP: ::1

    DateTime=2021-03-14T16:34:01.8802434Z
WeighingSystemUPPCV3_5_Core.Startup Information: 0 : Path: localhost:44386//api/Reporting/ReportDataSet
Body: 
Query: ?ReportType=SALE_PM_LOSS_MONITORING&DTFrom=3%2f1%2f2021%2012%3a00%3a00%20AM&DTTo=3%2f15%2f2021%2011%3a59%3a00%20PM&ClientId=0&CommodityId=0&CategoryId=0&PreparedBy=TERRINIEL%20SCALES%20INC.&CheckedBy=TERRINIEL%20SCALES%20INC.&PaperSize=DEFAULT&BalingStation=WeighingSystemUPPCV3_5_Service.Models.BalingStation&MoistureSettings=WeighingSystemUPPCV3_5_Service.Models.MoistureSettings&Signatory=WeighingSystemUPPCV3_5_Service.Models.Signatory&TransactionTypeCode=O
Client IP: ::1

    DateTime=2021-03-14T16:34:32.0919609Z
WeighingSystemUPPCV3_5_Core.Startup Information: 0 : Path: localhost:44386//api/Reporting/ReportDataSet
Body: 
Query: ?ReportType=SALE_POTENTIAL_LOSS_PLANTMC&DTFrom=3%2f1%2f2021%2012%3a00%3a00%20AM&DTTo=3%2f15%2f2021%2011%3a59%3a00%20PM&ClientId=0&CommodityId=0&CategoryId=0&PreparedBy=TERRINIEL%20SCALES%20INC.&CheckedBy=TERRINIEL%20SCALES%20INC.&PaperSize=DEFAULT&BalingStation=WeighingSystemUPPCV3_5_Service.Models.BalingStation&MoistureSettings=WeighingSystemUPPCV3_5_Service.Models.MoistureSettings&Signatory=WeighingSystemUPPCV3_5_Service.Models.Signatory&TransactionTypeCode=O
Client IP: ::1

    DateTime=2021-03-14T16:34:39.9658806Z
WeighingSystemUPPCV3_5_Core.Startup Information: 0 : Path: localhost:44386//api/Reporting/ReportDataSet
Body: 
Query: ?ReportType=SALE_POTENTIAL_LOSS_PLANTMC&DTFrom=3%2f1%2f2021%2012%3a00%3a00%20AM&DTTo=3%2f15%2f2021%2011%3a59%3a00%20PM&ClientId=0&CommodityId=0&CategoryId=0&PreparedBy=TERRINIEL%20SCALES%20INC.&CheckedBy=TERRINIEL%20SCALES%20INC.&PaperSize=DEFAULT&BalingStation=WeighingSystemUPPCV3_5_Service.Models.BalingStation&MoistureSettings=WeighingSystemUPPCV3_5_Service.Models.MoistureSettings&Signatory=WeighingSystemUPPCV3_5_Service.Models.Signatory&TransactionTypeCode=O
Client IP: ::1

    DateTime=2021-03-14T16:35:11.5435302Z
WeighingSystemUPPCV3_5_Core.Startup Information: 0 : Path: localhost:44386//api/Reporting/ReportDataSet
Body: 
Query: ?ReportType=SALE_OT_LOSS_MONITORING&DTFrom=3%2f1%2f2021%2012%3a00%3a00%20AM&DTTo=3%2f15%2f2021%2011%3a59%3a00%20PM&ClientId=0&CommodityId=0&CategoryId=0&PreparedBy=TERRINIEL%20SCALES%20INC.&CheckedBy=TERRINIEL%20SCALES%20INC.&PaperSize=DEFAULT&BalingStation=WeighingSystemUPPCV3_5_Service.Models.BalingStation&MoistureSettings=WeighingSystemUPPCV3_5_Service.Models.MoistureSettings&Signatory=WeighingSystemUPPCV3_5_Service.Models.Signatory&TransactionTypeCode=O
Client IP: ::1

    DateTime=2021-03-14T16:35:13.8070778Z
WeighingSystemUPPCV3_5_Core.Startup Information: 0 : Path: localhost:44386//api/Reporting/ReportDataSet
Body: 
Query: ?ReportType=PURCHASE_MITIGATING_MC_DEDUCTION&DTFrom=3%2f1%2f2021%2012%3a00%3a00%20AM&DTTo=3%2f15%2f2021%2011%3a59%3a00%20PM&ClientId=0&CommodityId=0&CategoryId=0&PreparedBy=TERRINIEL%20SCALES%20INC.&CheckedBy=TERRINIEL%20SCALES%20INC.&PaperSize=DEFAULT&BalingStation=WeighingSystemUPPCV3_5_Service.Models.BalingStation&MoistureSettings=WeighingSystemUPPCV3_5_Service.Models.MoistureSettings&Signatory=WeighingSystemUPPCV3_5_Service.Models.Signatory&TransactionTypeCode=I
Client IP: ::1

    DateTime=2021-03-14T16:35:19.7272217Z
WeighingSystemUPPCV3_5_Core.Startup Information: 0 : Path: localhost:44386//api/Config
Body: 
Query: 
Client IP: ::1

    DateTime=2021-03-14T16:36:08.1363096Z
WeighingSystemUPPCV3_5_Core.Startup Information: 0 : Path: localhost:44386//api/BalingStations/selected
Body: 
Query: 
Client IP: ::1

    DateTime=2021-03-14T16:36:08.1977444Z
WeighingSystemUPPCV3_5_Core.Startup Information: 0 : Path: localhost:44386//api/MoistureSettings
Body: 
Query: 
Client IP: ::1

    DateTime=2021-03-14T16:36:08.2518312Z
WeighingSystemUPPCV3_5_Core.Startup Information: 0 : Path: localhost:44386//api/TransactionTypes
Body: 
Query: 
Client IP: ::1

    DateTime=2021-03-14T16:36:08.2936698Z
WeighingSystemUPPCV3_5_Core.Startup Information: 0 : Path: localhost:44386//api/MoistureReaders
Body: 
Query: 
Client IP: ::1

    DateTime=2021-03-14T16:36:08.3301303Z
WeighingSystemUPPCV3_5_Core.Startup Information: 0 : Path: localhost:44386//api/BaleTypes
Body: 
Query: 
Client IP: ::1

    DateTime=2021-03-14T16:36:08.3682499Z
WeighingSystemUPPCV3_5_Core.Startup Information: 0 : Path: localhost:44386//api/Sources
Body: 
Query: 
Client IP: ::1

    DateTime=2021-03-14T16:36:08.4118918Z
WeighingSystemUPPCV3_5_Core.Startup Information: 0 : Path: localhost:44386//api/SourceCategories
Body: 
Query: 
Client IP: ::1

    DateTime=2021-03-14T16:36:08.4693517Z
WeighingSystemUPPCV3_5_Core.Startup Information: 0 : Path: localhost:44386//api/Customers
Body: 
Query: 
Client IP: ::1

    DateTime=2021-03-14T16:36:08.5062117Z
WeighingSystemUPPCV3_5_Core.Startup Information: 0 : Path: localhost:44386//api/Suppliers
Body: 
Query: 
Client IP: ::1

    DateTime=2021-03-14T16:36:08.5468590Z
WeighingSystemUPPCV3_5_Core.Startup Information: 0 : Path: localhost:44386//api/RawMaterials
Body: 
Query: 
Client IP: ::1

    DateTime=2021-03-14T16:36:08.5897342Z
WeighingSystemUPPCV3_5_Core.Startup Information: 0 : Path: localhost:44386//api/Products
Body: 
Query: 
Client IP: ::1

    DateTime=2021-03-14T16:36:08.6339896Z
WeighingSystemUPPCV3_5_Core.Startup Information: 0 : Path: localhost:44386//api/Categories
Body: 
Query: 
Client IP: ::1

    DateTime=2021-03-14T16:36:08.6744133Z
WeighingSystemUPPCV3_5_Core.Startup Information: 0 : Path: localhost:44386//api/Haulers
Body: 
Query: 
Client IP: ::1

    DateTime=2021-03-14T16:36:08.7181855Z
WeighingSystemUPPCV3_5_Core.Startup Information: 0 : Path: localhost:44386//api/Vehicles
Body: 
Query: 
Client IP: ::1

    DateTime=2021-03-14T16:36:08.7524281Z
WeighingSystemUPPCV3_5_Core.Startup Information: 0 : Path: localhost:44386//api/VehicleTypes
Body: 
Query: 
Client IP: ::1

    DateTime=2021-03-14T16:36:08.7900022Z
WeighingSystemUPPCV3_5_Core.Startup Information: 0 : Path: localhost:44386//api/SubSuppliers
Body: 
Query: 
Client IP: ::1

    DateTime=2021-03-14T16:36:08.8265065Z
WeighingSystemUPPCV3_5_Core.Startup Information: 0 : Path: localhost:44386//api/SaleTransactions
Body: 
Query: ?Returned=false
Client IP: ::1

    DateTime=2021-03-14T16:36:08.8713848Z
WeighingSystemUPPCV3_5_Core.Startup Information: 0 : Path: localhost:44386//api/UserAccounts/UserAccountDetails
Body: 
Query: 
Client IP: ::1

    DateTime=2021-03-14T16:36:08.9553396Z
WeighingSystemUPPCV3_5_Core.Startup Information: 0 : Path: localhost:44386//api/Reminders
Body: 
Query: 
Client IP: ::1

    DateTime=2021-03-14T16:36:09.0062247Z
WeighingSystemUPPCV3_5_Core.Startup Information: 0 : Path: localhost:44386//api/Signatories
Body: 
Query: 
Client IP: ::1

    DateTime=2021-03-14T16:36:09.0446833Z
WeighingSystemUPPCV3_5_Core.Startup Information: 0 : Path: localhost:44386//api/UserAccounts/LogIn
Body: {"userName":"TSI","userPwd":"1"}
Query: 
Client IP: ::1

    DateTime=2021-03-14T16:36:18.1188610Z
WeighingSystemUPPCV3_5_Core.Startup Information: 0 : Path: localhost:44386//api/PurchaseOrders
Body: 
Query: ?PurchaseOrderId=0&DTEffectivity=1%2f1%2f0001%2012%3a00%3a00%20AM&SupplierId=0&RawMaterialId=0&PONum=&Price=0&BalanceTotalKg=0&POType=&Remarks=&DTCreated=1%2f1%2f0001%2012%3a00%3a00%20AM&CreatedById=&DTModified=&ModifiedById=&IsActive=True&Locked=&BalanceRemainingKg=&BalanceDeliveredKg=
Client IP: ::1

    DateTime=2021-03-14T16:36:21.5220612Z
WeighingSystemUPPCV3_5_Core.Startup Information: 0 : Path: localhost:44386//api/Reminders/Count
Body: 
Query: 
Client IP: ::1

    DateTime=2021-03-14T16:36:31.8929168Z
WeighingSystemUPPCV3_5_Core.Startup Information: 0 : Path: localhost:44386//api/Inyards
Body: 
Query: 
Client IP: ::1

    DateTime=2021-03-14T16:36:31.9878571Z
WeighingSystemUPPCV3_5_Core.Startup Information: 0 : Path: localhost:44386//api/ReferenceNumbers
Body: 
Query: 
Client IP: ::1

    DateTime=2021-03-14T16:36:35.1546162Z
WeighingSystemUPPCV3_5_Core.Startup Information: 0 : Path: localhost:44386//api/Inyards/Validate
Body: {"inyardId":96,"inyardNum":"0049388","transactionTypeCode":"I","dateTimeIn":"2021-03-12T14:42:03.123","dateTimeOut":"2021-03-15T00:36:47.2720401+08:00","vehicleNum":"AGD-211","trip":"SPECIAL TRIP","clientId":40000002,"commodityId":70000020,"baleTypeId":1,"baleCount":0,"purchaseOrderId":423,"poNum":"3120000000","poType":"SPOT","drNum":"1231","remarks":"","factoryWt":0.0,"initialWt":3210.0,"grossWt":3210.0,"tareWt":2100.0,"netWt":1110.0,"price":0.0,"mc":12.0,"pm":0.0,"ot":0.0,"mcStatus":12,"haulerId":0,"driverName":"1231122","plantNetWt":0.0,"plantMC":0.00,"isOfflineIn":false,"isOfflineOut":false,"weigherInId":"5463107b-5fbf-43a0-9fb2-c2037bb9a306","weigherOutId":"5463107b-5fbf-43a0-9fb2-c2037bb9a306","subSupplierName":"ATOS","vehicleTypeId":0,"sourceId":5,"sourceCategoryId":2,"signatoryId":0,"moistureSettingsId":0,"timeZoneIn":"GMT+08:00 PH","moistureReaderProcess":"AUTO","balingStationCode":"TSIBS","balingStationName":"PARANAQUE","sourceName":"SUPERMARKET","sourceCategoryDesc":"INDUSTRY","commodityDesc":"MIXED PAPER-OB POST-CRM","clientName":"EARTHBUDDY INC.","baleTypeDesc":"LOOSE BALE","weigherInName":"TERRINIEL SCALES INC.","transactionProcess":2,"transactionStatus":0,"moistureReaderLogs":[{"moistureReaderLogId":0,"transactionId":0,"logNum":1,"dtLog":"2021-02-01T09:48:00","mc":13.0},{"moistureReaderLogId":0,"transactionId":0,"logNum":2,"dtLog":"2021-02-01T09:48:00","mc":13.8},{"moistureReaderLogId":0,"transactionId":0,"logNum":3,"dtLog":"2021-02-01T09:48:00","mc":14.0},{"moistureReaderLogId":0,"transactionId":0,"logNum":4,"dtLog":"2021-02-01T09:48:00","mc":13.6},{"moistureReaderLogId":0,"transactionId":0,"logNum":5,"dtLog":"2021-02-01T09:48:00","mc":8.7},{"moistureReaderLogId":0,"transactionId":0,"logNum":6,"dtLog":"2021-02-01T09:48:00","mc":11.0},{"moistureReaderLogId":0,"transactionId":0,"logNum":7,"dtLog":"2021-02-01T09:48:00","mc":11.6},{"moistureReaderLogId":0,"transactionId":0,"logNum":8,"dtLog":"2021-02-01T09:51:00","mc":9.7},{"moistureReaderLogId":0,"transactionId":0,"logNum":9,"dtLog":"2021-02-01T09:51:00","mc":10.0},{"moistureReaderLogId":0,"transactionId":0,"logNum":10,"dtLog":"2021-02-01T09:51:00","mc":10.0},{"moistureReaderLogId":0,"transactionId":0,"logNum":11,"dtLog":"2021-02-01T09:53:00","mc":13.7},{"moistureReaderLogId":0,"transactionId":0,"logNum":12,"dtLog":"2021-02-01T09:53:00","mc":14.8},{"moistureReaderLogId":0,"transactionId":0,"logNum":13,"dtLog":"2021-02-01T09:53:00","mc":11.5},{"moistureReaderLogId":0,"transactionId":0,"logNum":14,"dtLog":"2021-02-01T09:53:00","mc":6.6},{"moistureReaderLogId":0,"transactionId":0,"logNum":15,"dtLog":"2021-02-01T09:53:00","mc":10.0},{"moistureReaderLogId":0,"transactionId":0,"logNum":16,"dtLog":"2021-02-01T09:53:00","mc":12.6},{"moistureReaderLogId":0,"transactionId":0,"logNum":17,"dtLog":"2021-02-01T09:53:00","mc":14.9},{"moistureReaderLogId":0,"transactionId":0,"logNum":18,"dtLog":"2021-02-01T09:53:00","mc":14.9},{"moistureReaderLogId":0,"transactionId":0,"logNum":19,"dtLog":"2021-02-01T09:53:00","mc":14.9},{"moistureReaderLogId":0,"transactionId":0,"logNum":20,"dtLog":"2021-02-01T09:53:00","mc":7.5},{"moistureReaderLogId":0,"transactionId":0,"logNum":21,"dtLog":"2021-02-01T09:53:00","mc":17.7},{"moistureReaderLogId":0,"transactionId":0,"logNum":22,"dtLog":"2021-02-01T09:53:00","mc":13.2},{"moistureReaderLogId":0,"transactionId":0,"logNum":23,"dtLog":"2021-02-01T09:53:00","mc":7.3},{"moistureReaderLogId":0,"transactionId":0,"logNum":24,"dtLog":"2021-02-01T09:53:00","mc":10.0},{"moistureReaderLogId":0,"transactionId":0,"logNum":25,"dtLog":"2021-02-01T09:53:00","mc":12.3},{"moistureReaderLogId":0,"transactionId":0,"logNum":26,"dtLog":"2021-02-01T09:53:00","mc":14.5},{"moistureReaderLogId":0,"transactionId":0,"logNum":27,"dtLog":"2021-02-01T09:56:00","mc":14.1},{"moistureReaderLogId":0,"transactionId":0,"logNum":28,"dtLog":"2021-02-01T09:56:00","mc":13.0},{"moistureReaderLogId":0,"transactionId":0,"logNum":29,"dtLog":"2021-02-01T09:56:00","mc":7.4},{"moistureReaderLogId":0,"transactionId":0,"logNum":30,"dtLog":"2021-02-01T09:56:00","mc":13.8}],"bales":[],"commodityDescPOType":"MIXED PAPER-OB POST-CRM (SP)"}
Query: 
Client IP: ::1

    DateTime=2021-03-14T16:36:47.3150650Z
WeighingSystemUPPCV3_5_Core.Startup Information: 0 : Path: localhost:44386//api/Inyards/Validate
Body: {"inyardId":96,"inyardNum":"0049388","transactionTypeCode":"I","dateTimeIn":"2021-03-12T14:42:03.123","dateTimeOut":"2021-03-15T00:36:54.3195781+08:00","vehicleNum":"AGD-211","trip":"SPECIAL TRIP","clientId":40000002,"commodityId":70000020,"baleTypeId":1,"baleCount":0,"purchaseOrderId":423,"poNum":"3120000000","poType":"SPOT","drNum":"1231","remarks":"","factoryWt":0.0,"initialWt":3210.0,"grossWt":3210.0,"tareWt":2100.0,"netWt":1110.0,"price":0.0,"mc":12.0,"pm":0.0,"ot":0.0,"mcStatus":12,"haulerId":0,"driverName":"1231122","plantNetWt":0.0,"plantMC":0.00,"isOfflineIn":false,"isOfflineOut":false,"weigherInId":"5463107b-5fbf-43a0-9fb2-c2037bb9a306","weigherOutId":"5463107b-5fbf-43a0-9fb2-c2037bb9a306","subSupplierName":"ATOS","vehicleTypeId":0,"sourceId":5,"sourceCategoryId":2,"moistureReaderId":2,"signatoryId":0,"moistureSettingsId":0,"timeZoneIn":"GMT+08:00 PH","moistureReaderProcess":"AUTO","balingStationCode":"TSIBS","balingStationName":"PARANAQUE","sourceName":"SUPERMARKET","sourceCategoryDesc":"INDUSTRY","commodityDesc":"MIXED PAPER-OB POST-CRM","clientName":"EARTHBUDDY INC.","baleTypeDesc":"LOOSE BALE","weigherInName":"TERRINIEL SCALES INC.","transactionProcess":2,"transactionStatus":0,"moistureReaderLogs":[{"moistureReaderLogId":0,"transactionId":0,"logNum":1,"dtLog":"2021-02-01T09:48:00","mc":13.0},{"moistureReaderLogId":0,"transactionId":0,"logNum":2,"dtLog":"2021-02-01T09:48:00","mc":13.8},{"moistureReaderLogId":0,"transactionId":0,"logNum":3,"dtLog":"2021-02-01T09:48:00","mc":14.0},{"moistureReaderLogId":0,"transactionId":0,"logNum":4,"dtLog":"2021-02-01T09:48:00","mc":13.6},{"moistureReaderLogId":0,"transactionId":0,"logNum":5,"dtLog":"2021-02-01T09:48:00","mc":8.7},{"moistureReaderLogId":0,"transactionId":0,"logNum":6,"dtLog":"2021-02-01T09:48:00","mc":11.0},{"moistureReaderLogId":0,"transactionId":0,"logNum":7,"dtLog":"2021-02-01T09:48:00","mc":11.6},{"moistureReaderLogId":0,"transactionId":0,"logNum":8,"dtLog":"2021-02-01T09:51:00","mc":9.7},{"moistureReaderLogId":0,"transactionId":0,"logNum":9,"dtLog":"2021-02-01T09:51:00","mc":10.0},{"moistureReaderLogId":0,"transactionId":0,"logNum":10,"dtLog":"2021-02-01T09:51:00","mc":10.0},{"moistureReaderLogId":0,"transactionId":0,"logNum":11,"dtLog":"2021-02-01T09:53:00","mc":13.7},{"moistureReaderLogId":0,"transactionId":0,"logNum":12,"dtLog":"2021-02-01T09:53:00","mc":14.8},{"moistureReaderLogId":0,"transactionId":0,"logNum":13,"dtLog":"2021-02-01T09:53:00","mc":11.5},{"moistureReaderLogId":0,"transactionId":0,"logNum":14,"dtLog":"2021-02-01T09:53:00","mc":6.6},{"moistureReaderLogId":0,"transactionId":0,"logNum":15,"dtLog":"2021-02-01T09:53:00","mc":10.0},{"moistureReaderLogId":0,"transactionId":0,"logNum":16,"dtLog":"2021-02-01T09:53:00","mc":12.6},{"moistureReaderLogId":0,"transactionId":0,"logNum":17,"dtLog":"2021-02-01T09:53:00","mc":14.9},{"moistureReaderLogId":0,"transactionId":0,"logNum":18,"dtLog":"2021-02-01T09:53:00","mc":14.9},{"moistureReaderLogId":0,"transactionId":0,"logNum":19,"dtLog":"2021-02-01T09:53:00","mc":14.9},{"moistureReaderLogId":0,"transactionId":0,"logNum":20,"dtLog":"2021-02-01T09:53:00","mc":7.5},{"moistureReaderLogId":0,"transactionId":0,"logNum":21,"dtLog":"2021-02-01T09:53:00","mc":17.7},{"moistureReaderLogId":0,"transactionId":0,"logNum":22,"dtLog":"2021-02-01T09:53:00","mc":13.2},{"moistureReaderLogId":0,"transactionId":0,"logNum":23,"dtLog":"2021-02-01T09:53:00","mc":7.3},{"moistureReaderLogId":0,"transactionId":0,"logNum":24,"dtLog":"2021-02-01T09:53:00","mc":10.0},{"moistureReaderLogId":0,"transactionId":0,"logNum":25,"dtLog":"2021-02-01T09:53:00","mc":12.3},{"moistureReaderLogId":0,"transactionId":0,"logNum":26,"dtLog":"2021-02-01T09:53:00","mc":14.5},{"moistureReaderLogId":0,"transactionId":0,"logNum":27,"dtLog":"2021-02-01T09:56:00","mc":14.1},{"moistureReaderLogId":0,"transactionId":0,"logNum":28,"dtLog":"2021-02-01T09:56:00","mc":13.0},{"moistureReaderLogId":0,"transactionId":0,"logNum":29,"dtLog":"2021-02-01T09:56:00","mc":7.4},{"moistureReaderLogId":0,"transactionId":0,"logNum":30,"dtLog":"2021-02-01T09:56:00","mc":13.8}],"bales":[],"commodityDescPOType":"MIXED PAPER-OB POST-CRM (SP)"}
Query: 
Client IP: ::1

    DateTime=2021-03-14T16:36:54.3383817Z
WeighingSystemUPPCV3_5_Core.Startup Information: 0 : Path: localhost:44386//api/Inyards/WeighOut
Body: {"inyardId":96,"inyardNum":"0049388","transactionTypeCode":"I","dateTimeIn":"2021-03-12T14:42:03.123","dateTimeOut":"2021-03-15T00:36:19.4729654+08:00","vehicleNum":"AGD-211","trip":"SPECIAL TRIP","clientId":40000002,"commodityId":70000020,"baleTypeId":1,"baleCount":0,"purchaseOrderId":423,"poNum":"3120000000","poType":"SPOT","drNum":"1231","remarks":"","factoryWt":0.0,"initialWt":3210.0,"grossWt":3210.0,"tareWt":2100.0,"netWt":1110.0,"price":0.0,"mc":12.0,"pm":0.0,"ot":0.0,"mcStatus":12,"haulerId":0,"driverName":"1231122","plantNetWt":0.0,"plantMC":0.00,"isOfflineIn":false,"isOfflineOut":false,"weigherInId":"5463107b-5fbf-43a0-9fb2-c2037bb9a306","weigherOutId":"5463107b-5fbf-43a0-9fb2-c2037bb9a306","subSupplierName":"ATOS","vehicleTypeId":0,"sourceId":5,"sourceCategoryId":2,"moistureReaderId":2,"signatoryId":0,"moistureSettingsId":0,"timeZoneIn":"GMT+08:00 PH","moistureReaderProcess":"AUTO","balingStationCode":"TSIBS","balingStationName":"PARANAQUE","sourceName":"SUPERMARKET","sourceCategoryDesc":"INDUSTRY","commodityDesc":"MIXED PAPER-OB POST-CRM","clientName":"EARTHBUDDY INC.","baleTypeDesc":"LOOSE BALE","weigherInName":"TERRINIEL SCALES INC.","transactionProcess":2,"transactionStatus":0,"moistureReaderLogs":[{"moistureReaderLogId":0,"transactionId":0,"logNum":1,"dtLog":"2021-02-01T09:48:00","mc":13.0},{"moistureReaderLogId":0,"transactionId":0,"logNum":2,"dtLog":"2021-02-01T09:48:00","mc":13.8},{"moistureReaderLogId":0,"transactionId":0,"logNum":3,"dtLog":"2021-02-01T09:48:00","mc":14.0},{"moistureReaderLogId":0,"transactionId":0,"logNum":4,"dtLog":"2021-02-01T09:48:00","mc":13.6},{"moistureReaderLogId":0,"transactionId":0,"logNum":5,"dtLog":"2021-02-01T09:48:00","mc":8.7},{"moistureReaderLogId":0,"transactionId":0,"logNum":6,"dtLog":"2021-02-01T09:48:00","mc":11.0},{"moistureReaderLogId":0,"transactionId":0,"logNum":7,"dtLog":"2021-02-01T09:48:00","mc":11.6},{"moistureReaderLogId":0,"transactionId":0,"logNum":8,"dtLog":"2021-02-01T09:51:00","mc":9.7},{"moistureReaderLogId":0,"transactionId":0,"logNum":9,"dtLog":"2021-02-01T09:51:00","mc":10.0},{"moistureReaderLogId":0,"transactionId":0,"logNum":10,"dtLog":"2021-02-01T09:51:00","mc":10.0},{"moistureReaderLogId":0,"transactionId":0,"logNum":11,"dtLog":"2021-02-01T09:53:00","mc":13.7},{"moistureReaderLogId":0,"transactionId":0,"logNum":12,"dtLog":"2021-02-01T09:53:00","mc":14.8},{"moistureReaderLogId":0,"transactionId":0,"logNum":13,"dtLog":"2021-02-01T09:53:00","mc":11.5},{"moistureReaderLogId":0,"transactionId":0,"logNum":14,"dtLog":"2021-02-01T09:53:00","mc":6.6},{"moistureReaderLogId":0,"transactionId":0,"logNum":15,"dtLog":"2021-02-01T09:53:00","mc":10.0},{"moistureReaderLogId":0,"transactionId":0,"logNum":16,"dtLog":"2021-02-01T09:53:00","mc":12.6},{"moistureReaderLogId":0,"transactionId":0,"logNum":17,"dtLog":"2021-02-01T09:53:00","mc":14.9},{"moistureReaderLogId":0,"transactionId":0,"logNum":18,"dtLog":"2021-02-01T09:53:00","mc":14.9},{"moistureReaderLogId":0,"transactionId":0,"logNum":19,"dtLog":"2021-02-01T09:53:00","mc":14.9},{"moistureReaderLogId":0,"transactionId":0,"logNum":20,"dtLog":"2021-02-01T09:53:00","mc":7.5},{"moistureReaderLogId":0,"transactionId":0,"logNum":21,"dtLog":"2021-02-01T09:53:00","mc":17.7},{"moistureReaderLogId":0,"transactionId":0,"logNum":22,"dtLog":"2021-02-01T09:53:00","mc":13.2},{"moistureReaderLogId":0,"transactionId":0,"logNum":23,"dtLog":"2021-02-01T09:53:00","mc":7.3},{"moistureReaderLogId":0,"transactionId":0,"logNum":24,"dtLog":"2021-02-01T09:53:00","mc":10.0},{"moistureReaderLogId":0,"transactionId":0,"logNum":25,"dtLog":"2021-02-01T09:53:00","mc":12.3},{"moistureReaderLogId":0,"transactionId":0,"logNum":26,"dtLog":"2021-02-01T09:53:00","mc":14.5},{"moistureReaderLogId":0,"transactionId":0,"logNum":27,"dtLog":"2021-02-01T09:56:00","mc":14.1},{"moistureReaderLogId":0,"transactionId":0,"logNum":28,"dtLog":"2021-02-01T09:56:00","mc":13.0},{"moistureReaderLogId":0,"transactionId":0,"logNum":29,"dtLog":"2021-02-01T09:56:00","mc":7.4},{"moistureReaderLogId":0,"transactionId":0,"logNum":30,"dtLog":"2021-02-01T09:56:00","mc":13.8}],"bales":[],"commodityDescPOType":"MIXED PAPER-OB POST-CRM (SP)"}
Query: 
Client IP: ::1

    DateTime=2021-03-14T16:36:55.5392343Z
WeighingSystemUPPCV3_5_Core.Startup Information: 0 : Path: localhost:44386//api/SubSuppliers/CheckAndAdd
Body: "ATOS"
Query: 
Client IP: ::1

    DateTime=2021-03-14T16:36:56.0801508Z
WeighingSystemUPPCV3_5_Core.Startup Information: 0 : Path: localhost:44386//api/PurchaseTransactions/PrintReceipt/10049353
Body: {"transactionId":10049353,"transactionTypeCode":"I","receiptNum":"0049388","isReprinted":false}
Query: 
Client IP: ::1

    DateTime=2021-03-14T16:36:56.7449740Z
WeighingSystemUPPCV3_5_Core.Startup Information: 0 : Path: localhost:44386//api/PurchaseTransactions
Body: 
Query: ?TransactionId=0&ReceiptNum=&DTFrom=3%2f15%2f2021%2012%3a37%3a12%20AM&DTTo=3%2f15%2f2021%2012%3a37%3a12%20AM
Client IP: ::1

    DateTime=2021-03-14T16:37:12.6691311Z
WeighingSystemUPPCV3_5_Core.Startup Information: 0 : Path: localhost:44386//api/PurchaseTransactions/10049353
Body: 
Query: ?includeMCReaderLogs=true
Client IP: ::1

    DateTime=2021-03-14T16:37:15.4887126Z
WeighingSystemUPPCV3_5_Core.Startup Information: 0 : Path: localhost:44386//api/PurchaseOrders
Body: 
Query: ?PurchaseOrderId=0&DTEffectivity=1%2f1%2f0001%2012%3a00%3a00%20AM&SupplierId=0&RawMaterialId=0&PONum=&Price=0&BalanceTotalKg=0&POType=&Remarks=&DTCreated=1%2f1%2f0001%2012%3a00%3a00%20AM&CreatedById=&DTModified=&ModifiedById=&IsActive=True&Locked=&BalanceRemainingKg=&BalanceDeliveredKg=
Client IP: ::1

    DateTime=2021-03-14T16:37:16.2878132Z
WeighingSystemUPPCV3_5_Core.Startup Information: 0 : Path: localhost:44386//api/PurchaseTransactions/10049353
Body: 
Query: ?includeMCReaderLogs=true
Client IP: ::1

    DateTime=2021-03-14T16:37:22.6469215Z
Microsoft.Hosting.Lifetime Information: 0 : Now listening on: https://[::]:44386
    DateTime=2021-03-15T00:59:59.0549864Z
Microsoft.Hosting.Lifetime Information: 0 : Now listening on: http://[::]:44385
    DateTime=2021-03-15T00:59:59.0683051Z
Microsoft.Hosting.Lifetime Information: 0 : Application started. Press Ctrl+C to shut down.
    DateTime=2021-03-15T00:59:59.0869158Z
Microsoft.Hosting.Lifetime Information: 0 : Hosting environment: Development
    DateTime=2021-03-15T00:59:59.1244103Z
Microsoft.Hosting.Lifetime Information: 0 : Content root path: D:\dir\tsi\UPPC\Phase 4\WeighingSystemUPPCV3.5\WeighingSystemUPPCV3.5.Core\WeighingSystemUPPCV3.5.Core
    DateTime=2021-03-15T00:59:59.1340579Z
WeighingSystemUPPCV3_5_Core.Startup Information: 0 : Path: localhost:44386//api/Config
Body: 
Query: 
Client IP: ::1

    DateTime=2021-03-15T01:00:48.8953639Z
WeighingSystemUPPCV3_5_Core.Startup Information: 0 : Path: localhost:44386//api/BalingStations/selected
Body: 
Query: 
Client IP: ::1

    DateTime=2021-03-15T01:00:49.3530802Z
WeighingSystemUPPCV3_5_Core.Startup Information: 0 : Path: localhost:44386//api/MoistureSettings
Body: 
Query: 
Client IP: ::1

    DateTime=2021-03-15T01:01:44.1071507Z
WeighingSystemUPPCV3_5_Core.Startup Information: 0 : Path: localhost:44386//api/TransactionTypes
Body: 
Query: 
Client IP: ::1

    DateTime=2021-03-15T01:01:44.3149377Z
WeighingSystemUPPCV3_5_Core.Startup Information: 0 : Path: localhost:44386//api/MoistureReaders
Body: 
Query: 
Client IP: ::1

    DateTime=2021-03-15T01:01:44.4196132Z
WeighingSystemUPPCV3_5_Core.Startup Information: 0 : Path: localhost:44386//api/BaleTypes
Body: 
Query: 
Client IP: ::1

    DateTime=2021-03-15T01:01:44.5420262Z
WeighingSystemUPPCV3_5_Core.Startup Information: 0 : Path: localhost:44386//api/Sources
Body: 
Query: 
Client IP: ::1

    DateTime=2021-03-15T01:01:44.6604812Z
WeighingSystemUPPCV3_5_Core.Startup Information: 0 : Path: localhost:44386//api/SourceCategories
Body: 
Query: 
Client IP: ::1

    DateTime=2021-03-15T01:01:44.7785553Z
WeighingSystemUPPCV3_5_Core.Startup Information: 0 : Path: localhost:44386//api/Customers
Body: 
Query: 
Client IP: ::1

    DateTime=2021-03-15T01:01:44.8529554Z
WeighingSystemUPPCV3_5_Core.Startup Information: 0 : Path: localhost:44386//api/Suppliers
Body: 
Query: 
Client IP: ::1

    DateTime=2021-03-15T01:01:44.9465549Z
WeighingSystemUPPCV3_5_Core.Startup Information: 0 : Path: localhost:44386//api/RawMaterials
Body: 
Query: 
Client IP: ::1

    DateTime=2021-03-15T01:01:45.0425447Z
WeighingSystemUPPCV3_5_Core.Startup Information: 0 : Path: localhost:44386//api/Products
Body: 
Query: 
Client IP: ::1

    DateTime=2021-03-15T01:01:45.1997276Z
WeighingSystemUPPCV3_5_Core.Startup Information: 0 : Path: localhost:44386//api/Categories
Body: 
Query: 
Client IP: ::1

    DateTime=2021-03-15T01:01:45.3039259Z
WeighingSystemUPPCV3_5_Core.Startup Information: 0 : Path: localhost:44386//api/Haulers
Body: 
Query: 
Client IP: ::1

    DateTime=2021-03-15T01:01:45.4073363Z
WeighingSystemUPPCV3_5_Core.Startup Information: 0 : Path: localhost:44386//api/Vehicles
Body: 
Query: 
Client IP: ::1

    DateTime=2021-03-15T01:01:45.4980415Z
WeighingSystemUPPCV3_5_Core.Startup Information: 0 : Path: localhost:44386//api/VehicleTypes
Body: 
Query: 
Client IP: ::1

    DateTime=2021-03-15T01:01:45.6762129Z
WeighingSystemUPPCV3_5_Core.Startup Information: 0 : Path: localhost:44386//api/SubSuppliers
Body: 
Query: 
Client IP: ::1

    DateTime=2021-03-15T01:01:45.7803327Z
WeighingSystemUPPCV3_5_Core.Startup Information: 0 : Path: localhost:44386//api/SaleTransactions
Body: 
Query: ?Returned=false
Client IP: ::1

    DateTime=2021-03-15T01:01:45.9036033Z
WeighingSystemUPPCV3_5_Core.Startup Information: 0 : Path: localhost:44386//api/UserAccounts/UserAccountDetails
Body: 
Query: 
Client IP: ::1

    DateTime=2021-03-15T01:01:46.1249018Z
WeighingSystemUPPCV3_5_Core.Startup Information: 0 : Path: localhost:44386//api/Reminders
Body: 
Query: 
Client IP: ::1

    DateTime=2021-03-15T01:01:46.2376886Z
WeighingSystemUPPCV3_5_Core.Startup Information: 0 : Path: localhost:44386//api/Signatories
Body: 
Query: 
Client IP: ::1

    DateTime=2021-03-15T01:01:46.3177724Z
Microsoft.Hosting.Lifetime Information: 0 : Now listening on: https://[::]:44386
    DateTime=2021-03-15T05:20:19.4196287Z
Microsoft.Hosting.Lifetime Information: 0 : Now listening on: http://[::]:44385
    DateTime=2021-03-15T05:20:19.4249538Z
Microsoft.Hosting.Lifetime Information: 0 : Application started. Press Ctrl+C to shut down.
    DateTime=2021-03-15T05:20:19.4304628Z
Microsoft.Hosting.Lifetime Information: 0 : Hosting environment: Development
    DateTime=2021-03-15T05:20:19.4363402Z
Microsoft.Hosting.Lifetime Information: 0 : Content root path: D:\dir\tsi\UPPC\Phase 4\WeighingSystemUPPCV3.5\WeighingSystemUPPCV3.5.Core\WeighingSystemUPPCV3.5.Core
    DateTime=2021-03-15T05:20:19.4428810Z
WeighingSystemUPPCV3_5_Core.Startup Information: 0 : Path: localhost:44386//api/Config
Body: 
Query: 
Client IP: ::1

    DateTime=2021-03-15T05:50:23.9461655Z
WeighingSystemUPPCV3_5_Core.Startup Information: 0 : Path: localhost:44386//api/BalingStations/selected
Body: 
Query: 
Client IP: ::1

    DateTime=2021-03-15T05:50:24.2797195Z
WeighingSystemUPPCV3_5_Core.Startup Information: 0 : Path: localhost:44386//api/MoistureSettings
Body: 
Query: 
Client IP: ::1

    DateTime=2021-03-15T05:50:51.7518544Z
WeighingSystemUPPCV3_5_Core.Startup Information: 0 : Path: localhost:44386//api/TransactionTypes
Body: 
Query: 
Client IP: ::1

    DateTime=2021-03-15T05:50:51.9037425Z
WeighingSystemUPPCV3_5_Core.Startup Information: 0 : Path: localhost:44386//api/MoistureReaders
Body: 
Query: 
Client IP: ::1

    DateTime=2021-03-15T05:50:51.9800439Z
WeighingSystemUPPCV3_5_Core.Startup Information: 0 : Path: localhost:44386//api/BaleTypes
Body: 
Query: 
Client IP: ::1

    DateTime=2021-03-15T05:50:52.0562977Z
WeighingSystemUPPCV3_5_Core.Startup Information: 0 : Path: localhost:44386//api/Sources
Body: 
Query: 
Client IP: ::1

    DateTime=2021-03-15T05:50:52.1062499Z
WeighingSystemUPPCV3_5_Core.Startup Information: 0 : Path: localhost:44386//api/SourceCategories
Body: 
Query: 
Client IP: ::1

    DateTime=2021-03-15T05:50:52.1677203Z
WeighingSystemUPPCV3_5_Core.Startup Information: 0 : Path: localhost:44386//api/Customers
Body: 
Query: 
Client IP: ::1

    DateTime=2021-03-15T05:50:52.2112448Z
WeighingSystemUPPCV3_5_Core.Startup Information: 0 : Path: localhost:44386//api/Suppliers
Body: 
Query: 
Client IP: ::1

    DateTime=2021-03-15T05:50:52.2683893Z
WeighingSystemUPPCV3_5_Core.Startup Information: 0 : Path: localhost:44386//api/RawMaterials
Body: 
Query: 
Client IP: ::1

    DateTime=2021-03-15T05:50:52.3235413Z
WeighingSystemUPPCV3_5_Core.Startup Information: 0 : Path: localhost:44386//api/Products
Body: 
Query: 
Client IP: ::1

    DateTime=2021-03-15T05:50:52.4073765Z
WeighingSystemUPPCV3_5_Core.Startup Information: 0 : Path: localhost:44386//api/Categories
Body: 
Query: 
Client IP: ::1

    DateTime=2021-03-15T05:50:52.4675884Z
WeighingSystemUPPCV3_5_Core.Startup Information: 0 : Path: localhost:44386//api/Haulers
Body: 
Query: 
Client IP: ::1

    DateTime=2021-03-15T05:50:52.5201603Z
WeighingSystemUPPCV3_5_Core.Startup Information: 0 : Path: localhost:44386//api/Vehicles
Body: 
Query: 
Client IP: ::1

    DateTime=2021-03-15T05:50:52.5725221Z
WeighingSystemUPPCV3_5_Core.Startup Information: 0 : Path: localhost:44386//api/VehicleTypes
Body: 
Query: 
Client IP: ::1

    DateTime=2021-03-15T05:50:52.6735293Z
WeighingSystemUPPCV3_5_Core.Startup Information: 0 : Path: localhost:44386//api/SubSuppliers
Body: 
Query: 
Client IP: ::1

    DateTime=2021-03-15T05:50:52.7160193Z
WeighingSystemUPPCV3_5_Core.Startup Information: 0 : Path: localhost:44386//api/SaleTransactions
Body: 
Query: ?Returned=false
Client IP: ::1

    DateTime=2021-03-15T05:50:52.7656212Z
WeighingSystemUPPCV3_5_Core.Startup Information: 0 : Path: localhost:44386//api/UserAccounts/UserAccountDetails
Body: 
Query: 
Client IP: ::1

    DateTime=2021-03-15T05:50:52.9012969Z
WeighingSystemUPPCV3_5_Core.Startup Information: 0 : Path: localhost:44386//api/Reminders
Body: 
Query: 
Client IP: ::1

    DateTime=2021-03-15T05:50:52.9635558Z
WeighingSystemUPPCV3_5_Core.Startup Information: 0 : Path: localhost:44386//api/Signatories
Body: 
Query: 
Client IP: ::1

    DateTime=2021-03-15T05:50:53.0185526Z
WeighingSystemUPPCV3_5_Core.Startup Information: 0 : Path: localhost:44386//api/UserAccounts/LogIn
Body: {"userName":"TSI","userPwd":"1"}
Query: 
Client IP: ::1

    DateTime=2021-03-15T06:12:25.3848922Z
WeighingSystemUPPCV3_5_Core.Startup Information: 0 : Path: localhost:44386//api/PurchaseTransactions
Body: 
Query: ?TransactionId=0&ReceiptNum=&DTFrom=3%2f15%2f2021%202%3a12%3a28%20PM&DTTo=3%2f15%2f2021%202%3a12%3a28%20PM
Client IP: ::1

    DateTime=2021-03-15T06:12:28.8620943Z
WeighingSystemUPPCV3_5_Core.Startup Information: 0 : Path: localhost:44386//api/UserAccounts/LogIn
Body: {"userName":"TSI","userPwd":"1"}
Query: 
Client IP: ::1

    DateTime=2021-03-15T06:12:35.4771876Z
WeighingSystemUPPCV3_5_Core.Startup Information: 0 : Path: localhost:44386//api/Suppliers
Body: 
Query: 
Client IP: ::1

    DateTime=2021-03-15T06:12:49.9848041Z
WeighingSystemUPPCV3_5_Core.Startup Information: 0 : Path: localhost:44386//api/PurchaseOrders
Body: 
Query: ?PurchaseOrderId=0&DTEffectivity=1%2f1%2f0001%2012%3a00%3a00%20AM&SupplierId=40000002&RawMaterialId=70000008&PONum=&Price=0&BalanceTotalKg=0&POType=&Remarks=&DTCreated=1%2f1%2f0001%2012%3a00%3a00%20AM&CreatedById=&DTModified=&ModifiedById=&IsActive=&Locked=&BalanceRemainingKg=&BalanceDeliveredKg=
Client IP: ::1

    DateTime=2021-03-15T06:12:53.1475578Z
WeighingSystemUPPCV3_5_Core.Startup Information: 0 : Path: localhost:44386//api/PurchaseOrders
Body: 
Query: ?PurchaseOrderId=0&DTEffectivity=1%2f1%2f0001%2012%3a00%3a00%20AM&SupplierId=40000002&RawMaterialId=70000007&PONum=&Price=0&BalanceTotalKg=0&POType=&Remarks=&DTCreated=1%2f1%2f0001%2012%3a00%3a00%20AM&CreatedById=&DTModified=&ModifiedById=&IsActive=&Locked=&BalanceRemainingKg=&BalanceDeliveredKg=
Client IP: ::1

    DateTime=2021-03-15T06:12:53.6831627Z
WeighingSystemUPPCV3_5_Core.Startup Information: 0 : Path: localhost:44386//api/PurchaseOrders
Body: 
Query: ?PurchaseOrderId=0&DTEffectivity=1%2f1%2f0001%2012%3a00%3a00%20AM&SupplierId=40000002&RawMaterialId=70000006&PONum=&Price=0&BalanceTotalKg=0&POType=&Remarks=&DTCreated=1%2f1%2f0001%2012%3a00%3a00%20AM&CreatedById=&DTModified=&ModifiedById=&IsActive=&Locked=&BalanceRemainingKg=&BalanceDeliveredKg=
Client IP: ::1

    DateTime=2021-03-15T06:12:56.6062628Z
WeighingSystemUPPCV3_5_Core.Startup Information: 0 : Path: localhost:44386//api/PurchaseOrders
Body: 
Query: ?PurchaseOrderId=0&DTEffectivity=1%2f1%2f0001%2012%3a00%3a00%20AM&SupplierId=40000002&RawMaterialId=70000007&PONum=&Price=0&BalanceTotalKg=0&POType=&Remarks=&DTCreated=1%2f1%2f0001%2012%3a00%3a00%20AM&CreatedById=&DTModified=&ModifiedById=&IsActive=&Locked=&BalanceRemainingKg=&BalanceDeliveredKg=
Client IP: ::1

    DateTime=2021-03-15T06:12:58.1909506Z
WeighingSystemUPPCV3_5_Core.Startup Information: 0 : Path: localhost:44386//api/UserAccounts/LogIn
Body: {"userName":"TSI","userPwd":"1"}
Query: 
Client IP: ::1

    DateTime=2021-03-15T06:23:10.7341493Z
WeighingSystemUPPCV3_5_Core.Startup Information: 0 : Path: localhost:44386//api/PurchaseTransactions
Body: 
Query: ?TransactionId=0&ReceiptNum=&DTFrom=3%2f15%2f2021%202%3a23%3a11%20PM&DTTo=3%2f15%2f2021%202%3a23%3a11%20PM
Client IP: ::1

    DateTime=2021-03-15T06:23:11.8564882Z
WeighingSystemUPPCV3_5_Core.Startup Information: 0 : Path: localhost:44386//api/SaleTransactions
Body: 
Query: ?TransactionId=0&ReceiptNum=&DTFrom=3%2f15%2f2021%202%3a23%3a11%20PM&DTTo=3%2f15%2f2021%202%3a23%3a11%20PM
Client IP: ::1

    DateTime=2021-03-15T06:23:14.0765735Z
WeighingSystemUPPCV3_5_Core.Startup Information: 0 : Path: localhost:44386//api/SaleTransactions
Body: 
Query: ?TransactionId=0&ReceiptNum=&DTFrom=3%2f1%2f2021%202%3a23%3a11%20PM&DTTo=3%2f15%2f2021%202%3a23%3a11%20PM
Client IP: ::1

    DateTime=2021-03-15T06:23:15.5844414Z
WeighingSystemUPPCV3_5_Core.Startup Information: 0 : Path: localhost:44386//api/SaleTransactions/10003625
Body: 
Query: ?includeBales=true
Client IP: ::1

    DateTime=2021-03-15T06:23:17.2202544Z
WeighingSystemUPPCV3_5_Core.Startup Information: 0 : Path: localhost:44386//api/SaleTransactions/10003625
Body: 
Query: 
Client IP: ::1

    DateTime=2021-03-15T06:23:20.8490184Z
WeighingSystemUPPCV3_5_Core.Startup Information: 0 : Path: localhost:44386//api/SaleTransactions/10003625
Body: 
Query: 
Client IP: ::1

    DateTime=2021-03-15T06:23:29.3310108Z
WeighingSystemUPPCV3_5_Core.Startup Information: 0 : Path: localhost:44386//api/SaleTransactions/10003625
Body: 
Query: 
Client IP: ::1

    DateTime=2021-03-15T06:27:54.7990741Z
WeighingSystemUPPCV3_5_Core.Startup Information: 0 : Path: localhost:44386//api/SaleTransactions/10003625
Body: 
Query: 
Client IP: ::1

    DateTime=2021-03-15T06:27:58.5802813Z
WeighingSystemUPPCV3_5_Core.Startup Information: 0 : Path: localhost:44386//api/SaleTransactions/10003625
Body: 
Query: 
Client IP: ::1

    DateTime=2021-03-15T06:28:07.5207917Z
WeighingSystemUPPCV3_5_Core.Startup Information: 0 : Path: localhost:44386//api/ReturnedVehicles/10003625
Body: {"returnedVehicleId":3307,"dtArrival":"2021-03-15T00:31:38.22","plantNetWt":9810.00,"mc":11.25,"mC10":9674.0,"mC12":9810.0,"ot":7.00,"pm":0.60,"pmAdjustedWt":10.00,"otAdjustedWt":196.00,"diffNet":0.00,"diffMC10":111.0,"diffMC12":0.0,"diffDay":0,"diffTime":8.0,"baleCount":0,"remarks":"ASGDASDG","timeVarianceRemarks":"SDGASDG","vehicleOrigin":"123123","dtGuardIn":"2021-03-15T00:31:38.22","dtGuardOut":"2021-03-15T00:31:38.22","dtOutToPlant":"2021-03-15T00:31:38.22","saleId":10003625}
Query: 
Client IP: ::1

    DateTime=2021-03-15T06:28:21.9012572Z
WeighingSystemUPPCV3_5_Core.Startup Information: 0 : Path: localhost:44386//api/ReturnedVehicles/10003625
Body: {"returnedVehicleId":3307,"dtArrival":"2021-03-15T00:31:38.22","plantNetWt":9810.00,"mc":11.25,"mC10":9674.0,"mC12":9810.0,"ot":7.00,"pm":0.60,"pmAdjustedWt":10.00,"otAdjustedWt":196.00,"diffNet":0.00,"diffMC10":111.0,"diffMC12":0.0,"diffDay":0,"diffTime":8.0,"baleCount":0,"remarks":"ASGDASDG","timeVarianceRemarks":"SDGASDG","vehicleOrigin":"123123","dtGuardIn":"2021-03-15T00:31:38.22","dtGuardOut":"2021-03-15T00:31:38.22","dtOutToPlant":"2021-03-15T00:31:38.22","saleId":10003625}
Query: 
Client IP: ::1

    DateTime=2021-03-15T06:31:08.9910117Z
WeighingSystemUPPCV3_5_Core.Startup Information: 0 : Path: localhost:44386//api/ReturnedVehicles
Body: {"returnedVehicleId":3307,"dtArrival":"2021-03-15T00:31:38.22","plantNetWt":9810.00,"mc":11.25,"mC10":9674.0,"mC12":9810.0,"ot":7.00,"pm":0.60,"pmAdjustedWt":10.00,"otAdjustedWt":196.00,"diffNet":0.00,"diffMC10":111.0,"diffMC12":0.0,"diffDay":0,"diffTime":8.0,"baleCount":0,"remarks":"ASGDASDG","timeVarianceRemarks":"SDGASDG","vehicleOrigin":"123123","dtGuardIn":"2021-03-15T00:31:38.22","dtGuardOut":"2021-03-15T00:31:38.22","dtOutToPlant":"2021-03-15T00:31:38.22","saleId":10003625}
Query: 
Client IP: ::1

    DateTime=2021-03-15T06:35:04.6398109Z
WeighingSystemUPPCV3_5_Core.Startup Information: 0 : Path: localhost:44386//api/Config
Body: 
Query: 
Client IP: ::1

    DateTime=2021-03-15T06:36:18.5619372Z
WeighingSystemUPPCV3_5_Core.Startup Information: 0 : Path: localhost:44386//api/BalingStations/selected
Body: 
Query: 
Client IP: ::1

    DateTime=2021-03-15T06:36:18.6327422Z
WeighingSystemUPPCV3_5_Core.Startup Information: 0 : Path: localhost:44386//api/MoistureSettings
Body: 
Query: 
Client IP: ::1

    DateTime=2021-03-15T06:36:18.7206287Z
WeighingSystemUPPCV3_5_Core.Startup Information: 0 : Path: localhost:44386//api/TransactionTypes
Body: 
Query: 
Client IP: ::1

    DateTime=2021-03-15T06:36:18.7664044Z
WeighingSystemUPPCV3_5_Core.Startup Information: 0 : Path: localhost:44386//api/MoistureReaders
Body: 
Query: 
Client IP: ::1

    DateTime=2021-03-15T06:36:18.8093366Z
WeighingSystemUPPCV3_5_Core.Startup Information: 0 : Path: localhost:44386//api/BaleTypes
Body: 
Query: 
Client IP: ::1

    DateTime=2021-03-15T06:36:18.8532427Z
WeighingSystemUPPCV3_5_Core.Startup Information: 0 : Path: localhost:44386//api/Sources
Body: 
Query: 
Client IP: ::1

    DateTime=2021-03-15T06:36:18.9026180Z
WeighingSystemUPPCV3_5_Core.Startup Information: 0 : Path: localhost:44386//api/SourceCategories
Body: 
Query: 
Client IP: ::1

    DateTime=2021-03-15T06:36:18.9594833Z
WeighingSystemUPPCV3_5_Core.Startup Information: 0 : Path: localhost:44386//api/Customers
Body: 
Query: 
Client IP: ::1

    DateTime=2021-03-15T06:36:18.9936733Z
WeighingSystemUPPCV3_5_Core.Startup Information: 0 : Path: localhost:44386//api/Suppliers
Body: 
Query: 
Client IP: ::1

    DateTime=2021-03-15T06:36:19.0312571Z
WeighingSystemUPPCV3_5_Core.Startup Information: 0 : Path: localhost:44386//api/RawMaterials
Body: 
Query: 
Client IP: ::1

    DateTime=2021-03-15T06:36:19.0770547Z
WeighingSystemUPPCV3_5_Core.Startup Information: 0 : Path: localhost:44386//api/Products
Body: 
Query: 
Client IP: ::1

    DateTime=2021-03-15T06:36:19.1338865Z
WeighingSystemUPPCV3_5_Core.Startup Information: 0 : Path: localhost:44386//api/Categories
Body: 
Query: 
Client IP: ::1

    DateTime=2021-03-15T06:36:19.1781402Z
WeighingSystemUPPCV3_5_Core.Startup Information: 0 : Path: localhost:44386//api/Haulers
Body: 
Query: 
Client IP: ::1

    DateTime=2021-03-15T06:36:19.2194192Z
WeighingSystemUPPCV3_5_Core.Startup Information: 0 : Path: localhost:44386//api/Vehicles
Body: 
Query: 
Client IP: ::1

    DateTime=2021-03-15T06:36:19.2645005Z
WeighingSystemUPPCV3_5_Core.Startup Information: 0 : Path: localhost:44386//api/VehicleTypes
Body: 
Query: 
Client IP: ::1

    DateTime=2021-03-15T06:36:19.3136928Z
WeighingSystemUPPCV3_5_Core.Startup Information: 0 : Path: localhost:44386//api/SubSuppliers
Body: 
Query: 
Client IP: ::1

    DateTime=2021-03-15T06:36:19.3523911Z
WeighingSystemUPPCV3_5_Core.Startup Information: 0 : Path: localhost:44386//api/SaleTransactions
Body: 
Query: ?Returned=false
Client IP: ::1

    DateTime=2021-03-15T06:36:19.3891759Z
WeighingSystemUPPCV3_5_Core.Startup Information: 0 : Path: localhost:44386//api/UserAccounts/UserAccountDetails
Body: 
Query: 
Client IP: ::1

    DateTime=2021-03-15T06:36:19.4592610Z
WeighingSystemUPPCV3_5_Core.Startup Information: 0 : Path: localhost:44386//api/Reminders
Body: 
Query: 
Client IP: ::1

    DateTime=2021-03-15T06:36:19.5147052Z
WeighingSystemUPPCV3_5_Core.Startup Information: 0 : Path: localhost:44386//api/Signatories
Body: 
Query: 
Client IP: ::1

    DateTime=2021-03-15T06:36:19.5520828Z
WeighingSystemUPPCV3_5_Core.Startup Information: 0 : Path: localhost:44386//api/UserAccounts/LogIn
Body: {"userName":"TSI","userPwd":"1"}
Query: 
Client IP: ::1

    DateTime=2021-03-15T06:36:24.7266412Z
WeighingSystemUPPCV3_5_Core.Startup Information: 0 : Path: localhost:44386//api/PurchaseTransactions
Body: 
Query: ?TransactionId=0&ReceiptNum=&DTFrom=3%2f15%2f2021%202%3a36%3a32%20PM&DTTo=3%2f15%2f2021%202%3a36%3a32%20PM
Client IP: ::1

    DateTime=2021-03-15T06:36:32.5281012Z
WeighingSystemUPPCV3_5_Core.Startup Information: 0 : Path: localhost:44386//api/PurchaseTransactions
Body: 
Query: ?TransactionId=0&ReceiptNum=&DTFrom=3%2f1%2f2021%202%3a36%3a32%20PM&DTTo=3%2f15%2f2021%202%3a36%3a32%20PM
Client IP: ::1

    DateTime=2021-03-15T06:36:35.0556370Z
WeighingSystemUPPCV3_5_Core.Startup Information: 0 : Path: localhost:44386//api/PurchaseTransactions
Body: 
Query: ?TransactionId=0&ReceiptNum=&DTFrom=3%2f15%2f2021%202%3a36%3a32%20PM&DTTo=3%2f15%2f2021%202%3a36%3a32%20PM
Client IP: ::1

    DateTime=2021-03-15T06:36:37.1365036Z
WeighingSystemUPPCV3_5_Core.Startup Information: 0 : Path: localhost:44386//api/PurchaseTransactions/10049353
Body: 
Query: ?includeMCReaderLogs=true
Client IP: ::1

    DateTime=2021-03-15T06:36:38.5059090Z
WeighingSystemUPPCV3_5_Core.Startup Information: 0 : Path: localhost:44386//api/PurchaseOrders
Body: 
Query: ?PurchaseOrderId=0&DTEffectivity=1%2f1%2f0001%2012%3a00%3a00%20AM&SupplierId=0&RawMaterialId=0&PONum=&Price=0&BalanceTotalKg=0&POType=&Remarks=&DTCreated=1%2f1%2f0001%2012%3a00%3a00%20AM&CreatedById=&DTModified=&ModifiedById=&IsActive=True&Locked=&BalanceRemainingKg=&BalanceDeliveredKg=
Client IP: ::1

    DateTime=2021-03-15T06:36:39.2469693Z
WeighingSystemUPPCV3_5_Core.Startup Information: 0 : Path: localhost:44386//api/SaleTransactions
Body: 
Query: ?TransactionId=0&ReceiptNum=&DTFrom=3%2f15%2f2021%202%3a36%3a32%20PM&DTTo=3%2f15%2f2021%202%3a36%3a32%20PM
Client IP: ::1

    DateTime=2021-03-15T06:36:43.1209070Z
WeighingSystemUPPCV3_5_Core.Startup Information: 0 : Path: localhost:44386//api/SaleTransactions
Body: 
Query: ?TransactionId=0&ReceiptNum=&DTFrom=3%2f1%2f2021%202%3a36%3a32%20PM&DTTo=3%2f15%2f2021%202%3a36%3a32%20PM
Client IP: ::1

    DateTime=2021-03-15T06:36:44.9119586Z
WeighingSystemUPPCV3_5_Core.Startup Information: 0 : Path: localhost:44386//api/SaleTransactions/10003625
Body: 
Query: ?includeBales=true
Client IP: ::1

    DateTime=2021-03-15T06:36:46.2645570Z
WeighingSystemUPPCV3_5_Core.Startup Information: 0 : Path: localhost:44386//api/SaleTransactions/10003625
Body: 
Query: 
Client IP: ::1

    DateTime=2021-03-15T06:36:48.4367413Z
WeighingSystemUPPCV3_5_Core.Startup Information: 0 : Path: localhost:44386//api/ReturnedVehicles
Body: {"returnedVehicleId":3307,"dtArrival":"2021-03-15T00:31:38.22","plantNetWt":9810.00,"mc":11.25,"mC10":9674.0,"mC12":9810.0,"ot":7.00,"pm":0.60,"pmAdjustedWt":10.00,"otAdjustedWt":196.00,"diffNet":0.00,"diffMC10":111.0,"diffMC12":0.0,"diffDay":9,"diffTime":224.0,"baleCount":0,"remarks":"ASGDASDG","timeVarianceRemarks":"SDGASDG","vehicleOrigin":"123123","dtGuardIn":"2021-03-15T00:31:38.22","dtGuardOut":"2021-03-15T00:31:38.22","dtOutToPlant":"2021-03-15T00:31:38.22","saleId":10003625}
Query: 
Client IP: ::1

    DateTime=2021-03-15T06:36:50.2926319Z
WeighingSystemUPPCV3_5_Core.Startup Information: 0 : Path: localhost:44386//api/SaleTransactions/10003625
Body: 
Query: 
Client IP: ::1

    DateTime=2021-03-15T06:36:58.8611622Z
WeighingSystemUPPCV3_5_Core.Startup Information: 0 : Path: localhost:44386//api/ReturnedVehicles
Body: {"returnedVehicleId":3307,"dtArrival":"2021-03-15T00:31:38.22","plantNetWt":9810.00,"mc":11.25,"mC10":9674.0,"mC12":9810.0,"ot":7.00,"pm":0.60,"pmAdjustedWt":10.00,"otAdjustedWt":196.00,"diffNet":0.00,"diffMC10":111.0,"diffMC12":0.0,"diffDay":9,"diffTime":224.0,"baleCount":0,"remarks":"ASGDASDG","timeVarianceRemarks":"SDGASDG","vehicleOrigin":"123123","dtGuardIn":"2021-03-15T00:31:38.22","dtGuardOut":"2021-03-15T00:31:38.22","dtOutToPlant":"2021-03-15T00:31:38.22","saleId":10003625}
Query: 
Client IP: ::1

    DateTime=2021-03-15T06:37:08.6527314Z
WeighingSystemUPPCV3_5_Core.Startup Information: 0 : Path: localhost:44386//api/SaleTransactions/10003625
Body: 
Query: 
Client IP: ::1

    DateTime=2021-03-15T06:37:12.4109249Z
WeighingSystemUPPCV3_5_Core.Startup Information: 0 : Path: localhost:44386//api/ReturnedVehicles
Body: {"returnedVehicleId":3307,"dtArrival":"2021-03-05T20:31:38","plantNetWt":9810.00,"mc":11.25,"mC10":9674.0,"mC12":9810.0,"ot":7.00,"pm":0.60,"pmAdjustedWt":10.00,"otAdjustedWt":196.00,"diffNet":0.00,"diffMC10":111.0,"diffMC12":0.0,"diffDay":0,"diffTime":4.0,"baleCount":0,"remarks":"ASGDASDG","timeVarianceRemarks":"SDGASDG","vehicleOrigin":"123123","dtGuardIn":"2021-03-15T00:31:38.22","dtGuardOut":"2021-03-15T00:31:38.22","dtOutToPlant":"2021-03-15T00:31:38.22","saleId":10003625}
Query: 
Client IP: ::1

    DateTime=2021-03-15T06:37:47.6479849Z
WeighingSystemUPPCV3_5_Core.Startup Information: 0 : Path: localhost:44386//api/SaleTransactions/10003625
Body: 
Query: 
Client IP: ::1

    DateTime=2021-03-15T06:37:49.6868115Z
WeighingSystemUPPCV3_5_Core.Startup Information: 0 : Path: localhost:44386//api/ReturnedVehicles
Body: {"returnedVehicleId":3307,"dtArrival":"2021-03-05T20:31:38","plantNetWt":9820.0,"mc":11.72,"mC10":9632.0,"mC12":9820.0,"ot":7.00,"pm":0.60,"pmAdjustedWt":10.00,"otAdjustedWt":196.00,"diffNet":0.00,"diffMC10":69.0,"diffMC12":0.0,"diffDay":0,"diffTime":4.0,"baleCount":0,"remarks":"ASGDASDG","timeVarianceRemarks":"SDGASDG","vehicleOrigin":"123123","dtGuardIn":"2021-03-15T00:31:38.22","dtGuardOut":"2021-03-15T00:31:38.22","dtOutToPlant":"2021-03-15T00:31:38.22","saleId":10003625}
Query: 
Client IP: ::1

    DateTime=2021-03-15T06:37:58.4289509Z
WeighingSystemUPPCV3_5_Core.Startup Information: 0 : Path: localhost:44386//api/SaleTransactions/10003625
Body: 
Query: 
Client IP: ::1

    DateTime=2021-03-15T06:38:00.7687285Z
WeighingSystemUPPCV3_5_Core.Startup Information: 0 : Path: localhost:44386//api/SaleTransactions/10003625
Body: 
Query: ?includeBales=true
Client IP: ::1

    DateTime=2021-03-15T06:38:04.1785468Z
WeighingSystemUPPCV3_5_Core.Startup Information: 0 : Path: localhost:44386//api/SaleTransactions/10003625
Body: 
Query: 
Client IP: ::1

    DateTime=2021-03-15T06:38:06.2732893Z
WeighingSystemUPPCV3_5_Core.Startup Information: 0 : Path: localhost:44386//api/ReturnedVehicles
Body: {"returnedVehicleId":3307,"dtArrival":"2021-03-05T20:31:38","plantNetWt":9820.00,"mc":11.72,"mC10":9632.0,"mC12":9820.0,"ot":7.00,"pm":0.60,"pmAdjustedWt":10.00,"otAdjustedWt":196.00,"diffNet":0.00,"diffMC10":69.0,"diffMC12":0.0,"diffDay":0,"diffTime":4.0,"baleCount":22,"remarks":"ASGDASDG","timeVarianceRemarks":"SDGASDG","vehicleOrigin":"123123","dtGuardIn":"2021-03-15T00:31:38.22","dtGuardOut":"2021-03-15T00:31:38.22","dtOutToPlant":"2021-03-15T00:31:38.22","saleId":10003625}
Query: 
Client IP: ::1

    DateTime=2021-03-15T06:38:10.3380764Z
WeighingSystemUPPCV3_5_Core.Startup Information: 0 : Path: localhost:44386//api/SaleTransactions/10003625
Body: 
Query: 
Client IP: ::1

    DateTime=2021-03-15T06:38:12.9656769Z
WeighingSystemUPPCV3_5_Core.Startup Information: 0 : Path: localhost:44386//api/ReturnedVehicles
Body: {"returnedVehicleId":3307,"dtArrival":"2021-03-05T20:31:38","plantNetWt":9820.00,"mc":11.72,"mC10":9632.0,"mC12":9820.0,"ot":8.00,"pm":0.8,"pmAdjustedWt":29.0,"otAdjustedWt":295.0,"diffNet":0.00,"diffMC10":69.0,"diffMC12":0.0,"diffDay":0,"diffTime":4.0,"baleCount":22,"remarks":"ASGDASDG","timeVarianceRemarks":"SDGASDG","vehicleOrigin":"123123","dtGuardIn":"2021-03-15T00:31:38.22","dtGuardOut":"2021-03-15T00:31:38.22","dtOutToPlant":"2021-03-15T00:31:38.22","saleId":10003625}
Query: 
Client IP: ::1

    DateTime=2021-03-15T06:38:19.3824179Z
WeighingSystemUPPCV3_5_Core.Startup Information: 0 : Path: localhost:44386//api/SaleTransactions/10003625
Body: 
Query: ?includeBales=true
Client IP: ::1

    DateTime=2021-03-15T06:38:23.7279268Z
WeighingSystemUPPCV3_5_Core.Startup Information: 0 : Path: localhost:44386//api/SaleTransactions/10003625
Body: 
Query: 
Client IP: ::1

    DateTime=2021-03-15T06:38:30.9879522Z
WeighingSystemUPPCV3_5_Core.Startup Information: 0 : Path: localhost:44386//api/ReturnedVehicles
Body: {"returnedVehicleId":3307,"dtArrival":"2021-03-05T20:31:38","plantNetWt":9820.00,"mc":11.72,"mC10":9632.0,"mC12":9820.0,"ot":7.00,"pm":0.60,"pmAdjustedWt":10.0,"otAdjustedWt":196.0,"diffNet":0.00,"diffMC10":69.0,"diffMC12":0.0,"diffDay":0,"diffTime":4.0,"baleCount":22,"remarks":"ASGDASDG","timeVarianceRemarks":"SDGASDG","vehicleOrigin":"123123","dtGuardIn":"2021-03-15T00:31:38.22","dtGuardOut":"2021-03-15T00:31:38.22","dtOutToPlant":"2021-03-15T00:31:38.22","saleId":10003625}
Query: 
Client IP: ::1

    DateTime=2021-03-15T06:38:35.5142438Z
WeighingSystemUPPCV3_5_Core.Startup Information: 0 : Path: localhost:44386//api/Config
Body: 
Query: 
Client IP: ::1

    DateTime=2021-03-15T06:47:55.1030295Z
WeighingSystemUPPCV3_5_Core.Startup Information: 0 : Path: localhost:44386//api/BalingStations/selected
Body: 
Query: 
Client IP: ::1

    DateTime=2021-03-15T06:47:55.1496143Z
WeighingSystemUPPCV3_5_Core.Startup Information: 0 : Path: localhost:44386//api/MoistureSettings
Body: 
Query: 
Client IP: ::1

    DateTime=2021-03-15T06:47:55.2881235Z
WeighingSystemUPPCV3_5_Core.Startup Information: 0 : Path: localhost:44386//api/TransactionTypes
Body: 
Query: 
Client IP: ::1

    DateTime=2021-03-15T06:47:55.3341576Z
WeighingSystemUPPCV3_5_Core.Startup Information: 0 : Path: localhost:44386//api/MoistureReaders
Body: 
Query: 
Client IP: ::1

    DateTime=2021-03-15T06:47:55.3722044Z
WeighingSystemUPPCV3_5_Core.Startup Information: 0 : Path: localhost:44386//api/BaleTypes
Body: 
Query: 
Client IP: ::1

    DateTime=2021-03-15T06:47:55.4131866Z
WeighingSystemUPPCV3_5_Core.Startup Information: 0 : Path: localhost:44386//api/Sources
Body: 
Query: 
Client IP: ::1

    DateTime=2021-03-15T06:47:55.4563026Z
WeighingSystemUPPCV3_5_Core.Startup Information: 0 : Path: localhost:44386//api/SourceCategories
Body: 
Query: 
Client IP: ::1

    DateTime=2021-03-15T06:47:55.5096240Z
WeighingSystemUPPCV3_5_Core.Startup Information: 0 : Path: localhost:44386//api/Customers
Body: 
Query: 
Client IP: ::1

    DateTime=2021-03-15T06:47:55.5431754Z
WeighingSystemUPPCV3_5_Core.Startup Information: 0 : Path: localhost:44386//api/Suppliers
Body: 
Query: 
Client IP: ::1

    DateTime=2021-03-15T06:47:55.5835691Z
WeighingSystemUPPCV3_5_Core.Startup Information: 0 : Path: localhost:44386//api/RawMaterials
Body: 
Query: 
Client IP: ::1

    DateTime=2021-03-15T06:47:55.6260488Z
WeighingSystemUPPCV3_5_Core.Startup Information: 0 : Path: localhost:44386//api/Products
Body: 
Query: 
Client IP: ::1

    DateTime=2021-03-15T06:47:55.6684078Z
WeighingSystemUPPCV3_5_Core.Startup Information: 0 : Path: localhost:44386//api/Categories
Body: 
Query: 
Client IP: ::1

    DateTime=2021-03-15T06:47:55.7077327Z
WeighingSystemUPPCV3_5_Core.Startup Information: 0 : Path: localhost:44386//api/Haulers
Body: 
Query: 
Client IP: ::1

    DateTime=2021-03-15T06:47:55.7440520Z
WeighingSystemUPPCV3_5_Core.Startup Information: 0 : Path: localhost:44386//api/Vehicles
Body: 
Query: 
Client IP: ::1

    DateTime=2021-03-15T06:47:55.7849757Z
WeighingSystemUPPCV3_5_Core.Startup Information: 0 : Path: localhost:44386//api/VehicleTypes
Body: 
Query: 
Client IP: ::1

    DateTime=2021-03-15T06:47:55.8302002Z
WeighingSystemUPPCV3_5_Core.Startup Information: 0 : Path: localhost:44386//api/SubSuppliers
Body: 
Query: 
Client IP: ::1

    DateTime=2021-03-15T06:47:55.8677351Z
WeighingSystemUPPCV3_5_Core.Startup Information: 0 : Path: localhost:44386//api/SaleTransactions
Body: 
Query: ?Returned=false
Client IP: ::1

    DateTime=2021-03-15T06:47:55.9142024Z
WeighingSystemUPPCV3_5_Core.Startup Information: 0 : Path: localhost:44386//api/UserAccounts/UserAccountDetails
Body: 
Query: 
Client IP: ::1

    DateTime=2021-03-15T06:47:55.9941926Z
WeighingSystemUPPCV3_5_Core.Startup Information: 0 : Path: localhost:44386//api/Reminders
Body: 
Query: 
Client IP: ::1

    DateTime=2021-03-15T06:47:56.0356982Z
WeighingSystemUPPCV3_5_Core.Startup Information: 0 : Path: localhost:44386//api/Signatories
Body: 
Query: 
Client IP: ::1

    DateTime=2021-03-15T06:47:56.0689626Z
WeighingSystemUPPCV3_5_Core.Startup Information: 0 : Path: localhost:44386//api/UserAccounts/LogIn
Body: {"userName":"TSI","userPwd":"1"}
Query: 
Client IP: ::1

    DateTime=2021-03-15T07:11:34.3169680Z
WeighingSystemUPPCV3_5_Core.Startup Information: 0 : Path: localhost:44386//api/Config
Body: 
Query: 
Client IP: ::1

    DateTime=2021-03-15T07:20:45.1044750Z
WeighingSystemUPPCV3_5_Core.Startup Information: 0 : Path: localhost:44386//api/BalingStations/selected
Body: 
Query: 
Client IP: ::1

    DateTime=2021-03-15T07:20:45.2183884Z
WeighingSystemUPPCV3_5_Core.Startup Information: 0 : Path: localhost:44386//api/MoistureSettings
Body: 
Query: 
Client IP: ::1

    DateTime=2021-03-15T07:20:46.8979088Z
WeighingSystemUPPCV3_5_Core.Startup Information: 0 : Path: localhost:44386//api/TransactionTypes
Body: 
Query: 
Client IP: ::1

    DateTime=2021-03-15T07:20:46.9702888Z
WeighingSystemUPPCV3_5_Core.Startup Information: 0 : Path: localhost:44386//api/MoistureReaders
Body: 
Query: 
Client IP: ::1

    DateTime=2021-03-15T07:20:47.0201061Z
WeighingSystemUPPCV3_5_Core.Startup Information: 0 : Path: localhost:44386//api/BaleTypes
Body: 
Query: 
Client IP: ::1

    DateTime=2021-03-15T07:20:47.0713776Z
WeighingSystemUPPCV3_5_Core.Startup Information: 0 : Path: localhost:44386//api/Sources
Body: 
Query: 
Client IP: ::1

    DateTime=2021-03-15T07:20:47.1225819Z
WeighingSystemUPPCV3_5_Core.Startup Information: 0 : Path: localhost:44386//api/SourceCategories
Body: 
Query: 
Client IP: ::1

    DateTime=2021-03-15T07:20:47.1872960Z
WeighingSystemUPPCV3_5_Core.Startup Information: 0 : Path: localhost:44386//api/Customers
Body: 
Query: 
Client IP: ::1

    DateTime=2021-03-15T07:20:47.2588524Z
WeighingSystemUPPCV3_5_Core.Startup Information: 0 : Path: localhost:44386//api/Suppliers
Body: 
Query: 
Client IP: ::1

    DateTime=2021-03-15T07:20:47.3100420Z
WeighingSystemUPPCV3_5_Core.Startup Information: 0 : Path: localhost:44386//api/RawMaterials
Body: 
Query: 
Client IP: ::1

    DateTime=2021-03-15T07:20:47.3669217Z
WeighingSystemUPPCV3_5_Core.Startup Information: 0 : Path: localhost:44386//api/Products
Body: 
Query: 
Client IP: ::1

    DateTime=2021-03-15T07:20:47.4383954Z
WeighingSystemUPPCV3_5_Core.Startup Information: 0 : Path: localhost:44386//api/Categories
Body: 
Query: 
Client IP: ::1

    DateTime=2021-03-15T07:20:47.4933432Z
WeighingSystemUPPCV3_5_Core.Startup Information: 0 : Path: localhost:44386//api/Haulers
Body: 
Query: 
Client IP: ::1

    DateTime=2021-03-15T07:20:47.5478952Z
WeighingSystemUPPCV3_5_Core.Startup Information: 0 : Path: localhost:44386//api/Vehicles
Body: 
Query: 
Client IP: ::1

    DateTime=2021-03-15T07:20:47.6070339Z
WeighingSystemUPPCV3_5_Core.Startup Information: 0 : Path: localhost:44386//api/VehicleTypes
Body: 
Query: 
Client IP: ::1

    DateTime=2021-03-15T07:20:47.6770115Z
WeighingSystemUPPCV3_5_Core.Startup Information: 0 : Path: localhost:44386//api/SubSuppliers
Body: 
Query: 
Client IP: ::1

    DateTime=2021-03-15T07:20:47.7284627Z
WeighingSystemUPPCV3_5_Core.Startup Information: 0 : Path: localhost:44386//api/SaleTransactions
Body: 
Query: ?Returned=false
Client IP: ::1

    DateTime=2021-03-15T07:20:47.8164522Z
WeighingSystemUPPCV3_5_Core.Startup Information: 0 : Path: localhost:44386//api/UserAccounts/UserAccountDetails
Body: 
Query: 
Client IP: ::1

    DateTime=2021-03-15T07:20:47.9781442Z
WeighingSystemUPPCV3_5_Core.Startup Information: 0 : Path: localhost:44386//api/Reminders
Body: 
Query: 
Client IP: ::1

    DateTime=2021-03-15T07:20:48.0635901Z
WeighingSystemUPPCV3_5_Core.Startup Information: 0 : Path: localhost:44386//api/Signatories
Body: 
Query: 
Client IP: ::1

    DateTime=2021-03-15T07:20:48.1271405Z
WeighingSystemUPPCV3_5_Core.Startup Information: 0 : Path: localhost:44386//api/UserAccounts/LogIn
Body: {"userName":"TSI","userPwd":"1"}
Query: 
Client IP: ::1

    DateTime=2021-03-15T07:20:50.6053451Z
WeighingSystemUPPCV3_5_Core.Startup Information: 0 : Path: localhost:44386//api/UserAccounts/LogIn
Body: {"userName":"TSI","userPwd":"1"}
Query: 
Client IP: ::1

    DateTime=2021-03-15T07:20:54.8859096Z
WeighingSystemUPPCV3_5_Core.Startup Information: 0 : Path: localhost:44386//api/Suppliers
Body: 
Query: 
Client IP: ::1

    DateTime=2021-03-15T07:20:58.1480553Z
WeighingSystemUPPCV3_5_Core.Startup Information: 0 : Path: localhost:44386//api/PurchaseOrders
Body: 
Query: ?PurchaseOrderId=0&DTEffectivity=1%2f1%2f0001%2012%3a00%3a00%20AM&SupplierId=40000002&RawMaterialId=70000007&PONum=&Price=0&BalanceTotalKg=0&POType=&Remarks=&DTCreated=1%2f1%2f0001%2012%3a00%3a00%20AM&CreatedById=&DTModified=&ModifiedById=&IsActive=&Locked=&BalanceRemainingKg=&BalanceDeliveredKg=
Client IP: ::1

    DateTime=2021-03-15T07:21:31.5692238Z
WeighingSystemUPPCV3_5_Core.Startup Information: 0 : Path: localhost:44386//api/PurchaseOrders
Body: 
Query: ?PurchaseOrderId=0&DTEffectivity=1%2f1%2f0001%2012%3a00%3a00%20AM&SupplierId=40000002&RawMaterialId=70000008&PONum=&Price=0&BalanceTotalKg=0&POType=&Remarks=&DTCreated=1%2f1%2f0001%2012%3a00%3a00%20AM&CreatedById=&DTModified=&ModifiedById=&IsActive=&Locked=&BalanceRemainingKg=&BalanceDeliveredKg=
Client IP: ::1

    DateTime=2021-03-15T07:21:32.4615590Z
WeighingSystemUPPCV3_5_Core.Startup Information: 0 : Path: localhost:44386//api/PurchaseOrders
Body: 
Query: ?PurchaseOrderId=0&DTEffectivity=1%2f1%2f0001%2012%3a00%3a00%20AM&SupplierId=40000002&RawMaterialId=70000007&PONum=&Price=0&BalanceTotalKg=0&POType=&Remarks=&DTCreated=1%2f1%2f0001%2012%3a00%3a00%20AM&CreatedById=&DTModified=&ModifiedById=&IsActive=&Locked=&BalanceRemainingKg=&BalanceDeliveredKg=
Client IP: ::1

    DateTime=2021-03-15T07:21:34.5256360Z
WeighingSystemUPPCV3_5_Core.Startup Information: 0 : Path: localhost:44386//api/PurchaseOrders
Body: 
Query: ?PurchaseOrderId=0&DTEffectivity=1%2f1%2f0001%2012%3a00%3a00%20AM&SupplierId=40000002&RawMaterialId=70000006&PONum=&Price=0&BalanceTotalKg=0&POType=&Remarks=&DTCreated=1%2f1%2f0001%2012%3a00%3a00%20AM&CreatedById=&DTModified=&ModifiedById=&IsActive=&Locked=&BalanceRemainingKg=&BalanceDeliveredKg=
Client IP: ::1

    DateTime=2021-03-15T07:25:23.4714574Z
WeighingSystemUPPCV3_5_Core.Startup Information: 0 : Path: localhost:44386//api/PurchaseOrders
Body: 
Query: ?PurchaseOrderId=0&DTEffectivity=1%2f1%2f0001%2012%3a00%3a00%20AM&SupplierId=40000002&RawMaterialId=70000006&PONum=&Price=0&BalanceTotalKg=0&POType=&Remarks=&DTCreated=1%2f1%2f0001%2012%3a00%3a00%20AM&CreatedById=&DTModified=&ModifiedById=&IsActive=&Locked=&BalanceRemainingKg=&BalanceDeliveredKg=
Client IP: ::1

    DateTime=2021-03-15T07:27:22.3515925Z
WeighingSystemUPPCV3_5_Core.Startup Information: 0 : Path: localhost:44386//api/PurchaseOrders
Body: 
Query: ?PurchaseOrderId=0&DTEffectivity=1%2f1%2f0001%2012%3a00%3a00%20AM&SupplierId=40000002&RawMaterialId=70000006&PONum=&Price=0&BalanceTotalKg=0&POType=&Remarks=&DTCreated=1%2f1%2f0001%2012%3a00%3a00%20AM&CreatedById=&DTModified=&ModifiedById=&IsActive=&Locked=&BalanceRemainingKg=&BalanceDeliveredKg=
Client IP: ::1

    DateTime=2021-03-15T07:31:27.8374101Z
WeighingSystemUPPCV3_5_Core.Startup Information: 0 : Path: localhost:44386//api/PurchaseOrders
Body: 
Query: ?PurchaseOrderId=0&DTEffectivity=1%2f1%2f0001%2012%3a00%3a00%20AM&SupplierId=40000002&RawMaterialId=70000006&PONum=&Price=0&BalanceTotalKg=0&POType=&Remarks=&DTCreated=1%2f1%2f0001%2012%3a00%3a00%20AM&CreatedById=&DTModified=&ModifiedById=&IsActive=&Locked=&BalanceRemainingKg=&BalanceDeliveredKg=
Client IP: ::1

    DateTime=2021-03-15T07:31:48.6761685Z
WeighingSystemUPPCV3_5_Core.Startup Information: 0 : Path: localhost:44386//api/PurchaseOrders
Body: 
Query: ?PurchaseOrderId=0&DTEffectivity=1%2f1%2f0001%2012%3a00%3a00%20AM&SupplierId=40000002&RawMaterialId=70000006&PONum=&Price=0&BalanceTotalKg=0&POType=&Remarks=&DTCreated=1%2f1%2f0001%2012%3a00%3a00%20AM&CreatedById=&DTModified=&ModifiedById=&IsActive=&Locked=&BalanceRemainingKg=&BalanceDeliveredKg=
Client IP: ::1

    DateTime=2021-03-15T07:32:07.7306523Z
WeighingSystemUPPCV3_5_Core.Startup Information: 0 : Path: localhost:44386//api/PurchaseOrders
Body: 
Query: ?PurchaseOrderId=0&DTEffectivity=1%2f1%2f0001%2012%3a00%3a00%20AM&SupplierId=40000002&RawMaterialId=70000006&PONum=&Price=0&BalanceTotalKg=0&POType=&Remarks=&DTCreated=1%2f1%2f0001%2012%3a00%3a00%20AM&CreatedById=&DTModified=&ModifiedById=&IsActive=&Locked=&BalanceRemainingKg=&BalanceDeliveredKg=
Client IP: ::1

    DateTime=2021-03-15T07:32:13.3637950Z
WeighingSystemUPPCV3_5_Core.Startup Information: 0 : Path: localhost:44386//api/PurchaseOrders
Body: 
Query: ?PurchaseOrderId=0&DTEffectivity=1%2f1%2f0001%2012%3a00%3a00%20AM&SupplierId=40000002&RawMaterialId=70000006&PONum=&Price=0&BalanceTotalKg=0&POType=&Remarks=&DTCreated=1%2f1%2f0001%2012%3a00%3a00%20AM&CreatedById=&DTModified=&ModifiedById=&IsActive=&Locked=&BalanceRemainingKg=&BalanceDeliveredKg=
Client IP: ::1

    DateTime=2021-03-15T07:33:07.8140816Z
WeighingSystemUPPCV3_5_Core.Startup Information: 0 : Path: localhost:44386//api/PurchaseOrders
Body: 
Query: ?PurchaseOrderId=0&DTEffectivity=1%2f1%2f0001%2012%3a00%3a00%20AM&SupplierId=40000002&RawMaterialId=70000006&PONum=&Price=0&BalanceTotalKg=0&POType=&Remarks=&DTCreated=1%2f1%2f0001%2012%3a00%3a00%20AM&CreatedById=&DTModified=&ModifiedById=&IsActive=&Locked=&BalanceRemainingKg=&BalanceDeliveredKg=
Client IP: ::1

    DateTime=2021-03-15T07:33:29.1626270Z
WeighingSystemUPPCV3_5_Core.Startup Information: 0 : Path: localhost:44386//api/PurchaseOrders
Body: 
Query: ?PurchaseOrderId=0&DTEffectivity=1%2f1%2f0001%2012%3a00%3a00%20AM&SupplierId=40000002&RawMaterialId=70000006&PONum=&Price=0&BalanceTotalKg=0&POType=&Remarks=&DTCreated=1%2f1%2f0001%2012%3a00%3a00%20AM&CreatedById=&DTModified=&ModifiedById=&IsActive=&Locked=&BalanceRemainingKg=&BalanceDeliveredKg=
Client IP: ::1

    DateTime=2021-03-15T07:33:40.2037746Z
WeighingSystemUPPCV3_5_Core.Startup Information: 0 : Path: localhost:44386//api/PurchaseOrders
Body: 
Query: ?PurchaseOrderId=0&DTEffectivity=1%2f1%2f0001%2012%3a00%3a00%20AM&SupplierId=40000002&RawMaterialId=70000006&PONum=&Price=0&BalanceTotalKg=0&POType=&Remarks=&DTCreated=1%2f1%2f0001%2012%3a00%3a00%20AM&CreatedById=&DTModified=&ModifiedById=&IsActive=&Locked=&BalanceRemainingKg=&BalanceDeliveredKg=
Client IP: ::1

    DateTime=2021-03-15T07:34:17.3434031Z
WeighingSystemUPPCV3_5_Core.Startup Information: 0 : Path: localhost:44386//api/PurchaseOrders
Body: 
Query: ?PurchaseOrderId=0&DTEffectivity=1%2f1%2f0001%2012%3a00%3a00%20AM&SupplierId=40000002&RawMaterialId=70000006&PONum=&Price=0&BalanceTotalKg=0&POType=&Remarks=&DTCreated=1%2f1%2f0001%2012%3a00%3a00%20AM&CreatedById=&DTModified=&ModifiedById=&IsActive=&Locked=&BalanceRemainingKg=&BalanceDeliveredKg=
Client IP: ::1

    DateTime=2021-03-15T07:34:23.4372959Z
WeighingSystemUPPCV3_5_Core.Startup Information: 0 : Path: localhost:44386//api/PurchaseOrders
Body: 
Query: ?PurchaseOrderId=0&DTEffectivity=1%2f1%2f0001%2012%3a00%3a00%20AM&SupplierId=40000002&RawMaterialId=70000006&PONum=&Price=0&BalanceTotalKg=0&POType=&Remarks=&DTCreated=1%2f1%2f0001%2012%3a00%3a00%20AM&CreatedById=&DTModified=&ModifiedById=&IsActive=&Locked=&BalanceRemainingKg=&BalanceDeliveredKg=
Client IP: ::1

    DateTime=2021-03-15T07:35:08.8137012Z
WeighingSystemUPPCV3_5_Core.Startup Information: 0 : Path: localhost:44386//api/Config
Body: 
Query: 
Client IP: ::1

    DateTime=2021-03-15T07:40:37.9435380Z
WeighingSystemUPPCV3_5_Core.Startup Information: 0 : Path: localhost:44386//api/BalingStations/selected
Body: 
Query: 
Client IP: ::1

    DateTime=2021-03-15T07:40:38.0225395Z
WeighingSystemUPPCV3_5_Core.Startup Information: 0 : Path: localhost:44386//api/MoistureSettings
Body: 
Query: 
Client IP: ::1

    DateTime=2021-03-15T07:40:38.2068635Z
WeighingSystemUPPCV3_5_Core.Startup Information: 0 : Path: localhost:44386//api/TransactionTypes
Body: 
Query: 
Client IP: ::1

    DateTime=2021-03-15T07:40:38.2740056Z
WeighingSystemUPPCV3_5_Core.Startup Information: 0 : Path: localhost:44386//api/MoistureReaders
Body: 
Query: 
Client IP: ::1

    DateTime=2021-03-15T07:40:38.3316137Z
WeighingSystemUPPCV3_5_Core.Startup Information: 0 : Path: localhost:44386//api/BaleTypes
Body: 
Query: 
Client IP: ::1

    DateTime=2021-03-15T07:40:38.3883089Z
WeighingSystemUPPCV3_5_Core.Startup Information: 0 : Path: localhost:44386//api/Sources
Body: 
Query: 
Client IP: ::1

    DateTime=2021-03-15T07:40:38.4533262Z
WeighingSystemUPPCV3_5_Core.Startup Information: 0 : Path: localhost:44386//api/SourceCategories
Body: 
Query: 
Client IP: ::1

    DateTime=2021-03-15T07:40:38.5215004Z
WeighingSystemUPPCV3_5_Core.Startup Information: 0 : Path: localhost:44386//api/Customers
Body: 
Query: 
Client IP: ::1

    DateTime=2021-03-15T07:40:38.6144605Z
WeighingSystemUPPCV3_5_Core.Startup Information: 0 : Path: localhost:44386//api/Suppliers
Body: 
Query: 
Client IP: ::1

    DateTime=2021-03-15T07:40:38.6818559Z
WeighingSystemUPPCV3_5_Core.Startup Information: 0 : Path: localhost:44386//api/RawMaterials
Body: 
Query: 
Client IP: ::1

    DateTime=2021-03-15T07:40:38.7509544Z
WeighingSystemUPPCV3_5_Core.Startup Information: 0 : Path: localhost:44386//api/Products
Body: 
Query: 
Client IP: ::1

    DateTime=2021-03-15T07:40:38.8980871Z
WeighingSystemUPPCV3_5_Core.Startup Information: 0 : Path: localhost:44386//api/Categories
Body: 
Query: 
Client IP: ::1

    DateTime=2021-03-15T07:40:38.9873172Z
WeighingSystemUPPCV3_5_Core.Startup Information: 0 : Path: localhost:44386//api/Haulers
Body: 
Query: 
Client IP: ::1

    DateTime=2021-03-15T07:40:39.0540998Z
WeighingSystemUPPCV3_5_Core.Startup Information: 0 : Path: localhost:44386//api/Vehicles
Body: 
Query: 
Client IP: ::1

    DateTime=2021-03-15T07:40:39.1150236Z
WeighingSystemUPPCV3_5_Core.Startup Information: 0 : Path: localhost:44386//api/VehicleTypes
Body: 
Query: 
Client IP: ::1

    DateTime=2021-03-15T07:40:39.1914795Z
WeighingSystemUPPCV3_5_Core.Startup Information: 0 : Path: localhost:44386//api/SubSuppliers
Body: 
Query: 
Client IP: ::1

    DateTime=2021-03-15T07:40:39.2602437Z
WeighingSystemUPPCV3_5_Core.Startup Information: 0 : Path: localhost:44386//api/SaleTransactions
Body: 
Query: ?Returned=false
Client IP: ::1

    DateTime=2021-03-15T07:40:39.3272583Z
WeighingSystemUPPCV3_5_Core.Startup Information: 0 : Path: localhost:44386//api/UserAccounts/UserAccountDetails
Body: 
Query: 
Client IP: ::1

    DateTime=2021-03-15T07:40:39.4874917Z
WeighingSystemUPPCV3_5_Core.Startup Information: 0 : Path: localhost:44386//api/Reminders
Body: 
Query: 
Client IP: ::1

    DateTime=2021-03-15T07:40:39.5787611Z
WeighingSystemUPPCV3_5_Core.Startup Information: 0 : Path: localhost:44386//api/Signatories
Body: 
Query: 
Client IP: ::1

    DateTime=2021-03-15T07:40:39.7254370Z
WeighingSystemUPPCV3_5_Core.Startup Information: 0 : Path: localhost:44386//api/UserAccounts/LogIn
Body: {"userName":"TSI","userPwd":"1"}
Query: 
Client IP: ::1

    DateTime=2021-03-15T07:40:43.7894819Z
WeighingSystemUPPCV3_5_Core.Startup Information: 0 : Path: localhost:44386//api/UserAccounts/LogIn
Body: {"userName":"TSI","userPwd":"1"}
Query: 
Client IP: ::1

    DateTime=2021-03-15T07:40:45.8350788Z
WeighingSystemUPPCV3_5_Core.Startup Information: 0 : Path: localhost:44386//api/Suppliers
Body: 
Query: 
Client IP: ::1

    DateTime=2021-03-15T07:40:49.0361228Z
WeighingSystemUPPCV3_5_Core.Startup Information: 0 : Path: localhost:44386//api/PurchaseOrders
Body: 
Query: ?PurchaseOrderId=0&DTEffectivity=1%2f1%2f0001%2012%3a00%3a00%20AM&SupplierId=40000002&RawMaterialId=70000006&PONum=&Price=0&BalanceTotalKg=0&POType=&Remarks=&DTCreated=1%2f1%2f0001%2012%3a00%3a00%20AM&CreatedById=&DTModified=&ModifiedById=&IsActive=&Locked=&BalanceRemainingKg=&BalanceDeliveredKg=
Client IP: ::1

    DateTime=2021-03-15T07:40:55.6836203Z
WeighingSystemUPPCV3_5_Core.Startup Information: 0 : Path: localhost:44386//api/PurchaseOrders
Body: 
Query: ?PurchaseOrderId=0&DTEffectivity=1%2f1%2f0001%2012%3a00%3a00%20AM&SupplierId=40000002&RawMaterialId=70000006&PONum=&Price=0&BalanceTotalKg=0&POType=&Remarks=&DTCreated=1%2f1%2f0001%2012%3a00%3a00%20AM&CreatedById=&DTModified=&ModifiedById=&IsActive=&Locked=&BalanceRemainingKg=&BalanceDeliveredKg=
Client IP: ::1

    DateTime=2021-03-15T07:41:10.5260557Z
WeighingSystemUPPCV3_5_Core.Startup Information: 0 : Path: localhost:44386//api/PurchaseOrders
Body: 
Query: ?PurchaseOrderId=0&DTEffectivity=1%2f1%2f0001%2012%3a00%3a00%20AM&SupplierId=40000002&RawMaterialId=70000007&PONum=&Price=0&BalanceTotalKg=0&POType=&Remarks=&DTCreated=1%2f1%2f0001%2012%3a00%3a00%20AM&CreatedById=&DTModified=&ModifiedById=&IsActive=&Locked=&BalanceRemainingKg=&BalanceDeliveredKg=
Client IP: ::1

    DateTime=2021-03-15T07:42:50.0113610Z
WeighingSystemUPPCV3_5_Core.Startup Information: 0 : Path: localhost:44386//api/PurchaseOrders
Body: 
Query: ?PurchaseOrderId=0&DTEffectivity=1%2f1%2f0001%2012%3a00%3a00%20AM&SupplierId=40000002&RawMaterialId=70000006&PONum=&Price=0&BalanceTotalKg=0&POType=&Remarks=&DTCreated=1%2f1%2f0001%2012%3a00%3a00%20AM&CreatedById=&DTModified=&ModifiedById=&IsActive=&Locked=&BalanceRemainingKg=&BalanceDeliveredKg=
Client IP: ::1

    DateTime=2021-03-15T07:42:54.7342461Z
WeighingSystemUPPCV3_5_Core.Startup Information: 0 : Path: localhost:44386//api/PurchaseOrders/418
Body: {"purchaseOrderId":418,"dtEffectivity":"2021-01-27T07:21:05","supplierId":40000002,"rawMaterialId":70000006,"poNum":"6366008392","price":8.400,"balanceTotalKg":300000.00,"poType":"SPOT","dtCreated":"2021-01-27T07:21:05","createdById":"5463107b-5fbf-43a0-9fb2-c2037bb9a306","dtModified":"2021-01-27T07:21:30","isActive":true,"locked":true,"balanceRemainingKg":129.86,"balanceDeliveredKg":170.14}
Query: 
Client IP: ::1

    DateTime=2021-03-15T07:43:00.1329624Z
WeighingSystemUPPCV3_5_Core.Startup Information: 0 : Path: localhost:44386//api/UserAccounts/LogIn
Body: {"userName":"TSI","userPwd":"1103"}
Query: 
Client IP: ::1

    DateTime=2021-03-15T07:47:13.2872989Z
WeighingSystemUPPCV3_5_Core.Startup Information: 0 : Path: localhost:44386//api/UserAccounts/LogIn
Body: {"userName":"TSI","userPwd":"1"}
Query: 
Client IP: ::1

    DateTime=2021-03-15T07:47:14.4583743Z
WeighingSystemUPPCV3_5_Core.Startup Information: 0 : Path: localhost:44386//api/AuditLogs
Body: 
Query: ?DTLogFrom=3%2f15%2f2021%203%3a56%3a41%20PM&DTLogTo=3%2f15%2f2021%203%3a56%3a41%20PM&UserAccountId=&AuditLogEventId=0
Client IP: ::1

    DateTime=2021-03-15T07:56:41.9880917Z
WeighingSystemUPPCV3_5_Core.Startup Information: 0 : Path: localhost:44386//api/AuditLogs
Body: 
Query: ?DTLogFrom=3%2f1%2f2021%203%3a56%3a41%20PM&DTLogTo=3%2f15%2f2021%203%3a56%3a41%20PM&UserAccountId=&AuditLogEventId=0
Client IP: ::1

    DateTime=2021-03-15T07:56:45.1652931Z
