Microsoft.Hosting.Lifetime Information: 0 : Now listening on: https://[::]:44386
    DateTime=2021-06-22T05:09:04.2538106Z
Microsoft.Hosting.Lifetime Information: 0 : Now listening on: http://[::]:44385
    DateTime=2021-06-22T05:09:04.2646733Z
Microsoft.Hosting.Lifetime Information: 0 : Application started. Press Ctrl+C to shut down.
    DateTime=2021-06-22T05:09:04.2780574Z
Microsoft.Hosting.Lifetime Information: 0 : Hosting environment: Development
    DateTime=2021-06-22T05:09:04.2901411Z
Microsoft.Hosting.Lifetime Information: 0 : Content root path: D:\dir\tsi\UPPC\Phase 4\WeighingSystemUPPCV3.5\WeighingSystemUPPCV3.5.Core\WeighingSystemUPPCV3.5.Core
    DateTime=2021-06-22T05:09:04.3052682Z
Microsoft.Hosting.Lifetime Information: 0 : Application is shutting down...
    DateTime=2021-06-22T05:09:07.8963227Z
Microsoft.AspNetCore.Server.Kestrel Critical: 0 : Unable to start Kestrel.
    DateTime=2021-06-22T05:24:13.3835977Z
Microsoft.AspNetCore.Server.Kestrel Critical: 0 : Unable to start Kestrel.
    DateTime=2021-06-22T05:24:57.6900608Z
Microsoft.AspNetCore.Server.Kestrel Critical: 0 : Unable to start Kestrel.
    DateTime=2021-06-22T05:25:32.9679083Z
Microsoft.AspNetCore.Server.Kestrel Warning: 0 : Overriding address(es) 'https://*:44386, http://*:44385'. Binding to endpoints defined in UseKestrel() instead.
    DateTime=2021-06-22T05:28:28.0762889Z
Microsoft.Hosting.Lifetime Information: 0 : Now listening on: http://[::1]:8080
    DateTime=2021-06-22T05:28:28.2218388Z
Microsoft.Hosting.Lifetime Information: 0 : Now listening on: http://127.0.0.1:8080
    DateTime=2021-06-22T05:28:28.2337599Z
Microsoft.Hosting.Lifetime Information: 0 : Now listening on: https://[::1]:44340
    DateTime=2021-06-22T05:28:28.2472325Z
Microsoft.Hosting.Lifetime Information: 0 : Now listening on: https://127.0.0.1:44340
    DateTime=2021-06-22T05:28:28.2590081Z
Microsoft.Hosting.Lifetime Information: 0 : Application started. Press Ctrl+C to shut down.
    DateTime=2021-06-22T05:28:28.2725948Z
Microsoft.Hosting.Lifetime Information: 0 : Hosting environment: Development
    DateTime=2021-06-22T05:28:28.2859712Z
Microsoft.Hosting.Lifetime Information: 0 : Content root path: D:\dir\tsi\UPPC\Phase 4\WeighingSystemUPPCV3.5\WeighingSystemUPPCV3.5.Core\WeighingSystemUPPCV3.5.Core
    DateTime=2021-06-22T05:28:28.2979009Z
Microsoft.Hosting.Lifetime Information: 0 : Application is shutting down...
    DateTime=2021-06-22T05:28:58.9851935Z
Microsoft.AspNetCore.Server.Kestrel Warning: 0 : Overriding address(es) 'https://*:44386, http://*:44385'. Binding to endpoints defined in UseKestrel() instead.
    DateTime=2021-06-22T05:30:20.0386616Z
Microsoft.Hosting.Lifetime Information: 0 : Now listening on: http://[::1]:8080
    DateTime=2021-06-22T05:30:20.1343095Z
Microsoft.Hosting.Lifetime Information: 0 : Now listening on: http://127.0.0.1:8080
    DateTime=2021-06-22T05:30:20.1567768Z
Microsoft.Hosting.Lifetime Information: 0 : Now listening on: https://[::1]:44340
    DateTime=2021-06-22T05:30:20.1702337Z
Microsoft.Hosting.Lifetime Information: 0 : Now listening on: https://127.0.0.1:44340
    DateTime=2021-06-22T05:30:20.1848995Z
Microsoft.Hosting.Lifetime Information: 0 : Application started. Press Ctrl+C to shut down.
    DateTime=2021-06-22T05:30:20.1986927Z
Microsoft.Hosting.Lifetime Information: 0 : Hosting environment: Development
    DateTime=2021-06-22T05:30:20.2116883Z
Microsoft.Hosting.Lifetime Information: 0 : Content root path: D:\dir\tsi\UPPC\Phase 4\WeighingSystemUPPCV3.5\WeighingSystemUPPCV3.5.Core\WeighingSystemUPPCV3.5.Core
    DateTime=2021-06-22T05:30:20.2254176Z
Microsoft.Hosting.Lifetime Information: 0 : Application is shutting down...
    DateTime=2021-06-22T05:30:25.7968052Z
Microsoft.AspNetCore.Server.Kestrel Warning: 0 : Overriding address(es) 'https://localhost:5001/, http://localhost:5000/'. Binding to endpoints defined in UseKestrel() instead.
    DateTime=2021-06-22T05:31:31.1630966Z
Microsoft.Hosting.Lifetime Information: 0 : Now listening on: http://[::1]:8080
    DateTime=2021-06-22T05:31:31.2987349Z
Microsoft.Hosting.Lifetime Information: 0 : Now listening on: http://127.0.0.1:8080
    DateTime=2021-06-22T05:31:31.3128382Z
Microsoft.Hosting.Lifetime Information: 0 : Now listening on: https://[::1]:44386
    DateTime=2021-06-22T05:31:31.3270882Z
Microsoft.Hosting.Lifetime Information: 0 : Now listening on: https://127.0.0.1:44386
    DateTime=2021-06-22T05:31:31.3410685Z
Microsoft.Hosting.Lifetime Information: 0 : Application started. Press Ctrl+C to shut down.
    DateTime=2021-06-22T05:31:31.3544050Z
Microsoft.Hosting.Lifetime Information: 0 : Hosting environment: Development
    DateTime=2021-06-22T05:31:31.3664138Z
Microsoft.Hosting.Lifetime Information: 0 : Content root path: D:\dir\tsi\UPPC\Phase 4\WeighingSystemUPPCV3.5\WeighingSystemUPPCV3.5.Core\WeighingSystemUPPCV3.5.Core
    DateTime=2021-06-22T05:31:31.3804102Z
Microsoft.Hosting.Lifetime Information: 0 : Application is shutting down...
    DateTime=2021-06-22T05:31:53.4540050Z
Microsoft.AspNetCore.Server.Kestrel Warning: 0 : Overriding address(es) 'https://localhost:5001/, http://localhost:5000/'. Binding to endpoints defined in UseKestrel() instead.
    DateTime=2021-06-22T07:46:27.9427224Z
Microsoft.Hosting.Lifetime Information: 0 : Now listening on: http://[::1]:8080
    DateTime=2021-06-22T07:46:28.3413010Z
Microsoft.Hosting.Lifetime Information: 0 : Now listening on: http://127.0.0.1:8080
    DateTime=2021-06-22T07:46:28.3541483Z
Microsoft.Hosting.Lifetime Information: 0 : Now listening on: https://[::1]:44386
    DateTime=2021-06-22T07:46:28.3641169Z
Microsoft.Hosting.Lifetime Information: 0 : Now listening on: https://127.0.0.1:44386
    DateTime=2021-06-22T07:46:28.3739034Z
Microsoft.Hosting.Lifetime Information: 0 : Application started. Press Ctrl+C to shut down.
    DateTime=2021-06-22T07:46:28.3852315Z
Microsoft.Hosting.Lifetime Information: 0 : Hosting environment: Development
    DateTime=2021-06-22T07:46:28.3967056Z
Microsoft.Hosting.Lifetime Information: 0 : Content root path: D:\dir\tsi\UPPC\Phase 4\WeighingSystemUPPCV3.5\WeighingSystemUPPCV3.5.Core\WeighingSystemUPPCV3.5.Core
    DateTime=2021-06-22T07:46:28.4063046Z
Microsoft.Hosting.Lifetime Information: 0 : Application is shutting down...
    DateTime=2021-06-22T07:46:34.7744903Z
Microsoft.AspNetCore.Server.Kestrel Warning: 0 : Overriding address(es) 'https://localhost:5001/, http://localhost:5000/'. Binding to endpoints defined in UseKestrel() instead.
    DateTime=2021-06-22T08:38:11.9452632Z
Microsoft.AspNetCore.Server.Kestrel Critical: 0 : Unable to start Kestrel.
    DateTime=2021-06-22T08:38:12.2212104Z
Microsoft.AspNetCore.Server.Kestrel Warning: 0 : Overriding address(es) 'https://localhost:5001/, http://localhost:5000/'. Binding to endpoints defined in UseKestrel() instead.
    DateTime=2021-06-22T08:39:05.2698276Z
Microsoft.AspNetCore.Server.Kestrel Critical: 0 : Unable to start Kestrel.
    DateTime=2021-06-22T08:39:05.4018012Z
Microsoft.AspNetCore.Server.Kestrel Warning: 0 : Overriding address(es) 'https://localhost:5001/, http://localhost:5000/'. Binding to endpoints defined in UseKestrel() instead.
    DateTime=2021-06-22T08:39:32.8968589Z
Microsoft.Hosting.Lifetime Information: 0 : Now listening on: http://[::1]:8080
    DateTime=2021-06-22T08:39:32.9691331Z
Microsoft.Hosting.Lifetime Information: 0 : Now listening on: http://127.0.0.1:8080
    DateTime=2021-06-22T08:39:32.9769194Z
Microsoft.Hosting.Lifetime Information: 0 : Now listening on: https://[::1]:44386
    DateTime=2021-06-22T08:39:32.9853688Z
Microsoft.Hosting.Lifetime Information: 0 : Now listening on: https://127.0.0.1:44386
    DateTime=2021-06-22T08:39:32.9940077Z
Microsoft.Hosting.Lifetime Information: 0 : Application started. Press Ctrl+C to shut down.
    DateTime=2021-06-22T08:39:33.0046698Z
Microsoft.Hosting.Lifetime Information: 0 : Hosting environment: Development
    DateTime=2021-06-22T08:39:33.0139827Z
Microsoft.Hosting.Lifetime Information: 0 : Content root path: D:\dir\tsi\UPPC\Phase 4\WeighingSystemUPPCV3.5\WeighingSystemUPPCV3.5.Core\WeighingSystemUPPCV3.5.Core
    DateTime=2021-06-22T08:39:33.0255909Z
WeighingSystemUPPCV3_5_Core.Startup Information: 0 : Path: localhost:44386//api/Config
Body: 
Query: 
Client IP: ::1

    DateTime=2021-06-22T08:39:43.6172718Z
WeighingSystemUPPCV3_5_Core.Startup Information: 0 : Path: localhost:44386//api/BalingStations/selected
Body: 
Query: 
Client IP: ::1

    DateTime=2021-06-22T08:39:43.8873105Z
WeighingSystemUPPCV3_5_Core.Startup Information: 0 : Path: localhost:44386//api/MoistureSettings
Body: 
Query: 
Client IP: ::1

    DateTime=2021-06-22T08:39:51.3371555Z
WeighingSystemUPPCV3_5_Core.Startup Information: 0 : Path: localhost:44386//api/TransactionTypes
Body: 
Query: 
Client IP: ::1

    DateTime=2021-06-22T08:39:51.5471886Z
WeighingSystemUPPCV3_5_Core.Startup Information: 0 : Path: localhost:44386//api/MoistureReaders
Body: 
Query: 
Client IP: ::1

    DateTime=2021-06-22T08:39:51.6418124Z
WeighingSystemUPPCV3_5_Core.Startup Information: 0 : Path: localhost:44386//api/BaleTypes
Body: 
Query: 
Client IP: ::1

    DateTime=2021-06-22T08:39:51.7451604Z
WeighingSystemUPPCV3_5_Core.Startup Information: 0 : Path: localhost:44386//api/Sources
Body: 
Query: 
Client IP: ::1

    DateTime=2021-06-22T08:39:51.8473461Z
WeighingSystemUPPCV3_5_Core.Startup Information: 0 : Path: localhost:44386//api/SourceCategories
Body: 
Query: 
Client IP: ::1

    DateTime=2021-06-22T08:39:51.9444058Z
WeighingSystemUPPCV3_5_Core.Startup Information: 0 : Path: localhost:44386//api/Customers
Body: 
Query: 
Client IP: ::1

    DateTime=2021-06-22T08:39:52.0084491Z
WeighingSystemUPPCV3_5_Core.Startup Information: 0 : Path: localhost:44386//api/Suppliers
Body: 
Query: 
Client IP: ::1

    DateTime=2021-06-22T08:39:52.0843520Z
WeighingSystemUPPCV3_5_Core.Startup Information: 0 : Path: localhost:44386//api/RawMaterials
Body: 
Query: 
Client IP: ::1

    DateTime=2021-06-22T08:39:52.1714520Z
WeighingSystemUPPCV3_5_Core.Startup Information: 0 : Path: localhost:44386//api/Products
Body: 
Query: 
Client IP: ::1

    DateTime=2021-06-22T08:39:52.3195558Z
WeighingSystemUPPCV3_5_Core.Startup Information: 0 : Path: localhost:44386//api/Categories
Body: 
Query: 
Client IP: ::1

    DateTime=2021-06-22T08:39:52.4079056Z
WeighingSystemUPPCV3_5_Core.Startup Information: 0 : Path: localhost:44386//api/Haulers
Body: 
Query: 
Client IP: ::1

    DateTime=2021-06-22T08:39:52.5178358Z
WeighingSystemUPPCV3_5_Core.Startup Information: 0 : Path: localhost:44386//api/Vehicles
Body: 
Query: 
Client IP: ::1

    DateTime=2021-06-22T08:39:52.5840824Z
WeighingSystemUPPCV3_5_Core.Startup Information: 0 : Path: localhost:44386//api/VehicleTypes
Body: 
Query: 
Client IP: ::1

    DateTime=2021-06-22T08:39:52.7472459Z
WeighingSystemUPPCV3_5_Core.Startup Information: 0 : Path: localhost:44386//api/SubSuppliers
Body: 
Query: 
Client IP: ::1

    DateTime=2021-06-22T08:39:52.8105970Z
WeighingSystemUPPCV3_5_Core.Startup Information: 0 : Path: localhost:44386//api/SaleTransactions
Body: 
Query: ?Returned=false
Client IP: ::1

    DateTime=2021-06-22T08:39:52.8848332Z
WeighingSystemUPPCV3_5_Core.Startup Information: 0 : Path: localhost:44386//api/UserAccounts/UserAccountDetails
Body: 
Query: 
Client IP: ::1

    DateTime=2021-06-22T08:39:53.2075346Z
WeighingSystemUPPCV3_5_Core.Startup Information: 0 : Path: localhost:44386//api/Reminders
Body: 
Query: 
Client IP: ::1

    DateTime=2021-06-22T08:39:53.3000090Z
WeighingSystemUPPCV3_5_Core.Startup Information: 0 : Path: localhost:44386//api/Signatories
Body: 
Query: 
Client IP: ::1

    DateTime=2021-06-22T08:39:53.3594831Z
WeighingSystemUPPCV3_5_Core.Startup Information: 0 : Path: localhost:44386//api/UserAccounts/LogIn
Body: {"userName":"TSI","userPwd":"1"}
Query: 
Client IP: ::1

    DateTime=2021-06-22T08:39:56.4165679Z
WeighingSystemUPPCV3_5_Core.Startup Information: 0 : Path: localhost:44386//api/Reporting/ReportDataSet
Body: 
Query: ?ReportType=BALE_INVENTORY_MONITORING&DTFrom=6%2f1%2f2021%2012%3a00%3a00%20AM&DTTo=6%2f22%2f2021%2011%3a59%3a00%20PM&ClientId=0&CommodityId=0&CategoryId=0&PreparedBy=TERRINIEL%20SCALES%20INC.&CheckedBy=TERRINIEL%20SCALES%20INC.&PaperSize=DEFAULT&BalingStation=WeighingSystemUPPCV3_5_Service.Models.BalingStation&MoistureSettings=WeighingSystemUPPCV3_5_Service.Models.MoistureSettings&Signatory=WeighingSystemUPPCV3_5_Service.Models.Signatory&TransactionTypeCode=
Client IP: ::1

    DateTime=2021-06-22T08:40:04.4849635Z
WeighingSystemUPPCV3_5_Core.Controllers.BalesController Error: 0 : Invalid object name 'dbo.tvf_Inventory'.
    DateTime=2021-06-22T08:40:05.2050327Z
WeighingSystemUPPCV3_5_Core.Startup Information: 0 : Path: localhost:44386//api/Reporting/ReportDataSet
Body: 
Query: ?ReportType=BALE_INVENTORY_MONITORING&DTFrom=6%2f1%2f2021%2012%3a00%3a00%20AM&DTTo=6%2f22%2f2021%2011%3a59%3a00%20PM&ClientId=0&CommodityId=0&CategoryId=0&PreparedBy=TERRINIEL%20SCALES%20INC.&CheckedBy=TERRINIEL%20SCALES%20INC.&PaperSize=DEFAULT&BalingStation=WeighingSystemUPPCV3_5_Service.Models.BalingStation&MoistureSettings=WeighingSystemUPPCV3_5_Service.Models.MoistureSettings&Signatory=WeighingSystemUPPCV3_5_Service.Models.Signatory&TransactionTypeCode=
Client IP: ::1

    DateTime=2021-06-22T08:40:47.3567289Z
WeighingSystemUPPCV3_5_Core.Controllers.BalesController Error: 0 : Invalid object name 'dbo.tvf_Inventory'.
    DateTime=2021-06-22T08:41:08.7996130Z
WeighingSystemUPPCV3_5_Core.Startup Information: 0 : Path: localhost:44386//api/Reporting/ReportDataSet
Body: 
Query: ?ReportType=BALE_INVENTORY_MONITORING&DTFrom=6%2f1%2f2021%2012%3a00%3a00%20AM&DTTo=6%2f22%2f2021%2011%3a59%3a00%20PM&ClientId=0&CommodityId=0&CategoryId=0&PreparedBy=TERRINIEL%20SCALES%20INC.&CheckedBy=TERRINIEL%20SCALES%20INC.&PaperSize=DEFAULT&BalingStation=WeighingSystemUPPCV3_5_Service.Models.BalingStation&MoistureSettings=WeighingSystemUPPCV3_5_Service.Models.MoistureSettings&Signatory=WeighingSystemUPPCV3_5_Service.Models.Signatory&TransactionTypeCode=
Client IP: ::1

    DateTime=2021-06-22T08:41:44.1645218Z
WeighingSystemUPPCV3_5_Core.Controllers.BalesController Error: 0 : Invalid object name 'dbo.tvf_Inventory'.
    DateTime=2021-06-22T08:41:55.2797880Z
WeighingSystemUPPCV3_5_Core.Startup Information: 0 : Path: localhost:44386//api/Reporting/ReportDataSet
Body: 
Query: ?ReportType=BALE_INVENTORY_MONITORING&DTFrom=6%2f1%2f2021%2012%3a00%3a00%20AM&DTTo=6%2f22%2f2021%2011%3a59%3a00%20PM&ClientId=0&CommodityId=0&CategoryId=0&PreparedBy=TERRINIEL%20SCALES%20INC.&CheckedBy=TERRINIEL%20SCALES%20INC.&PaperSize=DEFAULT&BalingStation=WeighingSystemUPPCV3_5_Service.Models.BalingStation&MoistureSettings=WeighingSystemUPPCV3_5_Service.Models.MoistureSettings&Signatory=WeighingSystemUPPCV3_5_Service.Models.Signatory&TransactionTypeCode=
Client IP: ::1

    DateTime=2021-06-22T08:42:00.0064685Z
WeighingSystemUPPCV3_5_Core.Controllers.BalesController Error: 0 : Invalid object name 'dbo.tvf_Inventory'.
    DateTime=2021-06-22T08:42:40.3114583Z
WeighingSystemUPPCV3_5_Core.Startup Information: 0 : Path: localhost:44386//api/Reporting/ReportDataSet
Body: 
Query: ?ReportType=BALE_INVENTORY_MONITORING&DTFrom=6%2f1%2f2021%2012%3a00%3a00%20AM&DTTo=6%2f22%2f2021%2011%3a59%3a00%20PM&ClientId=0&CommodityId=0&CategoryId=0&PreparedBy=TERRINIEL%20SCALES%20INC.&CheckedBy=TERRINIEL%20SCALES%20INC.&PaperSize=DEFAULT&BalingStation=WeighingSystemUPPCV3_5_Service.Models.BalingStation&MoistureSettings=WeighingSystemUPPCV3_5_Service.Models.MoistureSettings&Signatory=WeighingSystemUPPCV3_5_Service.Models.Signatory&TransactionTypeCode=
Client IP: ::1

    DateTime=2021-06-22T08:45:19.3319810Z
WeighingSystemUPPCV3_5_Core.Startup Information: 0 : Path: localhost:44386//api/Reporting/ReportDataSet
Body: 
Query: ?ReportType=BALE_INVENTORY_MONITORING&DTFrom=6%2f1%2f2021%2012%3a00%3a00%20AM&DTTo=6%2f22%2f2021%2011%3a59%3a00%20PM&ClientId=0&CommodityId=0&CategoryId=0&PreparedBy=TERRINIEL%20SCALES%20INC.&CheckedBy=TERRINIEL%20SCALES%20INC.&PaperSize=DEFAULT&BalingStation=WeighingSystemUPPCV3_5_Service.Models.BalingStation&MoistureSettings=WeighingSystemUPPCV3_5_Service.Models.MoistureSettings&Signatory=WeighingSystemUPPCV3_5_Service.Models.Signatory&TransactionTypeCode=
Client IP: ::1

    DateTime=2021-06-22T08:45:28.3294781Z
Microsoft.Hosting.Lifetime Information: 0 : Application is shutting down...
    DateTime=2021-06-22T08:49:47.0620252Z
Microsoft.AspNetCore.Server.Kestrel Warning: 0 : Overriding address(es) 'https://localhost:5001/, http://localhost:5000/'. Binding to endpoints defined in UseKestrel() instead.
    DateTime=2021-06-22T08:53:51.9426943Z
Microsoft.Hosting.Lifetime Information: 0 : Now listening on: http://[::1]:8080
    DateTime=2021-06-22T08:53:52.1303983Z
Microsoft.Hosting.Lifetime Information: 0 : Now listening on: http://127.0.0.1:8080
    DateTime=2021-06-22T08:53:52.1600412Z
Microsoft.Hosting.Lifetime Information: 0 : Now listening on: https://[::1]:44386
    DateTime=2021-06-22T08:53:52.1788536Z
Microsoft.Hosting.Lifetime Information: 0 : Now listening on: https://127.0.0.1:44386
    DateTime=2021-06-22T08:53:52.1972436Z
Microsoft.Hosting.Lifetime Information: 0 : Application started. Press Ctrl+C to shut down.
    DateTime=2021-06-22T08:53:52.2164818Z
Microsoft.Hosting.Lifetime Information: 0 : Hosting environment: Development
    DateTime=2021-06-22T08:53:52.2311141Z
Microsoft.Hosting.Lifetime Information: 0 : Content root path: D:\dir\tsi\UPPC\Phase 4\WeighingSystemUPPCV3.5\WeighingSystemUPPCV3.5.Core\WeighingSystemUPPCV3.5.Core
    DateTime=2021-06-22T08:53:52.2458125Z
WeighingSystemUPPCV3_5_Core.Startup Information: 0 : Path: localhost:44386//api/Config
Body: 
Query: 
Client IP: ::1

    DateTime=2021-06-22T08:54:04.9953870Z
WeighingSystemUPPCV3_5_Core.Startup Information: 0 : Path: localhost:44386//api/BalingStations/selected
Body: 
Query: 
Client IP: ::1

    DateTime=2021-06-22T08:54:05.2462482Z
WeighingSystemUPPCV3_5_Core.Startup Information: 0 : Path: localhost:44386//api/MoistureSettings
Body: 
Query: 
Client IP: ::1

    DateTime=2021-06-22T08:54:08.9432166Z
WeighingSystemUPPCV3_5_Core.Startup Information: 0 : Path: localhost:44386//api/TransactionTypes
Body: 
Query: 
Client IP: ::1

    DateTime=2021-06-22T08:54:09.2413936Z
WeighingSystemUPPCV3_5_Core.Startup Information: 0 : Path: localhost:44386//api/MoistureReaders
Body: 
Query: 
Client IP: ::1

    DateTime=2021-06-22T08:54:09.3331113Z
WeighingSystemUPPCV3_5_Core.Startup Information: 0 : Path: localhost:44386//api/BaleTypes
Body: 
Query: 
Client IP: ::1

    DateTime=2021-06-22T08:54:09.4532042Z
WeighingSystemUPPCV3_5_Core.Startup Information: 0 : Path: localhost:44386//api/Sources
Body: 
Query: 
Client IP: ::1

    DateTime=2021-06-22T08:54:09.5638094Z
WeighingSystemUPPCV3_5_Core.Startup Information: 0 : Path: localhost:44386//api/SourceCategories
Body: 
Query: 
Client IP: ::1

    DateTime=2021-06-22T08:54:09.6609488Z
WeighingSystemUPPCV3_5_Core.Startup Information: 0 : Path: localhost:44386//api/Customers
Body: 
Query: 
Client IP: ::1

    DateTime=2021-06-22T08:54:09.7508037Z
WeighingSystemUPPCV3_5_Core.Startup Information: 0 : Path: localhost:44386//api/Suppliers
Body: 
Query: 
Client IP: ::1

    DateTime=2021-06-22T08:54:09.8045440Z
WeighingSystemUPPCV3_5_Core.Startup Information: 0 : Path: localhost:44386//api/RawMaterials
Body: 
Query: 
Client IP: ::1

    DateTime=2021-06-22T08:54:09.8745408Z
WeighingSystemUPPCV3_5_Core.Startup Information: 0 : Path: localhost:44386//api/Products
Body: 
Query: 
Client IP: ::1

    DateTime=2021-06-22T08:54:10.0038891Z
WeighingSystemUPPCV3_5_Core.Startup Information: 0 : Path: localhost:44386//api/Categories
Body: 
Query: 
Client IP: ::1

    DateTime=2021-06-22T08:54:10.0669805Z
WeighingSystemUPPCV3_5_Core.Startup Information: 0 : Path: localhost:44386//api/Haulers
Body: 
Query: 
Client IP: ::1

    DateTime=2021-06-22T08:54:10.1412504Z
WeighingSystemUPPCV3_5_Core.Startup Information: 0 : Path: localhost:44386//api/Vehicles
Body: 
Query: 
Client IP: ::1

    DateTime=2021-06-22T08:54:10.2045346Z
WeighingSystemUPPCV3_5_Core.Startup Information: 0 : Path: localhost:44386//api/VehicleTypes
Body: 
Query: 
Client IP: ::1

    DateTime=2021-06-22T08:54:10.3509352Z
WeighingSystemUPPCV3_5_Core.Startup Information: 0 : Path: localhost:44386//api/SubSuppliers
Body: 
Query: 
Client IP: ::1

    DateTime=2021-06-22T08:54:10.4135006Z
WeighingSystemUPPCV3_5_Core.Startup Information: 0 : Path: localhost:44386//api/SaleTransactions
Body: 
Query: ?Returned=false
Client IP: ::1

    DateTime=2021-06-22T08:54:10.4700030Z
WeighingSystemUPPCV3_5_Core.Startup Information: 0 : Path: localhost:44386//api/UserAccounts/UserAccountDetails
Body: 
Query: 
Client IP: ::1

    DateTime=2021-06-22T08:54:10.6652516Z
WeighingSystemUPPCV3_5_Core.Startup Information: 0 : Path: localhost:44386//api/Reminders
Body: 
Query: 
Client IP: ::1

    DateTime=2021-06-22T08:54:10.7323491Z
WeighingSystemUPPCV3_5_Core.Startup Information: 0 : Path: localhost:44386//api/Signatories
Body: 
Query: 
Client IP: ::1

    DateTime=2021-06-22T08:54:10.7824777Z
WeighingSystemUPPCV3_5_Core.Startup Information: 0 : Path: localhost:44386//api/UserAccounts/LogIn
Body: {"userName":"TSI","userPwd":"1"}
Query: 
Client IP: ::1

    DateTime=2021-06-22T08:54:13.3573482Z
WeighingSystemUPPCV3_5_Core.Startup Information: 0 : Path: localhost:44386//api/Reporting/ReportDataSet
Body: 
Query: ?ReportType=BALE_INVENTORY_MONITORING&DTFrom=6%2f22%2f2021%2012%3a00%3a00%20AM&DTTo=6%2f22%2f2021%2011%3a59%3a00%20PM&ClientId=0&CommodityId=0&CategoryId=0&PreparedBy=TERRINIEL%20SCALES%20INC.&CheckedBy=TERRINIEL%20SCALES%20INC.&PaperSize=DEFAULT&BalingStation=WeighingSystemUPPCV3_5_Service.Models.BalingStation&MoistureSettings=WeighingSystemUPPCV3_5_Service.Models.MoistureSettings&Signatory=WeighingSystemUPPCV3_5_Service.Models.Signatory&TransactionTypeCode=
Client IP: ::1

    DateTime=2021-06-22T08:54:22.0928656Z
WeighingSystemUPPCV3_5_Core.Startup Information: 0 : Path: localhost:44386//api/Reporting/ReportDataSet
Body: 
Query: ?ReportType=BALE_INVENTORY_MONITORING&DTFrom=6%2f22%2f2021%2012%3a00%3a00%20AM&DTTo=6%2f22%2f2021%2011%3a59%3a00%20PM&ClientId=0&CommodityId=0&CategoryId=0&PreparedBy=TERRINIEL%20SCALES%20INC.&CheckedBy=TERRINIEL%20SCALES%20INC.&PaperSize=DEFAULT&BalingStation=WeighingSystemUPPCV3_5_Service.Models.BalingStation&MoistureSettings=WeighingSystemUPPCV3_5_Service.Models.MoistureSettings&Signatory=WeighingSystemUPPCV3_5_Service.Models.Signatory&TransactionTypeCode=
Client IP: ::1

    DateTime=2021-06-22T08:54:47.1666477Z
WeighingSystemUPPCV3_5_Core.Startup Information: 0 : Path: localhost:44386//api/Reporting/ReportDataSet
Body: 
Query: ?ReportType=BALE_INVENTORY_MONITORING&DTFrom=6%2f22%2f2021%2012%3a00%3a00%20AM&DTTo=6%2f22%2f2021%2011%3a59%3a00%20PM&ClientId=0&CommodityId=0&CategoryId=0&PreparedBy=TERRINIEL%20SCALES%20INC.&CheckedBy=TERRINIEL%20SCALES%20INC.&PaperSize=DEFAULT&BalingStation=WeighingSystemUPPCV3_5_Service.Models.BalingStation&MoistureSettings=WeighingSystemUPPCV3_5_Service.Models.MoistureSettings&Signatory=WeighingSystemUPPCV3_5_Service.Models.Signatory&TransactionTypeCode=
Client IP: ::1

    DateTime=2021-06-22T08:56:28.6689004Z
Microsoft.Hosting.Lifetime Information: 0 : Application is shutting down...
    DateTime=2021-06-22T09:05:59.8912878Z
Microsoft.AspNetCore.Server.Kestrel Warning: 0 : Overriding address(es) 'https://localhost:5001/, http://localhost:5000/'. Binding to endpoints defined in UseKestrel() instead.
    DateTime=2021-06-22T09:06:09.3233741Z
Microsoft.Hosting.Lifetime Information: 0 : Now listening on: http://[::1]:8080
    DateTime=2021-06-22T09:06:09.4400013Z
Microsoft.Hosting.Lifetime Information: 0 : Now listening on: http://127.0.0.1:8080
    DateTime=2021-06-22T09:06:09.4533334Z
Microsoft.Hosting.Lifetime Information: 0 : Now listening on: https://[::1]:44386
    DateTime=2021-06-22T09:06:09.4652426Z
Microsoft.Hosting.Lifetime Information: 0 : Now listening on: https://127.0.0.1:44386
    DateTime=2021-06-22T09:06:09.4767658Z
Microsoft.Hosting.Lifetime Information: 0 : Application started. Press Ctrl+C to shut down.
    DateTime=2021-06-22T09:06:09.4887812Z
Microsoft.Hosting.Lifetime Information: 0 : Hosting environment: Development
    DateTime=2021-06-22T09:06:09.4993072Z
Microsoft.Hosting.Lifetime Information: 0 : Content root path: D:\dir\tsi\UPPC\Phase 4\WeighingSystemUPPCV3.5\WeighingSystemUPPCV3.5.Core\WeighingSystemUPPCV3.5.Core
    DateTime=2021-06-22T09:06:09.5111939Z
Microsoft.Hosting.Lifetime Information: 0 : Application is shutting down...
    DateTime=2021-06-22T09:08:11.0732725Z
Microsoft.AspNetCore.Server.Kestrel Warning: 0 : Overriding address(es) 'https://localhost:5001/, http://localhost:5000/'. Binding to endpoints defined in UseKestrel() instead.
    DateTime=2021-06-22T11:58:13.9522127Z
Microsoft.AspNetCore.Server.Kestrel Critical: 0 : Unable to start Kestrel.
    DateTime=2021-06-22T11:58:14.2745130Z
Microsoft.AspNetCore.Server.Kestrel Warning: 0 : Overriding address(es) 'https://localhost:5001/, http://localhost:5000/'. Binding to endpoints defined in UseKestrel() instead.
    DateTime=2021-06-22T11:59:07.9000937Z
Microsoft.AspNetCore.Server.Kestrel Critical: 0 : Unable to start Kestrel.
    DateTime=2021-06-22T11:59:08.0616106Z
Microsoft.AspNetCore.Server.Kestrel Warning: 0 : Overriding address(es) 'https://localhost:5001/, http://localhost:5000/'. Binding to endpoints defined in UseKestrel() instead.
    DateTime=2021-06-22T11:59:55.7904132Z
Microsoft.Hosting.Lifetime Information: 0 : Now listening on: http://[::1]:44385
    DateTime=2021-06-22T11:59:55.8920195Z
Microsoft.Hosting.Lifetime Information: 0 : Now listening on: http://127.0.0.1:44385
    DateTime=2021-06-22T11:59:55.9042514Z
Microsoft.Hosting.Lifetime Information: 0 : Now listening on: https://[::1]:44386
    DateTime=2021-06-22T11:59:55.9156051Z
Microsoft.Hosting.Lifetime Information: 0 : Now listening on: https://127.0.0.1:44386
    DateTime=2021-06-22T11:59:55.9276627Z
Microsoft.Hosting.Lifetime Information: 0 : Application started. Press Ctrl+C to shut down.
    DateTime=2021-06-22T11:59:55.9397282Z
Microsoft.Hosting.Lifetime Information: 0 : Hosting environment: Development
    DateTime=2021-06-22T11:59:55.9517696Z
Microsoft.Hosting.Lifetime Information: 0 : Content root path: D:\dir\tsi\UPPC\Phase 4\WeighingSystemUPPCV3.5\WeighingSystemUPPCV3.5.Core\WeighingSystemUPPCV3.5.Core
    DateTime=2021-06-22T11:59:55.9641651Z
WeighingSystemUPPCV3_5_Core.Startup Information: 0 : Path: localhost:44385//api/balingstations
Body: 
Query: 
Client IP: ::1

    DateTime=2021-06-22T12:00:46.1637696Z
WeighingSystemUPPCV3_5_Core.Startup Information: 0 : Path: localhost:44386//api/balingstations
Body: 
Query: 
Client IP: ::1

    DateTime=2021-06-22T12:01:03.6825963Z
WeighingSystemUPPCV3_5_Core.Startup Information: 0 : Path: localhost:44386//favicon.ico
Body: 
Query: 
Client IP: ::1

    DateTime=2021-06-22T12:01:15.9976779Z
Microsoft.Hosting.Lifetime Information: 0 : Now listening on: https://localhost:5001
    DateTime=2021-06-22T12:02:33.1108307Z
Microsoft.Hosting.Lifetime Information: 0 : Now listening on: http://localhost:5000
    DateTime=2021-06-22T12:02:33.1243178Z
Microsoft.Hosting.Lifetime Information: 0 : Application started. Press Ctrl+C to shut down.
    DateTime=2021-06-22T12:02:33.1393887Z
Microsoft.Hosting.Lifetime Information: 0 : Hosting environment: Development
    DateTime=2021-06-22T12:02:33.1548260Z
Microsoft.Hosting.Lifetime Information: 0 : Content root path: D:\dir\tsi\UPPC\Phase 4\WeighingSystemUPPCV3.5\WeighingSystemUPPCV3.5.Core\WeighingSystemUPPCV3.5.Core
    DateTime=2021-06-22T12:02:33.1710973Z
WeighingSystemUPPCV3_5_Core.Startup Information: 0 : Path: localhost:5001//api/balingstations/selected
Body: 
Query: 
Client IP: ::1

    DateTime=2021-06-22T12:02:34.7602317Z
WeighingSystemUPPCV3_5_Core.Startup Information: 0 : Path: localhost:5001//favicon.ico
Body: 
Query: 
Client IP: ::1

    DateTime=2021-06-22T12:02:40.7045059Z
Microsoft.Hosting.Lifetime Information: 0 : Now listening on: http://localhost:5000
    DateTime=2021-06-22T12:10:28.0004370Z
Microsoft.Hosting.Lifetime Information: 0 : Now listening on: https://localhost:5001
    DateTime=2021-06-22T12:10:28.0132588Z
Microsoft.Hosting.Lifetime Information: 0 : Application started. Press Ctrl+C to shut down.
    DateTime=2021-06-22T12:10:28.0263007Z
Microsoft.Hosting.Lifetime Information: 0 : Hosting environment: Development
    DateTime=2021-06-22T12:10:28.0410064Z
Microsoft.Hosting.Lifetime Information: 0 : Content root path: D:\dir\tsi\UPPC\Phase 4\WeighingSystemUPPCV3.5\WeighingSystemUPPCV3.5.Core\WeighingSystemUPPCV3.5.Core
    DateTime=2021-06-22T12:10:28.0552083Z
WeighingSystemUPPCV3_5_Core.Startup Information: 0 : Path: localhost:5001//api/balingstations/selected
Body: 
Query: 
Client IP: ::1

    DateTime=2021-06-22T12:10:29.3073909Z
Microsoft.Hosting.Lifetime Information: 0 : Now listening on: http://localhost:5000
    DateTime=2021-06-22T12:14:24.3435861Z
Microsoft.Hosting.Lifetime Information: 0 : Now listening on: https://localhost:5001
    DateTime=2021-06-22T12:14:24.3534722Z
Microsoft.Hosting.Lifetime Information: 0 : Application started. Press Ctrl+C to shut down.
    DateTime=2021-06-22T12:14:24.3634710Z
Microsoft.Hosting.Lifetime Information: 0 : Hosting environment: Development
    DateTime=2021-06-22T12:14:24.3729828Z
Microsoft.Hosting.Lifetime Information: 0 : Content root path: D:\dir\tsi\UPPC\Phase 4\WeighingSystemUPPCV3.5\WeighingSystemUPPCV3.5.Core\WeighingSystemUPPCV3.5.Core
    DateTime=2021-06-22T12:14:24.3825797Z
WeighingSystemUPPCV3_5_Core.Startup Information: 0 : Path: localhost:5001//api/balingstations/selected
Body: 
Query: 
Client IP: ::1

    DateTime=2021-06-22T12:14:25.4941260Z
Microsoft.Hosting.Lifetime Information: 0 : Now listening on: http://localhost:5000
    DateTime=2021-06-22T12:16:00.5786196Z
Microsoft.Hosting.Lifetime Information: 0 : Now listening on: https://localhost:5001
    DateTime=2021-06-22T12:16:00.5870330Z
Microsoft.Hosting.Lifetime Information: 0 : Application started. Press Ctrl+C to shut down.
    DateTime=2021-06-22T12:16:00.5966060Z
Microsoft.Hosting.Lifetime Information: 0 : Hosting environment: Development
    DateTime=2021-06-22T12:16:00.6060704Z
Microsoft.Hosting.Lifetime Information: 0 : Content root path: D:\dir\tsi\UPPC\Phase 4\WeighingSystemUPPCV3.5\WeighingSystemUPPCV3.5.Core\WeighingSystemUPPCV3.5.Core
    DateTime=2021-06-22T12:16:00.6148005Z
WeighingSystemUPPCV3_5_Core.Startup Information: 0 : Path: localhost:5001//api/balingstations/selected
Body: 
Query: 
Client IP: ::1

    DateTime=2021-06-22T12:16:01.5610540Z
Microsoft.Hosting.Lifetime Information: 0 : Now listening on: https://[::]:44386
    DateTime=2021-06-22T12:18:14.4015544Z
Microsoft.Hosting.Lifetime Information: 0 : Now listening on: http://[::]:44385
    DateTime=2021-06-22T12:18:14.4090665Z
Microsoft.Hosting.Lifetime Information: 0 : Application started. Press Ctrl+C to shut down.
    DateTime=2021-06-22T12:18:14.4171959Z
Microsoft.Hosting.Lifetime Information: 0 : Hosting environment: Development
    DateTime=2021-06-22T12:18:14.4245694Z
Microsoft.Hosting.Lifetime Information: 0 : Content root path: D:\dir\tsi\UPPC\Phase 4\WeighingSystemUPPCV3.5\WeighingSystemUPPCV3.5.Core\WeighingSystemUPPCV3.5.Core
    DateTime=2021-06-22T12:18:14.4329484Z
Microsoft.Hosting.Lifetime Information: 0 : Application is shutting down...
    DateTime=2021-06-22T12:20:00.5283496Z
Microsoft.AspNetCore.Server.Kestrel Warning: 0 : Overriding address(es) 'https://*:44386, http://*:44385'. Binding to endpoints defined in UseKestrel() instead.
    DateTime=2021-06-22T12:20:45.7002755Z
Microsoft.Hosting.Lifetime Information: 0 : Now listening on: http://[::1]:44385
    DateTime=2021-06-22T12:20:45.7726962Z
Microsoft.Hosting.Lifetime Information: 0 : Now listening on: http://127.0.0.1:44385
    DateTime=2021-06-22T12:20:45.7798952Z
Microsoft.Hosting.Lifetime Information: 0 : Now listening on: https://[::1]:44386
    DateTime=2021-06-22T12:20:45.7879176Z
Microsoft.Hosting.Lifetime Information: 0 : Now listening on: https://127.0.0.1:44386
    DateTime=2021-06-22T12:20:45.7957377Z
Microsoft.Hosting.Lifetime Information: 0 : Application started. Press Ctrl+C to shut down.
    DateTime=2021-06-22T12:20:45.8054381Z
Microsoft.Hosting.Lifetime Information: 0 : Hosting environment: Development
    DateTime=2021-06-22T12:20:45.8148758Z
Microsoft.Hosting.Lifetime Information: 0 : Content root path: D:\dir\tsi\UPPC\Phase 4\WeighingSystemUPPCV3.5\WeighingSystemUPPCV3.5.Core\WeighingSystemUPPCV3.5.Core
    DateTime=2021-06-22T12:20:45.8239113Z
Microsoft.AspNetCore.Server.Kestrel Warning: 0 : Overriding address(es) 'https://*:44386, http://*:44385'. Binding to endpoints defined in UseKestrel() instead.
    DateTime=2021-06-22T12:22:26.0585641Z
Microsoft.Hosting.Lifetime Information: 0 : Now listening on: http://[::1]:44385
    DateTime=2021-06-22T12:22:26.1452649Z
Microsoft.Hosting.Lifetime Information: 0 : Now listening on: http://127.0.0.1:44385
    DateTime=2021-06-22T12:22:26.1569782Z
Microsoft.Hosting.Lifetime Information: 0 : Now listening on: https://[::1]:44386
    DateTime=2021-06-22T12:22:26.1697704Z
Microsoft.Hosting.Lifetime Information: 0 : Now listening on: https://127.0.0.1:44386
    DateTime=2021-06-22T12:22:26.1825412Z
Microsoft.Hosting.Lifetime Information: 0 : Application started. Press Ctrl+C to shut down.
    DateTime=2021-06-22T12:22:26.1970868Z
Microsoft.Hosting.Lifetime Information: 0 : Hosting environment: Development
    DateTime=2021-06-22T12:22:26.2097038Z
Microsoft.Hosting.Lifetime Information: 0 : Content root path: D:\dir\tsi\UPPC\Phase 4\WeighingSystemUPPCV3.5\WeighingSystemUPPCV3.5.Core\WeighingSystemUPPCV3.5.Core
    DateTime=2021-06-22T12:22:26.2220803Z
Microsoft.Hosting.Lifetime Information: 0 : Now listening on: https://[::]:44386
    DateTime=2021-06-22T12:23:05.9483939Z
Microsoft.Hosting.Lifetime Information: 0 : Now listening on: http://[::]:44385
    DateTime=2021-06-22T12:23:05.9592646Z
Microsoft.Hosting.Lifetime Information: 0 : Application started. Press Ctrl+C to shut down.
    DateTime=2021-06-22T12:23:05.9695573Z
Microsoft.Hosting.Lifetime Information: 0 : Hosting environment: Development
    DateTime=2021-06-22T12:23:05.9834517Z
Microsoft.Hosting.Lifetime Information: 0 : Content root path: D:\dir\tsi\UPPC\Phase 4\WeighingSystemUPPCV3.5\WeighingSystemUPPCV3.5.Core\WeighingSystemUPPCV3.5.Core
    DateTime=2021-06-22T12:23:05.9954401Z
Microsoft.Hosting.Lifetime Information: 0 : Now listening on: https://[::]:44386
    DateTime=2021-06-22T12:24:56.6845862Z
Microsoft.Hosting.Lifetime Information: 0 : Now listening on: http://[::]:44385
    DateTime=2021-06-22T12:24:56.6938096Z
Microsoft.Hosting.Lifetime Information: 0 : Now listening on: https://0.0.0.0:44386
    DateTime=2021-06-22T12:24:56.7034192Z
Microsoft.Hosting.Lifetime Information: 0 : Application started. Press Ctrl+C to shut down.
    DateTime=2021-06-22T12:24:56.7143618Z
Microsoft.Hosting.Lifetime Information: 0 : Hosting environment: Development
    DateTime=2021-06-22T12:24:56.7255739Z
Microsoft.Hosting.Lifetime Information: 0 : Content root path: D:\dir\tsi\UPPC\Phase 4\WeighingSystemUPPCV3.5\WeighingSystemUPPCV3.5.Core\WeighingSystemUPPCV3.5.Core
    DateTime=2021-06-22T12:24:56.7364406Z
Microsoft.Hosting.Lifetime Information: 0 : Application is shutting down...
    DateTime=2021-06-22T12:25:28.6759777Z
Microsoft.AspNetCore.Server.Kestrel Warning: 0 : Overriding address(es) 'https://*:44386, http://*:44385'. Binding to endpoints defined in UseKestrel() instead.
    DateTime=2021-06-22T12:25:46.5529052Z
Microsoft.Hosting.Lifetime Information: 0 : Now listening on: http://[::1]:44385
    DateTime=2021-06-22T12:25:46.6272581Z
Microsoft.Hosting.Lifetime Information: 0 : Now listening on: http://127.0.0.1:44385
    DateTime=2021-06-22T12:25:46.6597431Z
Microsoft.Hosting.Lifetime Information: 0 : Now listening on: https://[::1]:44386
    DateTime=2021-06-22T12:25:46.6672817Z
Microsoft.Hosting.Lifetime Information: 0 : Now listening on: https://127.0.0.1:44386
    DateTime=2021-06-22T12:25:46.6750298Z
Microsoft.Hosting.Lifetime Information: 0 : Application started. Press Ctrl+C to shut down.
    DateTime=2021-06-22T12:25:46.6831084Z
Microsoft.Hosting.Lifetime Information: 0 : Hosting environment: Development
    DateTime=2021-06-22T12:25:46.6920009Z
Microsoft.Hosting.Lifetime Information: 0 : Content root path: D:\dir\tsi\UPPC\Phase 4\WeighingSystemUPPCV3.5\WeighingSystemUPPCV3.5.Core\WeighingSystemUPPCV3.5.Core
    DateTime=2021-06-22T12:25:46.7016197Z
Microsoft.AspNetCore.Server.Kestrel Warning: 0 : Overriding address(es) 'https://*:44386, http://*:44385, https://0.0.0.0:44386'. Binding to endpoints defined in UseKestrel() instead.
    DateTime=2021-06-22T12:26:22.7861693Z
Microsoft.Hosting.Lifetime Information: 0 : Now listening on: http://[::1]:44385
    DateTime=2021-06-22T12:26:22.8660038Z
Microsoft.Hosting.Lifetime Information: 0 : Now listening on: http://127.0.0.1:44385
    DateTime=2021-06-22T12:26:22.8721557Z
Microsoft.Hosting.Lifetime Information: 0 : Now listening on: https://[::1]:44386
    DateTime=2021-06-22T12:26:22.8790067Z
Microsoft.Hosting.Lifetime Information: 0 : Now listening on: https://127.0.0.1:44386
    DateTime=2021-06-22T12:26:22.8862055Z
Microsoft.Hosting.Lifetime Information: 0 : Application started. Press Ctrl+C to shut down.
    DateTime=2021-06-22T12:26:22.8933272Z
Microsoft.Hosting.Lifetime Information: 0 : Hosting environment: Development
    DateTime=2021-06-22T12:26:22.9017929Z
Microsoft.Hosting.Lifetime Information: 0 : Content root path: D:\dir\tsi\UPPC\Phase 4\WeighingSystemUPPCV3.5\WeighingSystemUPPCV3.5.Core\WeighingSystemUPPCV3.5.Core
    DateTime=2021-06-22T12:26:22.9105952Z
Microsoft.AspNetCore.Server.Kestrel Warning: 0 : Overriding address(es) 'https://*:44386, http://*:44385, https://0.0.0.0:44386'. Binding to endpoints defined in UseKestrel() instead.
    DateTime=2021-06-22T12:26:53.9735784Z
Microsoft.Hosting.Lifetime Information: 0 : Now listening on: http://[::1]:44385
    DateTime=2021-06-22T12:26:54.0471111Z
Microsoft.Hosting.Lifetime Information: 0 : Now listening on: http://127.0.0.1:44385
    DateTime=2021-06-22T12:26:54.0544709Z
Microsoft.Hosting.Lifetime Information: 0 : Now listening on: https://[::1]:44386
    DateTime=2021-06-22T12:26:54.0627751Z
Microsoft.Hosting.Lifetime Information: 0 : Now listening on: https://127.0.0.1:44386
    DateTime=2021-06-22T12:26:54.0717086Z
Microsoft.Hosting.Lifetime Information: 0 : Application started. Press Ctrl+C to shut down.
    DateTime=2021-06-22T12:26:54.0806328Z
Microsoft.Hosting.Lifetime Information: 0 : Hosting environment: Development
    DateTime=2021-06-22T12:26:54.0883382Z
Microsoft.Hosting.Lifetime Information: 0 : Content root path: D:\dir\tsi\UPPC\Phase 4\WeighingSystemUPPCV3.5\WeighingSystemUPPCV3.5.Core\WeighingSystemUPPCV3.5.Core
    DateTime=2021-06-22T12:26:54.0957667Z
Microsoft.Hosting.Lifetime Information: 0 : Application is shutting down...
    DateTime=2021-06-22T12:27:32.1949899Z
Microsoft.AspNetCore.Server.Kestrel Warning: 0 : Overriding address(es) 'https://*:44386, http://*:44385, https://0.0.0.0:44386'. Binding to endpoints defined in UseKestrel() instead.
    DateTime=2021-06-22T12:33:58.8887345Z
Microsoft.Hosting.Lifetime Information: 0 : Now listening on: http://0.0.0.0:44385
    DateTime=2021-06-22T12:33:58.9728167Z
Microsoft.Hosting.Lifetime Information: 0 : Now listening on: https://0.0.0.0:44386
    DateTime=2021-06-22T12:33:58.9803909Z
Microsoft.Hosting.Lifetime Information: 0 : Application started. Press Ctrl+C to shut down.
    DateTime=2021-06-22T12:33:58.9897790Z
Microsoft.Hosting.Lifetime Information: 0 : Hosting environment: Development
    DateTime=2021-06-22T12:33:58.9981144Z
Microsoft.Hosting.Lifetime Information: 0 : Content root path: D:\dir\tsi\UPPC\Phase 4\WeighingSystemUPPCV3.5\WeighingSystemUPPCV3.5.Core\WeighingSystemUPPCV3.5.Core
    DateTime=2021-06-22T12:33:59.0088237Z
WeighingSystemUPPCV3_5_Core.Startup Information: 0 : Path: 192.168.1.6:44386//api/balingstations
Body: 
Query: 
Client IP: 192.168.1.5

    DateTime=2021-06-22T12:34:25.5906700Z
WeighingSystemUPPCV3_5_Core.Startup Information: 0 : Path: 192.168.1.6:44386//favicon.ico
Body: 
Query: 
Client IP: 192.168.1.5

    DateTime=2021-06-22T12:34:29.3207998Z
Microsoft.Hosting.Lifetime Information: 0 : Application is shutting down...
    DateTime=2021-06-22T12:34:41.5336793Z
Microsoft.AspNetCore.Server.Kestrel Warning: 0 : Overriding address(es) 'https://*:44386, http://*:44385, https://0.0.0.0:44386'. Binding to endpoints defined in UseKestrel() instead.
    DateTime=2021-06-22T12:37:09.5645558Z
Microsoft.Hosting.Lifetime Information: 0 : Now listening on: http://[::1]:44385
    DateTime=2021-06-22T12:37:09.6419842Z
Microsoft.Hosting.Lifetime Information: 0 : Now listening on: http://127.0.0.1:44385
    DateTime=2021-06-22T12:37:09.6506801Z
Microsoft.Hosting.Lifetime Information: 0 : Now listening on: https://[::1]:44386
    DateTime=2021-06-22T12:37:09.6592191Z
Microsoft.Hosting.Lifetime Information: 0 : Now listening on: https://127.0.0.1:44386
    DateTime=2021-06-22T12:37:09.6667447Z
Microsoft.Hosting.Lifetime Information: 0 : Now listening on: https://0.0.0.0:44386
    DateTime=2021-06-22T12:37:09.6745302Z
Microsoft.Hosting.Lifetime Information: 0 : Application started. Press Ctrl+C to shut down.
    DateTime=2021-06-22T12:37:09.6835139Z
Microsoft.Hosting.Lifetime Information: 0 : Hosting environment: Development
    DateTime=2021-06-22T12:37:09.6926766Z
Microsoft.Hosting.Lifetime Information: 0 : Content root path: D:\dir\tsi\UPPC\Phase 4\WeighingSystemUPPCV3.5\WeighingSystemUPPCV3.5.Core\WeighingSystemUPPCV3.5.Core
    DateTime=2021-06-22T12:37:09.7028301Z
WeighingSystemUPPCV3_5_Core.Startup Information: 0 : Path: localhost:44386//api/balingstations
Body: 
Query: 
Client IP: ::1

    DateTime=2021-06-22T12:37:22.7890412Z
WeighingSystemUPPCV3_5_Core.Startup Information: 0 : Path: localhost:44386//api/balingstations
Body: 
Query: 
Client IP: ::1

    DateTime=2021-06-22T12:37:28.0072092Z
