Microsoft.Hosting.Lifetime Information: 0 : Now listening on: https://[::]:44386
    DateTime=2021-03-14T08:13:30.4767627Z
Microsoft.Hosting.Lifetime Information: 0 : Now listening on: http://[::]:44385
    DateTime=2021-03-14T08:13:30.4845430Z
Microsoft.Hosting.Lifetime Information: 0 : Application started. Press Ctrl+C to shut down.
    DateTime=2021-03-14T08:13:30.4919175Z
Microsoft.Hosting.Lifetime Information: 0 : Hosting environment: Development
    DateTime=2021-03-14T08:13:30.4975780Z
Microsoft.Hosting.Lifetime Information: 0 : Content root path: D:\dir\tsi\UPPC\Phase 4\WeighingSystemUPPCV3.5\WeighingSystemUPPCV3.5.Core\WeighingSystemUPPCV3.5.Core
    DateTime=2021-03-14T08:13:30.5025514Z
Microsoft.Hosting.Lifetime Information: 0 : Now listening on: https://[::]:44386
    DateTime=2021-03-14T08:14:26.2558178Z
Microsoft.Hosting.Lifetime Information: 0 : Now listening on: http://[::]:44385
    DateTime=2021-03-14T08:14:26.2629739Z
Microsoft.Hosting.Lifetime Information: 0 : Application started. Press Ctrl+C to shut down.
    DateTime=2021-03-14T08:14:26.2708071Z
Microsoft.Hosting.Lifetime Information: 0 : Hosting environment: Development
    DateTime=2021-03-14T08:14:26.2770759Z
Microsoft.Hosting.Lifetime Information: 0 : Content root path: D:\dir\tsi\UPPC\Phase 4\WeighingSystemUPPCV3.5\WeighingSystemUPPCV3.5.Core\WeighingSystemUPPCV3.5.Core
    DateTime=2021-03-14T08:14:26.2833376Z
Microsoft.Hosting.Lifetime Information: 0 : Now listening on: https://[::]:44386
    DateTime=2021-03-14T08:19:24.8180013Z
Microsoft.Hosting.Lifetime Information: 0 : Now listening on: http://[::]:44385
    DateTime=2021-03-14T08:19:24.8279262Z
Microsoft.Hosting.Lifetime Information: 0 : Application started. Press Ctrl+C to shut down.
    DateTime=2021-03-14T08:19:24.8363397Z
Microsoft.Hosting.Lifetime Information: 0 : Hosting environment: Development
    DateTime=2021-03-14T08:19:24.8446493Z
Microsoft.Hosting.Lifetime Information: 0 : Content root path: D:\dir\tsi\UPPC\Phase 4\WeighingSystemUPPCV3.5\WeighingSystemUPPCV3.5.Core\WeighingSystemUPPCV3.5.Core
    DateTime=2021-03-14T08:19:24.8710248Z
WeighingSystemUPPCV3_5_Core.Startup Information: 0 : Path: localhost:44386//api/Config
Body: 
Query: 
Client IP: ::1

    DateTime=2021-03-14T08:19:42.8859584Z
WeighingSystemUPPCV3_5_Core.Startup Information: 0 : Path: localhost:44386//api/BalingStations/selected
Body: 
Query: 
Client IP: ::1

    DateTime=2021-03-14T08:19:43.1395055Z
WeighingSystemUPPCV3_5_Core.Startup Information: 0 : Path: localhost:44386//api/MoistureSettings
Body: 
Query: 
Client IP: ::1

    DateTime=2021-03-14T08:19:47.8522284Z
WeighingSystemUPPCV3_5_Core.Startup Information: 0 : Path: localhost:44386//api/TransactionTypes
Body: 
Query: 
Client IP: ::1

    DateTime=2021-03-14T08:19:47.9824854Z
WeighingSystemUPPCV3_5_Core.Startup Information: 0 : Path: localhost:44386//api/MoistureReaders
Body: 
Query: 
Client IP: ::1

    DateTime=2021-03-14T08:19:48.0361480Z
WeighingSystemUPPCV3_5_Core.Startup Information: 0 : Path: localhost:44386//api/BaleTypes
Body: 
Query: 
Client IP: ::1

    DateTime=2021-03-14T08:19:48.1120679Z
WeighingSystemUPPCV3_5_Core.Startup Information: 0 : Path: localhost:44386//api/Sources
Body: 
Query: 
Client IP: ::1

    DateTime=2021-03-14T08:19:48.1676170Z
WeighingSystemUPPCV3_5_Core.Startup Information: 0 : Path: localhost:44386//api/SourceCategories
Body: 
Query: 
Client IP: ::1

    DateTime=2021-03-14T08:19:48.2365816Z
WeighingSystemUPPCV3_5_Core.Startup Information: 0 : Path: localhost:44386//api/Customers
Body: 
Query: 
Client IP: ::1

    DateTime=2021-03-14T08:19:48.2853791Z
WeighingSystemUPPCV3_5_Core.Startup Information: 0 : Path: localhost:44386//api/Suppliers
Body: 
Query: 
Client IP: ::1

    DateTime=2021-03-14T08:19:48.3435866Z
WeighingSystemUPPCV3_5_Core.Startup Information: 0 : Path: localhost:44386//api/RawMaterials
Body: 
Query: 
Client IP: ::1

    DateTime=2021-03-14T08:19:48.4135730Z
WeighingSystemUPPCV3_5_Core.Startup Information: 0 : Path: localhost:44386//api/Products
Body: 
Query: 
Client IP: ::1

    DateTime=2021-03-14T08:19:48.5255309Z
WeighingSystemUPPCV3_5_Core.Startup Information: 0 : Path: localhost:44386//api/Categories
Body: 
Query: 
Client IP: ::1

    DateTime=2021-03-14T08:19:48.5844700Z
WeighingSystemUPPCV3_5_Core.Startup Information: 0 : Path: localhost:44386//api/Haulers
Body: 
Query: 
Client IP: ::1

    DateTime=2021-03-14T08:19:48.6487839Z
WeighingSystemUPPCV3_5_Core.Startup Information: 0 : Path: localhost:44386//api/Vehicles
Body: 
Query: 
Client IP: ::1

    DateTime=2021-03-14T08:19:48.7234689Z
WeighingSystemUPPCV3_5_Core.Startup Information: 0 : Path: localhost:44386//api/VehicleTypes
Body: 
Query: 
Client IP: ::1

    DateTime=2021-03-14T08:19:48.8180739Z
WeighingSystemUPPCV3_5_Core.Startup Information: 0 : Path: localhost:44386//api/SubSuppliers
Body: 
Query: 
Client IP: ::1

    DateTime=2021-03-14T08:19:48.8786757Z
WeighingSystemUPPCV3_5_Core.Startup Information: 0 : Path: localhost:44386//api/SaleTransactions
Body: 
Query: ?Returned=false
Client IP: ::1

    DateTime=2021-03-14T08:19:48.9389162Z
WeighingSystemUPPCV3_5_Core.Startup Information: 0 : Path: localhost:44386//api/UserAccounts/UserAccountDetails
Body: 
Query: 
Client IP: ::1

    DateTime=2021-03-14T08:19:49.0692275Z
WeighingSystemUPPCV3_5_Core.Startup Information: 0 : Path: localhost:44386//api/Reminders
Body: 
Query: 
Client IP: ::1

    DateTime=2021-03-14T08:19:49.1537288Z
WeighingSystemUPPCV3_5_Core.Startup Information: 0 : Path: localhost:44386//api/Signatories
Body: 
Query: 
Client IP: ::1

    DateTime=2021-03-14T08:19:49.2165331Z
WeighingSystemUPPCV3_5_Core.Startup Information: 0 : Path: localhost:44386//api/UserAccounts/LogIn
Body: {"userName":"TSI","userPwd":"1"}
Query: 
Client IP: ::1

    DateTime=2021-03-14T08:19:51.8666495Z
WeighingSystemUPPCV3_5_Core.Startup Information: 0 : Path: localhost:44386//api/Reporting/ReportDataSet
Body: 
Query: ?ReportType=PURCHASE_GENERAL&DTFrom=3%2f1%2f2021%2012%3a00%3a00%20AM&DTTo=3%2f14%2f2021%2011%3a59%3a00%20PM&ClientId=0&CommodityId=0&CategoryId=0&PreparedBy=TERRINIEL%20SCALES%20INC.&CheckedBy=TERRINIEL%20SCALES%20INC.&PaperSize=DEFAULT&BalingStation=WeighingSystemUPPCV3_5_Service.Models.BalingStation&MoistureSettings=WeighingSystemUPPCV3_5_Service.Models.MoistureSettings&Signatory=WeighingSystemUPPCV3_5_Service.Models.Signatory&TransactionTypeCode=I
Client IP: ::1

    DateTime=2021-03-14T08:20:01.0570876Z
WeighingSystemUPPCV3_5_Core.Startup Information: 0 : Path: localhost:44386//api/Reporting/ReportDataSet
Body: 
Query: ?ReportType=PURCHASE_SUPPLIER02&DTFrom=3%2f1%2f2021%2012%3a00%3a00%20AM&DTTo=3%2f14%2f2021%2011%3a59%3a00%20PM&ClientId=40000001&CommodityId=0&CategoryId=0&PreparedBy=TERRINIEL%20SCALES%20INC.&CheckedBy=TERRINIEL%20SCALES%20INC.&PaperSize=DEFAULT&BalingStation=WeighingSystemUPPCV3_5_Service.Models.BalingStation&MoistureSettings=WeighingSystemUPPCV3_5_Service.Models.MoistureSettings&Signatory=WeighingSystemUPPCV3_5_Service.Models.Signatory&TransactionTypeCode=I
Client IP: ::1

    DateTime=2021-03-14T08:20:30.7901152Z
WeighingSystemUPPCV3_5_Core.Startup Information: 0 : Path: localhost:44386//api/Reporting/ReportDataSet
Body: 
Query: ?ReportType=PURCHASE_SUPPLIER02&DTFrom=3%2f1%2f2021%2012%3a00%3a00%20AM&DTTo=3%2f14%2f2021%2011%3a59%3a00%20PM&ClientId=40000002&CommodityId=0&CategoryId=0&PreparedBy=TERRINIEL%20SCALES%20INC.&CheckedBy=TERRINIEL%20SCALES%20INC.&PaperSize=DEFAULT&BalingStation=WeighingSystemUPPCV3_5_Service.Models.BalingStation&MoistureSettings=WeighingSystemUPPCV3_5_Service.Models.MoistureSettings&Signatory=WeighingSystemUPPCV3_5_Service.Models.Signatory&TransactionTypeCode=I
Client IP: ::1

    DateTime=2021-03-14T08:20:33.4503534Z
WeighingSystemUPPCV3_5_Core.Startup Information: 0 : Path: localhost:44386//api/Reporting/ReportDataSet
Body: 
Query: ?ReportType=PURCHASE_MITIGATING_MC_DEDUCTION&DTFrom=3%2f1%2f2021%2012%3a00%3a00%20AM&DTTo=3%2f14%2f2021%2011%3a59%3a00%20PM&ClientId=0&CommodityId=0&CategoryId=0&PreparedBy=TERRINIEL%20SCALES%20INC.&CheckedBy=TERRINIEL%20SCALES%20INC.&PaperSize=DEFAULT&BalingStation=WeighingSystemUPPCV3_5_Service.Models.BalingStation&MoistureSettings=WeighingSystemUPPCV3_5_Service.Models.MoistureSettings&Signatory=WeighingSystemUPPCV3_5_Service.Models.Signatory&TransactionTypeCode=I
Client IP: ::1

    DateTime=2021-03-14T08:20:40.1776460Z
Microsoft.Hosting.Lifetime Information: 0 : Now listening on: https://[::]:44386
    DateTime=2021-03-14T08:21:19.5060470Z
Microsoft.Hosting.Lifetime Information: 0 : Now listening on: http://[::]:44385
    DateTime=2021-03-14T08:21:19.5124070Z
Microsoft.Hosting.Lifetime Information: 0 : Application started. Press Ctrl+C to shut down.
    DateTime=2021-03-14T08:21:19.5203254Z
Microsoft.Hosting.Lifetime Information: 0 : Hosting environment: Development
    DateTime=2021-03-14T08:21:19.5280945Z
Microsoft.Hosting.Lifetime Information: 0 : Content root path: D:\dir\tsi\UPPC\Phase 4\WeighingSystemUPPCV3.5\WeighingSystemUPPCV3.5.Core\WeighingSystemUPPCV3.5.Core
    DateTime=2021-03-14T08:21:19.5346383Z
WeighingSystemUPPCV3_5_Core.Startup Information: 0 : Path: localhost:44386//api/Config
Body: 
Query: 
Client IP: ::1

    DateTime=2021-03-14T08:23:05.9712911Z
WeighingSystemUPPCV3_5_Core.Startup Information: 0 : Path: localhost:44386//api/BalingStations/selected
Body: 
Query: 
Client IP: ::1

    DateTime=2021-03-14T08:23:06.2165094Z
WeighingSystemUPPCV3_5_Core.Startup Information: 0 : Path: localhost:44386//api/MoistureSettings
Body: 
Query: 
Client IP: ::1

    DateTime=2021-03-14T08:23:11.9815047Z
WeighingSystemUPPCV3_5_Core.Startup Information: 0 : Path: localhost:44386//api/TransactionTypes
Body: 
Query: 
Client IP: ::1

    DateTime=2021-03-14T08:23:12.1956913Z
WeighingSystemUPPCV3_5_Core.Startup Information: 0 : Path: localhost:44386//api/MoistureReaders
Body: 
Query: 
Client IP: ::1

    DateTime=2021-03-14T08:23:12.2727427Z
WeighingSystemUPPCV3_5_Core.Startup Information: 0 : Path: localhost:44386//api/BaleTypes
Body: 
Query: 
Client IP: ::1

    DateTime=2021-03-14T08:23:12.3754480Z
WeighingSystemUPPCV3_5_Core.Startup Information: 0 : Path: localhost:44386//api/Sources
Body: 
Query: 
Client IP: ::1

    DateTime=2021-03-14T08:23:12.4500417Z
WeighingSystemUPPCV3_5_Core.Startup Information: 0 : Path: localhost:44386//api/SourceCategories
Body: 
Query: 
Client IP: ::1

    DateTime=2021-03-14T08:23:12.5382816Z
WeighingSystemUPPCV3_5_Core.Startup Information: 0 : Path: localhost:44386//api/Customers
Body: 
Query: 
Client IP: ::1

    DateTime=2021-03-14T08:23:12.5940452Z
WeighingSystemUPPCV3_5_Core.Startup Information: 0 : Path: localhost:44386//api/Suppliers
Body: 
Query: 
Client IP: ::1

    DateTime=2021-03-14T08:23:12.6538550Z
WeighingSystemUPPCV3_5_Core.Startup Information: 0 : Path: localhost:44386//api/RawMaterials
Body: 
Query: 
Client IP: ::1

    DateTime=2021-03-14T08:23:12.7276008Z
WeighingSystemUPPCV3_5_Core.Startup Information: 0 : Path: localhost:44386//api/Products
Body: 
Query: 
Client IP: ::1

    DateTime=2021-03-14T08:23:12.8546587Z
WeighingSystemUPPCV3_5_Core.Startup Information: 0 : Path: localhost:44386//api/Categories
Body: 
Query: 
Client IP: ::1

    DateTime=2021-03-14T08:23:12.9402315Z
WeighingSystemUPPCV3_5_Core.Startup Information: 0 : Path: localhost:44386//api/Haulers
Body: 
Query: 
Client IP: ::1

    DateTime=2021-03-14T08:23:13.0073237Z
WeighingSystemUPPCV3_5_Core.Startup Information: 0 : Path: localhost:44386//api/Vehicles
Body: 
Query: 
Client IP: ::1

    DateTime=2021-03-14T08:23:13.0748192Z
WeighingSystemUPPCV3_5_Core.Startup Information: 0 : Path: localhost:44386//api/VehicleTypes
Body: 
Query: 
Client IP: ::1

    DateTime=2021-03-14T08:23:13.2354318Z
WeighingSystemUPPCV3_5_Core.Startup Information: 0 : Path: localhost:44386//api/SubSuppliers
Body: 
Query: 
Client IP: ::1

    DateTime=2021-03-14T08:23:13.2903030Z
WeighingSystemUPPCV3_5_Core.Startup Information: 0 : Path: localhost:44386//api/SaleTransactions
Body: 
Query: ?Returned=false
Client IP: ::1

    DateTime=2021-03-14T08:23:13.3536247Z
WeighingSystemUPPCV3_5_Core.Startup Information: 0 : Path: localhost:44386//api/UserAccounts/UserAccountDetails
Body: 
Query: 
Client IP: ::1

    DateTime=2021-03-14T08:23:13.5077940Z
WeighingSystemUPPCV3_5_Core.Startup Information: 0 : Path: localhost:44386//api/Reminders
Body: 
Query: 
Client IP: ::1

    DateTime=2021-03-14T08:23:13.5965338Z
WeighingSystemUPPCV3_5_Core.Startup Information: 0 : Path: localhost:44386//api/Signatories
Body: 
Query: 
Client IP: ::1

    DateTime=2021-03-14T08:23:13.6694417Z
WeighingSystemUPPCV3_5_Core.Startup Information: 0 : Path: localhost:44386//api/UserAccounts/LogIn
Body: {"userName":"TSI","userPwd":"1"}
Query: 
Client IP: ::1

    DateTime=2021-03-14T08:25:52.1112242Z
WeighingSystemUPPCV3_5_Core.Startup Information: 0 : Path: localhost:44386//api/UserAccounts/LogIn
Body: {"userName":"TSI","userPwd":"1"}
Query: 
Client IP: ::1

    DateTime=2021-03-14T08:25:56.0650133Z
WeighingSystemUPPCV3_5_Core.Startup Information: 0 : Path: localhost:44386//api/PurchaseTransactions
Body: 
Query: ?TransactionId=0&ReceiptNum=&DTFrom=3%2f14%2f2021%204%3a25%3a58%20PM&DTTo=3%2f14%2f2021%204%3a25%3a58%20PM
Client IP: ::1

    DateTime=2021-03-14T08:25:58.3807734Z
WeighingSystemUPPCV3_5_Core.Startup Information: 0 : Path: localhost:44386//api/Inyards
Body: 
Query: 
Client IP: ::1

    DateTime=2021-03-14T08:26:01.6155298Z
WeighingSystemUPPCV3_5_Core.Startup Information: 0 : Path: localhost:44386//api/PurchaseOrders
Body: 
Query: ?PurchaseOrderId=0&DTEffectivity=1%2f1%2f0001%2012%3a00%3a00%20AM&SupplierId=0&RawMaterialId=0&PONum=&Price=0&BalanceTotalKg=0&POType=&Remarks=&DTCreated=1%2f1%2f0001%2012%3a00%3a00%20AM&CreatedById=&DTModified=&ModifiedById=&IsActive=True&Locked=&BalanceRemainingKg=&BalanceDeliveredKg=
Client IP: ::1

    DateTime=2021-03-14T08:26:11.4636429Z
WeighingSystemUPPCV3_5_Core.Startup Information: 0 : Path: localhost:44386//api/Reminders/Count
Body: 
Query: 
Client IP: ::1

    DateTime=2021-03-14T08:26:12.7784498Z
WeighingSystemUPPCV3_5_Core.Startup Information: 0 : Path: localhost:44386//api/ReferenceNumbers
Body: 
Query: 
Client IP: ::1

    DateTime=2021-03-14T08:26:17.3060379Z
WeighingSystemUPPCV3_5_Core.Startup Information: 0 : Path: localhost:44386//api/Inyards/Validate
Body: {"inyardId":98,"inyardNum":"0049387","transactionTypeCode":"I","dateTimeIn":"2021-03-13T09:51:17.027","dateTimeOut":"2021-03-14T16:26:26.5692056+08:00","vehicleNum":"1231ASDF-211","trip":"SPECIAL TRIP","clientId":40000002,"commodityId":70000006,"baleTypeId":1,"baleCount":0,"purchaseOrderId":418,"poNum":"6366008392","poType":"BASE","drNum":"123123","remarks":"123","factoryWt":0.0,"initialWt":2210.0,"grossWt":2210.0,"tareWt":220.0,"netWt":1990.0,"price":0.0,"mc":12.0,"pm":0.0,"ot":0.0,"mcStatus":12,"haulerId":0,"driverName":"23123","plantNetWt":0.0,"plantMC":0.00,"isOfflineIn":false,"isOfflineOut":false,"weigherInId":"5463107b-5fbf-43a0-9fb2-c2037bb9a306","weigherOutId":"5463107b-5fbf-43a0-9fb2-c2037bb9a306","subSupplierName":"123","vehicleTypeId":0,"sourceId":5,"sourceCategoryId":2,"moistureReaderId":1,"signatoryId":0,"moistureSettingsId":0,"timeZoneIn":"GMT+08:00 PH","moistureReaderProcess":"AUTO","moistureReaderDesc":"EMCO","balingStationCode":"TSIBS","balingStationName":"PARANAQUE","sourceName":"SUPERMARKET","sourceCategoryDesc":"INDUSTRY","commodityDesc":"LOCC-OB POST-CRM","clientName":"EARTHBUDDY INC.","baleTypeDesc":"LOOSE BALE","weigherInName":"TERRINIEL SCALES INC.","transactionProcess":2,"transactionStatus":0,"moistureReaderLogs":[{"moistureReaderLogId":0,"transactionId":0,"logNum":1,"dtLog":"2021-02-01T14:10:00","mc":8.9},{"moistureReaderLogId":0,"transactionId":0,"logNum":2,"dtLog":"2021-02-01T14:10:00","mc":6.8},{"moistureReaderLogId":0,"transactionId":0,"logNum":3,"dtLog":"2021-02-01T14:10:00","mc":7.4},{"moistureReaderLogId":0,"transactionId":0,"logNum":4,"dtLog":"2021-02-01T14:10:00","mc":9.7},{"moistureReaderLogId":0,"transactionId":0,"logNum":5,"dtLog":"2021-02-01T14:10:00","mc":9.4},{"moistureReaderLogId":0,"transactionId":0,"logNum":6,"dtLog":"2021-02-01T14:10:00","mc":8.1},{"moistureReaderLogId":0,"transactionId":0,"logNum":7,"dtLog":"2021-02-01T14:10:00","mc":8.9},{"moistureReaderLogId":0,"transactionId":0,"logNum":8,"dtLog":"2021-02-01T14:10:00","mc":18.9},{"moistureReaderLogId":0,"transactionId":0,"logNum":9,"dtLog":"2021-02-01T14:10:00","mc":14.4},{"moistureReaderLogId":0,"transactionId":0,"logNum":10,"dtLog":"2021-02-01T14:10:00","mc":9.0},{"moistureReaderLogId":0,"transactionId":0,"logNum":11,"dtLog":"2021-02-01T14:10:00","mc":8.9},{"moistureReaderLogId":0,"transactionId":0,"logNum":12,"dtLog":"2021-02-01T14:11:00","mc":8.3},{"moistureReaderLogId":0,"transactionId":0,"logNum":13,"dtLog":"2021-02-01T14:11:00","mc":8.7},{"moistureReaderLogId":0,"transactionId":0,"logNum":14,"dtLog":"2021-02-01T14:11:00","mc":11.4},{"moistureReaderLogId":0,"transactionId":0,"logNum":15,"dtLog":"2021-02-01T14:11:00","mc":8.1},{"moistureReaderLogId":0,"transactionId":0,"logNum":16,"dtLog":"2021-02-01T14:11:00","mc":7.6},{"moistureReaderLogId":0,"transactionId":0,"logNum":17,"dtLog":"2021-02-01T14:11:00","mc":16.2},{"moistureReaderLogId":0,"transactionId":0,"logNum":18,"dtLog":"2021-02-01T14:11:00","mc":17.4},{"moistureReaderLogId":0,"transactionId":0,"logNum":19,"dtLog":"2021-02-01T14:11:00","mc":17.4},{"moistureReaderLogId":0,"transactionId":0,"logNum":20,"dtLog":"2021-02-01T14:11:00","mc":17.4},{"moistureReaderLogId":0,"transactionId":0,"logNum":21,"dtLog":"2021-02-01T14:11:00","mc":18.3},{"moistureReaderLogId":0,"transactionId":0,"logNum":22,"dtLog":"2021-02-01T14:11:00","mc":18.6},{"moistureReaderLogId":0,"transactionId":0,"logNum":23,"dtLog":"2021-02-01T14:11:00","mc":18.3},{"moistureReaderLogId":0,"transactionId":0,"logNum":24,"dtLog":"2021-02-01T14:11:00","mc":17.5},{"moistureReaderLogId":0,"transactionId":0,"logNum":25,"dtLog":"2021-02-01T14:11:00","mc":12.3},{"moistureReaderLogId":0,"transactionId":0,"logNum":26,"dtLog":"2021-02-01T14:11:00","mc":11.1},{"moistureReaderLogId":0,"transactionId":0,"logNum":27,"dtLog":"2021-02-01T14:11:00","mc":8.8},{"moistureReaderLogId":0,"transactionId":0,"logNum":28,"dtLog":"2021-02-01T14:11:00","mc":14.1},{"moistureReaderLogId":0,"transactionId":0,"logNum":29,"dtLog":"2021-02-01T14:11:00","mc":6.2},{"moistureReaderLogId":0,"transactionId":0,"logNum":30,"dtLog":"2021-02-01T14:11:00","mc":12.7}],"bales":[],"commodityDescPOType":"LOCC-OB POST-CRM"}
Query: 
Client IP: ::1

    DateTime=2021-03-14T08:26:26.6196911Z
WeighingSystemUPPCV3_5_Core.Startup Information: 0 : Path: localhost:44386//api/Inyards/WeighOut
Body: {"inyardId":98,"inyardNum":"0049387","transactionTypeCode":"I","dateTimeIn":"2021-03-13T09:51:17.027","dateTimeOut":"2021-03-14T16:26:10.7365887+08:00","vehicleNum":"1231ASDF-211","trip":"SPECIAL TRIP","clientId":40000002,"commodityId":70000006,"baleTypeId":1,"baleCount":0,"purchaseOrderId":418,"poNum":"6366008392","poType":"BASE","drNum":"123123","remarks":"123","factoryWt":0.0,"initialWt":2210.0,"grossWt":2210.0,"tareWt":220.0,"netWt":1990.0,"price":0.0,"mc":12.0,"pm":0.0,"ot":0.0,"mcStatus":12,"haulerId":0,"driverName":"23123","plantNetWt":0.0,"plantMC":0.00,"isOfflineIn":false,"isOfflineOut":false,"weigherInId":"5463107b-5fbf-43a0-9fb2-c2037bb9a306","weigherOutId":"5463107b-5fbf-43a0-9fb2-c2037bb9a306","subSupplierName":"123","vehicleTypeId":0,"sourceId":5,"sourceCategoryId":2,"moistureReaderId":1,"signatoryId":0,"moistureSettingsId":0,"timeZoneIn":"GMT+08:00 PH","moistureReaderProcess":"AUTO","moistureReaderDesc":"EMCO","balingStationCode":"TSIBS","balingStationName":"PARANAQUE","sourceName":"SUPERMARKET","sourceCategoryDesc":"INDUSTRY","commodityDesc":"LOCC-OB POST-CRM","clientName":"EARTHBUDDY INC.","baleTypeDesc":"LOOSE BALE","weigherInName":"TERRINIEL SCALES INC.","transactionProcess":2,"transactionStatus":0,"moistureReaderLogs":[{"moistureReaderLogId":0,"transactionId":0,"logNum":1,"dtLog":"2021-02-01T14:10:00","mc":8.9},{"moistureReaderLogId":0,"transactionId":0,"logNum":2,"dtLog":"2021-02-01T14:10:00","mc":6.8},{"moistureReaderLogId":0,"transactionId":0,"logNum":3,"dtLog":"2021-02-01T14:10:00","mc":7.4},{"moistureReaderLogId":0,"transactionId":0,"logNum":4,"dtLog":"2021-02-01T14:10:00","mc":9.7},{"moistureReaderLogId":0,"transactionId":0,"logNum":5,"dtLog":"2021-02-01T14:10:00","mc":9.4},{"moistureReaderLogId":0,"transactionId":0,"logNum":6,"dtLog":"2021-02-01T14:10:00","mc":8.1},{"moistureReaderLogId":0,"transactionId":0,"logNum":7,"dtLog":"2021-02-01T14:10:00","mc":8.9},{"moistureReaderLogId":0,"transactionId":0,"logNum":8,"dtLog":"2021-02-01T14:10:00","mc":18.9},{"moistureReaderLogId":0,"transactionId":0,"logNum":9,"dtLog":"2021-02-01T14:10:00","mc":14.4},{"moistureReaderLogId":0,"transactionId":0,"logNum":10,"dtLog":"2021-02-01T14:10:00","mc":9.0},{"moistureReaderLogId":0,"transactionId":0,"logNum":11,"dtLog":"2021-02-01T14:10:00","mc":8.9},{"moistureReaderLogId":0,"transactionId":0,"logNum":12,"dtLog":"2021-02-01T14:11:00","mc":8.3},{"moistureReaderLogId":0,"transactionId":0,"logNum":13,"dtLog":"2021-02-01T14:11:00","mc":8.7},{"moistureReaderLogId":0,"transactionId":0,"logNum":14,"dtLog":"2021-02-01T14:11:00","mc":11.4},{"moistureReaderLogId":0,"transactionId":0,"logNum":15,"dtLog":"2021-02-01T14:11:00","mc":8.1},{"moistureReaderLogId":0,"transactionId":0,"logNum":16,"dtLog":"2021-02-01T14:11:00","mc":7.6},{"moistureReaderLogId":0,"transactionId":0,"logNum":17,"dtLog":"2021-02-01T14:11:00","mc":16.2},{"moistureReaderLogId":0,"transactionId":0,"logNum":18,"dtLog":"2021-02-01T14:11:00","mc":17.4},{"moistureReaderLogId":0,"transactionId":0,"logNum":19,"dtLog":"2021-02-01T14:11:00","mc":17.4},{"moistureReaderLogId":0,"transactionId":0,"logNum":20,"dtLog":"2021-02-01T14:11:00","mc":17.4},{"moistureReaderLogId":0,"transactionId":0,"logNum":21,"dtLog":"2021-02-01T14:11:00","mc":18.3},{"moistureReaderLogId":0,"transactionId":0,"logNum":22,"dtLog":"2021-02-01T14:11:00","mc":18.6},{"moistureReaderLogId":0,"transactionId":0,"logNum":23,"dtLog":"2021-02-01T14:11:00","mc":18.3},{"moistureReaderLogId":0,"transactionId":0,"logNum":24,"dtLog":"2021-02-01T14:11:00","mc":17.5},{"moistureReaderLogId":0,"transactionId":0,"logNum":25,"dtLog":"2021-02-01T14:11:00","mc":12.3},{"moistureReaderLogId":0,"transactionId":0,"logNum":26,"dtLog":"2021-02-01T14:11:00","mc":11.1},{"moistureReaderLogId":0,"transactionId":0,"logNum":27,"dtLog":"2021-02-01T14:11:00","mc":8.8},{"moistureReaderLogId":0,"transactionId":0,"logNum":28,"dtLog":"2021-02-01T14:11:00","mc":14.1},{"moistureReaderLogId":0,"transactionId":0,"logNum":29,"dtLog":"2021-02-01T14:11:00","mc":6.2},{"moistureReaderLogId":0,"transactionId":0,"logNum":30,"dtLog":"2021-02-01T14:11:00","mc":12.7}],"bales":[],"commodityDescPOType":"LOCC-OB POST-CRM"}
Query: 
Client IP: ::1

    DateTime=2021-03-14T08:26:28.2656076Z
WeighingSystemUPPCV3_5_Core.Startup Information: 0 : Path: localhost:44386//api/SubSuppliers/CheckAndAdd
Body: "123"
Query: 
Client IP: ::1

    DateTime=2021-03-14T08:26:29.0987563Z
WeighingSystemUPPCV3_5_Core.Startup Information: 0 : Path: localhost:44386//api/PurchaseTransactions/PrintReceipt/10049352
Body: {"transactionId":10049352,"transactionTypeCode":"I","receiptNum":"0049387","isReprinted":false}
Query: 
Client IP: ::1

    DateTime=2021-03-14T08:26:29.7474919Z
WeighingSystemUPPCV3_5_Core.Startup Information: 0 : Path: localhost:44386//api/PurchaseTransactions
Body: 
Query: ?TransactionId=0&ReceiptNum=&DTFrom=3%2f14%2f2021%204%3a26%3a40%20PM&DTTo=3%2f14%2f2021%204%3a26%3a40%20PM
Client IP: ::1

    DateTime=2021-03-14T08:26:40.5973774Z
WeighingSystemUPPCV3_5_Core.Startup Information: 0 : Path: localhost:44386//api/PurchaseTransactions/10049352
Body: 
Query: ?includeMCReaderLogs=true
Client IP: ::1

    DateTime=2021-03-14T08:26:44.4681664Z
WeighingSystemUPPCV3_5_Core.Startup Information: 0 : Path: localhost:44386//api/PurchaseOrders
Body: 
Query: ?PurchaseOrderId=0&DTEffectivity=1%2f1%2f0001%2012%3a00%3a00%20AM&SupplierId=0&RawMaterialId=0&PONum=&Price=0&BalanceTotalKg=0&POType=&Remarks=&DTCreated=1%2f1%2f0001%2012%3a00%3a00%20AM&CreatedById=&DTModified=&ModifiedById=&IsActive=True&Locked=&BalanceRemainingKg=&BalanceDeliveredKg=
Client IP: ::1

    DateTime=2021-03-14T08:26:45.0317072Z
WeighingSystemUPPCV3_5_Core.Startup Information: 0 : Path: localhost:44386//api/PurchaseTransactions
Body: 
Query: ?TransactionId=0&ReceiptNum=&DTFrom=3%2f11%2f2021%204%3a26%3a40%20PM&DTTo=3%2f14%2f2021%204%3a26%3a40%20PM
Client IP: ::1

    DateTime=2021-03-14T08:26:48.2825983Z
WeighingSystemUPPCV3_5_Core.Startup Information: 0 : Path: localhost:44386//api/PurchaseTransactions/10049347
Body: 
Query: ?includeMCReaderLogs=true
Client IP: ::1

    DateTime=2021-03-14T08:26:51.4220337Z
WeighingSystemUPPCV3_5_Core.Startup Information: 0 : Path: localhost:44386//api/PurchaseOrders
Body: 
Query: ?PurchaseOrderId=0&DTEffectivity=1%2f1%2f0001%2012%3a00%3a00%20AM&SupplierId=0&RawMaterialId=0&PONum=&Price=0&BalanceTotalKg=0&POType=&Remarks=&DTCreated=1%2f1%2f0001%2012%3a00%3a00%20AM&CreatedById=&DTModified=&ModifiedById=&IsActive=True&Locked=&BalanceRemainingKg=&BalanceDeliveredKg=
Client IP: ::1

    DateTime=2021-03-14T08:26:51.7537408Z
WeighingSystemUPPCV3_5_Core.Startup Information: 0 : Path: localhost:44386//api/Config
Body: 
Query: 
Client IP: ::1

    DateTime=2021-03-14T09:00:26.2316216Z
WeighingSystemUPPCV3_5_Core.Startup Information: 0 : Path: localhost:44386//api/BalingStations/selected
Body: 
Query: 
Client IP: ::1

    DateTime=2021-03-14T09:00:26.3287192Z
WeighingSystemUPPCV3_5_Core.Startup Information: 0 : Path: localhost:44386//api/Config
Body: 
Query: 
Client IP: ::1

    DateTime=2021-03-14T10:58:24.1319864Z
WeighingSystemUPPCV3_5_Core.Startup Information: 0 : Path: localhost:44386//api/BalingStations/selected
Body: 
Query: 
Client IP: ::1

    DateTime=2021-03-14T10:58:24.2087390Z
Microsoft.Hosting.Lifetime Information: 0 : Now listening on: https://[::]:44386
    DateTime=2021-03-14T15:14:05.7291044Z
Microsoft.Hosting.Lifetime Information: 0 : Now listening on: http://[::]:44385
    DateTime=2021-03-14T15:14:05.7434694Z
Microsoft.Hosting.Lifetime Information: 0 : Application started. Press Ctrl+C to shut down.
    DateTime=2021-03-14T15:14:05.7574858Z
Microsoft.Hosting.Lifetime Information: 0 : Hosting environment: Development
    DateTime=2021-03-14T15:14:05.7699205Z
Microsoft.Hosting.Lifetime Information: 0 : Content root path: D:\dir\tsi\UPPC\Phase 4\WeighingSystemUPPCV3.5\WeighingSystemUPPCV3.5.Core\WeighingSystemUPPCV3.5.Core
    DateTime=2021-03-14T15:14:05.7828438Z
WeighingSystemUPPCV3_5_Core.Startup Information: 0 : Path: localhost:44386//api/Config
Body: 
Query: 
Client IP: ::1

    DateTime=2021-03-14T15:16:07.8656224Z
WeighingSystemUPPCV3_5_Core.Startup Information: 0 : Path: localhost:44386//api/BalingStations/selected
Body: 
Query: 
Client IP: ::1

    DateTime=2021-03-14T15:16:08.1413961Z
WeighingSystemUPPCV3_5_Core.Startup Information: 0 : Path: localhost:44386//api/MoistureSettings
Body: 
Query: 
Client IP: ::1

    DateTime=2021-03-14T15:16:10.3949862Z
WeighingSystemUPPCV3_5_Core.Startup Information: 0 : Path: localhost:44386//api/TransactionTypes
Body: 
Query: 
Client IP: ::1

    DateTime=2021-03-14T15:16:10.5390784Z
WeighingSystemUPPCV3_5_Core.Startup Information: 0 : Path: localhost:44386//api/MoistureReaders
Body: 
Query: 
Client IP: ::1

    DateTime=2021-03-14T15:16:10.5959449Z
WeighingSystemUPPCV3_5_Core.Startup Information: 0 : Path: localhost:44386//api/BaleTypes
Body: 
Query: 
Client IP: ::1

    DateTime=2021-03-14T15:16:10.7135396Z
WeighingSystemUPPCV3_5_Core.Startup Information: 0 : Path: localhost:44386//api/Sources
Body: 
Query: 
Client IP: ::1

    DateTime=2021-03-14T15:16:10.7809301Z
WeighingSystemUPPCV3_5_Core.Startup Information: 0 : Path: localhost:44386//api/SourceCategories
Body: 
Query: 
Client IP: ::1

    DateTime=2021-03-14T15:16:10.8488297Z
WeighingSystemUPPCV3_5_Core.Startup Information: 0 : Path: localhost:44386//api/Customers
Body: 
Query: 
Client IP: ::1

    DateTime=2021-03-14T15:16:10.8891179Z
WeighingSystemUPPCV3_5_Core.Startup Information: 0 : Path: localhost:44386//api/Suppliers
Body: 
Query: 
Client IP: ::1

    DateTime=2021-03-14T15:16:10.9507044Z
WeighingSystemUPPCV3_5_Core.Startup Information: 0 : Path: localhost:44386//api/RawMaterials
Body: 
Query: 
Client IP: ::1

    DateTime=2021-03-14T15:16:11.0166311Z
WeighingSystemUPPCV3_5_Core.Startup Information: 0 : Path: localhost:44386//api/Products
Body: 
Query: 
Client IP: ::1

    DateTime=2021-03-14T15:16:11.1116564Z
WeighingSystemUPPCV3_5_Core.Startup Information: 0 : Path: localhost:44386//api/Categories
Body: 
Query: 
Client IP: ::1

    DateTime=2021-03-14T15:16:11.1732197Z
WeighingSystemUPPCV3_5_Core.Startup Information: 0 : Path: localhost:44386//api/Haulers
Body: 
Query: 
Client IP: ::1

    DateTime=2021-03-14T15:16:11.2342867Z
WeighingSystemUPPCV3_5_Core.Startup Information: 0 : Path: localhost:44386//api/Vehicles
Body: 
Query: 
Client IP: ::1

    DateTime=2021-03-14T15:16:11.2837168Z
WeighingSystemUPPCV3_5_Core.Startup Information: 0 : Path: localhost:44386//api/VehicleTypes
Body: 
Query: 
Client IP: ::1

    DateTime=2021-03-14T15:16:11.3958848Z
WeighingSystemUPPCV3_5_Core.Startup Information: 0 : Path: localhost:44386//api/SubSuppliers
Body: 
Query: 
Client IP: ::1

    DateTime=2021-03-14T15:16:11.4512623Z
WeighingSystemUPPCV3_5_Core.Startup Information: 0 : Path: localhost:44386//api/SaleTransactions
Body: 
Query: ?Returned=false
Client IP: ::1

    DateTime=2021-03-14T15:16:11.5063956Z
WeighingSystemUPPCV3_5_Core.Startup Information: 0 : Path: localhost:44386//api/UserAccounts/UserAccountDetails
Body: 
Query: 
Client IP: ::1

    DateTime=2021-03-14T15:16:11.6694259Z
WeighingSystemUPPCV3_5_Core.Startup Information: 0 : Path: localhost:44386//api/Reminders
Body: 
Query: 
Client IP: ::1

    DateTime=2021-03-14T15:16:11.7345459Z
WeighingSystemUPPCV3_5_Core.Startup Information: 0 : Path: localhost:44386//api/Signatories
Body: 
Query: 
Client IP: ::1

    DateTime=2021-03-14T15:16:11.7815470Z
WeighingSystemUPPCV3_5_Core.Startup Information: 0 : Path: localhost:44386//api/UserAccounts/LogIn
Body: {"userName":"TSI","userPwd":"1"}
Query: 
Client IP: ::1

    DateTime=2021-03-14T15:17:54.9801051Z
WeighingSystemUPPCV3_5_Core.Startup Information: 0 : Path: localhost:44386//api/Reporting/ReportDataSet
Body: 
Query: ?ReportType=PURCHASE_GENERAL&DTFrom=3%2f1%2f2021%2012%3a00%3a00%20AM&DTTo=3%2f14%2f2021%2011%3a59%3a00%20PM&ClientId=0&CommodityId=0&CategoryId=0&PreparedBy=TERRINIEL%20SCALES%20INC.&CheckedBy=TERRINIEL%20SCALES%20INC.&PaperSize=DEFAULT&BalingStation=WeighingSystemUPPCV3_5_Service.Models.BalingStation&MoistureSettings=WeighingSystemUPPCV3_5_Service.Models.MoistureSettings&Signatory=WeighingSystemUPPCV3_5_Service.Models.Signatory&TransactionTypeCode=I
Client IP: ::1

    DateTime=2021-03-14T15:17:59.8652665Z
WeighingSystemUPPCV3_5_Core.Startup Information: 0 : Path: localhost:44386//api/Reporting/ReportDataSet
Body: 
Query: ?ReportType=PURCHASE_GENERAL&DTFrom=3%2f1%2f2021%2012%3a00%3a00%20AM&DTTo=3%2f14%2f2021%2011%3a59%3a00%20PM&ClientId=0&CommodityId=0&CategoryId=0&PreparedBy=TERRINIEL%20SCALES%20INC.&CheckedBy=TERRINIEL%20SCALES%20INC.&PaperSize=DEFAULT&BalingStation=WeighingSystemUPPCV3_5_Service.Models.BalingStation&MoistureSettings=WeighingSystemUPPCV3_5_Service.Models.MoistureSettings&Signatory=WeighingSystemUPPCV3_5_Service.Models.Signatory&TransactionTypeCode=I
Client IP: ::1

    DateTime=2021-03-14T15:18:24.8555752Z
Microsoft.Hosting.Lifetime Information: 0 : Application is shutting down...
    DateTime=2021-03-14T16:17:52.6641062Z
