Microsoft.Hosting.Lifetime Information: 0 : Now listening on: https://[::]:44386
    DateTime=2021-03-09T06:21:17.3291576Z
Microsoft.Hosting.Lifetime Information: 0 : Now listening on: http://[::]:44385
    DateTime=2021-03-09T06:21:17.3339202Z
Microsoft.Hosting.Lifetime Information: 0 : Application started. Press Ctrl+C to shut down.
    DateTime=2021-03-09T06:21:17.3390004Z
Microsoft.Hosting.Lifetime Information: 0 : Hosting environment: Development
    DateTime=2021-03-09T06:21:17.3433959Z
Microsoft.Hosting.Lifetime Information: 0 : Content root path: D:\dir\tsi\UPPC\Phase 4\WeighingSystemUPPCV3.5\WeighingSystemUPPCV3.5.Core\WeighingSystemUPPCV3.5.Core
    DateTime=2021-03-09T06:21:17.3476302Z
Microsoft.Hosting.Lifetime Information: 0 : Now listening on: https://[::]:44386
    DateTime=2021-03-09T06:43:23.1857138Z
Microsoft.Hosting.Lifetime Information: 0 : Now listening on: http://[::]:44385
    DateTime=2021-03-09T06:43:23.1914823Z
Microsoft.Hosting.Lifetime Information: 0 : Application started. Press Ctrl+C to shut down.
    DateTime=2021-03-09T06:43:23.2092537Z
Microsoft.Hosting.Lifetime Information: 0 : Hosting environment: Development
    DateTime=2021-03-09T06:43:23.2355695Z
Microsoft.Hosting.Lifetime Information: 0 : Content root path: D:\dir\tsi\UPPC\Phase 4\WeighingSystemUPPCV3.5\WeighingSystemUPPCV3.5.Core\WeighingSystemUPPCV3.5.Core
    DateTime=2021-03-09T06:43:23.2414390Z
WeighingSystemUPPCV3_5_Core.Startup Information: 0 : Path: localhost:44386//api/Config
Body: 
Query: 
Client IP: ::1

    DateTime=2021-03-09T06:43:50.4314057Z
WeighingSystemUPPCV3_5_Core.Startup Information: 0 : Path: localhost:44386//api/BalingStations/selected
Body: 
Query: 
Client IP: ::1

    DateTime=2021-03-09T06:43:50.7257917Z
WeighingSystemUPPCV3_5_Core.Startup Information: 0 : Path: localhost:44386//api/MoistureSettings
Body: 
Query: 
Client IP: ::1

    DateTime=2021-03-09T06:43:53.3579258Z
WeighingSystemUPPCV3_5_Core.Startup Information: 0 : Path: localhost:44386//api/TransactionTypes
Body: 
Query: 
Client IP: ::1

    DateTime=2021-03-09T06:43:53.4972957Z
WeighingSystemUPPCV3_5_Core.Startup Information: 0 : Path: localhost:44386//api/MoistureReaders
Body: 
Query: 
Client IP: ::1

    DateTime=2021-03-09T06:43:53.5794548Z
WeighingSystemUPPCV3_5_Core.Startup Information: 0 : Path: localhost:44386//api/BaleTypes
Body: 
Query: 
Client IP: ::1

    DateTime=2021-03-09T06:43:53.6643352Z
WeighingSystemUPPCV3_5_Core.Startup Information: 0 : Path: localhost:44386//api/Sources
Body: 
Query: 
Client IP: ::1

    DateTime=2021-03-09T06:43:53.7416848Z
WeighingSystemUPPCV3_5_Core.Startup Information: 0 : Path: localhost:44386//api/SourceCategories
Body: 
Query: 
Client IP: ::1

    DateTime=2021-03-09T06:43:53.8509881Z
WeighingSystemUPPCV3_5_Core.Startup Information: 0 : Path: localhost:44386//api/Customers
Body: 
Query: 
Client IP: ::1

    DateTime=2021-03-09T06:43:53.9209654Z
WeighingSystemUPPCV3_5_Core.Startup Information: 0 : Path: localhost:44386//api/Suppliers
Body: 
Query: 
Client IP: ::1

    DateTime=2021-03-09T06:43:54.0021744Z
WeighingSystemUPPCV3_5_Core.Startup Information: 0 : Path: localhost:44386//api/RawMaterials
Body: 
Query: 
Client IP: ::1

    DateTime=2021-03-09T06:43:54.0782233Z
WeighingSystemUPPCV3_5_Core.Startup Information: 0 : Path: localhost:44386//api/Products
Body: 
Query: 
Client IP: ::1

    DateTime=2021-03-09T06:43:54.1625876Z
WeighingSystemUPPCV3_5_Core.Startup Information: 0 : Path: localhost:44386//api/Categories
Body: 
Query: 
Client IP: ::1

    DateTime=2021-03-09T06:43:54.2200343Z
WeighingSystemUPPCV3_5_Core.Startup Information: 0 : Path: localhost:44386//api/Haulers
Body: 
Query: 
Client IP: ::1

    DateTime=2021-03-09T06:43:54.2846916Z
WeighingSystemUPPCV3_5_Core.Startup Information: 0 : Path: localhost:44386//api/Vehicles
Body: 
Query: 
Client IP: ::1

    DateTime=2021-03-09T06:43:54.3500631Z
WeighingSystemUPPCV3_5_Core.Startup Information: 0 : Path: localhost:44386//api/VehicleTypes
Body: 
Query: 
Client IP: ::1

    DateTime=2021-03-09T06:43:54.4537392Z
WeighingSystemUPPCV3_5_Core.Startup Information: 0 : Path: localhost:44386//api/SubSuppliers
Body: 
Query: 
Client IP: ::1

    DateTime=2021-03-09T06:43:54.5210335Z
WeighingSystemUPPCV3_5_Core.Startup Information: 0 : Path: localhost:44386//api/SaleTransactions
Body: 
Query: ?Returned=false
Client IP: ::1

    DateTime=2021-03-09T06:43:54.5788773Z
WeighingSystemUPPCV3_5_Core.Startup Information: 0 : Path: localhost:44386//api/UserAccounts/UserAccountDetails
Body: 
Query: 
Client IP: ::1

    DateTime=2021-03-09T06:43:54.7046979Z
WeighingSystemUPPCV3_5_Core.Startup Information: 0 : Path: localhost:44386//api/Reminders
Body: 
Query: 
Client IP: ::1

    DateTime=2021-03-09T06:43:54.7583524Z
WeighingSystemUPPCV3_5_Core.Startup Information: 0 : Path: localhost:44386//api/Signatories
Body: 
Query: 
Client IP: ::1

    DateTime=2021-03-09T06:43:54.8165151Z
WeighingSystemUPPCV3_5_Core.Startup Information: 0 : Path: localhost:44386//api/UserAccounts/LogIn
Body: {"userName":"TSI","userPwd":"1"}
Query: 
Client IP: ::1

    DateTime=2021-03-09T06:43:56.7186407Z
WeighingSystemUPPCV3_5_Core.Startup Information: 0 : Path: localhost:44386//api/PurchaseOrders
Body: 
Query: ?PurchaseOrderId=0&DTEffectivity=1%2f1%2f0001%2012%3a00%3a00%20AM&SupplierId=0&RawMaterialId=0&PONum=&Price=0&BalanceTotalKg=0&POType=&Remarks=&DTCreated=1%2f1%2f0001%2012%3a00%3a00%20AM&CreatedById=&DTModified=&ModifiedById=&IsActive=True&Locked=&BalanceRemainingKg=&BalanceDeliveredKg=
Client IP: ::1

    DateTime=2021-03-09T06:43:58.8592422Z
Microsoft.AspNetCore.Diagnostics.DeveloperExceptionPageMiddleware Error: 1 : An unhandled exception has occurred while executing the request.
    DateTime=2021-03-09T06:43:59.2874395Z
Microsoft.Hosting.Lifetime Information: 0 : Now listening on: https://[::]:44386
    DateTime=2021-03-09T06:45:35.1446157Z
Microsoft.Hosting.Lifetime Information: 0 : Now listening on: http://[::]:44385
    DateTime=2021-03-09T06:45:35.1508328Z
Microsoft.Hosting.Lifetime Information: 0 : Application started. Press Ctrl+C to shut down.
    DateTime=2021-03-09T06:45:35.1584301Z
Microsoft.Hosting.Lifetime Information: 0 : Hosting environment: Development
    DateTime=2021-03-09T06:45:35.1650474Z
Microsoft.Hosting.Lifetime Information: 0 : Content root path: D:\dir\tsi\UPPC\Phase 4\WeighingSystemUPPCV3.5\WeighingSystemUPPCV3.5.Core\WeighingSystemUPPCV3.5.Core
    DateTime=2021-03-09T06:45:35.1724172Z
WeighingSystemUPPCV3_5_Core.Startup Information: 0 : Path: localhost:44386//api/Config
Body: 
Query: 
Client IP: ::1

    DateTime=2021-03-09T06:45:38.9482619Z
WeighingSystemUPPCV3_5_Core.Startup Information: 0 : Path: localhost:44386//api/BalingStations/selected
Body: 
Query: 
Client IP: ::1

    DateTime=2021-03-09T06:45:39.1861056Z
WeighingSystemUPPCV3_5_Core.Startup Information: 0 : Path: localhost:44386//api/MoistureSettings
Body: 
Query: 
Client IP: ::1

    DateTime=2021-03-09T06:45:42.6928730Z
WeighingSystemUPPCV3_5_Core.Startup Information: 0 : Path: localhost:44386//api/TransactionTypes
Body: 
Query: 
Client IP: ::1

    DateTime=2021-03-09T06:45:42.8141156Z
WeighingSystemUPPCV3_5_Core.Startup Information: 0 : Path: localhost:44386//api/MoistureReaders
Body: 
Query: 
Client IP: ::1

    DateTime=2021-03-09T06:45:42.8677796Z
WeighingSystemUPPCV3_5_Core.Startup Information: 0 : Path: localhost:44386//api/BaleTypes
Body: 
Query: 
Client IP: ::1

    DateTime=2021-03-09T06:45:42.9359810Z
WeighingSystemUPPCV3_5_Core.Startup Information: 0 : Path: localhost:44386//api/Sources
Body: 
Query: 
Client IP: ::1

    DateTime=2021-03-09T06:45:42.9891317Z
WeighingSystemUPPCV3_5_Core.Startup Information: 0 : Path: localhost:44386//api/SourceCategories
Body: 
Query: 
Client IP: ::1

    DateTime=2021-03-09T06:45:43.0492549Z
WeighingSystemUPPCV3_5_Core.Startup Information: 0 : Path: localhost:44386//api/Customers
Body: 
Query: 
Client IP: ::1

    DateTime=2021-03-09T06:45:43.0904843Z
WeighingSystemUPPCV3_5_Core.Startup Information: 0 : Path: localhost:44386//api/Suppliers
Body: 
Query: 
Client IP: ::1

    DateTime=2021-03-09T06:45:43.1476154Z
WeighingSystemUPPCV3_5_Core.Startup Information: 0 : Path: localhost:44386//api/RawMaterials
Body: 
Query: 
Client IP: ::1

    DateTime=2021-03-09T06:45:43.2012363Z
WeighingSystemUPPCV3_5_Core.Startup Information: 0 : Path: localhost:44386//api/Products
Body: 
Query: 
Client IP: ::1

    DateTime=2021-03-09T06:45:43.2947487Z
WeighingSystemUPPCV3_5_Core.Startup Information: 0 : Path: localhost:44386//api/Categories
Body: 
Query: 
Client IP: ::1

    DateTime=2021-03-09T06:45:43.3642558Z
WeighingSystemUPPCV3_5_Core.Startup Information: 0 : Path: localhost:44386//api/Haulers
Body: 
Query: 
Client IP: ::1

    DateTime=2021-03-09T06:45:43.4194118Z
WeighingSystemUPPCV3_5_Core.Startup Information: 0 : Path: localhost:44386//api/Vehicles
Body: 
Query: 
Client IP: ::1

    DateTime=2021-03-09T06:45:43.4788954Z
WeighingSystemUPPCV3_5_Core.Startup Information: 0 : Path: localhost:44386//api/VehicleTypes
Body: 
Query: 
Client IP: ::1

    DateTime=2021-03-09T06:45:43.5974932Z
WeighingSystemUPPCV3_5_Core.Startup Information: 0 : Path: localhost:44386//api/SubSuppliers
Body: 
Query: 
Client IP: ::1

    DateTime=2021-03-09T06:45:43.6485810Z
WeighingSystemUPPCV3_5_Core.Startup Information: 0 : Path: localhost:44386//api/SaleTransactions
Body: 
Query: ?Returned=false
Client IP: ::1

    DateTime=2021-03-09T06:45:43.6982054Z
WeighingSystemUPPCV3_5_Core.Startup Information: 0 : Path: localhost:44386//api/UserAccounts/UserAccountDetails
Body: 
Query: 
Client IP: ::1

    DateTime=2021-03-09T06:45:43.8551171Z
WeighingSystemUPPCV3_5_Core.Startup Information: 0 : Path: localhost:44386//api/Reminders
Body: 
Query: 
Client IP: ::1

    DateTime=2021-03-09T06:45:43.9217541Z
WeighingSystemUPPCV3_5_Core.Startup Information: 0 : Path: localhost:44386//api/Signatories
Body: 
Query: 
Client IP: ::1

    DateTime=2021-03-09T06:45:43.9808660Z
WeighingSystemUPPCV3_5_Core.Startup Information: 0 : Path: localhost:44386//api/UserAccounts/LogIn
Body: {"userName":"TSI","userPwd":"1"}
Query: 
Client IP: ::1

    DateTime=2021-03-09T06:45:48.2291728Z
WeighingSystemUPPCV3_5_Core.Startup Information: 0 : Path: localhost:44386//api/PurchaseOrders
Body: 
Query: ?PurchaseOrderId=0&DTEffectivity=1%2f1%2f0001%2012%3a00%3a00%20AM&SupplierId=0&RawMaterialId=0&PONum=&Price=0&BalanceTotalKg=0&POType=&Remarks=&DTCreated=1%2f1%2f0001%2012%3a00%3a00%20AM&CreatedById=&DTModified=&ModifiedById=&IsActive=True&Locked=&BalanceRemainingKg=&BalanceDeliveredKg=
Client IP: ::1

    DateTime=2021-03-09T06:45:50.1750448Z
Microsoft.AspNetCore.Diagnostics.DeveloperExceptionPageMiddleware Error: 1 : An unhandled exception has occurred while executing the request.
    DateTime=2021-03-09T06:45:51.7056725Z
WeighingSystemUPPCV3_5_Core.Startup Information: 0 : Path: localhost:44386//api/PurchaseOrders
Body: 
Query: ?PurchaseOrderId=0&DTEffectivity=1%2f1%2f0001%2012%3a00%3a00%20AM&SupplierId=0&RawMaterialId=0&PONum=&Price=0&BalanceTotalKg=0&POType=&Remarks=&DTCreated=1%2f1%2f0001%2012%3a00%3a00%20AM&CreatedById=&DTModified=&ModifiedById=&IsActive=True&Locked=&BalanceRemainingKg=&BalanceDeliveredKg=
Client IP: ::1

    DateTime=2021-03-09T06:51:01.2187956Z
WeighingSystemUPPCV3_5_Core.Startup Information: 0 : Path: localhost:44386//api/Reminders/Count
Body: 
Query: 
Client IP: ::1

    DateTime=2021-03-09T06:51:20.8282016Z
WeighingSystemUPPCV3_5_Core.Startup Information: 0 : Path: localhost:44386//api/Inyards
Body: 
Query: 
Client IP: ::1

    DateTime=2021-03-09T06:51:20.8942451Z
WeighingSystemUPPCV3_5_Core.Startup Information: 0 : Path: localhost:44386//api/PurchaseOrders
Body: 
Query: ?PurchaseOrderId=0&DTEffectivity=1%2f1%2f0001%2012%3a00%3a00%20AM&SupplierId=0&RawMaterialId=0&PONum=&Price=0&BalanceTotalKg=0&POType=&Remarks=&DTCreated=1%2f1%2f0001%2012%3a00%3a00%20AM&CreatedById=&DTModified=&ModifiedById=&IsActive=True&Locked=&BalanceRemainingKg=&BalanceDeliveredKg=
Client IP: ::1

    DateTime=2021-03-09T06:51:28.0350457Z
WeighingSystemUPPCV3_5_Core.Startup Information: 0 : Path: localhost:44386//api/Reminders/Count
Body: 
Query: 
Client IP: ::1

    DateTime=2021-03-09T06:51:32.5292033Z
Microsoft.Hosting.Lifetime Information: 0 : Now listening on: https://[::]:44386
    DateTime=2021-03-09T06:54:22.7434296Z
Microsoft.Hosting.Lifetime Information: 0 : Now listening on: http://[::]:44385
    DateTime=2021-03-09T06:54:22.7488816Z
Microsoft.Hosting.Lifetime Information: 0 : Application started. Press Ctrl+C to shut down.
    DateTime=2021-03-09T06:54:22.7552839Z
Microsoft.Hosting.Lifetime Information: 0 : Hosting environment: Development
    DateTime=2021-03-09T06:54:22.7620973Z
Microsoft.Hosting.Lifetime Information: 0 : Content root path: D:\dir\tsi\UPPC\Phase 4\WeighingSystemUPPCV3.5\WeighingSystemUPPCV3.5.Core\WeighingSystemUPPCV3.5.Core
    DateTime=2021-03-09T06:54:22.7673202Z
WeighingSystemUPPCV3_5_Core.Startup Information: 0 : Path: localhost:44386//api/Config
Body: 
Query: 
Client IP: ::1

    DateTime=2021-03-09T06:54:32.3947258Z
WeighingSystemUPPCV3_5_Core.Startup Information: 0 : Path: localhost:44386//api/BalingStations/selected
Body: 
Query: 
Client IP: ::1

    DateTime=2021-03-09T06:54:32.6169144Z
WeighingSystemUPPCV3_5_Core.Startup Information: 0 : Path: localhost:44386//api/MoistureSettings
Body: 
Query: 
Client IP: ::1

    DateTime=2021-03-09T06:54:34.3564050Z
WeighingSystemUPPCV3_5_Core.Startup Information: 0 : Path: localhost:44386//api/TransactionTypes
Body: 
Query: 
Client IP: ::1

    DateTime=2021-03-09T06:54:34.4824926Z
WeighingSystemUPPCV3_5_Core.Startup Information: 0 : Path: localhost:44386//api/MoistureReaders
Body: 
Query: 
Client IP: ::1

    DateTime=2021-03-09T06:54:34.5374458Z
WeighingSystemUPPCV3_5_Core.Startup Information: 0 : Path: localhost:44386//api/BaleTypes
Body: 
Query: 
Client IP: ::1

    DateTime=2021-03-09T06:54:34.6199121Z
WeighingSystemUPPCV3_5_Core.Startup Information: 0 : Path: localhost:44386//api/Sources
Body: 
Query: 
Client IP: ::1

    DateTime=2021-03-09T06:54:34.6792495Z
WeighingSystemUPPCV3_5_Core.Startup Information: 0 : Path: localhost:44386//api/SourceCategories
Body: 
Query: 
Client IP: ::1

    DateTime=2021-03-09T06:54:34.7449546Z
WeighingSystemUPPCV3_5_Core.Startup Information: 0 : Path: localhost:44386//api/Customers
Body: 
Query: 
Client IP: ::1

    DateTime=2021-03-09T06:54:34.7825875Z
WeighingSystemUPPCV3_5_Core.Startup Information: 0 : Path: localhost:44386//api/Suppliers
Body: 
Query: 
Client IP: ::1

    DateTime=2021-03-09T06:54:34.8518874Z
WeighingSystemUPPCV3_5_Core.Startup Information: 0 : Path: localhost:44386//api/RawMaterials
Body: 
Query: 
Client IP: ::1

    DateTime=2021-03-09T06:54:34.9102506Z
WeighingSystemUPPCV3_5_Core.Startup Information: 0 : Path: localhost:44386//api/Products
Body: 
Query: 
Client IP: ::1

    DateTime=2021-03-09T06:54:34.9958486Z
WeighingSystemUPPCV3_5_Core.Startup Information: 0 : Path: localhost:44386//api/Categories
Body: 
Query: 
Client IP: ::1

    DateTime=2021-03-09T06:54:35.0539463Z
WeighingSystemUPPCV3_5_Core.Startup Information: 0 : Path: localhost:44386//api/Haulers
Body: 
Query: 
Client IP: ::1

    DateTime=2021-03-09T06:54:35.1090288Z
WeighingSystemUPPCV3_5_Core.Startup Information: 0 : Path: localhost:44386//api/Vehicles
Body: 
Query: 
Client IP: ::1

    DateTime=2021-03-09T06:54:35.1632579Z
WeighingSystemUPPCV3_5_Core.Startup Information: 0 : Path: localhost:44386//api/VehicleTypes
Body: 
Query: 
Client IP: ::1

    DateTime=2021-03-09T06:54:35.3040672Z
WeighingSystemUPPCV3_5_Core.Startup Information: 0 : Path: localhost:44386//api/SubSuppliers
Body: 
Query: 
Client IP: ::1

    DateTime=2021-03-09T06:54:35.3546500Z
WeighingSystemUPPCV3_5_Core.Startup Information: 0 : Path: localhost:44386//api/SaleTransactions
Body: 
Query: ?Returned=false
Client IP: ::1

    DateTime=2021-03-09T06:54:35.4059946Z
WeighingSystemUPPCV3_5_Core.Startup Information: 0 : Path: localhost:44386//api/UserAccounts/UserAccountDetails
Body: 
Query: 
Client IP: ::1

    DateTime=2021-03-09T06:54:35.5355155Z
WeighingSystemUPPCV3_5_Core.Startup Information: 0 : Path: localhost:44386//api/Reminders
Body: 
Query: 
Client IP: ::1

    DateTime=2021-03-09T06:54:35.5985519Z
WeighingSystemUPPCV3_5_Core.Startup Information: 0 : Path: localhost:44386//api/Signatories
Body: 
Query: 
Client IP: ::1

    DateTime=2021-03-09T06:54:35.6496744Z
WeighingSystemUPPCV3_5_Core.Startup Information: 0 : Path: localhost:44386//api/UserAccounts/LogIn
Body: {"userName":"TSI","userPwd":"1"}
Query: 
Client IP: ::1

    DateTime=2021-03-09T06:54:37.4382543Z
WeighingSystemUPPCV3_5_Core.Startup Information: 0 : Path: localhost:44386//api/PurchaseOrders
Body: 
Query: ?PurchaseOrderId=0&DTEffectivity=1%2f1%2f0001%2012%3a00%3a00%20AM&SupplierId=0&RawMaterialId=0&PONum=&Price=0&BalanceTotalKg=0&POType=&Remarks=&DTCreated=1%2f1%2f0001%2012%3a00%3a00%20AM&CreatedById=&DTModified=&ModifiedById=&IsActive=True&Locked=&BalanceRemainingKg=&BalanceDeliveredKg=
Client IP: ::1

    DateTime=2021-03-09T06:54:39.5388158Z
WeighingSystemUPPCV3_5_Core.Startup Information: 0 : Path: localhost:44386//api/Reminders/Count
Body: 
Query: 
Client IP: ::1

    DateTime=2021-03-09T06:54:40.8069670Z
WeighingSystemUPPCV3_5_Core.Startup Information: 0 : Path: localhost:44386//api/Inyards
Body: 
Query: 
Client IP: ::1

    DateTime=2021-03-09T06:54:40.8810185Z
WeighingSystemUPPCV3_5_Core.Startup Information: 0 : Path: localhost:44386//api/UserAccounts/LogIn
Body: {"userName":"TSI","userPwd":"1"}
Query: 
Client IP: ::1

    DateTime=2021-03-09T06:54:45.3172504Z
WeighingSystemUPPCV3_5_Core.Startup Information: 0 : Path: localhost:44386//api/UserAccounts/LogIn
Body: {"userName":"TSI","userPwd":"1"}
Query: 
Client IP: ::1

    DateTime=2021-03-09T06:54:49.1856254Z
WeighingSystemUPPCV3_5_Core.Startup Information: 0 : Path: localhost:44386//api/Suppliers
Body: 
Query: 
Client IP: ::1

    DateTime=2021-03-09T06:54:49.4431907Z
WeighingSystemUPPCV3_5_Core.Startup Information: 0 : Path: localhost:44386//api/PurchaseOrders
Body: 
Query: ?PurchaseOrderId=0&DTEffectivity=1%2f1%2f0001%2012%3a00%3a00%20AM&SupplierId=40000002&RawMaterialId=70000008&PONum=&Price=0&BalanceTotalKg=0&POType=&Remarks=&DTCreated=1%2f1%2f0001%2012%3a00%3a00%20AM&CreatedById=&DTModified=&ModifiedById=&IsActive=&Locked=&BalanceRemainingKg=&BalanceDeliveredKg=
Client IP: ::1

    DateTime=2021-03-09T06:54:54.7217964Z
WeighingSystemUPPCV3_5_Core.Startup Information: 0 : Path: localhost:44386//api/PurchaseOrders
Body: 
Query: ?PurchaseOrderId=0&DTEffectivity=1%2f1%2f0001%2012%3a00%3a00%20AM&SupplierId=40000002&RawMaterialId=70000008&PONum=&Price=0&BalanceTotalKg=0&POType=&Remarks=&DTCreated=1%2f1%2f0001%2012%3a00%3a00%20AM&CreatedById=&DTModified=&ModifiedById=&IsActive=&Locked=&BalanceRemainingKg=&BalanceDeliveredKg=
Client IP: ::1

    DateTime=2021-03-09T06:55:30.7945291Z
WeighingSystemUPPCV3_5_Core.Startup Information: 0 : Path: localhost:44386//api/PurchaseOrders
Body: 
Query: ?PurchaseOrderId=0&DTEffectivity=1%2f1%2f0001%2012%3a00%3a00%20AM&SupplierId=40000002&RawMaterialId=70000008&PONum=&Price=0&BalanceTotalKg=0&POType=&Remarks=&DTCreated=1%2f1%2f0001%2012%3a00%3a00%20AM&CreatedById=&DTModified=&ModifiedById=&IsActive=&Locked=&BalanceRemainingKg=&BalanceDeliveredKg=
Client IP: ::1

    DateTime=2021-03-09T06:57:06.5123433Z
WeighingSystemUPPCV3_5_Core.Startup Information: 0 : Path: localhost:44386//api/PurchaseOrders/417
Body: {"purchaseOrderId":417,"dtEffectivity":"2021-01-23T09:28:40","supplierId":40000002,"rawMaterialId":70000008,"poNum":"6366008378","price":3.219,"balanceTotalKg":200.00,"poType":"BASE","dtCreated":"2021-01-23T09:28:40","createdById":"5463107b-5fbf-43a0-9fb2-c2037bb9a306","dtModified":"2021-01-23T09:29:11","isActive":true,"locked":true,"balanceRemainingKg":0.2,"balanceDeliveredKg":0.0}
Query: 
Client IP: ::1

    DateTime=2021-03-09T06:57:15.0794782Z
WeighingSystemUPPCV3_5_Core.Startup Information: 0 : Path: localhost:44386//api/PurchaseOrders/417
Body: {"purchaseOrderId":417,"dtEffectivity":"2021-01-23T09:28:40","supplierId":40000002,"rawMaterialId":70000008,"poNum":"6366008378","price":3.821,"balanceTotalKg":200.00,"poType":"BASE","dtCreated":"2021-01-23T09:28:40","createdById":"5463107b-5fbf-43a0-9fb2-c2037bb9a306","dtModified":"2021-01-23T09:29:11","isActive":true,"locked":true,"balanceRemainingKg":0.2,"balanceDeliveredKg":0.0}
Query: 
Client IP: ::1

    DateTime=2021-03-09T07:11:07.1746074Z
WeighingSystemUPPCV3_5_Core.Startup Information: 0 : Path: localhost:44386//api/PurchaseOrders/417
Body: {"purchaseOrderId":417,"dtEffectivity":"2021-01-23T09:28:40","supplierId":40000002,"rawMaterialId":70000008,"poNum":"6366008378","price":4.23,"balanceTotalKg":200.00,"poType":"BASE","dtCreated":"2021-01-23T09:28:40","createdById":"5463107b-5fbf-43a0-9fb2-c2037bb9a306","dtModified":"2021-01-23T09:29:11","isActive":true,"locked":true,"balanceRemainingKg":0.2,"balanceDeliveredKg":0.0}
Query: 
Client IP: ::1

    DateTime=2021-03-09T07:11:27.1249129Z
WeighingSystemUPPCV3_5_Core.Startup Information: 0 : Path: localhost:44386//api/PurchaseOrders/417
Body: {"purchaseOrderId":417,"dtEffectivity":"2021-01-23T09:28:40","supplierId":40000002,"rawMaterialId":70000008,"poNum":"6366008378","price":4.23,"balanceTotalKg":200.00,"poType":"BASE","dtCreated":"2021-01-23T09:28:40","createdById":"5463107b-5fbf-43a0-9fb2-c2037bb9a306","dtModified":"2021-01-23T09:29:11","isActive":true,"locked":true,"balanceRemainingKg":0.2,"balanceDeliveredKg":0.0}
Query: 
Client IP: ::1

    DateTime=2021-03-09T07:11:42.4408099Z
WeighingSystemUPPCV3_5_Core.Startup Information: 0 : Path: localhost:44386//api/PurchaseOrders/417
Body: {"purchaseOrderId":417,"dtEffectivity":"2021-01-23T09:28:40","supplierId":40000002,"rawMaterialId":70000008,"poNum":"6366008378","price":4.23,"balanceTotalKg":200.00,"poType":"BASE","dtCreated":"2021-01-23T09:28:40","createdById":"5463107b-5fbf-43a0-9fb2-c2037bb9a306","dtModified":"2021-01-23T09:29:11","isActive":true,"locked":true,"balanceRemainingKg":0.2,"balanceDeliveredKg":0.0}
Query: 
Client IP: ::1

    DateTime=2021-03-09T07:12:27.3667417Z
Microsoft.Hosting.Lifetime Information: 0 : Now listening on: https://[::]:44386
    DateTime=2021-03-09T07:13:24.7255335Z
Microsoft.Hosting.Lifetime Information: 0 : Now listening on: http://[::]:44385
    DateTime=2021-03-09T07:13:24.7312957Z
Microsoft.Hosting.Lifetime Information: 0 : Application started. Press Ctrl+C to shut down.
    DateTime=2021-03-09T07:13:24.7373479Z
Microsoft.Hosting.Lifetime Information: 0 : Hosting environment: Development
    DateTime=2021-03-09T07:13:24.7432381Z
Microsoft.Hosting.Lifetime Information: 0 : Content root path: D:\dir\tsi\UPPC\Phase 4\WeighingSystemUPPCV3.5\WeighingSystemUPPCV3.5.Core\WeighingSystemUPPCV3.5.Core
    DateTime=2021-03-09T07:13:24.7490243Z
WeighingSystemUPPCV3_5_Core.Startup Information: 0 : Path: localhost:44386//api/PurchaseOrders/417
Body: {"purchaseOrderId":417,"dtEffectivity":"2021-01-23T09:28:40","supplierId":40000002,"rawMaterialId":70000008,"poNum":"6366008378","price":4.23,"balanceTotalKg":200000.00,"poType":"BASE","dtCreated":"2021-01-23T09:28:40","createdById":"5463107b-5fbf-43a0-9fb2-c2037bb9a306","dtModified":"2021-01-23T09:29:11","isActive":true,"locked":true,"balanceRemainingKg":0.2,"balanceDeliveredKg":0.0}
Query: 
Client IP: ::1

    DateTime=2021-03-09T07:13:54.7885401Z
WeighingSystemUPPCV3_5_Core.Startup Information: 0 : Path: localhost:44386//api/PurchaseOrders/417
Body: {"purchaseOrderId":417,"dtEffectivity":"2021-01-23T09:28:40","supplierId":40000002,"rawMaterialId":70000008,"poNum":"6366008378","price":4.23,"balanceTotalKg":200000.00,"poType":"BASE","dtCreated":"2021-01-23T09:28:40","createdById":"5463107b-5fbf-43a0-9fb2-c2037bb9a306","dtModified":"2021-01-23T09:29:11","isActive":true,"locked":true,"balanceRemainingKg":200.0,"balanceDeliveredKg":0.0}
Query: 
Client IP: ::1

    DateTime=2021-03-09T07:14:07.8633689Z
WeighingSystemUPPCV3_5_Core.Startup Information: 0 : Path: localhost:44386//api/PurchaseOrders
Body: 
Query: ?PurchaseOrderId=0&DTEffectivity=1%2f1%2f0001%2012%3a00%3a00%20AM&SupplierId=40000002&RawMaterialId=70000008&PONum=&Price=0&BalanceTotalKg=0&POType=&Remarks=&DTCreated=1%2f1%2f0001%2012%3a00%3a00%20AM&CreatedById=&DTModified=&ModifiedById=&IsActive=&Locked=&BalanceRemainingKg=&BalanceDeliveredKg=
Client IP: ::1

    DateTime=2021-03-09T07:14:51.9755804Z
WeighingSystemUPPCV3_5_Core.Startup Information: 0 : Path: localhost:44386//api/PurchaseOrders/417
Body: {"purchaseOrderId":417,"dtEffectivity":"2021-01-23T09:28:40","supplierId":40000002,"rawMaterialId":70000008,"poNum":"6366008378","price":4.23,"balanceTotalKg":200000.00,"poType":"BASE","dtCreated":"2021-01-23T09:28:40","createdById":"5463107b-5fbf-43a0-9fb2-c2037bb9a306","dtModified":"2021-01-23T09:29:11","isActive":true,"locked":true,"balanceRemainingKg":200.0,"balanceDeliveredKg":0.0}
Query: 
Client IP: ::1

    DateTime=2021-03-09T07:14:56.9376486Z
Microsoft.Hosting.Lifetime Information: 0 : Now listening on: https://[::]:44386
    DateTime=2021-03-09T07:15:12.3133113Z
Microsoft.Hosting.Lifetime Information: 0 : Now listening on: http://[::]:44385
    DateTime=2021-03-09T07:15:12.3182272Z
Microsoft.Hosting.Lifetime Information: 0 : Application started. Press Ctrl+C to shut down.
    DateTime=2021-03-09T07:15:12.3232559Z
Microsoft.Hosting.Lifetime Information: 0 : Hosting environment: Development
    DateTime=2021-03-09T07:15:12.3277829Z
Microsoft.Hosting.Lifetime Information: 0 : Content root path: D:\dir\tsi\UPPC\Phase 4\WeighingSystemUPPCV3.5\WeighingSystemUPPCV3.5.Core\WeighingSystemUPPCV3.5.Core
    DateTime=2021-03-09T07:15:12.3327363Z
WeighingSystemUPPCV3_5_Core.Startup Information: 0 : Path: localhost:44386//api/PurchaseOrders
Body: 
Query: ?PurchaseOrderId=0&DTEffectivity=1%2f1%2f0001%2012%3a00%3a00%20AM&SupplierId=40000002&RawMaterialId=70000008&PONum=&Price=0&BalanceTotalKg=0&POType=&Remarks=&DTCreated=1%2f1%2f0001%2012%3a00%3a00%20AM&CreatedById=&DTModified=&ModifiedById=&IsActive=&Locked=&BalanceRemainingKg=&BalanceDeliveredKg=
Client IP: ::1

    DateTime=2021-03-09T07:15:16.5100262Z
WeighingSystemUPPCV3_5_Core.Startup Information: 0 : Path: localhost:44386//api/PurchaseOrders
Body: 
Query: ?PurchaseOrderId=0&DTEffectivity=1%2f1%2f0001%2012%3a00%3a00%20AM&SupplierId=40000002&RawMaterialId=70000008&PONum=&Price=0&BalanceTotalKg=0&POType=&Remarks=&DTCreated=1%2f1%2f0001%2012%3a00%3a00%20AM&CreatedById=&DTModified=&ModifiedById=&IsActive=&Locked=&BalanceRemainingKg=&BalanceDeliveredKg=
Client IP: ::1

    DateTime=2021-03-09T07:15:18.3647813Z
WeighingSystemUPPCV3_5_Core.Startup Information: 0 : Path: localhost:44386//api/PurchaseOrders
Body: 
Query: ?PurchaseOrderId=0&DTEffectivity=1%2f1%2f0001%2012%3a00%3a00%20AM&SupplierId=40000002&RawMaterialId=70000008&PONum=&Price=0&BalanceTotalKg=0&POType=&Remarks=&DTCreated=1%2f1%2f0001%2012%3a00%3a00%20AM&CreatedById=&DTModified=&ModifiedById=&IsActive=&Locked=&BalanceRemainingKg=&BalanceDeliveredKg=
Client IP: ::1

    DateTime=2021-03-09T07:15:18.4937271Z
WeighingSystemUPPCV3_5_Core.Startup Information: 0 : Path: localhost:44386//api/PurchaseOrders
Body: 
Query: ?PurchaseOrderId=0&DTEffectivity=1%2f1%2f0001%2012%3a00%3a00%20AM&SupplierId=40000002&RawMaterialId=70000006&PONum=&Price=0&BalanceTotalKg=0&POType=&Remarks=&DTCreated=1%2f1%2f0001%2012%3a00%3a00%20AM&CreatedById=&DTModified=&ModifiedById=&IsActive=&Locked=&BalanceRemainingKg=&BalanceDeliveredKg=
Client IP: ::1

    DateTime=2021-03-09T07:15:24.2026394Z
WeighingSystemUPPCV3_5_Core.Startup Information: 0 : Path: localhost:44386//api/PurchaseOrders
Body: 
Query: ?PurchaseOrderId=0&DTEffectivity=1%2f1%2f0001%2012%3a00%3a00%20AM&SupplierId=40000002&RawMaterialId=70000008&PONum=&Price=0&BalanceTotalKg=0&POType=&Remarks=&DTCreated=1%2f1%2f0001%2012%3a00%3a00%20AM&CreatedById=&DTModified=&ModifiedById=&IsActive=&Locked=&BalanceRemainingKg=&BalanceDeliveredKg=
Client IP: ::1

    DateTime=2021-03-09T07:15:24.7842856Z
WeighingSystemUPPCV3_5_Core.Startup Information: 0 : Path: localhost:44386//api/PurchaseOrders
Body: {"purchaseOrderId":0,"dtEffectivity":"2021-03-09T00:00:00+08:00","supplierId":40000002,"rawMaterialId":70000008,"poNum":"3123123123","price":5.0,"balanceTotalKg":0.0,"poType":"BASE","dtCreated":"0001-01-01T00:00:00","createdById":"5463107b-5fbf-43a0-9fb2-c2037bb9a306"}
Query: 
Client IP: ::1

    DateTime=2021-03-09T07:15:37.6031622Z
WeighingSystemUPPCV3_5_Core.Startup Information: 0 : Path: localhost:44386//api/PurchaseOrders
Body: {"purchaseOrderId":0,"dtEffectivity":"2021-03-09T00:00:00+08:00","supplierId":40000002,"rawMaterialId":70000008,"poNum":"3123123123","price":5.0,"balanceTotalKg":320000.0,"poType":"BASE","dtCreated":"0001-01-01T00:00:00","createdById":"5463107b-5fbf-43a0-9fb2-c2037bb9a306"}
Query: 
Client IP: ::1

    DateTime=2021-03-09T07:15:46.7010425Z
WeighingSystemUPPCV3_5_Core.Startup Information: 0 : Path: localhost:44386//api/PurchaseOrders
Body: {"purchaseOrderId":0,"dtEffectivity":"2021-03-09T00:00:00+08:00","supplierId":40000002,"rawMaterialId":70000008,"poNum":"11123121","price":5.0,"balanceTotalKg":300000.0,"poType":"BASE","dtCreated":"0001-01-01T00:00:00","createdById":"5463107b-5fbf-43a0-9fb2-c2037bb9a306"}
Query: 
Client IP: ::1

    DateTime=2021-03-09T07:16:05.1602972Z
WeighingSystemUPPCV3_5_Core.Startup Information: 0 : Path: localhost:44386//api/PurchaseOrders
Body: {"purchaseOrderId":0,"dtEffectivity":"2021-03-09T00:00:00+08:00","supplierId":40000002,"rawMaterialId":70000008,"poNum":"1123131","price":5.222,"balanceTotalKg":219000.0,"poType":"BASE","dtCreated":"0001-01-01T00:00:00","createdById":"5463107b-5fbf-43a0-9fb2-c2037bb9a306"}
Query: 
Client IP: ::1

    DateTime=2021-03-09T07:16:54.8236158Z
WeighingSystemUPPCV3_5_Core.Startup Information: 0 : Path: localhost:44386//api/PurchaseOrders
Body: 
Query: ?id=421
Client IP: ::1

    DateTime=2021-03-09T07:17:01.4408246Z
WeighingSystemUPPCV3_5_Core.Startup Information: 0 : Path: localhost:44386//api/PurchaseOrders
Body: 
Query: ?id=420
Client IP: ::1

    DateTime=2021-03-09T07:17:04.1765203Z
WeighingSystemUPPCV3_5_Core.Startup Information: 0 : Path: localhost:44386//api/PurchaseOrders
Body: 
Query: ?id=419
Client IP: ::1

    DateTime=2021-03-09T07:17:06.1129425Z
WeighingSystemUPPCV3_5_Core.Startup Information: 0 : Path: localhost:44386//api/UserAccounts/LogIn
Body: {"userName":"TSI","userPwd":"1"}
Query: 
Client IP: ::1

    DateTime=2021-03-09T07:18:15.8760769Z
WeighingSystemUPPCV3_5_Core.Startup Information: 0 : Path: localhost:44386//api/PurchaseOrders
Body: 
Query: ?PurchaseOrderId=0&DTEffectivity=1%2f1%2f0001%2012%3a00%3a00%20AM&SupplierId=0&RawMaterialId=0&PONum=&Price=0&BalanceTotalKg=0&POType=&Remarks=&DTCreated=1%2f1%2f0001%2012%3a00%3a00%20AM&CreatedById=&DTModified=&ModifiedById=&IsActive=True&Locked=&BalanceRemainingKg=&BalanceDeliveredKg=
Client IP: ::1

    DateTime=2021-03-09T07:18:17.9792158Z
WeighingSystemUPPCV3_5_Core.Startup Information: 0 : Path: localhost:44386//api/Reminders/Count
Body: 
Query: 
Client IP: ::1

    DateTime=2021-03-09T07:19:00.9069759Z
WeighingSystemUPPCV3_5_Core.Startup Information: 0 : Path: localhost:44386//api/ReferenceNumbers
Body: 
Query: 
Client IP: ::1

    DateTime=2021-03-09T07:19:04.0439797Z
WeighingSystemUPPCV3_5_Core.Startup Information: 0 : Path: localhost:44386//api/Inyards/Validate
Body: {"inyardId":94,"inyardNum":"0049380","transactionTypeCode":"I","dateTimeIn":"2021-03-06T09:48:22.913","dateTimeOut":"2021-03-09T15:19:14.0281026+08:00","vehicleNum":"ASSS-3222","trip":"SPECIAL TRIP","clientId":40000002,"commodityId":70000020,"baleTypeId":1,"baleCount":1,"poNum":"6366008256","drNum":"312-231","remarks":"","factoryWt":0.0,"initialWt":12000.0,"grossWt":12000.0,"tareWt":4290.0,"netWt":7710.0,"price":0.0,"mc":12.0,"pm":0.0,"ot":0.0,"mcStatus":12,"haulerId":0,"driverName":"123122","plantNetWt":0.0,"plantMC":0.00,"isOfflineIn":false,"isOfflineOut":false,"weigherInId":"2ebd52fa-6294-4d40-9736-af388c3a0b90","weigherOutId":"5463107b-5fbf-43a0-9fb2-c2037bb9a306","subSupplierName":"ANGEL","vehicleTypeId":0,"sourceId":6,"sourceCategoryId":2,"moistureReaderId":2,"signatoryId":0,"moistureSettingsId":0,"timeZoneIn":"GMT+08:00 PH","moistureReaderProcess":"AUTO","moistureReaderDesc":"PROBE","balingStationCode":"TSIBS","balingStationName":"PARANAQUE","purchaseOrder":{"purchaseOrderId":414,"dtEffectivity":"2020-12-02T08:29:01","supplierId":40000002,"rawMaterialId":70000020,"poNum":"6366008256","price":4.032,"balanceTotalKg":200000.00,"poType":"BASE","dtCreated":"2020-12-02T08:29:01","createdById":"5463107b-5fbf-43a0-9fb2-c2037bb9a306","dtModified":"2020-12-02T08:29:33","isActive":true,"locked":true},"sourceName":"JUNKSHOP","sourceCategoryDesc":"INDUSTRY","commodityDesc":"MIXED PAPER-OB POST-CRM","clientName":"EARTHBUDDY INC.","baleTypeDesc":"LOOSE BALE","weigherInName":"EVANDER L. LAMBERTE","transactionProcess":2,"transactionStatus":0,"moistureReaderLogs":[{"moistureReaderLogId":0,"transactionId":0,"logNum":1,"dtLog":"2021-02-01T09:48:00","mc":13.0},{"moistureReaderLogId":0,"transactionId":0,"logNum":2,"dtLog":"2021-02-01T09:48:00","mc":13.8},{"moistureReaderLogId":0,"transactionId":0,"logNum":3,"dtLog":"2021-02-01T09:48:00","mc":14.0},{"moistureReaderLogId":0,"transactionId":0,"logNum":4,"dtLog":"2021-02-01T09:48:00","mc":13.6},{"moistureReaderLogId":0,"transactionId":0,"logNum":5,"dtLog":"2021-02-01T09:48:00","mc":8.7},{"moistureReaderLogId":0,"transactionId":0,"logNum":6,"dtLog":"2021-02-01T09:48:00","mc":11.0},{"moistureReaderLogId":0,"transactionId":0,"logNum":7,"dtLog":"2021-02-01T09:48:00","mc":11.6},{"moistureReaderLogId":0,"transactionId":0,"logNum":8,"dtLog":"2021-02-01T09:51:00","mc":9.7},{"moistureReaderLogId":0,"transactionId":0,"logNum":9,"dtLog":"2021-02-01T09:51:00","mc":10.0},{"moistureReaderLogId":0,"transactionId":0,"logNum":10,"dtLog":"2021-02-01T09:51:00","mc":10.0},{"moistureReaderLogId":0,"transactionId":0,"logNum":11,"dtLog":"2021-02-01T09:53:00","mc":13.7},{"moistureReaderLogId":0,"transactionId":0,"logNum":12,"dtLog":"2021-02-01T09:53:00","mc":14.8},{"moistureReaderLogId":0,"transactionId":0,"logNum":13,"dtLog":"2021-02-01T09:53:00","mc":11.5},{"moistureReaderLogId":0,"transactionId":0,"logNum":14,"dtLog":"2021-02-01T09:53:00","mc":6.6},{"moistureReaderLogId":0,"transactionId":0,"logNum":15,"dtLog":"2021-02-01T09:53:00","mc":10.0},{"moistureReaderLogId":0,"transactionId":0,"logNum":16,"dtLog":"2021-02-01T09:53:00","mc":12.6},{"moistureReaderLogId":0,"transactionId":0,"logNum":17,"dtLog":"2021-02-01T09:53:00","mc":14.9},{"moistureReaderLogId":0,"transactionId":0,"logNum":18,"dtLog":"2021-02-01T09:53:00","mc":14.9},{"moistureReaderLogId":0,"transactionId":0,"logNum":19,"dtLog":"2021-02-01T09:53:00","mc":14.9},{"moistureReaderLogId":0,"transactionId":0,"logNum":20,"dtLog":"2021-02-01T09:53:00","mc":7.5},{"moistureReaderLogId":0,"transactionId":0,"logNum":21,"dtLog":"2021-02-01T09:53:00","mc":17.7},{"moistureReaderLogId":0,"transactionId":0,"logNum":22,"dtLog":"2021-02-01T09:53:00","mc":13.2},{"moistureReaderLogId":0,"transactionId":0,"logNum":23,"dtLog":"2021-02-01T09:53:00","mc":7.3},{"moistureReaderLogId":0,"transactionId":0,"logNum":24,"dtLog":"2021-02-01T09:53:00","mc":10.0},{"moistureReaderLogId":0,"transactionId":0,"logNum":25,"dtLog":"2021-02-01T09:53:00","mc":12.3},{"moistureReaderLogId":0,"transactionId":0,"logNum":26,"dtLog":"2021-02-01T09:53:00","mc":14.5},{"moistureReaderLogId":0,"transactionId":0,"logNum":27,"dtLog":"2021-02-01T09:56:00","mc":14.1},{"moistureReaderLogId":0,"transactionId":0,"logNum":28,"dtLog":"2021-02-01T09:56:00","mc":13.0},{"moistureReaderLogId":0,"transactionId":0,"logNum":29,"dtLog":"2021-02-01T09:56:00","mc":7.4},{"moistureReaderLogId":0,"transactionId":0,"logNum":30,"dtLog":"2021-02-01T09:56:00","mc":13.8}],"bales":[]}
Query: 
Client IP: ::1

    DateTime=2021-03-09T07:19:14.0644201Z
WeighingSystemUPPCV3_5_Core.Startup Information: 0 : Path: localhost:44386//api/Inyards/WeighOut
Body: {"inyardId":94,"inyardNum":"0049380","transactionTypeCode":"I","dateTimeIn":"2021-03-06T09:48:22.913","dateTimeOut":"2021-03-09T15:18:17.1102773+08:00","vehicleNum":"ASSS-3222","trip":"SPECIAL TRIP","clientId":40000002,"commodityId":70000020,"baleTypeId":1,"baleCount":1,"poNum":"6366008256","drNum":"312-231","remarks":"","factoryWt":0.0,"initialWt":12000.0,"grossWt":12000.0,"tareWt":4290.0,"netWt":7710.0,"price":0.0,"mc":12.0,"pm":0.0,"ot":0.0,"mcStatus":12,"haulerId":0,"driverName":"123122","plantNetWt":0.0,"plantMC":0.00,"isOfflineIn":false,"isOfflineOut":false,"weigherInId":"2ebd52fa-6294-4d40-9736-af388c3a0b90","weigherOutId":"5463107b-5fbf-43a0-9fb2-c2037bb9a306","subSupplierName":"ANGEL","vehicleTypeId":0,"sourceId":6,"sourceCategoryId":2,"moistureReaderId":2,"signatoryId":0,"moistureSettingsId":0,"timeZoneIn":"GMT+08:00 PH","moistureReaderProcess":"AUTO","moistureReaderDesc":"PROBE","balingStationCode":"TSIBS","balingStationName":"PARANAQUE","purchaseOrder":{"purchaseOrderId":414,"dtEffectivity":"2020-12-02T08:29:01","supplierId":40000002,"rawMaterialId":70000020,"poNum":"6366008256","price":4.032,"balanceTotalKg":200000.00,"poType":"BASE","dtCreated":"2020-12-02T08:29:01","createdById":"5463107b-5fbf-43a0-9fb2-c2037bb9a306","dtModified":"2020-12-02T08:29:33","isActive":true,"locked":true},"sourceName":"JUNKSHOP","sourceCategoryDesc":"INDUSTRY","commodityDesc":"MIXED PAPER-OB POST-CRM","clientName":"EARTHBUDDY INC.","baleTypeDesc":"LOOSE BALE","weigherInName":"EVANDER L. LAMBERTE","transactionProcess":2,"transactionStatus":0,"moistureReaderLogs":[{"moistureReaderLogId":0,"transactionId":0,"logNum":1,"dtLog":"2021-02-01T09:48:00","mc":13.0},{"moistureReaderLogId":0,"transactionId":0,"logNum":2,"dtLog":"2021-02-01T09:48:00","mc":13.8},{"moistureReaderLogId":0,"transactionId":0,"logNum":3,"dtLog":"2021-02-01T09:48:00","mc":14.0},{"moistureReaderLogId":0,"transactionId":0,"logNum":4,"dtLog":"2021-02-01T09:48:00","mc":13.6},{"moistureReaderLogId":0,"transactionId":0,"logNum":5,"dtLog":"2021-02-01T09:48:00","mc":8.7},{"moistureReaderLogId":0,"transactionId":0,"logNum":6,"dtLog":"2021-02-01T09:48:00","mc":11.0},{"moistureReaderLogId":0,"transactionId":0,"logNum":7,"dtLog":"2021-02-01T09:48:00","mc":11.6},{"moistureReaderLogId":0,"transactionId":0,"logNum":8,"dtLog":"2021-02-01T09:51:00","mc":9.7},{"moistureReaderLogId":0,"transactionId":0,"logNum":9,"dtLog":"2021-02-01T09:51:00","mc":10.0},{"moistureReaderLogId":0,"transactionId":0,"logNum":10,"dtLog":"2021-02-01T09:51:00","mc":10.0},{"moistureReaderLogId":0,"transactionId":0,"logNum":11,"dtLog":"2021-02-01T09:53:00","mc":13.7},{"moistureReaderLogId":0,"transactionId":0,"logNum":12,"dtLog":"2021-02-01T09:53:00","mc":14.8},{"moistureReaderLogId":0,"transactionId":0,"logNum":13,"dtLog":"2021-02-01T09:53:00","mc":11.5},{"moistureReaderLogId":0,"transactionId":0,"logNum":14,"dtLog":"2021-02-01T09:53:00","mc":6.6},{"moistureReaderLogId":0,"transactionId":0,"logNum":15,"dtLog":"2021-02-01T09:53:00","mc":10.0},{"moistureReaderLogId":0,"transactionId":0,"logNum":16,"dtLog":"2021-02-01T09:53:00","mc":12.6},{"moistureReaderLogId":0,"transactionId":0,"logNum":17,"dtLog":"2021-02-01T09:53:00","mc":14.9},{"moistureReaderLogId":0,"transactionId":0,"logNum":18,"dtLog":"2021-02-01T09:53:00","mc":14.9},{"moistureReaderLogId":0,"transactionId":0,"logNum":19,"dtLog":"2021-02-01T09:53:00","mc":14.9},{"moistureReaderLogId":0,"transactionId":0,"logNum":20,"dtLog":"2021-02-01T09:53:00","mc":7.5},{"moistureReaderLogId":0,"transactionId":0,"logNum":21,"dtLog":"2021-02-01T09:53:00","mc":17.7},{"moistureReaderLogId":0,"transactionId":0,"logNum":22,"dtLog":"2021-02-01T09:53:00","mc":13.2},{"moistureReaderLogId":0,"transactionId":0,"logNum":23,"dtLog":"2021-02-01T09:53:00","mc":7.3},{"moistureReaderLogId":0,"transactionId":0,"logNum":24,"dtLog":"2021-02-01T09:53:00","mc":10.0},{"moistureReaderLogId":0,"transactionId":0,"logNum":25,"dtLog":"2021-02-01T09:53:00","mc":12.3},{"moistureReaderLogId":0,"transactionId":0,"logNum":26,"dtLog":"2021-02-01T09:53:00","mc":14.5},{"moistureReaderLogId":0,"transactionId":0,"logNum":27,"dtLog":"2021-02-01T09:56:00","mc":14.1},{"moistureReaderLogId":0,"transactionId":0,"logNum":28,"dtLog":"2021-02-01T09:56:00","mc":13.0},{"moistureReaderLogId":0,"transactionId":0,"logNum":29,"dtLog":"2021-02-01T09:56:00","mc":7.4},{"moistureReaderLogId":0,"transactionId":0,"logNum":30,"dtLog":"2021-02-01T09:56:00","mc":13.8}],"bales":[]}
Query: 
Client IP: ::1

    DateTime=2021-03-09T07:19:15.3363268Z
Microsoft.Hosting.Lifetime Information: 0 : Now listening on: https://[::]:44386
    DateTime=2021-03-09T07:24:57.4303526Z
Microsoft.Hosting.Lifetime Information: 0 : Now listening on: http://[::]:44385
    DateTime=2021-03-09T07:24:57.4352431Z
Microsoft.Hosting.Lifetime Information: 0 : Application started. Press Ctrl+C to shut down.
    DateTime=2021-03-09T07:24:57.4401600Z
Microsoft.Hosting.Lifetime Information: 0 : Hosting environment: Development
    DateTime=2021-03-09T07:24:57.4457095Z
Microsoft.Hosting.Lifetime Information: 0 : Content root path: D:\dir\tsi\UPPC\Phase 4\WeighingSystemUPPCV3.5\WeighingSystemUPPCV3.5.Core\WeighingSystemUPPCV3.5.Core
    DateTime=2021-03-09T07:24:57.4499619Z
WeighingSystemUPPCV3_5_Core.Startup Information: 0 : Path: localhost:44386//api/Inyards/Validate
Body: {"inyardId":94,"inyardNum":"0049380","transactionTypeCode":"I","dateTimeIn":"2021-03-06T09:48:22.913","dateTimeOut":"2021-03-09T15:25:13.8778984+08:00","vehicleNum":"ASSS-3222","trip":"SPECIAL TRIP","clientId":40000002,"commodityId":70000020,"baleTypeId":1,"baleCount":1,"poNum":"6366008256","drNum":"312-231","remarks":"","factoryWt":0.0,"initialWt":12000.0,"grossWt":12000.0,"tareWt":4290.0,"netWt":7710.0,"price":0.0,"mc":12.0,"pm":0.0,"ot":0.0,"mcStatus":12,"haulerId":0,"driverName":"123122","plantNetWt":0.0,"plantMC":0.00,"isOfflineIn":false,"isOfflineOut":false,"weigherInId":"2ebd52fa-6294-4d40-9736-af388c3a0b90","weigherOutId":"5463107b-5fbf-43a0-9fb2-c2037bb9a306","subSupplierName":"ANGEL","vehicleTypeId":0,"sourceId":6,"sourceCategoryId":2,"moistureReaderId":2,"signatoryId":0,"moistureSettingsId":0,"timeZoneIn":"GMT+08:00 PH","moistureReaderProcess":"AUTO","moistureReaderDesc":"PROBE","balingStationCode":"TSIBS","balingStationName":"PARANAQUE","purchaseOrder":{"purchaseOrderId":414,"dtEffectivity":"2020-12-02T08:29:01","supplierId":40000002,"rawMaterialId":70000020,"poNum":"6366008256","price":4.032,"balanceTotalKg":200000.00,"poType":"BASE","dtCreated":"2020-12-02T08:29:01","createdById":"5463107b-5fbf-43a0-9fb2-c2037bb9a306","dtModified":"2020-12-02T08:29:33","isActive":true,"locked":true},"sourceName":"JUNKSHOP","sourceCategoryDesc":"INDUSTRY","commodityDesc":"MIXED PAPER-OB POST-CRM","clientName":"EARTHBUDDY INC.","baleTypeDesc":"LOOSE BALE","weigherInName":"EVANDER L. LAMBERTE","transactionProcess":2,"transactionStatus":0,"moistureReaderLogs":[{"moistureReaderLogId":0,"transactionId":0,"logNum":1,"dtLog":"2021-02-01T09:48:00","mc":13.0},{"moistureReaderLogId":0,"transactionId":0,"logNum":2,"dtLog":"2021-02-01T09:48:00","mc":13.8},{"moistureReaderLogId":0,"transactionId":0,"logNum":3,"dtLog":"2021-02-01T09:48:00","mc":14.0},{"moistureReaderLogId":0,"transactionId":0,"logNum":4,"dtLog":"2021-02-01T09:48:00","mc":13.6},{"moistureReaderLogId":0,"transactionId":0,"logNum":5,"dtLog":"2021-02-01T09:48:00","mc":8.7},{"moistureReaderLogId":0,"transactionId":0,"logNum":6,"dtLog":"2021-02-01T09:48:00","mc":11.0},{"moistureReaderLogId":0,"transactionId":0,"logNum":7,"dtLog":"2021-02-01T09:48:00","mc":11.6},{"moistureReaderLogId":0,"transactionId":0,"logNum":8,"dtLog":"2021-02-01T09:51:00","mc":9.7},{"moistureReaderLogId":0,"transactionId":0,"logNum":9,"dtLog":"2021-02-01T09:51:00","mc":10.0},{"moistureReaderLogId":0,"transactionId":0,"logNum":10,"dtLog":"2021-02-01T09:51:00","mc":10.0},{"moistureReaderLogId":0,"transactionId":0,"logNum":11,"dtLog":"2021-02-01T09:53:00","mc":13.7},{"moistureReaderLogId":0,"transactionId":0,"logNum":12,"dtLog":"2021-02-01T09:53:00","mc":14.8},{"moistureReaderLogId":0,"transactionId":0,"logNum":13,"dtLog":"2021-02-01T09:53:00","mc":11.5},{"moistureReaderLogId":0,"transactionId":0,"logNum":14,"dtLog":"2021-02-01T09:53:00","mc":6.6},{"moistureReaderLogId":0,"transactionId":0,"logNum":15,"dtLog":"2021-02-01T09:53:00","mc":10.0},{"moistureReaderLogId":0,"transactionId":0,"logNum":16,"dtLog":"2021-02-01T09:53:00","mc":12.6},{"moistureReaderLogId":0,"transactionId":0,"logNum":17,"dtLog":"2021-02-01T09:53:00","mc":14.9},{"moistureReaderLogId":0,"transactionId":0,"logNum":18,"dtLog":"2021-02-01T09:53:00","mc":14.9},{"moistureReaderLogId":0,"transactionId":0,"logNum":19,"dtLog":"2021-02-01T09:53:00","mc":14.9},{"moistureReaderLogId":0,"transactionId":0,"logNum":20,"dtLog":"2021-02-01T09:53:00","mc":7.5},{"moistureReaderLogId":0,"transactionId":0,"logNum":21,"dtLog":"2021-02-01T09:53:00","mc":17.7},{"moistureReaderLogId":0,"transactionId":0,"logNum":22,"dtLog":"2021-02-01T09:53:00","mc":13.2},{"moistureReaderLogId":0,"transactionId":0,"logNum":23,"dtLog":"2021-02-01T09:53:00","mc":7.3},{"moistureReaderLogId":0,"transactionId":0,"logNum":24,"dtLog":"2021-02-01T09:53:00","mc":10.0},{"moistureReaderLogId":0,"transactionId":0,"logNum":25,"dtLog":"2021-02-01T09:53:00","mc":12.3},{"moistureReaderLogId":0,"transactionId":0,"logNum":26,"dtLog":"2021-02-01T09:53:00","mc":14.5},{"moistureReaderLogId":0,"transactionId":0,"logNum":27,"dtLog":"2021-02-01T09:56:00","mc":14.1},{"moistureReaderLogId":0,"transactionId":0,"logNum":28,"dtLog":"2021-02-01T09:56:00","mc":13.0},{"moistureReaderLogId":0,"transactionId":0,"logNum":29,"dtLog":"2021-02-01T09:56:00","mc":7.4},{"moistureReaderLogId":0,"transactionId":0,"logNum":30,"dtLog":"2021-02-01T09:56:00","mc":13.8}],"bales":[]}
Query: 
Client IP: ::1

    DateTime=2021-03-09T07:25:14.0958009Z
WeighingSystemUPPCV3_5_Core.Startup Information: 0 : Path: localhost:44386//api/Inyards/WeighOut
Body: {"inyardId":94,"inyardNum":"0049380","transactionTypeCode":"I","dateTimeIn":"2021-03-06T09:48:22.913","dateTimeOut":"2021-03-09T15:18:17.1102773+08:00","vehicleNum":"ASSS-3222","trip":"SPECIAL TRIP","clientId":40000002,"commodityId":70000020,"baleTypeId":1,"baleCount":1,"poNum":"6366008256","drNum":"312-231","remarks":"","factoryWt":0.0,"initialWt":12000.0,"grossWt":12000.0,"tareWt":4290.0,"netWt":7710.0,"price":0.0,"mc":12.0,"pm":0.0,"ot":0.0,"mcStatus":12,"haulerId":0,"driverName":"123122","plantNetWt":0.0,"plantMC":0.00,"isOfflineIn":false,"isOfflineOut":false,"weigherInId":"2ebd52fa-6294-4d40-9736-af388c3a0b90","weigherOutId":"5463107b-5fbf-43a0-9fb2-c2037bb9a306","subSupplierName":"ANGEL","vehicleTypeId":0,"sourceId":6,"sourceCategoryId":2,"moistureReaderId":2,"signatoryId":0,"moistureSettingsId":0,"timeZoneIn":"GMT+08:00 PH","moistureReaderProcess":"AUTO","moistureReaderDesc":"PROBE","balingStationCode":"TSIBS","balingStationName":"PARANAQUE","purchaseOrder":{"purchaseOrderId":414,"dtEffectivity":"2020-12-02T08:29:01","supplierId":40000002,"rawMaterialId":70000020,"poNum":"6366008256","price":4.032,"balanceTotalKg":200000.00,"poType":"BASE","dtCreated":"2020-12-02T08:29:01","createdById":"5463107b-5fbf-43a0-9fb2-c2037bb9a306","dtModified":"2020-12-02T08:29:33","isActive":true,"locked":true},"sourceName":"JUNKSHOP","sourceCategoryDesc":"INDUSTRY","commodityDesc":"MIXED PAPER-OB POST-CRM","clientName":"EARTHBUDDY INC.","baleTypeDesc":"LOOSE BALE","weigherInName":"EVANDER L. LAMBERTE","transactionProcess":2,"transactionStatus":0,"moistureReaderLogs":[{"moistureReaderLogId":0,"transactionId":0,"logNum":1,"dtLog":"2021-02-01T09:48:00","mc":13.0},{"moistureReaderLogId":0,"transactionId":0,"logNum":2,"dtLog":"2021-02-01T09:48:00","mc":13.8},{"moistureReaderLogId":0,"transactionId":0,"logNum":3,"dtLog":"2021-02-01T09:48:00","mc":14.0},{"moistureReaderLogId":0,"transactionId":0,"logNum":4,"dtLog":"2021-02-01T09:48:00","mc":13.6},{"moistureReaderLogId":0,"transactionId":0,"logNum":5,"dtLog":"2021-02-01T09:48:00","mc":8.7},{"moistureReaderLogId":0,"transactionId":0,"logNum":6,"dtLog":"2021-02-01T09:48:00","mc":11.0},{"moistureReaderLogId":0,"transactionId":0,"logNum":7,"dtLog":"2021-02-01T09:48:00","mc":11.6},{"moistureReaderLogId":0,"transactionId":0,"logNum":8,"dtLog":"2021-02-01T09:51:00","mc":9.7},{"moistureReaderLogId":0,"transactionId":0,"logNum":9,"dtLog":"2021-02-01T09:51:00","mc":10.0},{"moistureReaderLogId":0,"transactionId":0,"logNum":10,"dtLog":"2021-02-01T09:51:00","mc":10.0},{"moistureReaderLogId":0,"transactionId":0,"logNum":11,"dtLog":"2021-02-01T09:53:00","mc":13.7},{"moistureReaderLogId":0,"transactionId":0,"logNum":12,"dtLog":"2021-02-01T09:53:00","mc":14.8},{"moistureReaderLogId":0,"transactionId":0,"logNum":13,"dtLog":"2021-02-01T09:53:00","mc":11.5},{"moistureReaderLogId":0,"transactionId":0,"logNum":14,"dtLog":"2021-02-01T09:53:00","mc":6.6},{"moistureReaderLogId":0,"transactionId":0,"logNum":15,"dtLog":"2021-02-01T09:53:00","mc":10.0},{"moistureReaderLogId":0,"transactionId":0,"logNum":16,"dtLog":"2021-02-01T09:53:00","mc":12.6},{"moistureReaderLogId":0,"transactionId":0,"logNum":17,"dtLog":"2021-02-01T09:53:00","mc":14.9},{"moistureReaderLogId":0,"transactionId":0,"logNum":18,"dtLog":"2021-02-01T09:53:00","mc":14.9},{"moistureReaderLogId":0,"transactionId":0,"logNum":19,"dtLog":"2021-02-01T09:53:00","mc":14.9},{"moistureReaderLogId":0,"transactionId":0,"logNum":20,"dtLog":"2021-02-01T09:53:00","mc":7.5},{"moistureReaderLogId":0,"transactionId":0,"logNum":21,"dtLog":"2021-02-01T09:53:00","mc":17.7},{"moistureReaderLogId":0,"transactionId":0,"logNum":22,"dtLog":"2021-02-01T09:53:00","mc":13.2},{"moistureReaderLogId":0,"transactionId":0,"logNum":23,"dtLog":"2021-02-01T09:53:00","mc":7.3},{"moistureReaderLogId":0,"transactionId":0,"logNum":24,"dtLog":"2021-02-01T09:53:00","mc":10.0},{"moistureReaderLogId":0,"transactionId":0,"logNum":25,"dtLog":"2021-02-01T09:53:00","mc":12.3},{"moistureReaderLogId":0,"transactionId":0,"logNum":26,"dtLog":"2021-02-01T09:53:00","mc":14.5},{"moistureReaderLogId":0,"transactionId":0,"logNum":27,"dtLog":"2021-02-01T09:56:00","mc":14.1},{"moistureReaderLogId":0,"transactionId":0,"logNum":28,"dtLog":"2021-02-01T09:56:00","mc":13.0},{"moistureReaderLogId":0,"transactionId":0,"logNum":29,"dtLog":"2021-02-01T09:56:00","mc":7.4},{"moistureReaderLogId":0,"transactionId":0,"logNum":30,"dtLog":"2021-02-01T09:56:00","mc":13.8}],"bales":[]}
Query: 
Client IP: ::1

    DateTime=2021-03-09T07:25:26.8955636Z
WeighingSystemUPPCV3_5_Core.Startup Information: 0 : Path: localhost:44386//api/SubSuppliers/CheckAndAdd
Body: "ANGEL"
Query: 
Client IP: ::1

    DateTime=2021-03-09T07:25:34.3178166Z
WeighingSystemUPPCV3_5_Core.Startup Information: 0 : Path: localhost:44386//api/PurchaseTransactions/PrintReceipt/10049345
Body: {"transactionId":10049345,"transactionTypeCode":"I","receiptNum":"0049380","isReprinted":false}
Query: 
Client IP: ::1

    DateTime=2021-03-09T07:25:36.4817887Z
WeighingSystemUPPCV3_5_Core.Startup Information: 0 : Path: localhost:44386//api/UserAccounts/LogIn
Body: {"userName":"TSI","userPwd":"1"}
Query: 
Client IP: ::1

    DateTime=2021-03-09T07:25:47.5754805Z
WeighingSystemUPPCV3_5_Core.Startup Information: 0 : Path: localhost:44386//api/PurchaseTransactions
Body: 
Query: ?TransactionId=0&ReceiptNum=&DTFrom=3%2f9%2f2021%203%3a25%3a47%20PM&DTTo=3%2f9%2f2021%203%3a25%3a47%20PM
Client IP: ::1

    DateTime=2021-03-09T07:25:47.9035074Z
WeighingSystemUPPCV3_5_Core.Startup Information: 0 : Path: localhost:44386//api/PurchaseTransactions/10049345
Body: 
Query: ?includeMCReaderLogs=true
Client IP: ::1

    DateTime=2021-03-09T07:25:49.5972265Z
WeighingSystemUPPCV3_5_Core.Startup Information: 0 : Path: localhost:44386//api/PurchaseOrders
Body: 
Query: ?PurchaseOrderId=0&DTEffectivity=1%2f1%2f0001%2012%3a00%3a00%20AM&SupplierId=0&RawMaterialId=0&PONum=&Price=0&BalanceTotalKg=0&POType=&Remarks=&DTCreated=1%2f1%2f0001%2012%3a00%3a00%20AM&CreatedById=&DTModified=&ModifiedById=&IsActive=True&Locked=&BalanceRemainingKg=&BalanceDeliveredKg=
Client IP: ::1

    DateTime=2021-03-09T07:25:50.1846234Z
WeighingSystemUPPCV3_5_Core.Startup Information: 0 : Path: localhost:44386//api/UserAccounts/LogIn
Body: {"userName":"TSI","userPwd":"1"}
Query: 
Client IP: ::1

    DateTime=2021-03-09T07:26:05.9873645Z
WeighingSystemUPPCV3_5_Core.Startup Information: 0 : Path: localhost:44386//api/PurchaseTransactions/10049345
Body: {"purchaseId":10049345,"receiptNum":"0049380","dateTimeIn":"2021-03-06T09:48:22.913","dateTimeOut":"2021-03-09T15:25:33.617","vehicleNum":"ASSS-3222","trip":"SPECIAL TRIP","supplierId":40000002,"rawMaterialId":70000020,"baleTypeId":1,"baleCount":1,"poNum":"6366008256","drNum":"312-231","price":4.032,"factoryWt":0.0,"grossWt":12000.0,"tareWt":4290.0,"netWt":7710.0,"mc":12.00,"pm":0.00,"ot":0.00,"mcStatus":12,"corrected10":7539.0,"corrected12":7710.0,"corrected14":7710.0,"corrected15":7710.0,"driverName":"123122","weigherInId":"2ebd52fa-6294-4d40-9736-af388c3a0b90","weigherOutId":"5463107b-5fbf-43a0-9fb2-c2037bb9a306","vehicleTypeId":5,"subSupplierName":"ANGEL","remarks":"","moistureReaderId":2,"sourceId":6,"sourceCategoryId":2,"timeZoneIn":"GMT+08:00 PH","timeZoneOut":"GMT+08:00 PH","isOfflineIn":false,"isOfflineOut":false,"weekDay":3,"weekNum":2,"firstDay":"2021-03-07T00:00:00","lastDay":"2021-03-13T00:00:00","signatoryId":1,"moistureSettingsId":1,"printCount":0,"sourceName":"JUNKSHOP","sourceCategoryDesc":"INDUSTRY","categoryDesc":"MIXED PAPER","baleTypeDesc":"LOOSE BALE","supplierName":"EARTHBUDDY INC.","rawMaterialDesc":"MIXED PAPER-OB POST-CRM","weigherInName":"EVANDER L. LAMBERTE","weigherOutName":"TERRINIEL SCALES INC.","moistureReaderProcess":"AUTO","moistureReaderDesc":"PROBE","vehicleTypeCode":"CONTAINER VAN","balingStationNum":"100","balingStationCode":"TSIBS","balingStationName":"PARANAQUE","inyardId":0,"moistureReaderLogsModified":false,"moistureReaderLogs":[{"moistureReaderLogId":2976412,"transactionId":10049345,"logNum":1,"dtLog":"2021-02-01T09:48:00","mc":13.00},{"moistureReaderLogId":2976439,"transactionId":10049345,"logNum":2,"dtLog":"2021-02-01T09:48:00","mc":13.80},{"moistureReaderLogId":2976438,"transactionId":10049345,"logNum":3,"dtLog":"2021-02-01T09:48:00","mc":14.00},{"moistureReaderLogId":2976437,"transactionId":10049345,"logNum":4,"dtLog":"2021-02-01T09:48:00","mc":13.60},{"moistureReaderLogId":2976436,"transactionId":10049345,"logNum":5,"dtLog":"2021-02-01T09:48:00","mc":8.70},{"moistureReaderLogId":2976435,"transactionId":10049345,"logNum":6,"dtLog":"2021-02-01T09:48:00","mc":11.00},{"moistureReaderLogId":2976434,"transactionId":10049345,"logNum":7,"dtLog":"2021-02-01T09:48:00","mc":11.60},{"moistureReaderLogId":2976433,"transactionId":10049345,"logNum":8,"dtLog":"2021-02-01T09:51:00","mc":9.70},{"moistureReaderLogId":2976432,"transactionId":10049345,"logNum":9,"dtLog":"2021-02-01T09:51:00","mc":10.00},{"moistureReaderLogId":2976431,"transactionId":10049345,"logNum":10,"dtLog":"2021-02-01T09:51:00","mc":10.00},{"moistureReaderLogId":2976430,"transactionId":10049345,"logNum":11,"dtLog":"2021-02-01T09:53:00","mc":13.70},{"moistureReaderLogId":2976429,"transactionId":10049345,"logNum":12,"dtLog":"2021-02-01T09:53:00","mc":14.80},{"moistureReaderLogId":2976428,"transactionId":10049345,"logNum":13,"dtLog":"2021-02-01T09:53:00","mc":11.50},{"moistureReaderLogId":2976427,"transactionId":10049345,"logNum":14,"dtLog":"2021-02-01T09:53:00","mc":6.60},{"moistureReaderLogId":2976426,"transactionId":10049345,"logNum":15,"dtLog":"2021-02-01T09:53:00","mc":10.00},{"moistureReaderLogId":2976425,"transactionId":10049345,"logNum":16,"dtLog":"2021-02-01T09:53:00","mc":12.60},{"moistureReaderLogId":2976424,"transactionId":10049345,"logNum":17,"dtLog":"2021-02-01T09:53:00","mc":14.90},{"moistureReaderLogId":2976423,"transactionId":10049345,"logNum":18,"dtLog":"2021-02-01T09:53:00","mc":14.90},{"moistureReaderLogId":2976422,"transactionId":10049345,"logNum":19,"dtLog":"2021-02-01T09:53:00","mc":14.90},{"moistureReaderLogId":2976421,"transactionId":10049345,"logNum":20,"dtLog":"2021-02-01T09:53:00","mc":7.50},{"moistureReaderLogId":2976420,"transactionId":10049345,"logNum":21,"dtLog":"2021-02-01T09:53:00","mc":17.70},{"moistureReaderLogId":2976419,"transactionId":10049345,"logNum":22,"dtLog":"2021-02-01T09:53:00","mc":13.20},{"moistureReaderLogId":2976418,"transactionId":10049345,"logNum":23,"dtLog":"2021-02-01T09:53:00","mc":7.30},{"moistureReaderLogId":2976417,"transactionId":10049345,"logNum":24,"dtLog":"2021-02-01T09:53:00","mc":10.00},{"moistureReaderLogId":2976416,"transactionId":10049345,"logNum":25,"dtLog":"2021-02-01T09:53:00","mc":12.30},{"moistureReaderLogId":2976415,"transactionId":10049345,"logNum":26,"dtLog":"2021-02-01T09:53:00","mc":14.50},{"moistureReaderLogId":2976414,"transactionId":10049345,"logNum":27,"dtLog":"2021-02-01T09:56:00","mc":14.10},{"moistureReaderLogId":2976413,"transactionId":10049345,"logNum":28,"dtLog":"2021-02-01T09:56:00","mc":13.00},{"moistureReaderLogId":2976440,"transactionId":10049345,"logNum":29,"dtLog":"2021-02-01T09:56:00","mc":7.40},{"moistureReaderLogId":2976441,"transactionId":10049345,"logNum":30,"dtLog":"2021-02-01T09:56:00","mc":13.80}],"dateOut":"2021-03-09T00:00:00","mcDate":"2021-02-01T09:48:00","loggedInUserId":"5463107b-5fbf-43a0-9fb2-c2037bb9a306"}
Query: 
Client IP: ::1

    DateTime=2021-03-09T07:26:06.1039476Z
Microsoft.Hosting.Lifetime Information: 0 : Now listening on: https://[::]:44386
    DateTime=2021-03-09T07:41:23.7948180Z
Microsoft.Hosting.Lifetime Information: 0 : Now listening on: http://[::]:44385
    DateTime=2021-03-09T07:41:23.8013944Z
Microsoft.Hosting.Lifetime Information: 0 : Application started. Press Ctrl+C to shut down.
    DateTime=2021-03-09T07:41:23.8074924Z
Microsoft.Hosting.Lifetime Information: 0 : Hosting environment: Development
    DateTime=2021-03-09T07:41:23.8122880Z
Microsoft.Hosting.Lifetime Information: 0 : Content root path: D:\dir\tsi\UPPC\Phase 4\WeighingSystemUPPCV3.5\WeighingSystemUPPCV3.5.Core\WeighingSystemUPPCV3.5.Core
    DateTime=2021-03-09T07:41:23.8177938Z
WeighingSystemUPPCV3_5_Core.Startup Information: 0 : Path: localhost:44386//api/Config
Body: 
Query: 
Client IP: ::1

    DateTime=2021-03-09T07:41:56.8340179Z
WeighingSystemUPPCV3_5_Core.Startup Information: 0 : Path: localhost:44386//api/BalingStations/selected
Body: 
Query: 
Client IP: ::1

    DateTime=2021-03-09T07:41:57.1517450Z
WeighingSystemUPPCV3_5_Core.Startup Information: 0 : Path: localhost:44386//api/MoistureSettings
Body: 
Query: 
Client IP: ::1

    DateTime=2021-03-09T07:41:59.1009886Z
WeighingSystemUPPCV3_5_Core.Startup Information: 0 : Path: localhost:44386//api/TransactionTypes
Body: 
Query: 
Client IP: ::1

    DateTime=2021-03-09T07:41:59.2454468Z
WeighingSystemUPPCV3_5_Core.Startup Information: 0 : Path: localhost:44386//api/MoistureReaders
Body: 
Query: 
Client IP: ::1

    DateTime=2021-03-09T07:41:59.2957409Z
WeighingSystemUPPCV3_5_Core.Startup Information: 0 : Path: localhost:44386//api/BaleTypes
Body: 
Query: 
Client IP: ::1

    DateTime=2021-03-09T07:41:59.3694056Z
WeighingSystemUPPCV3_5_Core.Startup Information: 0 : Path: localhost:44386//api/Sources
Body: 
Query: 
Client IP: ::1

    DateTime=2021-03-09T07:41:59.4289002Z
WeighingSystemUPPCV3_5_Core.Startup Information: 0 : Path: localhost:44386//api/SourceCategories
Body: 
Query: 
Client IP: ::1

    DateTime=2021-03-09T07:41:59.5012932Z
WeighingSystemUPPCV3_5_Core.Startup Information: 0 : Path: localhost:44386//api/Customers
Body: 
Query: 
Client IP: ::1

    DateTime=2021-03-09T07:41:59.5498044Z
WeighingSystemUPPCV3_5_Core.Startup Information: 0 : Path: localhost:44386//api/Suppliers
Body: 
Query: 
Client IP: ::1

    DateTime=2021-03-09T07:41:59.6087466Z
WeighingSystemUPPCV3_5_Core.Startup Information: 0 : Path: localhost:44386//api/RawMaterials
Body: 
Query: 
Client IP: ::1

    DateTime=2021-03-09T07:41:59.6719948Z
WeighingSystemUPPCV3_5_Core.Startup Information: 0 : Path: localhost:44386//api/Products
Body: 
Query: 
Client IP: ::1

    DateTime=2021-03-09T07:41:59.7763226Z
WeighingSystemUPPCV3_5_Core.Startup Information: 0 : Path: localhost:44386//api/Categories
Body: 
Query: 
Client IP: ::1

    DateTime=2021-03-09T07:41:59.8396324Z
WeighingSystemUPPCV3_5_Core.Startup Information: 0 : Path: localhost:44386//api/Haulers
Body: 
Query: 
Client IP: ::1

    DateTime=2021-03-09T07:41:59.8964512Z
WeighingSystemUPPCV3_5_Core.Startup Information: 0 : Path: localhost:44386//api/Vehicles
Body: 
Query: 
Client IP: ::1

    DateTime=2021-03-09T07:41:59.9440454Z
WeighingSystemUPPCV3_5_Core.Startup Information: 0 : Path: localhost:44386//api/VehicleTypes
Body: 
Query: 
Client IP: ::1

    DateTime=2021-03-09T07:42:00.0465251Z
WeighingSystemUPPCV3_5_Core.Startup Information: 0 : Path: localhost:44386//api/SubSuppliers
Body: 
Query: 
Client IP: ::1

    DateTime=2021-03-09T07:42:00.1056680Z
WeighingSystemUPPCV3_5_Core.Startup Information: 0 : Path: localhost:44386//api/SaleTransactions
Body: 
Query: ?Returned=false
Client IP: ::1

    DateTime=2021-03-09T07:42:00.1559326Z
WeighingSystemUPPCV3_5_Core.Startup Information: 0 : Path: localhost:44386//api/UserAccounts/UserAccountDetails
Body: 
Query: 
Client IP: ::1

    DateTime=2021-03-09T07:42:00.2804654Z
WeighingSystemUPPCV3_5_Core.Startup Information: 0 : Path: localhost:44386//api/Reminders
Body: 
Query: 
Client IP: ::1

    DateTime=2021-03-09T07:42:00.3478269Z
WeighingSystemUPPCV3_5_Core.Startup Information: 0 : Path: localhost:44386//api/Signatories
Body: 
Query: 
Client IP: ::1

    DateTime=2021-03-09T07:42:00.3976340Z
WeighingSystemUPPCV3_5_Core.Startup Information: 0 : Path: localhost:44386//api/UserAccounts/LogIn
Body: {"userName":"TSI","userPwd":"1"}
Query: 
Client IP: ::1

    DateTime=2021-03-09T07:42:04.4727140Z
WeighingSystemUPPCV3_5_Core.Startup Information: 0 : Path: localhost:44386//api/UserAccounts/LogIn
Body: {"userName":"TSI","userPwd":"1"}
Query: 
Client IP: ::1

    DateTime=2021-03-09T07:42:07.2374690Z
WeighingSystemUPPCV3_5_Core.Startup Information: 0 : Path: localhost:44386//api/PurchaseTransactions
Body: 
Query: ?TransactionId=0&ReceiptNum=&DTFrom=3%2f9%2f2021%203%3a42%3a07%20PM&DTTo=3%2f9%2f2021%203%3a42%3a07%20PM
Client IP: ::1

    DateTime=2021-03-09T07:42:07.5000347Z
WeighingSystemUPPCV3_5_Core.Startup Information: 0 : Path: localhost:44386//api/PurchaseTransactions/10049345
Body: 
Query: ?includeMCReaderLogs=true
Client IP: ::1

    DateTime=2021-03-09T07:42:09.1941956Z
WeighingSystemUPPCV3_5_Core.Startup Information: 0 : Path: localhost:44386//api/PurchaseOrders
Body: 
Query: ?PurchaseOrderId=0&DTEffectivity=1%2f1%2f0001%2012%3a00%3a00%20AM&SupplierId=0&RawMaterialId=0&PONum=&Price=0&BalanceTotalKg=0&POType=&Remarks=&DTCreated=1%2f1%2f0001%2012%3a00%3a00%20AM&CreatedById=&DTModified=&ModifiedById=&IsActive=True&Locked=&BalanceRemainingKg=&BalanceDeliveredKg=
Client IP: ::1

    DateTime=2021-03-09T07:42:09.8364896Z
WeighingSystemUPPCV3_5_Core.Startup Information: 0 : Path: localhost:44386//api/UserAccounts/LogIn
Body: {"userName":"TSI","userPwd":"1"}
Query: 
Client IP: ::1

    DateTime=2021-03-09T07:42:14.6532758Z
WeighingSystemUPPCV3_5_Core.Startup Information: 0 : Path: localhost:44386//api/PurchaseTransactions/10049345
Body: {"purchaseId":10049345,"receiptNum":"0049380","dateTimeIn":"2021-03-06T09:48:22.913","dateTimeOut":"2021-03-09T15:25:33.617","vehicleNum":"ASSS-3222","trip":"SPECIAL TRIP","supplierId":40000002,"rawMaterialId":70000020,"baleTypeId":1,"baleCount":1,"poNum":"6366008256","drNum":"312-231","price":4.032,"factoryWt":0.0,"grossWt":12000.0,"tareWt":4290.0,"netWt":7710.0,"mc":12.00,"pm":0.00,"ot":0.00,"mcStatus":12,"corrected10":7539.0,"corrected12":7710.0,"corrected14":7710.0,"corrected15":7710.0,"driverName":"123122","weigherInId":"2ebd52fa-6294-4d40-9736-af388c3a0b90","weigherOutId":"5463107b-5fbf-43a0-9fb2-c2037bb9a306","vehicleTypeId":5,"subSupplierName":"ANGEL","remarks":"","moistureReaderId":2,"sourceId":6,"sourceCategoryId":2,"timeZoneIn":"GMT+08:00 PH","timeZoneOut":"GMT+08:00 PH","isOfflineIn":false,"isOfflineOut":false,"weekDay":3,"weekNum":2,"firstDay":"2021-03-07T00:00:00","lastDay":"2021-03-13T00:00:00","signatoryId":1,"moistureSettingsId":1,"printCount":0,"sourceName":"JUNKSHOP","sourceCategoryDesc":"INDUSTRY","categoryDesc":"MIXED PAPER","baleTypeDesc":"LOOSE BALE","supplierName":"EARTHBUDDY INC.","rawMaterialDesc":"MIXED PAPER-OB POST-CRM","weigherInName":"EVANDER L. LAMBERTE","weigherOutName":"TERRINIEL SCALES INC.","moistureReaderProcess":"AUTO","moistureReaderDesc":"PROBE","vehicleTypeCode":"CONTAINER VAN","balingStationNum":"100","balingStationCode":"TSIBS","balingStationName":"PARANAQUE","inyardId":0,"moistureReaderLogsModified":false,"moistureReaderLogs":[{"moistureReaderLogId":2976412,"transactionId":10049345,"logNum":1,"dtLog":"2021-02-01T09:48:00","mc":13.00},{"moistureReaderLogId":2976439,"transactionId":10049345,"logNum":2,"dtLog":"2021-02-01T09:48:00","mc":13.80},{"moistureReaderLogId":2976438,"transactionId":10049345,"logNum":3,"dtLog":"2021-02-01T09:48:00","mc":14.00},{"moistureReaderLogId":2976437,"transactionId":10049345,"logNum":4,"dtLog":"2021-02-01T09:48:00","mc":13.60},{"moistureReaderLogId":2976436,"transactionId":10049345,"logNum":5,"dtLog":"2021-02-01T09:48:00","mc":8.70},{"moistureReaderLogId":2976435,"transactionId":10049345,"logNum":6,"dtLog":"2021-02-01T09:48:00","mc":11.00},{"moistureReaderLogId":2976434,"transactionId":10049345,"logNum":7,"dtLog":"2021-02-01T09:48:00","mc":11.60},{"moistureReaderLogId":2976433,"transactionId":10049345,"logNum":8,"dtLog":"2021-02-01T09:51:00","mc":9.70},{"moistureReaderLogId":2976432,"transactionId":10049345,"logNum":9,"dtLog":"2021-02-01T09:51:00","mc":10.00},{"moistureReaderLogId":2976431,"transactionId":10049345,"logNum":10,"dtLog":"2021-02-01T09:51:00","mc":10.00},{"moistureReaderLogId":2976430,"transactionId":10049345,"logNum":11,"dtLog":"2021-02-01T09:53:00","mc":13.70},{"moistureReaderLogId":2976429,"transactionId":10049345,"logNum":12,"dtLog":"2021-02-01T09:53:00","mc":14.80},{"moistureReaderLogId":2976428,"transactionId":10049345,"logNum":13,"dtLog":"2021-02-01T09:53:00","mc":11.50},{"moistureReaderLogId":2976427,"transactionId":10049345,"logNum":14,"dtLog":"2021-02-01T09:53:00","mc":6.60},{"moistureReaderLogId":2976426,"transactionId":10049345,"logNum":15,"dtLog":"2021-02-01T09:53:00","mc":10.00},{"moistureReaderLogId":2976425,"transactionId":10049345,"logNum":16,"dtLog":"2021-02-01T09:53:00","mc":12.60},{"moistureReaderLogId":2976424,"transactionId":10049345,"logNum":17,"dtLog":"2021-02-01T09:53:00","mc":14.90},{"moistureReaderLogId":2976423,"transactionId":10049345,"logNum":18,"dtLog":"2021-02-01T09:53:00","mc":14.90},{"moistureReaderLogId":2976422,"transactionId":10049345,"logNum":19,"dtLog":"2021-02-01T09:53:00","mc":14.90},{"moistureReaderLogId":2976421,"transactionId":10049345,"logNum":20,"dtLog":"2021-02-01T09:53:00","mc":7.50},{"moistureReaderLogId":2976420,"transactionId":10049345,"logNum":21,"dtLog":"2021-02-01T09:53:00","mc":17.70},{"moistureReaderLogId":2976419,"transactionId":10049345,"logNum":22,"dtLog":"2021-02-01T09:53:00","mc":13.20},{"moistureReaderLogId":2976418,"transactionId":10049345,"logNum":23,"dtLog":"2021-02-01T09:53:00","mc":7.30},{"moistureReaderLogId":2976417,"transactionId":10049345,"logNum":24,"dtLog":"2021-02-01T09:53:00","mc":10.00},{"moistureReaderLogId":2976416,"transactionId":10049345,"logNum":25,"dtLog":"2021-02-01T09:53:00","mc":12.30},{"moistureReaderLogId":2976415,"transactionId":10049345,"logNum":26,"dtLog":"2021-02-01T09:53:00","mc":14.50},{"moistureReaderLogId":2976414,"transactionId":10049345,"logNum":27,"dtLog":"2021-02-01T09:56:00","mc":14.10},{"moistureReaderLogId":2976413,"transactionId":10049345,"logNum":28,"dtLog":"2021-02-01T09:56:00","mc":13.00},{"moistureReaderLogId":2976440,"transactionId":10049345,"logNum":29,"dtLog":"2021-02-01T09:56:00","mc":7.40},{"moistureReaderLogId":2976441,"transactionId":10049345,"logNum":30,"dtLog":"2021-02-01T09:56:00","mc":13.80}],"dateOut":"2021-03-09T00:00:00","mcDate":"2021-02-01T09:48:00","loggedInUserId":"5463107b-5fbf-43a0-9fb2-c2037bb9a306"}
Query: 
Client IP: ::1

    DateTime=2021-03-09T07:42:14.7898422Z
WeighingSystemUPPCV3_5_Core.Startup Information: 0 : Path: localhost:44386//api/UserAccounts/LogIn
Body: {"userName":"TSI","userPwd":"1"}
Query: 
Client IP: ::1

    DateTime=2021-03-09T07:44:43.4198058Z
WeighingSystemUPPCV3_5_Core.Startup Information: 0 : Path: localhost:44386//api/Inyards
Body: 
Query: 
Client IP: ::1

    DateTime=2021-03-09T07:44:43.6054837Z
WeighingSystemUPPCV3_5_Core.Startup Information: 0 : Path: localhost:44386//api/Inyards/90
Body: 
Query: 
Client IP: ::1

    DateTime=2021-03-09T07:44:45.7447566Z
WeighingSystemUPPCV3_5_Core.Startup Information: 0 : Path: localhost:44386//api/PurchaseOrders
Body: 
Query: ?PurchaseOrderId=0&DTEffectivity=1%2f1%2f0001%2012%3a00%3a00%20AM&SupplierId=0&RawMaterialId=0&PONum=&Price=0&BalanceTotalKg=0&POType=&Remarks=&DTCreated=1%2f1%2f0001%2012%3a00%3a00%20AM&CreatedById=&DTModified=&ModifiedById=&IsActive=True&Locked=&BalanceRemainingKg=&BalanceDeliveredKg=
Client IP: ::1

    DateTime=2021-03-09T07:44:46.1905548Z
WeighingSystemUPPCV3_5_Core.Startup Information: 0 : Path: localhost:44386//api/UserAccounts/LogIn
Body: {"userName":"TSI","userPwd":"1"}
Query: 
Client IP: ::1

    DateTime=2021-03-09T07:44:54.7470482Z
WeighingSystemUPPCV3_5_Core.Startup Information: 0 : Path: localhost:44386//api/PurchaseOrders
Body: 
Query: ?PurchaseOrderId=0&DTEffectivity=1%2f1%2f0001%2012%3a00%3a00%20AM&SupplierId=0&RawMaterialId=0&PONum=&Price=0&BalanceTotalKg=0&POType=&Remarks=&DTCreated=1%2f1%2f0001%2012%3a00%3a00%20AM&CreatedById=&DTModified=&ModifiedById=&IsActive=True&Locked=&BalanceRemainingKg=&BalanceDeliveredKg=
Client IP: ::1

    DateTime=2021-03-09T07:45:32.8546882Z
WeighingSystemUPPCV3_5_Core.Startup Information: 0 : Path: localhost:44386//api/Reminders/Count
Body: 
Query: 
Client IP: ::1

    DateTime=2021-03-09T07:45:34.8864920Z
WeighingSystemUPPCV3_5_Core.Startup Information: 0 : Path: localhost:44386//api/UserAccounts/LogIn
Body: {"userName":"TSI","userPwd":"1"}
Query: 
Client IP: ::1

    DateTime=2021-03-09T07:45:41.2275784Z
WeighingSystemUPPCV3_5_Core.Startup Information: 0 : Path: localhost:44386//api/Bales
Body: 
Query: ?BaleCode=&BaleStatus=NONE&SaleId=0&DTFrom=3%2f9%2f2021%203%3a45%3a41%20PM&DTTo=3%2f9%2f2021%203%3a45%3a41%20PM&DTDeliveredFrom=&DTDeliveredTo=&CategoryId=0&ProductId=0&AsListView=True
Client IP: ::1

    DateTime=2021-03-09T07:45:41.5477485Z
WeighingSystemUPPCV3_5_Core.Startup Information: 0 : Path: localhost:44386//api/Bales
Body: 
Query: ?BaleCode=&BaleStatus=NONE&SaleId=0&DTFrom=3%2f9%2f2021%203%3a45%3a41%20PM&DTTo=3%2f9%2f2021%203%3a45%3a41%20PM&DTDeliveredFrom=&DTDeliveredTo=&CategoryId=0&ProductId=0&AsListView=True
Client IP: ::1

    DateTime=2021-03-09T07:45:48.6613332Z
WeighingSystemUPPCV3_5_Core.Startup Information: 0 : Path: localhost:44386//api/Bales
Body: 
Query: ?BaleCode=&BaleStatus=NONE&SaleId=0&DTFrom=3%2f1%2f2021%203%3a45%3a41%20PM&DTTo=3%2f9%2f2021%203%3a45%3a41%20PM&DTDeliveredFrom=&DTDeliveredTo=&CategoryId=0&ProductId=0&AsListView=True
Client IP: ::1

    DateTime=2021-03-09T07:45:49.8752748Z
WeighingSystemUPPCV3_5_Core.Startup Information: 0 : Path: localhost:44386//api/Bales
Body: 
Query: ?BaleCode=&BaleStatus=NONE&SaleId=0&DTFrom=2%2f26%2f2021%203%3a45%3a41%20PM&DTTo=3%2f9%2f2021%203%3a45%3a41%20PM&DTDeliveredFrom=&DTDeliveredTo=&CategoryId=0&ProductId=0&AsListView=True
Client IP: ::1

    DateTime=2021-03-09T07:45:55.1290702Z
WeighingSystemUPPCV3_5_Core.Startup Information: 0 : Path: localhost:44386//api/Bales
Body: 
Query: ?BaleCode=&BaleStatus=NONE&SaleId=0&DTFrom=2%2f26%2f2021%203%3a45%3a41%20PM&DTTo=3%2f9%2f2021%203%3a45%3a41%20PM&DTDeliveredFrom=&DTDeliveredTo=&CategoryId=0&ProductId=0&AsListView=True
Client IP: ::1

    DateTime=2021-03-09T07:45:56.3220185Z
WeighingSystemUPPCV3_5_Core.Startup Information: 0 : Path: localhost:44386//api/Bales
Body: 
Query: ?BaleCode=&BaleStatus=NONE&SaleId=0&DTFrom=2%2f25%2f2021%203%3a45%3a41%20PM&DTTo=3%2f9%2f2021%203%3a45%3a41%20PM&DTDeliveredFrom=&DTDeliveredTo=&CategoryId=0&ProductId=0&AsListView=True
Client IP: ::1

    DateTime=2021-03-09T07:45:58.6642930Z
WeighingSystemUPPCV3_5_Core.Startup Information: 0 : Path: localhost:44386//api/Bales
Body: 
Query: ?BaleCode=&BaleStatus=NONE&SaleId=0&DTFrom=2%2f24%2f2021%203%3a45%3a41%20PM&DTTo=3%2f9%2f2021%203%3a45%3a41%20PM&DTDeliveredFrom=&DTDeliveredTo=&CategoryId=0&ProductId=0&AsListView=True
Client IP: ::1

    DateTime=2021-03-09T07:46:00.2002386Z
WeighingSystemUPPCV3_5_Core.Startup Information: 0 : Path: localhost:44386//api/Bales
Body: 
Query: ?BaleCode=&BaleStatus=NONE&SaleId=0&DTFrom=2%2f23%2f2021%203%3a45%3a41%20PM&DTTo=3%2f9%2f2021%203%3a45%3a41%20PM&DTDeliveredFrom=&DTDeliveredTo=&CategoryId=0&ProductId=0&AsListView=True
Client IP: ::1

    DateTime=2021-03-09T07:46:01.9258985Z
WeighingSystemUPPCV3_5_Core.Startup Information: 0 : Path: localhost:44386//api/Bales
Body: 
Query: ?BaleCode=&BaleStatus=NONE&SaleId=0&DTFrom=2%2f1%2f2021%203%3a45%3a41%20PM&DTTo=3%2f9%2f2021%203%3a45%3a41%20PM&DTDeliveredFrom=&DTDeliveredTo=&CategoryId=0&ProductId=0&AsListView=True
Client IP: ::1

    DateTime=2021-03-09T07:46:04.1973224Z
WeighingSystemUPPCV3_5_Core.Controllers.BalesController Error: 0 : Nullable object must have a value.
    DateTime=2021-03-09T07:46:04.3905278Z
WeighingSystemUPPCV3_5_Core.Startup Information: 0 : Path: localhost:44386//api/Bales
Body: 
Query: ?BaleCode=&BaleStatus=NONE&SaleId=0&DTFrom=2%2f1%2f2021%203%3a45%3a41%20PM&DTTo=3%2f9%2f2021%203%3a45%3a41%20PM&DTDeliveredFrom=&DTDeliveredTo=&CategoryId=0&ProductId=0&AsListView=True
Client IP: ::1

    DateTime=2021-03-09T07:46:07.1307855Z
WeighingSystemUPPCV3_5_Core.Controllers.BalesController Error: 0 : Nullable object must have a value.
    DateTime=2021-03-09T07:46:07.2766205Z
WeighingSystemUPPCV3_5_Core.Startup Information: 0 : Path: localhost:44386//api/Bales
Body: 
Query: ?BaleCode=&BaleStatus=NONE&SaleId=0&DTFrom=2%2f1%2f2021%203%3a45%3a41%20PM&DTTo=3%2f9%2f2021%203%3a45%3a41%20PM&DTDeliveredFrom=&DTDeliveredTo=&CategoryId=0&ProductId=0&AsListView=True
Client IP: ::1

    DateTime=2021-03-09T07:48:18.8882763Z
WeighingSystemUPPCV3_5_Core.Controllers.BalesController Error: 0 : Nullable object must have a value.
    DateTime=2021-03-09T07:49:19.8037072Z
WeighingSystemUPPCV3_5_Core.Startup Information: 0 : Path: localhost:44386//api/Bales
Body: 
Query: ?BaleCode=&BaleStatus=NONE&SaleId=0&DTFrom=2%2f1%2f2021%203%3a45%3a41%20PM&DTTo=3%2f9%2f2021%203%3a45%3a41%20PM&DTDeliveredFrom=&DTDeliveredTo=&CategoryId=0&ProductId=0&AsListView=True
Client IP: ::1

    DateTime=2021-03-09T07:49:22.3903814Z
WeighingSystemUPPCV3_5_Core.Controllers.BalesController Error: 0 : Nullable object must have a value.
    DateTime=2021-03-09T07:49:24.8623597Z
WeighingSystemUPPCV3_5_Core.Startup Information: 0 : Path: localhost:44386//api/Bales
Body: 
Query: ?BaleCode=&BaleStatus=NONE&SaleId=0&DTFrom=2%2f1%2f2021%203%3a45%3a41%20PM&DTTo=3%2f9%2f2021%203%3a45%3a41%20PM&DTDeliveredFrom=&DTDeliveredTo=&CategoryId=0&ProductId=0&AsListView=True
Client IP: ::1

    DateTime=2021-03-09T07:49:38.1539747Z
WeighingSystemUPPCV3_5_Core.Controllers.BalesController Error: 0 : Nullable object must have a value.
    DateTime=2021-03-09T07:50:05.2741488Z
WeighingSystemUPPCV3_5_Core.Startup Information: 0 : Path: localhost:44386//api/Bales
Body: 
Query: ?BaleCode=&BaleStatus=NONE&SaleId=0&DTFrom=2%2f1%2f2021%203%3a45%3a41%20PM&DTTo=3%2f9%2f2021%203%3a45%3a41%20PM&DTDeliveredFrom=&DTDeliveredTo=&CategoryId=0&ProductId=0&AsListView=True
Client IP: ::1

    DateTime=2021-03-09T07:50:07.6756972Z
Microsoft.Hosting.Lifetime Information: 0 : Now listening on: https://[::]:44386
    DateTime=2021-03-09T07:50:55.6327742Z
Microsoft.Hosting.Lifetime Information: 0 : Now listening on: http://[::]:44385
    DateTime=2021-03-09T07:50:55.6369706Z
Microsoft.Hosting.Lifetime Information: 0 : Application started. Press Ctrl+C to shut down.
    DateTime=2021-03-09T07:50:55.6416986Z
Microsoft.Hosting.Lifetime Information: 0 : Hosting environment: Development
    DateTime=2021-03-09T07:50:55.6471464Z
Microsoft.Hosting.Lifetime Information: 0 : Content root path: D:\dir\tsi\UPPC\Phase 4\WeighingSystemUPPCV3.5\WeighingSystemUPPCV3.5.Core\WeighingSystemUPPCV3.5.Core
    DateTime=2021-03-09T07:50:55.6517918Z
WeighingSystemUPPCV3_5_Core.Startup Information: 0 : Path: localhost:44386//api/Bales
Body: 
Query: ?BaleCode=&BaleStatus=NONE&SaleId=0&DTFrom=2%2f1%2f2021%203%3a45%3a41%20PM&DTTo=3%2f9%2f2021%203%3a45%3a41%20PM&DTDeliveredFrom=&DTDeliveredTo=&CategoryId=0&ProductId=0&AsListView=True
Client IP: ::1

    DateTime=2021-03-09T07:51:04.0280235Z
WeighingSystemUPPCV3_5_Core.Startup Information: 0 : Path: localhost:44386//api/Bales
Body: 
Query: ?BaleCode=&BaleStatus=NONE&SaleId=0&DTFrom=2%2f1%2f2021%203%3a45%3a41%20PM&DTTo=3%2f9%2f2021%203%3a45%3a41%20PM&DTDeliveredFrom=&DTDeliveredTo=&CategoryId=0&ProductId=0&AsListView=True
Client IP: ::1

    DateTime=2021-03-09T07:51:58.6437724Z
Microsoft.Hosting.Lifetime Information: 0 : Now listening on: https://[::]:44386
    DateTime=2021-03-09T07:53:08.7808657Z
Microsoft.Hosting.Lifetime Information: 0 : Now listening on: http://[::]:44385
    DateTime=2021-03-09T07:53:08.7889050Z
Microsoft.Hosting.Lifetime Information: 0 : Application started. Press Ctrl+C to shut down.
    DateTime=2021-03-09T07:53:08.7951205Z
Microsoft.Hosting.Lifetime Information: 0 : Hosting environment: Development
    DateTime=2021-03-09T07:53:08.8007318Z
Microsoft.Hosting.Lifetime Information: 0 : Content root path: D:\dir\tsi\UPPC\Phase 4\WeighingSystemUPPCV3.5\WeighingSystemUPPCV3.5.Core\WeighingSystemUPPCV3.5.Core
    DateTime=2021-03-09T07:53:08.8066883Z
WeighingSystemUPPCV3_5_Core.Startup Information: 0 : Path: localhost:44386//api/Bales
Body: 
Query: ?BaleCode=&BaleStatus=NONE&SaleId=0&DTFrom=2%2f1%2f2021%203%3a45%3a41%20PM&DTTo=3%2f9%2f2021%203%3a45%3a41%20PM&DTDeliveredFrom=&DTDeliveredTo=&CategoryId=0&ProductId=0&AsListView=True
Client IP: ::ffff:127.0.0.1

    DateTime=2021-03-09T07:53:09.3272871Z
WeighingSystemUPPCV3_5_Core.Controllers.BalesController Error: 0 : Nullable object must have a value.
    DateTime=2021-03-09T07:53:34.6898900Z
WeighingSystemUPPCV3_5_Core.Startup Information: 0 : Path: localhost:44386//api/Bales
Body: 
Query: ?BaleCode=&BaleStatus=NONE&SaleId=0&DTFrom=2%2f1%2f2021%203%3a45%3a41%20PM&DTTo=3%2f9%2f2021%203%3a45%3a41%20PM&DTDeliveredFrom=&DTDeliveredTo=&CategoryId=0&ProductId=0&AsListView=True
Client IP: ::ffff:127.0.0.1

    DateTime=2021-03-09T07:53:38.2682987Z
WeighingSystemUPPCV3_5_Core.Controllers.BalesController Error: 0 : Nullable object must have a value.
    DateTime=2021-03-09T07:53:43.8002009Z
WeighingSystemUPPCV3_5_Core.Startup Information: 0 : Path: localhost:44386//api/Bales
Body: 
Query: ?BaleCode=&BaleStatus=NONE&SaleId=0&DTFrom=2%2f1%2f2021%203%3a45%3a41%20PM&DTTo=3%2f9%2f2021%203%3a45%3a41%20PM&DTDeliveredFrom=&DTDeliveredTo=&CategoryId=0&ProductId=0&AsListView=True
Client IP: ::1

    DateTime=2021-03-09T07:57:02.7021348Z
WeighingSystemUPPCV3_5_Core.Startup Information: 0 : Path: localhost:44386//api/Bales/34669
Body: {"baleId":34669,"dt":"2021-02-01T15:20:18.27","baleCode":"0119B20210001","baleNum":1,"categoryId":60000001,"productId":80000008,"firstDay":"0001-01-01T00:00:00","lastDay":"0001-01-01T00:00:00","baleWt":783,"baleWt10":0,"fifoRemarks":"FIRST IN FIRST OUT","isReject":false,"inStock":false,"categoryDesc":"LOCC","productDesc":"LOCC-MB POST-CRM","dtCreated":"2021-02-01T15:20:18.27","inventoryAge":1,"baleSeq":0}
Query: 
Client IP: ::1

    DateTime=2021-03-09T07:59:44.0230158Z
WeighingSystemUPPCV3_5_Core.Startup Information: 0 : Path: localhost:44386//api/Bales/34669
Body: {"baleId":34669,"dt":"2021-02-01T15:20:18.27","baleCode":"01100B20210001","baleNum":1,"categoryId":60000001,"productId":80000008,"firstDay":"0001-01-01T00:00:00","lastDay":"0001-01-01T00:00:00","baleWt":783,"baleWt10":0,"fifoRemarks":"First In, First Out","isReject":false,"inStock":false,"categoryDesc":"LOCC","productDesc":"LOCC-MB POST-CRM","dtCreated":"2021-02-01T15:20:18.27","inventoryAge":0,"baleSeq":0}
Query: 
Client IP: ::1

    DateTime=2021-03-09T08:00:01.8513378Z
WeighingSystemUPPCV3_5_Core.Startup Information: 0 : Path: localhost:44386//api/Bales/34669
Body: {"baleId":34669,"dt":"2021-02-01T15:20:18.27","baleCode":"01100B20210001","baleNum":1,"categoryId":60000001,"productId":80000008,"firstDay":"0001-01-01T00:00:00","lastDay":"0001-01-01T00:00:00","baleWt":783,"baleWt10":0,"fifoRemarks":"First In, First Out","isReject":false,"inStock":false,"categoryDesc":"LOCC","productDesc":"LOCC-MB POST-CRM","dtCreated":"2021-02-01T15:20:18.27","inventoryAge":0,"baleSeq":0}
Query: 
Client IP: ::1

    DateTime=2021-03-09T08:01:40.5489351Z
Microsoft.Hosting.Lifetime Information: 0 : Now listening on: https://[::]:44386
    DateTime=2021-03-09T08:51:10.4087201Z
Microsoft.Hosting.Lifetime Information: 0 : Now listening on: http://[::]:44385
    DateTime=2021-03-09T08:51:10.4155375Z
Microsoft.Hosting.Lifetime Information: 0 : Application started. Press Ctrl+C to shut down.
    DateTime=2021-03-09T08:51:10.4221673Z
Microsoft.Hosting.Lifetime Information: 0 : Hosting environment: Development
    DateTime=2021-03-09T08:51:10.4288522Z
Microsoft.Hosting.Lifetime Information: 0 : Content root path: D:\dir\tsi\UPPC\Phase 4\WeighingSystemUPPCV3.5\WeighingSystemUPPCV3.5.Core\WeighingSystemUPPCV3.5.Core
    DateTime=2021-03-09T08:51:10.4355037Z
WeighingSystemUPPCV3_5_Core.Startup Information: 0 : Path: localhost:44386//api/Config
Body: 
Query: 
Client IP: ::1

    DateTime=2021-03-09T08:51:14.8622187Z
WeighingSystemUPPCV3_5_Core.Startup Information: 0 : Path: localhost:44386//api/BalingStations/selected
Body: 
Query: 
Client IP: ::1

    DateTime=2021-03-09T08:51:15.1523701Z
WeighingSystemUPPCV3_5_Core.Startup Information: 0 : Path: localhost:44386//api/MoistureSettings
Body: 
Query: 
Client IP: ::1

    DateTime=2021-03-09T08:51:18.7196423Z
WeighingSystemUPPCV3_5_Core.Startup Information: 0 : Path: localhost:44386//api/TransactionTypes
Body: 
Query: 
Client IP: ::1

    DateTime=2021-03-09T08:51:18.8835908Z
WeighingSystemUPPCV3_5_Core.Startup Information: 0 : Path: localhost:44386//api/MoistureReaders
Body: 
Query: 
Client IP: ::1

    DateTime=2021-03-09T08:51:18.9507570Z
WeighingSystemUPPCV3_5_Core.Startup Information: 0 : Path: localhost:44386//api/BaleTypes
Body: 
Query: 
Client IP: ::1

    DateTime=2021-03-09T08:51:19.0299512Z
WeighingSystemUPPCV3_5_Core.Startup Information: 0 : Path: localhost:44386//api/Sources
Body: 
Query: 
Client IP: ::1

    DateTime=2021-03-09T08:51:19.0922760Z
WeighingSystemUPPCV3_5_Core.Startup Information: 0 : Path: localhost:44386//api/SourceCategories
Body: 
Query: 
Client IP: ::1

    DateTime=2021-03-09T08:51:19.1818494Z
WeighingSystemUPPCV3_5_Core.Startup Information: 0 : Path: localhost:44386//api/Customers
Body: 
Query: 
Client IP: ::1

    DateTime=2021-03-09T08:51:19.2359048Z
WeighingSystemUPPCV3_5_Core.Startup Information: 0 : Path: localhost:44386//api/Suppliers
Body: 
Query: 
Client IP: ::1

    DateTime=2021-03-09T08:51:19.2898110Z
WeighingSystemUPPCV3_5_Core.Startup Information: 0 : Path: localhost:44386//api/RawMaterials
Body: 
Query: 
Client IP: ::1

    DateTime=2021-03-09T08:51:19.3562209Z
WeighingSystemUPPCV3_5_Core.Startup Information: 0 : Path: localhost:44386//api/Products
Body: 
Query: 
Client IP: ::1

    DateTime=2021-03-09T08:51:19.4756886Z
WeighingSystemUPPCV3_5_Core.Startup Information: 0 : Path: localhost:44386//api/Categories
Body: 
Query: 
Client IP: ::1

    DateTime=2021-03-09T08:51:19.5264654Z
WeighingSystemUPPCV3_5_Core.Startup Information: 0 : Path: localhost:44386//api/Haulers
Body: 
Query: 
Client IP: ::1

    DateTime=2021-03-09T08:51:19.5782241Z
WeighingSystemUPPCV3_5_Core.Startup Information: 0 : Path: localhost:44386//api/Vehicles
Body: 
Query: 
Client IP: ::1

    DateTime=2021-03-09T08:51:19.6529661Z
WeighingSystemUPPCV3_5_Core.Startup Information: 0 : Path: localhost:44386//api/VehicleTypes
Body: 
Query: 
Client IP: ::1

    DateTime=2021-03-09T08:51:19.7713170Z
WeighingSystemUPPCV3_5_Core.Startup Information: 0 : Path: localhost:44386//api/SubSuppliers
Body: 
Query: 
Client IP: ::1

    DateTime=2021-03-09T08:51:19.8235588Z
WeighingSystemUPPCV3_5_Core.Startup Information: 0 : Path: localhost:44386//api/SaleTransactions
Body: 
Query: ?Returned=false
Client IP: ::1

    DateTime=2021-03-09T08:51:19.8876165Z
WeighingSystemUPPCV3_5_Core.Startup Information: 0 : Path: localhost:44386//api/UserAccounts/UserAccountDetails
Body: 
Query: 
Client IP: ::1

    DateTime=2021-03-09T08:51:20.0370628Z
WeighingSystemUPPCV3_5_Core.Startup Information: 0 : Path: localhost:44386//api/Reminders
Body: 
Query: 
Client IP: ::1

    DateTime=2021-03-09T08:51:20.1178743Z
WeighingSystemUPPCV3_5_Core.Startup Information: 0 : Path: localhost:44386//api/Signatories
Body: 
Query: 
Client IP: ::1

    DateTime=2021-03-09T08:51:20.1749402Z
WeighingSystemUPPCV3_5_Core.Startup Information: 0 : Path: localhost:44386//api/UserAccounts/LogIn
Body: {"userName":"TSI","userPwd":"1"}
Query: 
Client IP: ::1

    DateTime=2021-03-09T08:52:32.4687243Z
WeighingSystemUPPCV3_5_Core.Startup Information: 0 : Path: localhost:44386//api/PurchaseOrders
Body: 
Query: ?PurchaseOrderId=0&DTEffectivity=1%2f1%2f0001%2012%3a00%3a00%20AM&SupplierId=0&RawMaterialId=0&PONum=&Price=0&BalanceTotalKg=0&POType=&Remarks=&DTCreated=1%2f1%2f0001%2012%3a00%3a00%20AM&CreatedById=&DTModified=&ModifiedById=&IsActive=True&Locked=&BalanceRemainingKg=&BalanceDeliveredKg=
Client IP: ::1

    DateTime=2021-03-09T08:52:35.0886212Z
WeighingSystemUPPCV3_5_Core.Startup Information: 0 : Path: localhost:44386//api/Reminders/Count
Body: 
Query: 
Client IP: ::1

    DateTime=2021-03-09T08:52:38.7971349Z
WeighingSystemUPPCV3_5_Core.Startup Information: 0 : Path: localhost:44386//api/Inyards
Body: 
Query: 
Client IP: ::1

    DateTime=2021-03-09T08:52:38.8799485Z
WeighingSystemUPPCV3_5_Core.Startup Information: 0 : Path: localhost:44386//api/ReferenceNumbers
Body: 
Query: 
Client IP: ::1

    DateTime=2021-03-09T08:52:41.6106980Z
Microsoft.Hosting.Lifetime Information: 0 : Application is shutting down...
    DateTime=2021-03-09T08:55:10.9886134Z
Microsoft.Hosting.Lifetime Information: 0 : Now listening on: https://[::]:44386
    DateTime=2021-03-09T08:56:19.2696891Z
Microsoft.Hosting.Lifetime Information: 0 : Now listening on: http://[::]:44385
    DateTime=2021-03-09T08:56:19.2796396Z
Microsoft.Hosting.Lifetime Information: 0 : Application started. Press Ctrl+C to shut down.
    DateTime=2021-03-09T08:56:19.2884685Z
Microsoft.Hosting.Lifetime Information: 0 : Hosting environment: Development
    DateTime=2021-03-09T08:56:19.2967211Z
Microsoft.Hosting.Lifetime Information: 0 : Content root path: D:\dir\tsi\UPPC\Phase 4\WeighingSystemUPPCV3.5\WeighingSystemUPPCV3.5.Core\WeighingSystemUPPCV3.5.Core
    DateTime=2021-03-09T08:56:19.3034960Z
WeighingSystemUPPCV3_5_Core.Startup Information: 0 : Path: localhost:44386//api/Config
Body: 
Query: 
Client IP: ::1

    DateTime=2021-03-09T08:58:34.9228322Z
WeighingSystemUPPCV3_5_Core.Startup Information: 0 : Path: localhost:44386//api/BalingStations/selected
Body: 
Query: 
Client IP: ::1

    DateTime=2021-03-09T08:58:35.2005086Z
WeighingSystemUPPCV3_5_Core.Controllers.BalingStationsController Error: 0 : A network-related or instance-specific error occurred while establishing a connection to SQL Server. The server was not found or was not accessible. Verify that the instance name is correct and that SQL Server is configured to allow remote connections. (provider: SNI_PN11, error: 26 - Error Locating Server/Instance Specified)
    DateTime=2021-03-09T08:59:08.1363581Z
WeighingSystemUPPCV3_5_Core.Startup Information: 0 : Path: localhost:44386//api/Config
Body: 
Query: 
Client IP: ::1

    DateTime=2021-03-09T08:59:33.9281033Z
WeighingSystemUPPCV3_5_Core.Startup Information: 0 : Path: localhost:44386//api/BalingStations/selected
Body: 
Query: 
Client IP: ::1

    DateTime=2021-03-09T08:59:33.9852946Z
WeighingSystemUPPCV3_5_Core.Controllers.BalingStationsController Error: 0 : A network-related or instance-specific error occurred while establishing a connection to SQL Server. The server was not found or was not accessible. Verify that the instance name is correct and that SQL Server is configured to allow remote connections. (provider: SNI_PN11, error: 26 - Error Locating Server/Instance Specified)
    DateTime=2021-03-09T09:00:04.6269775Z
WeighingSystemUPPCV3_5_Core.Startup Information: 0 : Path: localhost:44386//api/Config
Body: 
Query: 
Client IP: ::1

    DateTime=2021-03-09T09:00:15.7329471Z
WeighingSystemUPPCV3_5_Core.Startup Information: 0 : Path: localhost:44386//api/BalingStations/selected
Body: 
Query: 
Client IP: ::1

    DateTime=2021-03-09T09:00:15.7917307Z
WeighingSystemUPPCV3_5_Core.Controllers.BalingStationsController Error: 0 : A network-related or instance-specific error occurred while establishing a connection to SQL Server. The server was not found or was not accessible. Verify that the instance name is correct and that SQL Server is configured to allow remote connections. (provider: SNI_PN11, error: 26 - Error Locating Server/Instance Specified)
    DateTime=2021-03-09T09:00:46.3978938Z
Microsoft.Hosting.Lifetime Information: 0 : Application is shutting down...
    DateTime=2021-03-09T09:08:33.3241158Z
Microsoft.Hosting.Lifetime Information: 0 : Now listening on: https://[::]:44386
    DateTime=2021-03-09T09:11:27.3256874Z
Microsoft.Hosting.Lifetime Information: 0 : Now listening on: http://[::]:44385
    DateTime=2021-03-09T09:11:27.3309083Z
Microsoft.Hosting.Lifetime Information: 0 : Application started. Press Ctrl+C to shut down.
    DateTime=2021-03-09T09:11:27.3368643Z
Microsoft.Hosting.Lifetime Information: 0 : Hosting environment: Development
    DateTime=2021-03-09T09:11:27.3428499Z
Microsoft.Hosting.Lifetime Information: 0 : Content root path: D:\dir\tsi\UPPC\Phase 4\WeighingSystemUPPCV3.5\WeighingSystemUPPCV3.5.Core\WeighingSystemUPPCV3.5.Core
    DateTime=2021-03-09T09:11:27.3490249Z
Microsoft.Hosting.Lifetime Information: 0 : Application is shutting down...
    DateTime=2021-03-09T09:11:29.1270867Z
