Microsoft.Hosting.Lifetime Information: 0 : Now listening on: https://[::]:44386
    DateTime=2021-03-31T14:01:54.9995819Z
Microsoft.Hosting.Lifetime Information: 0 : Now listening on: http://[::]:44385
    DateTime=2021-03-31T14:01:55.0078327Z
Microsoft.Hosting.Lifetime Information: 0 : Application started. Press Ctrl+C to shut down.
    DateTime=2021-03-31T14:01:55.0163351Z
Microsoft.Hosting.Lifetime Information: 0 : Hosting environment: Development
    DateTime=2021-03-31T14:01:55.0258182Z
Microsoft.Hosting.Lifetime Information: 0 : Content root path: D:\dir\tsi\UPPC\Phase 4\WeighingSystemUPPCV3.5\WeighingSystemUPPCV3.5.Core\WeighingSystemUPPCV3.5.Core
    DateTime=2021-03-31T14:01:55.0328925Z
WeighingSystemUPPCV3_5_Core.Startup Information: 0 : Path: localhost:44386//api/IO/IOFeeds/1
Body:    {
        "IOFeedId": 1,
        "Label": "AGGR1",
        "MaterialId": 2,
        "FreeFall": 10,
        "JogTime": 200,
        "JogDelayOpen": 1000,
        "JogDelayClose": 3000,
        "GateDeviceId": 1,
        "VibrateDeviceId": 2,
        "IODischargeId": 1,
        "FeedOrder": 1,
        "IsActive": true,
        "GateDevice": {
            "IODeviceId": 1,
            "Label": "AGGR1-GATE",
            "IOSlotId": 0,
            "IsActive": true
        },
        "VibrateDevice": {
            "IODeviceId": 2,
            "Label": "AGGR1-VIB",
            "IOSlotId": 26,
            "IsActive": true
        },
        "IODischarge": null
    },
Query: 
Client IP: ::1

    DateTime=2021-03-31T14:01:58.0884656Z
Microsoft.Hosting.Lifetime Information: 0 : Application is shutting down...
    DateTime=2021-03-31T14:02:20.7432276Z
Microsoft.Hosting.Lifetime Information: 0 : Now listening on: https://[::]:44386
    DateTime=2021-03-31T14:02:35.6207251Z
Microsoft.Hosting.Lifetime Information: 0 : Now listening on: http://[::]:44385
    DateTime=2021-03-31T14:02:35.6287812Z
Microsoft.Hosting.Lifetime Information: 0 : Application started. Press Ctrl+C to shut down.
    DateTime=2021-03-31T14:02:35.6356527Z
Microsoft.Hosting.Lifetime Information: 0 : Hosting environment: Development
    DateTime=2021-03-31T14:02:35.6410695Z
Microsoft.Hosting.Lifetime Information: 0 : Content root path: D:\dir\tsi\UPPC\Phase 4\WeighingSystemUPPCV3.5\WeighingSystemUPPCV3.5.Core\WeighingSystemUPPCV3.5.Core
    DateTime=2021-03-31T14:02:35.6476549Z
WeighingSystemUPPCV3_5_Core.Startup Information: 0 : Path: localhost:44386//api/IO/IOFeeds/1
Body:    {
        "IOFeedId": 1,
        "Label": "AGGR1",
        "MaterialId": 2,
        "FreeFall": 10,
        "JogTime": 200,
        "JogDelayOpen": 1000,
        "JogDelayClose": 3000,
        "GateDeviceId": 1,
        "VibrateDeviceId": 2,
        "IODischargeId": 1,
        "FeedOrder": 1,
        "IsActive": true,
        "GateDevice": {
            "IODeviceId": 1,
            "Label": "AGGR1-GATE",
            "IOSlotId": 0,
            "IsActive": true
        },
        "VibrateDevice": {
            "IODeviceId": 2,
            "Label": "AGGR1-VIB",
            "IOSlotId": 26,
            "IsActive": true
        },
        "IODischarge": null
    },
Query: 
Client IP: ::1

    DateTime=2021-03-31T14:02:44.7984592Z
WeighingSystemUPPCV3_5_Core.Startup Information: 0 : Path: localhost:44386//api/balingstations
Body: 
Query: 
Client IP: ::1

    DateTime=2021-03-31T14:03:51.7843944Z
