Microsoft.Hosting.Lifetime Information: 0 : Now listening on: https://[::]:44386
    DateTime=2021-05-19T02:42:36.3414283Z
Microsoft.Hosting.Lifetime Information: 0 : Now listening on: http://[::]:44385
    DateTime=2021-05-19T02:42:36.9207561Z
Microsoft.Hosting.Lifetime Information: 0 : Application started. Press Ctrl+C to shut down.
    DateTime=2021-05-19T02:42:37.3328038Z
Microsoft.Hosting.Lifetime Information: 0 : Hosting environment: Development
    DateTime=2021-05-19T02:42:37.3982702Z
Microsoft.Hosting.Lifetime Information: 0 : Content root path: D:\dir\tsi\UPPC\Phase 4\WeighingSystemUPPCV3.5\WeighingSystemUPPCV3.5.Core\WeighingSystemUPPCV3.5.Core
    DateTime=2021-05-19T02:42:37.5607337Z
WeighingSystemUPPCV3_5_Core.Startup Information: 0 : Path: localhost:44386//api/Config
Body: 
Query: 
Client IP: ::1

    DateTime=2021-05-19T02:50:46.3072639Z
WeighingSystemUPPCV3_5_Core.Startup Information: 0 : Path: localhost:44386//api/BalingStations/selected
Body: 
Query: 
Client IP: ::1

    DateTime=2021-05-19T02:50:46.7303519Z
WeighingSystemUPPCV3_5_Core.Startup Information: 0 : Path: localhost:44386//api/MoistureSettings
Body: 
Query: 
Client IP: ::1

    DateTime=2021-05-19T02:50:49.6457900Z
WeighingSystemUPPCV3_5_Core.Startup Information: 0 : Path: localhost:44386//api/TransactionTypes
Body: 
Query: 
Client IP: ::1

    DateTime=2021-05-19T02:50:49.7915330Z
WeighingSystemUPPCV3_5_Core.Startup Information: 0 : Path: localhost:44386//api/MoistureReaders
Body: 
Query: 
Client IP: ::1

    DateTime=2021-05-19T02:50:49.8624759Z
WeighingSystemUPPCV3_5_Core.Startup Information: 0 : Path: localhost:44386//api/BaleTypes
Body: 
Query: 
Client IP: ::1

    DateTime=2021-05-19T02:50:49.9402604Z
WeighingSystemUPPCV3_5_Core.Startup Information: 0 : Path: localhost:44386//api/Sources
Body: 
Query: 
Client IP: ::1

    DateTime=2021-05-19T02:50:50.0027298Z
WeighingSystemUPPCV3_5_Core.Startup Information: 0 : Path: localhost:44386//api/SourceCategories
Body: 
Query: 
Client IP: ::1

    DateTime=2021-05-19T02:50:50.0803398Z
WeighingSystemUPPCV3_5_Core.Startup Information: 0 : Path: localhost:44386//api/Customers
Body: 
Query: 
Client IP: ::1

    DateTime=2021-05-19T02:50:50.1380762Z
WeighingSystemUPPCV3_5_Core.Startup Information: 0 : Path: localhost:44386//api/Suppliers
Body: 
Query: 
Client IP: ::1

    DateTime=2021-05-19T02:50:50.2423651Z
WeighingSystemUPPCV3_5_Core.Startup Information: 0 : Path: localhost:44386//api/RawMaterials
Body: 
Query: 
Client IP: ::1

    DateTime=2021-05-19T02:50:50.3149698Z
WeighingSystemUPPCV3_5_Core.Startup Information: 0 : Path: localhost:44386//api/Products
Body: 
Query: 
Client IP: ::1

    DateTime=2021-05-19T02:50:50.4422384Z
WeighingSystemUPPCV3_5_Core.Startup Information: 0 : Path: localhost:44386//api/Categories
Body: 
Query: 
Client IP: ::1

    DateTime=2021-05-19T02:50:50.5182898Z
WeighingSystemUPPCV3_5_Core.Startup Information: 0 : Path: localhost:44386//api/Haulers
Body: 
Query: 
Client IP: ::1

    DateTime=2021-05-19T02:50:50.5900659Z
WeighingSystemUPPCV3_5_Core.Startup Information: 0 : Path: localhost:44386//api/Vehicles
Body: 
Query: 
Client IP: ::1

    DateTime=2021-05-19T02:50:50.6519962Z
WeighingSystemUPPCV3_5_Core.Startup Information: 0 : Path: localhost:44386//api/VehicleTypes
Body: 
Query: 
Client IP: ::1

    DateTime=2021-05-19T02:50:50.7802186Z
WeighingSystemUPPCV3_5_Core.Startup Information: 0 : Path: localhost:44386//api/SubSuppliers
Body: 
Query: 
Client IP: ::1

    DateTime=2021-05-19T02:50:50.8414391Z
WeighingSystemUPPCV3_5_Core.Startup Information: 0 : Path: localhost:44386//api/SaleTransactions
Body: 
Query: ?Returned=false
Client IP: ::1

    DateTime=2021-05-19T02:50:50.8980274Z
WeighingSystemUPPCV3_5_Core.Startup Information: 0 : Path: localhost:44386//api/UserAccounts/UserAccountDetails
Body: 
Query: 
Client IP: ::1

    DateTime=2021-05-19T02:50:51.0589097Z
WeighingSystemUPPCV3_5_Core.Startup Information: 0 : Path: localhost:44386//api/Reminders
Body: 
Query: 
Client IP: ::1

    DateTime=2021-05-19T02:50:51.1474845Z
WeighingSystemUPPCV3_5_Core.Startup Information: 0 : Path: localhost:44386//api/Signatories
Body: 
Query: 
Client IP: ::1

    DateTime=2021-05-19T02:50:51.2081546Z
WeighingSystemUPPCV3_5_Core.Startup Information: 0 : Path: localhost:44386//api/UserAccounts/LogIn
Body: {"userName":"TSI","userPwd":"1"}
Query: 
Client IP: ::1

    DateTime=2021-05-19T02:50:58.1603549Z
WeighingSystemUPPCV3_5_Core.Startup Information: 0 : Path: localhost:44386//api/Suppliers
Body: 
Query: 
Client IP: ::1

    DateTime=2021-05-19T02:51:00.3934243Z
WeighingSystemUPPCV3_5_Core.Startup Information: 0 : Path: localhost:44386//api/PurchaseOrders
Body: 
Query: ?PurchaseOrderId=0&DTEffectivity=1%2f1%2f0001%2012%3a00%3a00%20AM&SupplierId=40000002&RawMaterialId=70000003&PONum=&Price=0&BalanceTotalKg=0&POType=&Remarks=&DTCreated=1%2f1%2f0001%2012%3a00%3a00%20AM&CreatedById=&DTModified=&ModifiedById=&IsActive=&Locked=&RawMaterialDesc=&BalanceRemainingKg=&BalanceDeliveredKg=&PurchaseOrderView=
Client IP: ::1

    DateTime=2021-05-19T02:51:05.2707954Z
WeighingSystemUPPCV3_5_Core.Startup Information: 0 : Path: localhost:44386//api/PurchaseOrders
Body: 
Query: ?PurchaseOrderId=0&DTEffectivity=1%2f1%2f0001%2012%3a00%3a00%20AM&SupplierId=40000002&RawMaterialId=70000001&PONum=&Price=0&BalanceTotalKg=0&POType=&Remarks=&DTCreated=1%2f1%2f0001%2012%3a00%3a00%20AM&CreatedById=&DTModified=&ModifiedById=&IsActive=&Locked=&RawMaterialDesc=&BalanceRemainingKg=&BalanceDeliveredKg=&PurchaseOrderView=
Client IP: ::1

    DateTime=2021-05-19T02:51:05.7949196Z
WeighingSystemUPPCV3_5_Core.Startup Information: 0 : Path: localhost:44386//api/Categories
Body: 
Query: 
Client IP: ::1

    DateTime=2021-05-19T02:51:09.0995010Z
WeighingSystemUPPCV3_5_Core.Startup Information: 0 : Path: localhost:44386//api/RawMaterials
Body: 
Query: 
Client IP: ::1

    DateTime=2021-05-19T02:51:09.1530278Z
WeighingSystemUPPCV3_5_Core.Startup Information: 0 : Path: localhost:44386//api/RawMaterials
Body: 
Query: ?id=70000001
Client IP: ::1

    DateTime=2021-05-19T02:51:16.8930814Z
WeighingSystemUPPCV3_5_Core.Startup Information: 0 : Path: localhost:44386//api/RawMaterials
Body: 
Query: ?id=70000002
Client IP: ::1

    DateTime=2021-05-19T02:51:20.0246392Z
WeighingSystemUPPCV3_5_Core.Startup Information: 0 : Path: localhost:44386//api/RawMaterials
Body: 
Query: ?id=70000003
Client IP: ::1

    DateTime=2021-05-19T02:51:21.7937717Z
WeighingSystemUPPCV3_5_Core.Startup Information: 0 : Path: localhost:44386//api/RawMaterials
Body: 
Query: ?id=70000004
Client IP: ::1

    DateTime=2021-05-19T02:51:23.4536395Z
WeighingSystemUPPCV3_5_Core.Startup Information: 0 : Path: localhost:44386//api/RawMaterials
Body: 
Query: ?id=70000005
Client IP: ::1

    DateTime=2021-05-19T02:51:25.2006307Z
WeighingSystemUPPCV3_5_Core.Startup Information: 0 : Path: localhost:44386//api/RawMaterials
Body: 
Query: ?id=70000013
Client IP: ::1

    DateTime=2021-05-19T02:51:27.0318164Z
WeighingSystemUPPCV3_5_Core.Startup Information: 0 : Path: localhost:44386//api/RawMaterials
Body: 
Query: ?id=70000014
Client IP: ::1

    DateTime=2021-05-19T02:51:28.4809807Z
WeighingSystemUPPCV3_5_Core.Startup Information: 0 : Path: localhost:44386//api/RawMaterials
Body: 
Query: ?id=70000015
Client IP: ::1

    DateTime=2021-05-19T02:51:30.1756659Z
WeighingSystemUPPCV3_5_Core.Startup Information: 0 : Path: localhost:44386//api/RawMaterials
Body: 
Query: ?id=70000016
Client IP: ::1

    DateTime=2021-05-19T02:51:35.2608795Z
WeighingSystemUPPCV3_5_Core.Startup Information: 0 : Path: localhost:44386//api/RawMaterials
Body: 
Query: ?id=70000017
Client IP: ::1

    DateTime=2021-05-19T02:51:36.9090922Z
WeighingSystemUPPCV3_5_Core.Startup Information: 0 : Path: localhost:44386//api/RawMaterials
Body: 
Query: ?id=70000018
Client IP: ::1

    DateTime=2021-05-19T02:51:38.5152095Z
WeighingSystemUPPCV3_5_Core.Startup Information: 0 : Path: localhost:44386//api/RawMaterials
Body: 
Query: ?id=70000019
Client IP: ::1

    DateTime=2021-05-19T02:51:40.1607275Z
WeighingSystemUPPCV3_5_Core.Startup Information: 0 : Path: localhost:44386//api/RawMaterials
Body: 
Query: ?id=70000024
Client IP: ::1

    DateTime=2021-05-19T02:51:42.2013813Z
WeighingSystemUPPCV3_5_Core.Startup Information: 0 : Path: localhost:44386//api/RawMaterials
Body: 
Query: ?id=70000025
Client IP: ::1

    DateTime=2021-05-19T02:51:43.7130992Z
WeighingSystemUPPCV3_5_Core.Startup Information: 0 : Path: localhost:44386//api/RawMaterials
Body: 
Query: ?id=70000026
Client IP: ::1

    DateTime=2021-05-19T02:51:45.0326087Z
WeighingSystemUPPCV3_5_Core.Startup Information: 0 : Path: localhost:44386//api/RawMaterials
Body: 
Query: ?id=70000027
Client IP: ::1

    DateTime=2021-05-19T02:51:46.2122293Z
WeighingSystemUPPCV3_5_Core.Startup Information: 0 : Path: localhost:44386//api/RawMaterials
Body: 
Query: ?id=70000028
Client IP: ::1

    DateTime=2021-05-19T02:51:47.5501639Z
WeighingSystemUPPCV3_5_Core.Startup Information: 0 : Path: localhost:44386//api/RawMaterials
Body: 
Query: ?id=70000029
Client IP: ::1

    DateTime=2021-05-19T02:51:48.8291074Z
WeighingSystemUPPCV3_5_Core.Startup Information: 0 : Path: localhost:44386//api/RawMaterials
Body: 
Query: ?id=70000030
Client IP: ::1

    DateTime=2021-05-19T02:51:50.0195956Z
WeighingSystemUPPCV3_5_Core.Startup Information: 0 : Path: localhost:44386//api/RawMaterials
Body: 
Query: ?id=70000031
Client IP: ::1

    DateTime=2021-05-19T02:51:51.3451039Z
WeighingSystemUPPCV3_5_Core.Startup Information: 0 : Path: localhost:44386//api/RawMaterials
Body: 
Query: ?id=70000032
Client IP: ::1

    DateTime=2021-05-19T02:51:52.8704692Z
WeighingSystemUPPCV3_5_Core.Startup Information: 0 : Path: localhost:44386//api/RawMaterials
Body: 
Query: ?id=70000033
Client IP: ::1

    DateTime=2021-05-19T02:51:54.2850665Z
WeighingSystemUPPCV3_5_Core.Startup Information: 0 : Path: localhost:44386//api/Config
Body: 
Query: 
Client IP: ::1

    DateTime=2021-05-19T03:03:15.3382223Z
WeighingSystemUPPCV3_5_Core.Startup Information: 0 : Path: localhost:44386//api/BalingStations/selected
Body: 
Query: 
Client IP: ::1

    DateTime=2021-05-19T03:03:15.3930269Z
WeighingSystemUPPCV3_5_Core.Startup Information: 0 : Path: localhost:44386//api/MoistureSettings
Body: 
Query: 
Client IP: ::1

    DateTime=2021-05-19T03:03:15.5098328Z
WeighingSystemUPPCV3_5_Core.Startup Information: 0 : Path: localhost:44386//api/TransactionTypes
Body: 
Query: 
Client IP: ::1

    DateTime=2021-05-19T03:03:15.5547656Z
WeighingSystemUPPCV3_5_Core.Startup Information: 0 : Path: localhost:44386//api/MoistureReaders
Body: 
Query: 
Client IP: ::1

    DateTime=2021-05-19T03:03:15.6057704Z
WeighingSystemUPPCV3_5_Core.Startup Information: 0 : Path: localhost:44386//api/BaleTypes
Body: 
Query: 
Client IP: ::1

    DateTime=2021-05-19T03:03:15.6593317Z
WeighingSystemUPPCV3_5_Core.Startup Information: 0 : Path: localhost:44386//api/Sources
Body: 
Query: 
Client IP: ::1

    DateTime=2021-05-19T03:03:15.7175053Z
WeighingSystemUPPCV3_5_Core.Startup Information: 0 : Path: localhost:44386//api/SourceCategories
Body: 
Query: 
Client IP: ::1

    DateTime=2021-05-19T03:03:15.7819219Z
WeighingSystemUPPCV3_5_Core.Startup Information: 0 : Path: localhost:44386//api/Customers
Body: 
Query: 
Client IP: ::1

    DateTime=2021-05-19T03:03:15.8319809Z
WeighingSystemUPPCV3_5_Core.Startup Information: 0 : Path: localhost:44386//api/Suppliers
Body: 
Query: 
Client IP: ::1

    DateTime=2021-05-19T03:03:15.8822584Z
WeighingSystemUPPCV3_5_Core.Startup Information: 0 : Path: localhost:44386//api/RawMaterials
Body: 
Query: 
Client IP: ::1

    DateTime=2021-05-19T03:03:15.9431678Z
WeighingSystemUPPCV3_5_Core.Startup Information: 0 : Path: localhost:44386//api/Products
Body: 
Query: 
Client IP: ::1

    DateTime=2021-05-19T03:03:16.0001179Z
WeighingSystemUPPCV3_5_Core.Startup Information: 0 : Path: localhost:44386//api/Categories
Body: 
Query: 
Client IP: ::1

    DateTime=2021-05-19T03:03:16.0653429Z
WeighingSystemUPPCV3_5_Core.Startup Information: 0 : Path: localhost:44386//api/Haulers
Body: 
Query: 
Client IP: ::1

    DateTime=2021-05-19T03:03:16.1212228Z
WeighingSystemUPPCV3_5_Core.Startup Information: 0 : Path: localhost:44386//api/Vehicles
Body: 
Query: 
Client IP: ::1

    DateTime=2021-05-19T03:03:16.1712695Z
WeighingSystemUPPCV3_5_Core.Startup Information: 0 : Path: localhost:44386//api/VehicleTypes
Body: 
Query: 
Client IP: ::1

    DateTime=2021-05-19T03:03:16.2370964Z
WeighingSystemUPPCV3_5_Core.Startup Information: 0 : Path: localhost:44386//api/SubSuppliers
Body: 
Query: 
Client IP: ::1

    DateTime=2021-05-19T03:03:16.3092454Z
WeighingSystemUPPCV3_5_Core.Startup Information: 0 : Path: localhost:44386//api/SaleTransactions
Body: 
Query: ?Returned=false
Client IP: ::1

    DateTime=2021-05-19T03:03:16.3581141Z
WeighingSystemUPPCV3_5_Core.Startup Information: 0 : Path: localhost:44386//api/UserAccounts/UserAccountDetails
Body: 
Query: 
Client IP: ::1

    DateTime=2021-05-19T03:03:16.4553206Z
WeighingSystemUPPCV3_5_Core.Startup Information: 0 : Path: localhost:44386//api/Reminders
Body: 
Query: 
Client IP: ::1

    DateTime=2021-05-19T03:03:16.5274550Z
WeighingSystemUPPCV3_5_Core.Startup Information: 0 : Path: localhost:44386//api/Signatories
Body: 
Query: 
Client IP: ::1

    DateTime=2021-05-19T03:03:16.5881005Z
WeighingSystemUPPCV3_5_Core.Startup Information: 0 : Path: localhost:44386//api/UserAccounts/LogIn
Body: {"userName":"TSI","userPwd":"1"}
Query: 
Client IP: ::1

    DateTime=2021-05-19T03:03:21.2157654Z
WeighingSystemUPPCV3_5_Core.Startup Information: 0 : Path: localhost:44386//api/Suppliers
Body: 
Query: 
Client IP: ::1

    DateTime=2021-05-19T03:03:24.7211772Z
WeighingSystemUPPCV3_5_Core.Startup Information: 0 : Path: localhost:44386//api/PurchaseOrders
Body: 
Query: ?PurchaseOrderId=0&DTEffectivity=1%2f1%2f0001%2012%3a00%3a00%20AM&SupplierId=40000002&RawMaterialId=70000006&PONum=&Price=0&BalanceTotalKg=0&POType=&Remarks=&DTCreated=1%2f1%2f0001%2012%3a00%3a00%20AM&CreatedById=&DTModified=&ModifiedById=&IsActive=&Locked=&RawMaterialDesc=&BalanceRemainingKg=&BalanceDeliveredKg=&PurchaseOrderView=
Client IP: ::1

    DateTime=2021-05-19T03:03:29.2455006Z
WeighingSystemUPPCV3_5_Core.Startup Information: 0 : Path: localhost:44386//api/PurchaseOrders
Body: {"purchaseOrderId":0,"dtEffectivity":"0001-01-01T00:00:00","supplierId":40000002,"rawMaterialId":70000006,"poNum":"123123","price":0.0,"balanceTotalKg":0.0,"dtCreated":"0001-01-01T00:00:00","createdById":"5463107b-5fbf-43a0-9fb2-c2037bb9a306"}
Query: 
Client IP: ::1

    DateTime=2021-05-19T03:03:52.2580560Z
WeighingSystemUPPCV3_5_Core.Startup Information: 0 : Path: localhost:44386//api/PurchaseOrders
Body: {"purchaseOrderId":0,"dtEffectivity":"0001-01-01T00:00:00","supplierId":40000002,"rawMaterialId":70000006,"poNum":"123123","price":0.0,"balanceTotalKg":12030.00,"dtCreated":"0001-01-01T00:00:00","createdById":"5463107b-5fbf-43a0-9fb2-c2037bb9a306"}
Query: 
Client IP: ::1

    DateTime=2021-05-19T03:04:06.0694743Z
WeighingSystemUPPCV3_5_Core.Startup Information: 0 : Path: localhost:44386//api/PurchaseOrders
Body: {"purchaseOrderId":0,"dtEffectivity":"0001-01-01T00:00:00","supplierId":40000002,"rawMaterialId":70000006,"poNum":"123123","price":0.0,"balanceTotalKg":12030.00,"poType":"BASE","dtCreated":"0001-01-01T00:00:00","createdById":"5463107b-5fbf-43a0-9fb2-c2037bb9a306"}
Query: 
Client IP: ::1

    DateTime=2021-05-19T03:04:21.5890759Z
WeighingSystemUPPCV3_5_Core.Controllers.PurchaseOrdersController Error: 0 : The conversion of a datetime2 data type to a datetime data type resulted in an out-of-range value.
The statement has been terminated.
    DateTime=2021-05-19T03:04:21.9970851Z
WeighingSystemUPPCV3_5_Core.Startup Information: 0 : Path: localhost:44386//api/PurchaseOrders
Body: {"purchaseOrderId":0,"dtEffectivity":"0001-01-01T00:00:00","supplierId":40000002,"rawMaterialId":70000006,"poNum":"123123","price":0.0,"balanceTotalKg":12030.00,"poType":"BASE","dtCreated":"0001-01-01T00:00:00","createdById":"5463107b-5fbf-43a0-9fb2-c2037bb9a306"}
Query: 
Client IP: ::1

    DateTime=2021-05-19T03:04:53.2049542Z
WeighingSystemUPPCV3_5_Core.Controllers.PurchaseOrdersController Error: 0 : The conversion of a datetime2 data type to a datetime data type resulted in an out-of-range value.
The statement has been terminated.
    DateTime=2021-05-19T03:05:21.9339556Z
WeighingSystemUPPCV3_5_Core.Startup Information: 0 : Path: localhost:44386//api/PurchaseOrders
Body: {"purchaseOrderId":0,"dtEffectivity":"0001-01-01T00:00:00","supplierId":40000002,"rawMaterialId":70000006,"poNum":"123123","price":0.0,"balanceTotalKg":12030.00,"poType":"BASE","dtCreated":"0001-01-01T00:00:00","createdById":"5463107b-5fbf-43a0-9fb2-c2037bb9a306"}
Query: 
Client IP: ::1

    DateTime=2021-05-19T03:06:09.7232502Z
WeighingSystemUPPCV3_5_Core.Controllers.PurchaseOrdersController Error: 0 : The conversion of a datetime2 data type to a datetime data type resulted in an out-of-range value.
The statement has been terminated.
    DateTime=2021-05-19T03:06:27.1568257Z
WeighingSystemUPPCV3_5_Core.Startup Information: 0 : Path: localhost:44386//api/PurchaseOrders
Body: {"purchaseOrderId":0,"dtEffectivity":"0001-01-01T00:00:00","supplierId":40000002,"rawMaterialId":70000006,"poNum":"123123","price":0.0,"balanceTotalKg":12030.00,"poType":"BASE","dtCreated":"0001-01-01T00:00:00","createdById":"5463107b-5fbf-43a0-9fb2-c2037bb9a306"}
Query: 
Client IP: ::1

    DateTime=2021-05-19T03:07:06.5143228Z
WeighingSystemUPPCV3_5_Core.Controllers.PurchaseOrdersController Error: 0 : The conversion of a datetime2 data type to a datetime data type resulted in an out-of-range value.
The statement has been terminated.
    DateTime=2021-05-19T03:07:08.9594322Z
WeighingSystemUPPCV3_5_Core.Startup Information: 0 : Path: localhost:44386//api/Config
Body: 
Query: 
Client IP: ::1

    DateTime=2021-05-19T03:08:12.4684839Z
WeighingSystemUPPCV3_5_Core.Startup Information: 0 : Path: localhost:44386//api/BalingStations/selected
Body: 
Query: 
Client IP: ::1

    DateTime=2021-05-19T03:08:12.5442394Z
WeighingSystemUPPCV3_5_Core.Startup Information: 0 : Path: localhost:44386//api/MoistureSettings
Body: 
Query: 
Client IP: ::1

    DateTime=2021-05-19T03:08:12.9630262Z
WeighingSystemUPPCV3_5_Core.Startup Information: 0 : Path: localhost:44386//api/TransactionTypes
Body: 
Query: 
Client IP: ::1

    DateTime=2021-05-19T03:08:13.0153272Z
WeighingSystemUPPCV3_5_Core.Startup Information: 0 : Path: localhost:44386//api/MoistureReaders
Body: 
Query: 
Client IP: ::1

    DateTime=2021-05-19T03:08:13.0690115Z
WeighingSystemUPPCV3_5_Core.Startup Information: 0 : Path: localhost:44386//api/BaleTypes
Body: 
Query: 
Client IP: ::1

    DateTime=2021-05-19T03:08:13.1213848Z
WeighingSystemUPPCV3_5_Core.Startup Information: 0 : Path: localhost:44386//api/Sources
Body: 
Query: 
Client IP: ::1

    DateTime=2021-05-19T03:08:13.1668231Z
WeighingSystemUPPCV3_5_Core.Startup Information: 0 : Path: localhost:44386//api/SourceCategories
Body: 
Query: 
Client IP: ::1

    DateTime=2021-05-19T03:08:13.2212711Z
WeighingSystemUPPCV3_5_Core.Startup Information: 0 : Path: localhost:44386//api/Customers
Body: 
Query: 
Client IP: ::1

    DateTime=2021-05-19T03:08:13.2689169Z
WeighingSystemUPPCV3_5_Core.Startup Information: 0 : Path: localhost:44386//api/Suppliers
Body: 
Query: 
Client IP: ::1

    DateTime=2021-05-19T03:08:13.3207781Z
WeighingSystemUPPCV3_5_Core.Startup Information: 0 : Path: localhost:44386//api/RawMaterials
Body: 
Query: 
Client IP: ::1

    DateTime=2021-05-19T03:08:13.3674774Z
WeighingSystemUPPCV3_5_Core.Startup Information: 0 : Path: localhost:44386//api/Products
Body: 
Query: 
Client IP: ::1

    DateTime=2021-05-19T03:08:13.4192405Z
WeighingSystemUPPCV3_5_Core.Startup Information: 0 : Path: localhost:44386//api/Categories
Body: 
Query: 
Client IP: ::1

    DateTime=2021-05-19T03:08:13.4739262Z
WeighingSystemUPPCV3_5_Core.Startup Information: 0 : Path: localhost:44386//api/Haulers
Body: 
Query: 
Client IP: ::1

    DateTime=2021-05-19T03:08:13.5324509Z
WeighingSystemUPPCV3_5_Core.Startup Information: 0 : Path: localhost:44386//api/Vehicles
Body: 
Query: 
Client IP: ::1

    DateTime=2021-05-19T03:08:13.5868156Z
WeighingSystemUPPCV3_5_Core.Startup Information: 0 : Path: localhost:44386//api/VehicleTypes
Body: 
Query: 
Client IP: ::1

    DateTime=2021-05-19T03:08:13.6414651Z
WeighingSystemUPPCV3_5_Core.Startup Information: 0 : Path: localhost:44386//api/SubSuppliers
Body: 
Query: 
Client IP: ::1

    DateTime=2021-05-19T03:08:13.6961816Z
WeighingSystemUPPCV3_5_Core.Startup Information: 0 : Path: localhost:44386//api/SaleTransactions
Body: 
Query: ?Returned=false
Client IP: ::1

    DateTime=2021-05-19T03:08:13.7518245Z
WeighingSystemUPPCV3_5_Core.Startup Information: 0 : Path: localhost:44386//api/UserAccounts/UserAccountDetails
Body: 
Query: 
Client IP: ::1

    DateTime=2021-05-19T03:08:13.8489456Z
WeighingSystemUPPCV3_5_Core.Startup Information: 0 : Path: localhost:44386//api/Reminders
Body: 
Query: 
Client IP: ::1

    DateTime=2021-05-19T03:08:13.9194655Z
WeighingSystemUPPCV3_5_Core.Startup Information: 0 : Path: localhost:44386//api/Signatories
Body: 
Query: 
Client IP: ::1

    DateTime=2021-05-19T03:08:13.9800041Z
WeighingSystemUPPCV3_5_Core.Startup Information: 0 : Path: localhost:44386//api/UserAccounts/LogIn
Body: {"userName":"TSI","userPwd":"1"}
Query: 
Client IP: ::1

    DateTime=2021-05-19T03:08:23.3916049Z
WeighingSystemUPPCV3_5_Core.Startup Information: 0 : Path: localhost:44386//api/Suppliers
Body: 
Query: 
Client IP: ::1

    DateTime=2021-05-19T03:08:28.0747851Z
WeighingSystemUPPCV3_5_Core.Startup Information: 0 : Path: localhost:44386//api/PurchaseOrders
Body: 
Query: ?PurchaseOrderId=0&DTEffectivity=1%2f1%2f0001%2012%3a00%3a00%20AM&SupplierId=40000002&RawMaterialId=70000006&PONum=&Price=0&BalanceTotalKg=0&POType=&Remarks=&DTCreated=1%2f1%2f0001%2012%3a00%3a00%20AM&CreatedById=&DTModified=&ModifiedById=&IsActive=&Locked=&RawMaterialDesc=&BalanceRemainingKg=&BalanceDeliveredKg=&PurchaseOrderView=
Client IP: ::1

    DateTime=2021-05-19T03:08:33.0737408Z
WeighingSystemUPPCV3_5_Core.Startup Information: 0 : Path: localhost:44386//api/PurchaseOrders
Body: {"purchaseOrderId":0,"dtEffectivity":"2021-05-19T00:00:00+08:00","supplierId":40000002,"rawMaterialId":70000006,"poNum":"123132","price":12.0,"balanceTotalKg":5000.0,"poType":"SPOT","dtCreated":"0001-01-01T00:00:00","createdById":"5463107b-5fbf-43a0-9fb2-c2037bb9a306"}
Query: 
Client IP: ::1

    DateTime=2021-05-19T03:08:47.0682695Z
